{"/Users/brunoabrantes/Code/bifrost/spec/integration/v1/ads_spec.js":{"path":"/Users/brunoabrantes/Code/bifrost/spec/integration/v1/ads_spec.js","s":{"1":1,"2":1,"3":1,"4":1,"5":1,"6":1,"7":1,"8":1,"9":1,"10":1,"11":1,"12":1,"13":1},"b":{},"f":{"1":1,"2":1,"3":1},"fnMap":{"1":{"name":"(anonymous_1)","line":1,"loc":{"start":{"line":1,"column":22},"end":{"line":1,"column":33}}},"2":{"name":"(anonymous_2)","line":11,"loc":{"start":{"line":11,"column":39},"end":{"line":11,"column":54}}},"3":{"name":"(anonymous_3)","line":23,"loc":{"start":{"line":23,"column":56},"end":{"line":23,"column":70}}}},"statementMap":{"1":{"start":{"line":1,"column":0},"end":{"line":29,"column":3}},"2":{"start":{"line":2,"column":2},"end":{"line":2,"column":37}},"3":{"start":{"line":3,"column":2},"end":{"line":3,"column":29}},"4":{"start":{"line":4,"column":2},"end":{"line":4,"column":38}},"5":{"start":{"line":5,"column":2},"end":{"line":5,"column":45}},"6":{"start":{"line":6,"column":2},"end":{"line":6,"column":28}},"7":{"start":{"line":8,"column":2},"end":{"line":8,"column":40}},"8":{"start":{"line":9,"column":2},"end":{"line":9,"column":49}},"9":{"start":{"line":11,"column":2},"end":{"line":21,"column":5}},"10":{"start":{"line":12,"column":4},"end":{"line":14,"column":24}},"11":{"start":{"line":16,"column":4},"end":{"line":20,"column":25}},"12":{"start":{"line":23,"column":2},"end":{"line":28,"column":5}},"13":{"start":{"line":24,"column":4},"end":{"line":27,"column":25}}},"branchMap":{}},"/Users/brunoabrantes/Code/bifrost/app.js":{"path":"/Users/brunoabrantes/Code/bifrost/app.js","s":{"1":1,"2":1,"3":1,"4":1,"5":1,"6":1,"7":1,"8":1,"9":1,"10":1,"11":1,"12":19,"13":18,"14":1,"15":1,"16":1,"17":1,"18":1,"19":1},"b":{"1":[18,1],"2":[1,0]},"f":{"1":19,"2":1},"fnMap":{"1":{"name":"(anonymous_1)","line":13,"loc":{"start":{"line":13,"column":17},"end":{"line":13,"column":28}}},"2":{"name":"(anonymous_2)","line":21,"loc":{"start":{"line":21,"column":37},"end":{"line":21,"column":47}}}},"statementMap":{"1":{"start":{"line":1,"column":0},"end":{"line":1,"column":36}},"2":{"start":{"line":2,"column":0},"end":{"line":2,"column":33}},"3":{"start":{"line":3,"column":0},"end":{"line":3,"column":37}},"4":{"start":{"line":4,"column":0},"end":{"line":4,"column":45}},"5":{"start":{"line":5,"column":0},"end":{"line":5,"column":77}},"6":{"start":{"line":6,"column":0},"end":{"line":6,"column":42}},"7":{"start":{"line":7,"column":0},"end":{"line":7,"column":42}},"8":{"start":{"line":8,"column":0},"end":{"line":8,"column":49}},"9":{"start":{"line":9,"column":0},"end":{"line":9,"column":59}},"10":{"start":{"line":11,"column":0},"end":{"line":11,"column":15}},"11":{"start":{"line":13,"column":0},"end":{"line":30,"column":0}},"12":{"start":{"line":14,"column":2},"end":{"line":16,"column":3}},"13":{"start":{"line":15,"column":4},"end":{"line":15,"column":15}},"14":{"start":{"line":18,"column":2},"end":{"line":18,"column":42}},"15":{"start":{"line":19,"column":2},"end":{"line":19,"column":37}},"16":{"start":{"line":21,"column":2},"end":{"line":25,"column":5}},"17":{"start":{"line":22,"column":4},"end":{"line":24,"column":5}},"18":{"start":{"line":23,"column":6},"end":{"line":23,"column":67}},"19":{"start":{"line":27,"column":2},"end":{"line":27,"column":13}}},"branchMap":{"1":{"line":14,"type":"if","locations":[{"start":{"line":14,"column":2},"end":{"line":14,"column":2}},{"start":{"line":14,"column":2},"end":{"line":14,"column":2}}]},"2":{"line":22,"type":"if","locations":[{"start":{"line":22,"column":4},"end":{"line":22,"column":4}},{"start":{"line":22,"column":4},"end":{"line":22,"column":4}}]}}},"/Users/brunoabrantes/Code/bifrost/v1/config.js":{"path":"/Users/brunoabrantes/Code/bifrost/v1/config.js","s":{"1":1,"2":1,"3":1,"4":1,"5":1},"b":{},"f":{"1":1},"fnMap":{"1":{"name":"(anonymous_1)","line":1,"loc":{"start":{"line":1,"column":1},"end":{"line":1,"column":12}}}},"statementMap":{"1":{"start":{"line":1,"column":0},"end":{"line":107,"column":5}},"2":{"start":{"line":2,"column":2},"end":{"line":2,"column":35}},"3":{"start":{"line":4,"column":2},"end":{"line":103,"column":5}},"4":{"start":{"line":105,"column":2},"end":{"line":105,"column":30}},"5":{"start":{"line":106,"column":2},"end":{"line":106,"column":50}}},"branchMap":{}},"/Users/brunoabrantes/Code/bifrost/v1/routes.js":{"path":"/Users/brunoabrantes/Code/bifrost/v1/routes.js","s":{"1":1,"2":1,"3":1},"b":{},"f":{"1":1},"fnMap":{"1":{"name":"(anonymous_1)","line":1,"loc":{"start":{"line":1,"column":1},"end":{"line":1,"column":11}}}},"statementMap":{"1":{"start":{"line":1,"column":0},"end":{"line":17,"column":5}},"2":{"start":{"line":2,"column":2},"end":{"line":2,"column":28}},"3":{"start":{"line":4,"column":2},"end":{"line":16,"column":4}}},"branchMap":{}},"/Users/brunoabrantes/Code/bifrost/v1/services/ads/routes.js":{"path":"/Users/brunoabrantes/Code/bifrost/v1/services/ads/routes.js","s":{"1":1,"2":1,"3":1},"b":{},"f":{},"fnMap":{},"statementMap":{"1":{"start":{"line":1,"column":0},"end":{"line":1,"column":35}},"2":{"start":{"line":3,"column":0},"end":{"line":3,"column":50}},"3":{"start":{"line":4,"column":0},"end":{"line":4,"column":57}}},"branchMap":{}},"/Users/brunoabrantes/Code/bifrost/v1/services/ads/service.js":{"path":"/Users/brunoabrantes/Code/bifrost/v1/services/ads/service.js","s":{"1":1,"2":1,"3":1,"4":1,"5":1,"6":1,"7":1,"8":1,"9":1},"b":{},"f":{"1":1,"2":1},"fnMap":{"1":{"name":"(anonymous_1)","line":1,"loc":{"start":{"line":1,"column":1},"end":{"line":1,"column":11}}},"2":{"name":"(anonymous_2)","line":8,"loc":{"start":{"line":8,"column":33},"end":{"line":8,"column":48}}}},"statementMap":{"1":{"start":{"line":1,"column":0},"end":{"line":14,"column":5}},"2":{"start":{"line":2,"column":2},"end":{"line":2,"column":47}},"3":{"start":{"line":3,"column":2},"end":{"line":3,"column":50}},"4":{"start":{"line":4,"column":2},"end":{"line":4,"column":46}},"5":{"start":{"line":6,"column":2},"end":{"line":6,"column":47}},"6":{"start":{"line":8,"column":2},"end":{"line":12,"column":5}},"7":{"start":{"line":9,"column":4},"end":{"line":9,"column":26}},"8":{"start":{"line":10,"column":4},"end":{"line":10,"column":60}},"9":{"start":{"line":11,"column":4},"end":{"line":11,"column":13}}},"branchMap":{}},"/Users/brunoabrantes/Code/bifrost/v1/repositories/ads.js":{"path":"/Users/brunoabrantes/Code/bifrost/v1/repositories/ads.js","s":{"1":1,"2":1,"3":1,"4":1,"5":1,"6":1,"7":1,"8":0,"9":0,"10":0,"11":1,"12":1,"13":1,"14":1,"15":1,"16":1},"b":{},"f":{"1":1,"2":1,"3":1,"4":0,"5":1,"6":1},"fnMap":{"1":{"name":"(anonymous_1)","line":1,"loc":{"start":{"line":1,"column":1},"end":{"line":1,"column":12}}},"2":{"name":"(anonymous_2)","line":9,"loc":{"start":{"line":9,"column":22},"end":{"line":9,"column":32}}},"3":{"name":"(anonymous_3)","line":13,"loc":{"start":{"line":13,"column":18},"end":{"line":13,"column":39}}},"4":{"name":"(anonymous_4)","line":16,"loc":{"start":{"line":16,"column":14},"end":{"line":16,"column":26}}},"5":{"name":"(anonymous_5)","line":24,"loc":{"start":{"line":24,"column":21},"end":{"line":24,"column":67}}},"6":{"name":"(anonymous_6)","line":26,"loc":{"start":{"line":26,"column":8},"end":{"line":26,"column":23}}}},"statementMap":{"1":{"start":{"line":1,"column":0},"end":{"line":36,"column":5}},"2":{"start":{"line":2,"column":2},"end":{"line":5,"column":58}},"3":{"start":{"line":7,"column":4},"end":{"line":7,"column":59}},"4":{"start":{"line":9,"column":2},"end":{"line":31,"column":4}},"5":{"start":{"line":11,"column":4},"end":{"line":11,"column":20}},"6":{"start":{"line":13,"column":4},"end":{"line":22,"column":6}},"7":{"start":{"line":14,"column":6},"end":{"line":21,"column":17}},"8":{"start":{"line":17,"column":10},"end":{"line":17,"column":36}},"9":{"start":{"line":18,"column":10},"end":{"line":18,"column":50}},"10":{"start":{"line":19,"column":10},"end":{"line":19,"column":23}},"11":{"start":{"line":24,"column":4},"end":{"line":30,"column":6}},"12":{"start":{"line":25,"column":6},"end":{"line":29,"column":11}},"13":{"start":{"line":27,"column":10},"end":{"line":27,"column":43}},"14":{"start":{"line":28,"column":10},"end":{"line":28,"column":22}},"15":{"start":{"line":33,"column":2},"end":{"line":33,"column":47}},"16":{"start":{"line":35,"column":2},"end":{"line":35,"column":39}}},"branchMap":{}},"/Users/brunoabrantes/Code/bifrost/lib/mapper.js":{"path":"/Users/brunoabrantes/Code/bifrost/lib/mapper.js","s":{"1":1,"2":1,"3":1,"4":257,"5":1,"6":257,"7":1,"8":35,"9":262,"10":1,"11":261,"12":261,"13":5,"14":5,"15":1,"16":4,"17":2,"18":2,"19":4,"20":1,"21":2,"22":3,"23":6,"24":6,"25":107,"26":4,"27":107,"28":252,"29":1},"b":{"1":[1,261],"2":[2,2],"3":[4,3],"4":[2,1],"5":[1,3],"6":[6,2],"7":[4,103],"8":[107,4]},"f":{"1":1,"2":257,"3":257,"4":35,"5":262,"6":4,"7":4,"8":2,"9":6,"10":107,"11":252},"fnMap":{"1":{"name":"(anonymous_1)","line":1,"loc":{"start":{"line":1,"column":1},"end":{"line":1,"column":12}}},"2":{"name":"(anonymous_2)","line":7,"loc":{"start":{"line":7,"column":11},"end":{"line":7,"column":28}}},"3":{"name":"(anonymous_3)","line":11,"loc":{"start":{"line":11,"column":11},"end":{"line":11,"column":27}}},"4":{"name":"(anonymous_4)","line":15,"loc":{"start":{"line":15,"column":20},"end":{"line":15,"column":43}}},"5":{"name":"(anonymous_5)","line":16,"loc":{"start":{"line":16,"column":11},"end":{"line":16,"column":22}}},"6":{"name":"(anonymous_6)","line":31,"loc":{"start":{"line":31,"column":24},"end":{"line":31,"column":45}}},"7":{"name":"(anonymous_7)","line":39,"loc":{"start":{"line":39,"column":25},"end":{"line":39,"column":47}}},"8":{"name":"(anonymous_8)","line":41,"loc":{"start":{"line":41,"column":23},"end":{"line":41,"column":33}}},"9":{"name":"(anonymous_9)","line":46,"loc":{"start":{"line":46,"column":21},"end":{"line":46,"column":34}}},"10":{"name":"(anonymous_10)","line":55,"loc":{"start":{"line":55,"column":10},"end":{"line":55,"column":23}}},"11":{"name":"(anonymous_11)","line":63,"loc":{"start":{"line":63,"column":11},"end":{"line":63,"column":22}}}},"statementMap":{"1":{"start":{"line":1,"column":0},"end":{"line":69,"column":5}},"2":{"start":{"line":2,"column":2},"end":{"line":5,"column":29}},"3":{"start":{"line":7,"column":2},"end":{"line":9,"column":4}},"4":{"start":{"line":8,"column":4},"end":{"line":8,"column":32}},"5":{"start":{"line":11,"column":2},"end":{"line":13,"column":4}},"6":{"start":{"line":12,"column":4},"end":{"line":12,"column":30}},"7":{"start":{"line":15,"column":2},"end":{"line":28,"column":4}},"8":{"start":{"line":16,"column":4},"end":{"line":27,"column":6}},"9":{"start":{"line":17,"column":6},"end":{"line":19,"column":7}},"10":{"start":{"line":18,"column":8},"end":{"line":18,"column":20}},"11":{"start":{"line":21,"column":6},"end":{"line":26,"column":7}},"12":{"start":{"line":22,"column":8},"end":{"line":22,"column":45}},"13":{"start":{"line":24,"column":8},"end":{"line":24,"column":85}},"14":{"start":{"line":25,"column":8},"end":{"line":25,"column":20}},"15":{"start":{"line":30,"column":2},"end":{"line":66,"column":5}},"16":{"start":{"line":32,"column":6},"end":{"line":34,"column":7}},"17":{"start":{"line":33,"column":8},"end":{"line":33,"column":18}},"18":{"start":{"line":36,"column":6},"end":{"line":36,"column":49}},"19":{"start":{"line":40,"column":6},"end":{"line":44,"column":7}},"20":{"start":{"line":41,"column":8},"end":{"line":43,"column":11}},"21":{"start":{"line":42,"column":10},"end":{"line":42,"column":22}},"22":{"start":{"line":46,"column":6},"end":{"line":52,"column":9}},"23":{"start":{"line":47,"column":8},"end":{"line":49,"column":11}},"24":{"start":{"line":51,"column":8},"end":{"line":51,"column":29}},"25":{"start":{"line":56,"column":6},"end":{"line":58,"column":7}},"26":{"start":{"line":57,"column":8},"end":{"line":57,"column":26}},"27":{"start":{"line":60,"column":6},"end":{"line":60,"column":18}},"28":{"start":{"line":64,"column":6},"end":{"line":64,"column":25}},"29":{"start":{"line":68,"column":2},"end":{"line":68,"column":26}}},"branchMap":{"1":{"line":17,"type":"if","locations":[{"start":{"line":17,"column":6},"end":{"line":17,"column":6}},{"start":{"line":17,"column":6},"end":{"line":17,"column":6}}]},"2":{"line":32,"type":"if","locations":[{"start":{"line":32,"column":6},"end":{"line":32,"column":6}},{"start":{"line":32,"column":6},"end":{"line":32,"column":6}}]},"3":{"line":32,"type":"binary-expr","locations":[{"start":{"line":32,"column":10},"end":{"line":32,"column":27}},{"start":{"line":32,"column":31},"end":{"line":32,"column":43}}]},"4":{"line":36,"type":"binary-expr","locations":[{"start":{"line":36,"column":13},"end":{"line":36,"column":42}},{"start":{"line":36,"column":46},"end":{"line":36,"column":48}}]},"5":{"line":40,"type":"if","locations":[{"start":{"line":40,"column":6},"end":{"line":40,"column":6}},{"start":{"line":40,"column":6},"end":{"line":40,"column":6}}]},"6":{"line":51,"type":"binary-expr","locations":[{"start":{"line":51,"column":15},"end":{"line":51,"column":20}},{"start":{"line":51,"column":24},"end":{"line":51,"column":28}}]},"7":{"line":56,"type":"if","locations":[{"start":{"line":56,"column":6},"end":{"line":56,"column":6}},{"start":{"line":56,"column":6},"end":{"line":56,"column":6}}]},"8":{"line":56,"type":"binary-expr","locations":[{"start":{"line":56,"column":10},"end":{"line":56,"column":23}},{"start":{"line":56,"column":27},"end":{"line":56,"column":43}}]}}},"/Users/brunoabrantes/Code/bifrost/lib/base_repository.js":{"path":"/Users/brunoabrantes/Code/bifrost/lib/base_repository.js","s":{"1":1,"2":1,"3":1,"4":90,"5":1,"6":1,"7":90,"8":90,"9":90,"10":90,"11":53,"12":53,"13":90,"14":8,"15":8,"16":8,"17":8,"18":8,"19":8,"20":8,"21":1},"b":{"1":[90,22],"2":[3,5],"3":[3,5],"4":[5,3]},"f":{"1":1,"2":90,"3":9,"4":90,"5":53,"6":8},"fnMap":{"1":{"name":"(anonymous_1)","line":1,"loc":{"start":{"line":1,"column":1},"end":{"line":1,"column":12}}},"2":{"name":"(anonymous_2)","line":5,"loc":{"start":{"line":5,"column":21},"end":{"line":5,"column":37}}},"3":{"name":"(anonymous_3)","line":14,"loc":{"start":{"line":14,"column":23},"end":{"line":14,"column":34}}},"4":{"name":"(anonymous_4)","line":16,"loc":{"start":{"line":16,"column":11},"end":{"line":16,"column":68}}},"5":{"name":"(anonymous_5)","line":22,"loc":{"start":{"line":22,"column":14},"end":{"line":22,"column":29}}},"6":{"name":"(anonymous_6)","line":31,"loc":{"start":{"line":31,"column":14},"end":{"line":31,"column":58}}}},"statementMap":{"1":{"start":{"line":1,"column":0},"end":{"line":53,"column":5}},"2":{"start":{"line":2,"column":2},"end":{"line":3,"column":40}},"3":{"start":{"line":5,"column":2},"end":{"line":12,"column":4}},"4":{"start":{"line":6,"column":4},"end":{"line":11,"column":7}},"5":{"start":{"line":14,"column":2},"end":{"line":14,"column":38}},"6":{"start":{"line":15,"column":2},"end":{"line":50,"column":4}},"7":{"start":{"line":17,"column":6},"end":{"line":17,"column":39}},"8":{"start":{"line":18,"column":6},"end":{"line":18,"column":63}},"9":{"start":{"line":19,"column":6},"end":{"line":19,"column":46}},"10":{"start":{"line":21,"column":6},"end":{"line":26,"column":21}},"11":{"start":{"line":23,"column":10},"end":{"line":23,"column":43}},"12":{"start":{"line":24,"column":10},"end":{"line":24,"column":25}},"13":{"start":{"line":28,"column":6},"end":{"line":28,"column":17}},"14":{"start":{"line":32,"column":6},"end":{"line":32,"column":29}},"15":{"start":{"line":33,"column":6},"end":{"line":33,"column":39}},"16":{"start":{"line":35,"column":6},"end":{"line":35,"column":39}},"17":{"start":{"line":36,"column":6},"end":{"line":36,"column":82}},"18":{"start":{"line":38,"column":6},"end":{"line":45,"column":8}},"19":{"start":{"line":46,"column":6},"end":{"line":46,"column":55}},"20":{"start":{"line":48,"column":6},"end":{"line":48,"column":22}},"21":{"start":{"line":52,"column":2},"end":{"line":52,"column":34}}},"branchMap":{"1":{"line":18,"type":"binary-expr","locations":[{"start":{"line":18,"column":44},"end":{"line":18,"column":55}},{"start":{"line":18,"column":59},"end":{"line":18,"column":61}}]},"2":{"line":32,"type":"cond-expr","locations":[{"start":{"line":32,"column":20},"end":{"line":32,"column":24}},{"start":{"line":32,"column":27},"end":{"line":32,"column":28}}]},"3":{"line":33,"type":"cond-expr","locations":[{"start":{"line":33,"column":26},"end":{"line":33,"column":33}},{"start":{"line":33,"column":36},"end":{"line":33,"column":38}}]},"4":{"line":36,"type":"cond-expr","locations":[{"start":{"line":36,"column":51},"end":{"line":36,"column":63}},{"start":{"line":36,"column":66},"end":{"line":36,"column":81}}]}}},"/Users/brunoabrantes/Code/bifrost/lib/http_client.js":{"path":"/Users/brunoabrantes/Code/bifrost/lib/http_client.js","s":{"1":1,"2":1,"3":1,"4":297,"5":1,"6":118,"7":1,"8":130,"9":130,"10":1,"11":83,"12":83,"13":83,"14":83,"15":83,"16":70,"17":70,"18":8,"19":8,"20":62,"21":62,"22":62,"23":62,"24":62,"25":83,"26":1,"27":1,"28":1,"29":1,"30":1,"31":113,"32":118,"33":118,"34":291,"35":291,"36":291,"37":85,"38":24,"39":26,"40":61,"41":5,"42":5,"43":4,"44":56,"45":291,"46":113,"47":113,"48":51,"49":62,"50":1},"b":{"1":[130,20],"2":[6,77],"3":[67,3],"4":[8,62],"5":[62,7],"6":[55,7],"7":[9,282],"8":[85,206],"9":[291,87],"10":[24,61],"11":[5,56],"12":[51,62]},"f":{"1":1,"2":297,"3":118,"4":130,"5":83,"6":70,"7":113,"8":118,"9":291,"10":26,"11":4},"fnMap":{"1":{"name":"(anonymous_1)","line":1,"loc":{"start":{"line":1,"column":1},"end":{"line":1,"column":12}}},"2":{"name":"(anonymous_2)","line":9,"loc":{"start":{"line":9,"column":16},"end":{"line":9,"column":37}}},"3":{"name":"(anonymous_3)","line":17,"loc":{"start":{"line":17,"column":26},"end":{"line":17,"column":42}}},"4":{"name":"(anonymous_4)","line":21,"loc":{"start":{"line":21,"column":19},"end":{"line":21,"column":36}}},"5":{"name":"(anonymous_5)","line":26,"loc":{"start":{"line":26,"column":30},"end":{"line":26,"column":58}}},"6":{"name":"(anonymous_6)","line":38,"loc":{"start":{"line":38,"column":29},"end":{"line":38,"column":61}}},"7":{"name":"(anonymous_7)","line":65,"loc":{"start":{"line":65,"column":38},"end":{"line":65,"column":54}}},"8":{"name":"(anonymous_8)","line":66,"loc":{"start":{"line":66,"column":20},"end":{"line":66,"column":49}}},"9":{"name":"(anonymous_9)","line":68,"loc":{"start":{"line":68,"column":28},"end":{"line":68,"column":46}}},"10":{"name":"(anonymous_10)","line":75,"loc":{"start":{"line":75,"column":26},"end":{"line":75,"column":39}}},"11":{"name":"(anonymous_11)","line":80,"loc":{"start":{"line":80,"column":29},"end":{"line":80,"column":43}}}},"statementMap":{"1":{"start":{"line":1,"column":0},"end":{"line":101,"column":5}},"2":{"start":{"line":2,"column":2},"end":{"line":7,"column":26}},"3":{"start":{"line":9,"column":2},"end":{"line":15,"column":4}},"4":{"start":{"line":10,"column":4},"end":{"line":14,"column":27}},"5":{"start":{"line":17,"column":2},"end":{"line":19,"column":4}},"6":{"start":{"line":18,"column":4},"end":{"line":18,"column":37}},"7":{"start":{"line":21,"column":2},"end":{"line":24,"column":4}},"8":{"start":{"line":22,"column":4},"end":{"line":22,"column":35}},"9":{"start":{"line":23,"column":4},"end":{"line":23,"column":41}},"10":{"start":{"line":26,"column":2},"end":{"line":57,"column":4}},"11":{"start":{"line":27,"column":4},"end":{"line":27,"column":35}},"12":{"start":{"line":28,"column":4},"end":{"line":28,"column":53}},"13":{"start":{"line":30,"column":4},"end":{"line":30,"column":24}},"14":{"start":{"line":32,"column":4},"end":{"line":36,"column":6}},"15":{"start":{"line":38,"column":4},"end":{"line":54,"column":7}},"16":{"start":{"line":39,"column":6},"end":{"line":40,"column":83}},"17":{"start":{"line":42,"column":6},"end":{"line":45,"column":7}},"18":{"start":{"line":43,"column":8},"end":{"line":43,"column":37}},"19":{"start":{"line":44,"column":8},"end":{"line":44,"column":15}},"20":{"start":{"line":47,"column":6},"end":{"line":47,"column":24}},"21":{"start":{"line":48,"column":6},"end":{"line":48,"column":62}},"22":{"start":{"line":50,"column":6},"end":{"line":50,"column":44}},"23":{"start":{"line":51,"column":6},"end":{"line":51,"column":81}},"24":{"start":{"line":53,"column":6},"end":{"line":53,"column":24}},"25":{"start":{"line":56,"column":4},"end":{"line":56,"column":23}},"26":{"start":{"line":60,"column":2},"end":{"line":60,"column":73}},"27":{"start":{"line":61,"column":2},"end":{"line":61,"column":75}},"28":{"start":{"line":62,"column":2},"end":{"line":62,"column":73}},"29":{"start":{"line":63,"column":2},"end":{"line":63,"column":73}},"30":{"start":{"line":65,"column":2},"end":{"line":98,"column":4}},"31":{"start":{"line":66,"column":4},"end":{"line":89,"column":6}},"32":{"start":{"line":67,"column":6},"end":{"line":67,"column":62}},"33":{"start":{"line":68,"column":6},"end":{"line":88,"column":13}},"34":{"start":{"line":69,"column":8},"end":{"line":69,"column":32}},"35":{"start":{"line":71,"column":8},"end":{"line":71,"column":99}},"36":{"start":{"line":73,"column":8},"end":{"line":86,"column":9}},"37":{"start":{"line":74,"column":10},"end":{"line":85,"column":11}},"38":{"start":{"line":75,"column":12},"end":{"line":77,"column":15}},"39":{"start":{"line":76,"column":14},"end":{"line":76,"column":57}},"40":{"start":{"line":78,"column":17},"end":{"line":85,"column":11}},"41":{"start":{"line":79,"column":12},"end":{"line":79,"column":49}},"42":{"start":{"line":80,"column":12},"end":{"line":82,"column":15}},"43":{"start":{"line":81,"column":14},"end":{"line":81,"column":27}},"44":{"start":{"line":84,"column":12},"end":{"line":84,"column":55}},"45":{"start":{"line":87,"column":8},"end":{"line":87,"column":18}},"46":{"start":{"line":91,"column":4},"end":{"line":91,"column":33}},"47":{"start":{"line":93,"column":4},"end":{"line":97,"column":5}},"48":{"start":{"line":94,"column":6},"end":{"line":94,"column":35}},"49":{"start":{"line":96,"column":6},"end":{"line":96,"column":16}},"50":{"start":{"line":100,"column":2},"end":{"line":100,"column":30}}},"branchMap":{"1":{"line":23,"type":"binary-expr","locations":[{"start":{"line":23,"column":20},"end":{"line":23,"column":34}},{"start":{"line":23,"column":38},"end":{"line":23,"column":40}}]},"2":{"line":35,"type":"cond-expr","locations":[{"start":{"line":35,"column":21},"end":{"line":35,"column":66}},{"start":{"line":35,"column":69},"end":{"line":35,"column":78}}]},"3":{"line":40,"type":"cond-expr","locations":[{"start":{"line":40,"column":44},"end":{"line":40,"column":74}},{"start":{"line":40,"column":77},"end":{"line":40,"column":82}}]},"4":{"line":42,"type":"if","locations":[{"start":{"line":42,"column":6},"end":{"line":42,"column":6}},{"start":{"line":42,"column":6},"end":{"line":42,"column":6}}]},"5":{"line":47,"type":"binary-expr","locations":[{"start":{"line":47,"column":13},"end":{"line":47,"column":17}},{"start":{"line":47,"column":21},"end":{"line":47,"column":23}}]},"6":{"line":48,"type":"cond-expr","locations":[{"start":{"line":48,"column":38},"end":{"line":48,"column":54}},{"start":{"line":48,"column":57},"end":{"line":48,"column":61}}]},"7":{"line":71,"type":"cond-expr","locations":[{"start":{"line":71,"column":38},"end":{"line":71,"column":79}},{"start":{"line":71,"column":82},"end":{"line":71,"column":98}}]},"8":{"line":73,"type":"if","locations":[{"start":{"line":73,"column":8},"end":{"line":73,"column":8}},{"start":{"line":73,"column":8},"end":{"line":73,"column":8}}]},"9":{"line":73,"type":"binary-expr","locations":[{"start":{"line":73,"column":12},"end":{"line":73,"column":33}},{"start":{"line":73,"column":37},"end":{"line":73,"column":53}}]},"10":{"line":74,"type":"if","locations":[{"start":{"line":74,"column":10},"end":{"line":74,"column":10}},{"start":{"line":74,"column":10},"end":{"line":74,"column":10}}]},"11":{"line":78,"type":"if","locations":[{"start":{"line":78,"column":17},"end":{"line":78,"column":17}},{"start":{"line":78,"column":17},"end":{"line":78,"column":17}}]},"12":{"line":93,"type":"if","locations":[{"start":{"line":93,"column":4},"end":{"line":93,"column":4}},{"start":{"line":93,"column":4},"end":{"line":93,"column":4}}]}}},"/Users/brunoabrantes/Code/bifrost/lib/plugins/mapper.camel_case.js":{"path":"/Users/brunoabrantes/Code/bifrost/lib/plugins/mapper.camel_case.js","s":{"1":1,"2":1,"3":1,"4":9424,"5":9424,"6":373,"7":373,"8":9424,"9":2845,"10":9424,"11":1,"12":11265,"13":800,"14":10465,"15":8456,"16":2009,"17":9424,"18":9424,"19":1,"20":59,"21":59,"22":1,"23":16},"b":{"1":[373,9051],"2":[2845,0],"3":[800,10465],"4":[8456,2009]},"f":{"1":1,"2":9424,"3":2845,"4":11265,"5":9424,"6":59,"7":16},"fnMap":{"1":{"name":"(anonymous_1)","line":1,"loc":{"start":{"line":1,"column":1},"end":{"line":1,"column":12}}},"2":{"name":"(anonymous_2)","line":5,"loc":{"start":{"line":5,"column":17},"end":{"line":5,"column":30}}},"3":{"name":"(anonymous_3)","line":14,"loc":{"start":{"line":14,"column":52},"end":{"line":14,"column":70}}},"4":{"name":"(anonymous_4)","line":19,"loc":{"start":{"line":19,"column":18},"end":{"line":19,"column":35}}},"5":{"name":"(anonymous_5)","line":28,"loc":{"start":{"line":28,"column":36},"end":{"line":28,"column":61}}},"6":{"name":"(anonymous_6)","line":34,"loc":{"start":{"line":34,"column":15},"end":{"line":34,"column":26}}},"7":{"name":"(anonymous_7)","line":39,"loc":{"start":{"line":39,"column":19},"end":{"line":39,"column":36}}}},"statementMap":{"1":{"start":{"line":1,"column":0},"end":{"line":42,"column":5}},"2":{"start":{"line":3,"column":2},"end":{"line":3,"column":28}},"3":{"start":{"line":5,"column":2},"end":{"line":17,"column":4}},"4":{"start":{"line":6,"column":4},"end":{"line":7,"column":17}},"5":{"start":{"line":9,"column":4},"end":{"line":12,"column":5}},"6":{"start":{"line":10,"column":6},"end":{"line":10,"column":26}},"7":{"start":{"line":11,"column":6},"end":{"line":11,"column":19}},"8":{"start":{"line":14,"column":4},"end":{"line":14,"column":108}},"9":{"start":{"line":14,"column":72},"end":{"line":14,"column":104}},"10":{"start":{"line":16,"column":4},"end":{"line":16,"column":31}},"11":{"start":{"line":19,"column":2},"end":{"line":32,"column":4}},"12":{"start":{"line":20,"column":4},"end":{"line":22,"column":5}},"13":{"start":{"line":21,"column":6},"end":{"line":21,"column":35}},"14":{"start":{"line":24,"column":4},"end":{"line":26,"column":5}},"15":{"start":{"line":25,"column":6},"end":{"line":25,"column":20}},"16":{"start":{"line":28,"column":4},"end":{"line":31,"column":11}},"17":{"start":{"line":29,"column":6},"end":{"line":29,"column":56}},"18":{"start":{"line":30,"column":6},"end":{"line":30,"column":23}},"19":{"start":{"line":34,"column":2},"end":{"line":37,"column":4}},"20":{"start":{"line":35,"column":4},"end":{"line":35,"column":41}},"21":{"start":{"line":36,"column":4},"end":{"line":36,"column":16}},"22":{"start":{"line":39,"column":2},"end":{"line":41,"column":4}},"23":{"start":{"line":40,"column":4},"end":{"line":40,"column":63}}},"branchMap":{"1":{"line":9,"type":"if","locations":[{"start":{"line":9,"column":4},"end":{"line":9,"column":4}},{"start":{"line":9,"column":4},"end":{"line":9,"column":4}}]},"2":{"line":14,"type":"cond-expr","locations":[{"start":{"line":14,"column":83},"end":{"line":14,"column":98}},{"start":{"line":14,"column":101},"end":{"line":14,"column":103}}]},"3":{"line":20,"type":"if","locations":[{"start":{"line":20,"column":4},"end":{"line":20,"column":4}},{"start":{"line":20,"column":4},"end":{"line":20,"column":4}}]},"4":{"line":24,"type":"if","locations":[{"start":{"line":24,"column":4},"end":{"line":24,"column":4}},{"start":{"line":24,"column":4},"end":{"line":24,"column":4}}]}}},"/Users/brunoabrantes/Code/bifrost/lib/assemble.js":{"path":"/Users/brunoabrantes/Code/bifrost/lib/assemble.js","s":{"1":1,"2":1,"3":1,"4":73,"5":73,"6":1},"b":{},"f":{"1":1,"2":73},"fnMap":{"1":{"name":"(anonymous_1)","line":1,"loc":{"start":{"line":1,"column":1},"end":{"line":1,"column":12}}},"2":{"name":"(anonymous_2)","line":8,"loc":{"start":{"line":8,"column":23},"end":{"line":8,"column":46}}}},"statementMap":{"1":{"start":{"line":1,"column":0},"end":{"line":14,"column":5}},"2":{"start":{"line":2,"column":2},"end":{"line":6,"column":37}},"3":{"start":{"line":8,"column":4},"end":{"line":11,"column":6}},"4":{"start":{"line":9,"column":6},"end":{"line":9,"column":24}},"5":{"start":{"line":10,"column":6},"end":{"line":10,"column":19}},"6":{"start":{"line":13,"column":4},"end":{"line":13,"column":89}}},"branchMap":{}},"/Users/brunoabrantes/Code/bifrost/v1/repositories/client_key.js":{"path":"/Users/brunoabrantes/Code/bifrost/v1/repositories/client_key.js","s":{"1":1,"2":1,"3":1,"4":1,"5":86,"6":1,"7":5,"8":5,"9":5,"10":1,"11":2,"12":1,"13":10,"14":10,"15":9,"16":9,"17":7,"18":1,"19":1,"20":1,"21":1,"22":6,"23":2,"24":2,"25":3,"26":5,"27":2,"28":10,"29":1,"30":84,"31":84,"32":82,"33":73,"34":9,"35":1,"36":84,"37":1,"38":86,"39":2,"40":2,"41":84,"42":73,"43":10,"44":2,"45":6},"b":{"1":[1,6],"2":[2,3],"3":[6,5],"4":[73,9],"5":[82,82],"6":[2,84]},"f":{"1":1,"2":86,"3":5,"4":2,"5":10,"6":9,"7":7,"8":2,"9":84,"10":82,"11":1,"12":86,"13":73,"14":10,"15":2,"16":6},"fnMap":{"1":{"name":"(anonymous_1)","line":1,"loc":{"start":{"line":1,"column":1},"end":{"line":1,"column":12}}},"2":{"name":"(anonymous_2)","line":10,"loc":{"start":{"line":10,"column":20},"end":{"line":10,"column":34}}},"3":{"name":"(anonymous_3)","line":14,"loc":{"start":{"line":14,"column":27},"end":{"line":14,"column":38}}},"4":{"name":"(anonymous_4)","line":21,"loc":{"start":{"line":21,"column":21},"end":{"line":21,"column":43}}},"5":{"name":"(anonymous_5)","line":25,"loc":{"start":{"line":25,"column":20},"end":{"line":25,"column":34}}},"6":{"name":"(anonymous_6)","line":30,"loc":{"start":{"line":30,"column":12},"end":{"line":30,"column":28}}},"7":{"name":"(anonymous_7)","line":38,"loc":{"start":{"line":38,"column":11},"end":{"line":38,"column":33}}},"8":{"name":"(anonymous_8)","line":56,"loc":{"start":{"line":56,"column":12},"end":{"line":56,"column":26}}},"9":{"name":"(anonymous_9)","line":63,"loc":{"start":{"line":63,"column":17},"end":{"line":63,"column":31}}},"10":{"name":"(anonymous_10)","line":68,"loc":{"start":{"line":68,"column":12},"end":{"line":68,"column":28}}},"11":{"name":"(anonymous_11)","line":75,"loc":{"start":{"line":75,"column":13},"end":{"line":75,"column":24}}},"12":{"name":"(anonymous_12)","line":82,"loc":{"start":{"line":82,"column":22},"end":{"line":82,"column":76}}},"13":{"name":"(anonymous_13)","line":89,"loc":{"start":{"line":89,"column":12},"end":{"line":89,"column":23}}},"14":{"name":"(anonymous_14)","line":92,"loc":{"start":{"line":92,"column":12},"end":{"line":92,"column":23}}},"15":{"name":"(anonymous_15)","line":94,"loc":{"start":{"line":94,"column":16},"end":{"line":94,"column":27}}},"16":{"name":"(anonymous_16)","line":97,"loc":{"start":{"line":97,"column":16},"end":{"line":97,"column":32}}}},"statementMap":{"1":{"start":{"line":1,"column":0},"end":{"line":102,"column":5}},"2":{"start":{"line":2,"column":2},"end":{"line":6,"column":26}},"3":{"start":{"line":8,"column":2},"end":{"line":8,"column":33}},"4":{"start":{"line":10,"column":2},"end":{"line":12,"column":4}},"5":{"start":{"line":11,"column":4},"end":{"line":11,"column":27}},"6":{"start":{"line":14,"column":2},"end":{"line":19,"column":4}},"7":{"start":{"line":15,"column":4},"end":{"line":15,"column":30}},"8":{"start":{"line":16,"column":4},"end":{"line":16,"column":78}},"9":{"start":{"line":18,"column":4},"end":{"line":18,"column":17}},"10":{"start":{"line":21,"column":2},"end":{"line":23,"column":4}},"11":{"start":{"line":22,"column":4},"end":{"line":22,"column":47}},"12":{"start":{"line":25,"column":2},"end":{"line":61,"column":4}},"13":{"start":{"line":26,"column":4},"end":{"line":27,"column":28}},"14":{"start":{"line":29,"column":4},"end":{"line":58,"column":9}},"15":{"start":{"line":31,"column":8},"end":{"line":32,"column":26}},"16":{"start":{"line":34,"column":8},"end":{"line":54,"column":11}},"17":{"start":{"line":39,"column":10},"end":{"line":44,"column":11}},"18":{"start":{"line":40,"column":12},"end":{"line":40,"column":38}},"19":{"start":{"line":41,"column":12},"end":{"line":41,"column":57}},"20":{"start":{"line":42,"column":12},"end":{"line":42,"column":30}},"21":{"start":{"line":43,"column":12},"end":{"line":43,"column":19}},"22":{"start":{"line":46,"column":10},"end":{"line":51,"column":11}},"23":{"start":{"line":47,"column":12},"end":{"line":47,"column":51}},"24":{"start":{"line":48,"column":12},"end":{"line":48,"column":40}},"25":{"start":{"line":50,"column":12},"end":{"line":50,"column":45}},"26":{"start":{"line":53,"column":10},"end":{"line":53,"column":17}},"27":{"start":{"line":57,"column":8},"end":{"line":57,"column":24}},"28":{"start":{"line":60,"column":4},"end":{"line":60,"column":19}},"29":{"start":{"line":63,"column":2},"end":{"line":80,"column":4}},"30":{"start":{"line":64,"column":4},"end":{"line":65,"column":28}},"31":{"start":{"line":67,"column":4},"end":{"line":77,"column":9}},"32":{"start":{"line":69,"column":8},"end":{"line":73,"column":9}},"33":{"start":{"line":70,"column":10},"end":{"line":70,"column":29}},"34":{"start":{"line":72,"column":10},"end":{"line":72,"column":23}},"35":{"start":{"line":76,"column":8},"end":{"line":76,"column":21}},"36":{"start":{"line":79,"column":4},"end":{"line":79,"column":19}},"37":{"start":{"line":82,"column":2},"end":{"line":101,"column":4}},"38":{"start":{"line":83,"column":4},"end":{"line":86,"column":5}},"39":{"start":{"line":84,"column":6},"end":{"line":84,"column":34}},"40":{"start":{"line":85,"column":6},"end":{"line":85,"column":13}},"41":{"start":{"line":88,"column":4},"end":{"line":100,"column":9}},"42":{"start":{"line":90,"column":8},"end":{"line":90,"column":28}},"43":{"start":{"line":93,"column":8},"end":{"line":99,"column":13}},"44":{"start":{"line":95,"column":12},"end":{"line":95,"column":32}},"45":{"start":{"line":98,"column":12},"end":{"line":98,"column":25}}},"branchMap":{"1":{"line":39,"type":"if","locations":[{"start":{"line":39,"column":10},"end":{"line":39,"column":10}},{"start":{"line":39,"column":10},"end":{"line":39,"column":10}}]},"2":{"line":46,"type":"if","locations":[{"start":{"line":46,"column":10},"end":{"line":46,"column":10}},{"start":{"line":46,"column":10},"end":{"line":46,"column":10}}]},"3":{"line":46,"type":"binary-expr","locations":[{"start":{"line":46,"column":14},"end":{"line":46,"column":20}},{"start":{"line":46,"column":24},"end":{"line":46,"column":42}}]},"4":{"line":69,"type":"if","locations":[{"start":{"line":69,"column":8},"end":{"line":69,"column":8}},{"start":{"line":69,"column":8},"end":{"line":69,"column":8}}]},"5":{"line":69,"type":"binary-expr","locations":[{"start":{"line":69,"column":12},"end":{"line":69,"column":33}},{"start":{"line":69,"column":37},"end":{"line":69,"column":53}}]},"6":{"line":83,"type":"if","locations":[{"start":{"line":83,"column":4},"end":{"line":83,"column":4}},{"start":{"line":83,"column":4},"end":{"line":83,"column":4}}]}}},"/Users/brunoabrantes/Code/bifrost/lib/redis_client.js":{"path":"/Users/brunoabrantes/Code/bifrost/lib/redis_client.js","s":{"1":1,"2":1},"b":{},"f":{},"fnMap":{},"statementMap":{"1":{"start":{"line":1,"column":0},"end":{"line":2,"column":38}},"2":{"start":{"line":4,"column":0},"end":{"line":8,"column":3}}},"branchMap":{}},"/Users/brunoabrantes/Code/bifrost/lib/postgres_client.js":{"path":"/Users/brunoabrantes/Code/bifrost/lib/postgres_client.js","s":{"1":1,"2":1,"3":1,"4":13,"5":13,"6":13,"7":2,"8":2,"9":2,"10":2,"11":11,"12":13},"b":{"1":[2,11]},"f":{"1":1,"2":13,"3":13},"fnMap":{"1":{"name":"(anonymous_1)","line":1,"loc":{"start":{"line":1,"column":1},"end":{"line":1,"column":12}}},"2":{"name":"(anonymous_2)","line":7,"loc":{"start":{"line":7,"column":19},"end":{"line":7,"column":30}}},"3":{"name":"(anonymous_3)","line":16,"loc":{"start":{"line":16,"column":7},"end":{"line":16,"column":32}}}},"statementMap":{"1":{"start":{"line":1,"column":0},"end":{"line":30,"column":5}},"2":{"start":{"line":2,"column":2},"end":{"line":5,"column":37}},"3":{"start":{"line":7,"column":2},"end":{"line":29,"column":4}},"4":{"start":{"line":8,"column":4},"end":{"line":8,"column":24}},"5":{"start":{"line":10,"column":4},"end":{"line":26,"column":7}},"6":{"start":{"line":17,"column":6},"end":{"line":23,"column":7}},"7":{"start":{"line":18,"column":8},"end":{"line":18,"column":34}},"8":{"start":{"line":19,"column":8},"end":{"line":19,"column":53}},"9":{"start":{"line":20,"column":8},"end":{"line":20,"column":26}},"10":{"start":{"line":22,"column":8},"end":{"line":22,"column":15}},"11":{"start":{"line":25,"column":6},"end":{"line":25,"column":31}},"12":{"start":{"line":28,"column":4},"end":{"line":28,"column":23}}},"branchMap":{"1":{"line":17,"type":"if","locations":[{"start":{"line":17,"column":6},"end":{"line":17,"column":6}},{"start":{"line":17,"column":6},"end":{"line":17,"column":6}}]}}},"/Users/brunoabrantes/Code/bifrost/lib/middleware/rate_limiter.js":{"path":"/Users/brunoabrantes/Code/bifrost/lib/middleware/rate_limiter.js","s":{"1":1,"2":1,"3":1,"4":1,"5":1,"6":1,"7":1,"8":1,"9":1,"10":78,"11":78,"12":78,"13":1,"14":78,"15":78,"16":78,"17":78,"18":78,"19":78,"20":75,"21":3,"22":3,"23":3,"24":3,"25":3},"b":{"1":[75,3],"2":[3,1],"3":[3,1]},"f":{"1":1,"2":1,"3":78,"4":78,"5":78},"fnMap":{"1":{"name":"(anonymous_1)","line":1,"loc":{"start":{"line":1,"column":1},"end":{"line":1,"column":12}}},"2":{"name":"(anonymous_2)","line":11,"loc":{"start":{"line":11,"column":17},"end":{"line":11,"column":28}}},"3":{"name":"(anonymous_3)","line":15,"loc":{"start":{"line":15,"column":14},"end":{"line":15,"column":33}}},"4":{"name":"(anonymous_4)","line":28,"loc":{"start":{"line":28,"column":19},"end":{"line":28,"column":59}}},"5":{"name":"(anonymous_5)","line":29,"loc":{"start":{"line":29,"column":24},"end":{"line":29,"column":45}}}},"statementMap":{"1":{"start":{"line":1,"column":0},"end":{"line":50,"column":5}},"2":{"start":{"line":2,"column":2},"end":{"line":2,"column":39}},"3":{"start":{"line":3,"column":2},"end":{"line":3,"column":42}},"4":{"start":{"line":4,"column":2},"end":{"line":4,"column":49}},"5":{"start":{"line":5,"column":2},"end":{"line":5,"column":31}},"6":{"start":{"line":6,"column":2},"end":{"line":9,"column":4}},"7":{"start":{"line":11,"column":2},"end":{"line":13,"column":5}},"8":{"start":{"line":12,"column":4},"end":{"line":12,"column":44}},"9":{"start":{"line":15,"column":2},"end":{"line":26,"column":4}},"10":{"start":{"line":16,"column":4},"end":{"line":21,"column":7}},"11":{"start":{"line":23,"column":4},"end":{"line":23,"column":49}},"12":{"start":{"line":25,"column":4},"end":{"line":25,"column":19}},"13":{"start":{"line":28,"column":2},"end":{"line":49,"column":4}},"14":{"start":{"line":29,"column":4},"end":{"line":48,"column":7}},"15":{"start":{"line":30,"column":6},"end":{"line":31,"column":14}},"16":{"start":{"line":33,"column":6},"end":{"line":33,"column":54}},"17":{"start":{"line":34,"column":6},"end":{"line":34,"column":62}},"18":{"start":{"line":35,"column":6},"end":{"line":35,"column":54}},"19":{"start":{"line":37,"column":6},"end":{"line":39,"column":7}},"20":{"start":{"line":38,"column":8},"end":{"line":38,"column":28}},"21":{"start":{"line":41,"column":6},"end":{"line":41,"column":55}},"22":{"start":{"line":43,"column":6},"end":{"line":43,"column":28}},"23":{"start":{"line":44,"column":6},"end":{"line":44,"column":78}},"24":{"start":{"line":45,"column":6},"end":{"line":45,"column":72}},"25":{"start":{"line":47,"column":6},"end":{"line":47,"column":19}}},"branchMap":{"1":{"line":37,"type":"if","locations":[{"start":{"line":37,"column":6},"end":{"line":37,"column":6}},{"start":{"line":37,"column":6},"end":{"line":37,"column":6}}]},"2":{"line":41,"type":"binary-expr","locations":[{"start":{"line":41,"column":15},"end":{"line":41,"column":48}},{"start":{"line":41,"column":53},"end":{"line":41,"column":54}}]},"3":{"line":44,"type":"binary-expr","locations":[{"start":{"line":44,"column":38},"end":{"line":44,"column":71}},{"start":{"line":44,"column":76},"end":{"line":44,"column":77}}]}}},"/Users/brunoabrantes/Code/bifrost/lib/response.js":{"path":"/Users/brunoabrantes/Code/bifrost/lib/response.js","s":{"1":1,"2":82},"b":{},"f":{"1":82},"fnMap":{"1":{"name":"(anonymous_1)","line":1,"loc":{"start":{"line":1,"column":17},"end":{"line":1,"column":28}}}},"statementMap":{"1":{"start":{"line":1,"column":0},"end":{"line":7,"column":2}},"2":{"start":{"line":2,"column":2},"end":{"line":6,"column":4}}},"branchMap":{}},"/Users/brunoabrantes/Code/bifrost/v1/services/artist/routes.js":{"path":"/Users/brunoabrantes/Code/bifrost/v1/services/artist/routes.js","s":{"1":1,"2":1,"3":1,"4":1,"5":1,"6":1},"b":{},"f":{},"fnMap":{},"statementMap":{"1":{"start":{"line":1,"column":0},"end":{"line":1,"column":35}},"2":{"start":{"line":3,"column":0},"end":{"line":3,"column":50}},"3":{"start":{"line":4,"column":0},"end":{"line":4,"column":60}},"4":{"start":{"line":5,"column":0},"end":{"line":5,"column":64}},"5":{"start":{"line":6,"column":0},"end":{"line":6,"column":66}},"6":{"start":{"line":7,"column":0},"end":{"line":7,"column":70}}},"branchMap":{}},"/Users/brunoabrantes/Code/bifrost/v1/services/artist/service.js":{"path":"/Users/brunoabrantes/Code/bifrost/v1/services/artist/service.js","s":{"1":1,"2":1,"3":1,"4":1,"5":1,"6":1,"7":1,"8":1,"9":1,"10":1,"11":1,"12":1,"13":1,"14":1,"15":1,"16":1,"17":1,"18":1,"19":1,"20":1},"b":{},"f":{"1":1},"fnMap":{"1":{"name":"(anonymous_1)","line":1,"loc":{"start":{"line":1,"column":1},"end":{"line":1,"column":11}}}},"statementMap":{"1":{"start":{"line":1,"column":0},"end":{"line":27,"column":5}},"2":{"start":{"line":2,"column":2},"end":{"line":2,"column":46}},"3":{"start":{"line":3,"column":2},"end":{"line":3,"column":44}},"4":{"start":{"line":4,"column":2},"end":{"line":4,"column":42}},"5":{"start":{"line":5,"column":2},"end":{"line":5,"column":48}},"6":{"start":{"line":6,"column":2},"end":{"line":6,"column":55}},"7":{"start":{"line":8,"column":2},"end":{"line":8,"column":56}},"8":{"start":{"line":9,"column":2},"end":{"line":9,"column":54}},"9":{"start":{"line":10,"column":2},"end":{"line":10,"column":58}},"10":{"start":{"line":11,"column":2},"end":{"line":11,"column":52}},"11":{"start":{"line":12,"column":2},"end":{"line":12,"column":65}},"12":{"start":{"line":14,"column":2},"end":{"line":14,"column":59}},"13":{"start":{"line":16,"column":2},"end":{"line":16,"column":46}},"14":{"start":{"line":17,"column":2},"end":{"line":17,"column":52}},"15":{"start":{"line":19,"column":2},"end":{"line":19,"column":26}},"16":{"start":{"line":21,"column":2},"end":{"line":21,"column":106}},"17":{"start":{"line":22,"column":2},"end":{"line":22,"column":114}},"18":{"start":{"line":23,"column":2},"end":{"line":23,"column":85}},"19":{"start":{"line":24,"column":2},"end":{"line":24,"column":118}},"20":{"start":{"line":26,"column":2},"end":{"line":26,"column":85}}},"branchMap":{}},"/Users/brunoabrantes/Code/bifrost/v1/models/artist.js":{"path":"/Users/brunoabrantes/Code/bifrost/v1/models/artist.js","s":{"1":1,"2":1,"3":1,"4":1},"b":{},"f":{},"fnMap":{},"statementMap":{"1":{"start":{"line":1,"column":0},"end":{"line":1,"column":39}},"2":{"start":{"line":3,"column":0},"end":{"line":19,"column":3}},"3":{"start":{"line":21,"column":0},"end":{"line":26,"column":2}},"4":{"start":{"line":28,"column":0},"end":{"line":28,"column":24}}},"branchMap":{}},"/Users/brunoabrantes/Code/bifrost/lib/model.js":{"path":"/Users/brunoabrantes/Code/bifrost/lib/model.js","s":{"1":1,"2":1,"3":1,"4":1,"5":1,"6":1,"7":1,"8":1,"9":1,"10":1,"11":1,"12":22,"13":2,"14":20,"15":524,"16":524,"17":524,"18":4140,"19":4140,"20":4140,"21":42,"22":42,"23":3,"24":42,"25":2,"26":42,"27":266,"28":264,"29":42,"30":4098,"31":524,"32":20,"33":523,"34":523,"35":520,"36":523,"37":524,"38":524,"39":523,"40":520,"41":523,"42":1,"43":1},"b":{"1":[2,20],"2":[22,21],"3":[524,0],"4":[524,524],"5":[42,4098],"6":[3,39],"7":[2,40],"8":[264,2],"9":[520,3],"10":[520,3]},"f":{"1":1,"2":22,"3":524,"4":523,"5":524},"fnMap":{"1":{"name":"(anonymous_1)","line":1,"loc":{"start":{"line":1,"column":1},"end":{"line":1,"column":11}}},"2":{"name":"(anonymous_2)","line":21,"loc":{"start":{"line":21,"column":10},"end":{"line":21,"column":25}}},"3":{"name":"(anonymous_3)","line":26,"loc":{"start":{"line":26,"column":26},"end":{"line":26,"column":57}}},"4":{"name":"(anonymous_4)","line":64,"loc":{"start":{"line":64,"column":17},"end":{"line":64,"column":31}}},"5":{"name":"(anonymous_5)","line":71,"loc":{"start":{"line":71,"column":30},"end":{"line":71,"column":44}}}},"statementMap":{"1":{"start":{"line":1,"column":0},"end":{"line":97,"column":5}},"2":{"start":{"line":2,"column":2},"end":{"line":10,"column":6}},"3":{"start":{"line":12,"column":2},"end":{"line":12,"column":24}},"4":{"start":{"line":13,"column":2},"end":{"line":13,"column":46}},"5":{"start":{"line":14,"column":2},"end":{"line":14,"column":52}},"6":{"start":{"line":15,"column":2},"end":{"line":15,"column":48}},"7":{"start":{"line":16,"column":2},"end":{"line":16,"column":46}},"8":{"start":{"line":17,"column":2},"end":{"line":17,"column":50}},"9":{"start":{"line":18,"column":2},"end":{"line":18,"column":52}},"10":{"start":{"line":19,"column":2},"end":{"line":19,"column":52}},"11":{"start":{"line":21,"column":2},"end":{"line":85,"column":4}},"12":{"start":{"line":22,"column":4},"end":{"line":24,"column":5}},"13":{"start":{"line":23,"column":6},"end":{"line":23,"column":24}},"14":{"start":{"line":26,"column":4},"end":{"line":61,"column":6}},"15":{"start":{"line":27,"column":6},"end":{"line":27,"column":26}},"16":{"start":{"line":29,"column":6},"end":{"line":58,"column":7}},"17":{"start":{"line":30,"column":8},"end":{"line":57,"column":9}},"18":{"start":{"line":31,"column":10},"end":{"line":32,"column":18}},"19":{"start":{"line":34,"column":10},"end":{"line":34,"column":29}},"20":{"start":{"line":36,"column":10},"end":{"line":56,"column":11}},"21":{"start":{"line":37,"column":12},"end":{"line":37,"column":36}},"22":{"start":{"line":39,"column":12},"end":{"line":41,"column":13}},"23":{"start":{"line":40,"column":14},"end":{"line":40,"column":25}},"24":{"start":{"line":43,"column":12},"end":{"line":45,"column":13}},"25":{"start":{"line":44,"column":14},"end":{"line":44,"column":30}},"26":{"start":{"line":47,"column":12},"end":{"line":51,"column":13}},"27":{"start":{"line":48,"column":14},"end":{"line":50,"column":15}},"28":{"start":{"line":49,"column":16},"end":{"line":49,"column":71}},"29":{"start":{"line":53,"column":12},"end":{"line":53,"column":46}},"30":{"start":{"line":55,"column":12},"end":{"line":55,"column":59}},"31":{"start":{"line":60,"column":6},"end":{"line":60,"column":24}},"32":{"start":{"line":63,"column":4},"end":{"line":84,"column":6}},"33":{"start":{"line":65,"column":8},"end":{"line":65,"column":28}},"34":{"start":{"line":67,"column":8},"end":{"line":69,"column":9}},"35":{"start":{"line":68,"column":10},"end":{"line":68,"column":26}},"36":{"start":{"line":71,"column":8},"end":{"line":76,"column":11}},"37":{"start":{"line":72,"column":10},"end":{"line":73,"column":41}},"38":{"start":{"line":75,"column":10},"end":{"line":75,"column":55}},"39":{"start":{"line":78,"column":8},"end":{"line":80,"column":9}},"40":{"start":{"line":79,"column":10},"end":{"line":79,"column":37}},"41":{"start":{"line":82,"column":8},"end":{"line":82,"column":26}},"42":{"start":{"line":87,"column":2},"end":{"line":94,"column":4}},"43":{"start":{"line":96,"column":2},"end":{"line":96,"column":25}}},"branchMap":{"1":{"line":22,"type":"if","locations":[{"start":{"line":22,"column":4},"end":{"line":22,"column":4}},{"start":{"line":22,"column":4},"end":{"line":22,"column":4}}]},"2":{"line":22,"type":"binary-expr","locations":[{"start":{"line":22,"column":8},"end":{"line":22,"column":13}},{"start":{"line":22,"column":17},"end":{"line":22,"column":47}}]},"3":{"line":29,"type":"if","locations":[{"start":{"line":29,"column":6},"end":{"line":29,"column":6}},{"start":{"line":29,"column":6},"end":{"line":29,"column":6}}]},"4":{"line":29,"type":"binary-expr","locations":[{"start":{"line":29,"column":10},"end":{"line":29,"column":14}},{"start":{"line":29,"column":18},"end":{"line":29,"column":33}}]},"5":{"line":36,"type":"if","locations":[{"start":{"line":36,"column":10},"end":{"line":36,"column":10}},{"start":{"line":36,"column":10},"end":{"line":36,"column":10}}]},"6":{"line":39,"type":"if","locations":[{"start":{"line":39,"column":12},"end":{"line":39,"column":12}},{"start":{"line":39,"column":12},"end":{"line":39,"column":12}}]},"7":{"line":43,"type":"if","locations":[{"start":{"line":43,"column":12},"end":{"line":43,"column":12}},{"start":{"line":43,"column":12},"end":{"line":43,"column":12}}]},"8":{"line":48,"type":"if","locations":[{"start":{"line":48,"column":14},"end":{"line":48,"column":14}},{"start":{"line":48,"column":14},"end":{"line":48,"column":14}}]},"9":{"line":67,"type":"if","locations":[{"start":{"line":67,"column":8},"end":{"line":67,"column":8}},{"start":{"line":67,"column":8},"end":{"line":67,"column":8}}]},"10":{"line":78,"type":"if","locations":[{"start":{"line":78,"column":8},"end":{"line":78,"column":8}},{"start":{"line":78,"column":8},"end":{"line":78,"column":8}}]}}},"/Users/brunoabrantes/Code/bifrost/lib/strategies/hash.js":{"path":"/Users/brunoabrantes/Code/bifrost/lib/strategies/hash.js","s":{"1":1,"2":1,"3":1,"4":1,"5":1,"6":1,"7":1,"8":1,"9":1,"10":1,"11":1,"12":670,"13":1,"14":669,"15":1,"16":668,"17":1,"18":667,"19":1,"20":666,"21":1,"22":665,"23":1,"24":664,"25":1,"26":663,"27":2,"28":661,"29":580,"30":81},"b":{"1":[1,669],"2":[1,668],"3":[1,667],"4":[1,666],"5":[1,665],"6":[1,664],"7":[1,663],"8":[2,661],"9":[580,81]},"f":{"1":1,"2":670},"fnMap":{"1":{"name":"(anonymous_1)","line":1,"loc":{"start":{"line":1,"column":1},"end":{"line":1,"column":11}}},"2":{"name":"(anonymous_2)","line":21,"loc":{"start":{"line":21,"column":15},"end":{"line":21,"column":31}}}},"statementMap":{"1":{"start":{"line":1,"column":0},"end":{"line":35,"column":5}},"2":{"start":{"line":2,"column":2},"end":{"line":9,"column":19}},"3":{"start":{"line":11,"column":2},"end":{"line":11,"column":24}},"4":{"start":{"line":12,"column":2},"end":{"line":12,"column":68}},"5":{"start":{"line":13,"column":2},"end":{"line":13,"column":76}},"6":{"start":{"line":14,"column":2},"end":{"line":14,"column":70}},"7":{"start":{"line":15,"column":2},"end":{"line":15,"column":72}},"8":{"start":{"line":16,"column":2},"end":{"line":16,"column":72}},"9":{"start":{"line":17,"column":2},"end":{"line":17,"column":72}},"10":{"start":{"line":18,"column":2},"end":{"line":18,"column":66}},"11":{"start":{"line":20,"column":2},"end":{"line":34,"column":4}},"12":{"start":{"line":22,"column":6},"end":{"line":22,"column":51}},"13":{"start":{"line":22,"column":29},"end":{"line":22,"column":49}},"14":{"start":{"line":23,"column":6},"end":{"line":23,"column":59}},"15":{"start":{"line":23,"column":33},"end":{"line":23,"column":57}},"16":{"start":{"line":24,"column":6},"end":{"line":24,"column":53}},"17":{"start":{"line":24,"column":30},"end":{"line":24,"column":51}},"18":{"start":{"line":25,"column":6},"end":{"line":25,"column":49}},"19":{"start":{"line":25,"column":28},"end":{"line":25,"column":47}},"20":{"start":{"line":26,"column":6},"end":{"line":26,"column":55}},"21":{"start":{"line":26,"column":31},"end":{"line":26,"column":53}},"22":{"start":{"line":27,"column":6},"end":{"line":27,"column":55}},"23":{"start":{"line":27,"column":31},"end":{"line":27,"column":53}},"24":{"start":{"line":28,"column":6},"end":{"line":28,"column":55}},"25":{"start":{"line":28,"column":31},"end":{"line":28,"column":53}},"26":{"start":{"line":30,"column":6},"end":{"line":30,"column":40}},"27":{"start":{"line":30,"column":28},"end":{"line":30,"column":38}},"28":{"start":{"line":31,"column":6},"end":{"line":31,"column":45}},"29":{"start":{"line":31,"column":33},"end":{"line":31,"column":43}},"30":{"start":{"line":32,"column":6},"end":{"line":32,"column":19}}},"branchMap":{"1":{"line":22,"type":"if","locations":[{"start":{"line":22,"column":6},"end":{"line":22,"column":6}},{"start":{"line":22,"column":6},"end":{"line":22,"column":6}}]},"2":{"line":23,"type":"if","locations":[{"start":{"line":23,"column":6},"end":{"line":23,"column":6}},{"start":{"line":23,"column":6},"end":{"line":23,"column":6}}]},"3":{"line":24,"type":"if","locations":[{"start":{"line":24,"column":6},"end":{"line":24,"column":6}},{"start":{"line":24,"column":6},"end":{"line":24,"column":6}}]},"4":{"line":25,"type":"if","locations":[{"start":{"line":25,"column":6},"end":{"line":25,"column":6}},{"start":{"line":25,"column":6},"end":{"line":25,"column":6}}]},"5":{"line":26,"type":"if","locations":[{"start":{"line":26,"column":6},"end":{"line":26,"column":6}},{"start":{"line":26,"column":6},"end":{"line":26,"column":6}}]},"6":{"line":27,"type":"if","locations":[{"start":{"line":27,"column":6},"end":{"line":27,"column":6}},{"start":{"line":27,"column":6},"end":{"line":27,"column":6}}]},"7":{"line":28,"type":"if","locations":[{"start":{"line":28,"column":6},"end":{"line":28,"column":6}},{"start":{"line":28,"column":6},"end":{"line":28,"column":6}}]},"8":{"line":30,"type":"if","locations":[{"start":{"line":30,"column":6},"end":{"line":30,"column":6}},{"start":{"line":30,"column":6},"end":{"line":30,"column":6}}]},"9":{"line":31,"type":"if","locations":[{"start":{"line":31,"column":6},"end":{"line":31,"column":6}},{"start":{"line":31,"column":6},"end":{"line":31,"column":6}}]}}},"/Users/brunoabrantes/Code/bifrost/lib/strategies/integer.js":{"path":"/Users/brunoabrantes/Code/bifrost/lib/strategies/integer.js","s":{"1":1,"2":1,"3":1,"4":1,"5":1,"6":1,"7":1,"8":1,"9":1,"10":991,"11":991,"12":61,"13":930,"14":204,"15":726,"16":1,"17":725,"18":1,"19":724,"20":1,"21":723,"22":1,"23":722,"24":1,"25":721,"26":721,"27":1,"28":720},"b":{"1":[61,930],"2":[204,726],"3":[1,725],"4":[1,724],"5":[1,723],"6":[1,722],"7":[1,721],"8":[1,720],"9":[721,721]},"f":{"1":1,"2":991},"fnMap":{"1":{"name":"(anonymous_1)","line":1,"loc":{"start":{"line":1,"column":1},"end":{"line":1,"column":11}}},"2":{"name":"(anonymous_2)","line":17,"loc":{"start":{"line":17,"column":15},"end":{"line":17,"column":31}}}},"statementMap":{"1":{"start":{"line":1,"column":0},"end":{"line":38,"column":5}},"2":{"start":{"line":2,"column":2},"end":{"line":7,"column":20}},"3":{"start":{"line":9,"column":2},"end":{"line":9,"column":24}},"4":{"start":{"line":10,"column":2},"end":{"line":10,"column":84}},"5":{"start":{"line":11,"column":2},"end":{"line":11,"column":90}},"6":{"start":{"line":12,"column":2},"end":{"line":12,"column":86}},"7":{"start":{"line":13,"column":2},"end":{"line":13,"column":80}},"8":{"start":{"line":14,"column":2},"end":{"line":14,"column":86}},"9":{"start":{"line":16,"column":2},"end":{"line":37,"column":4}},"10":{"start":{"line":18,"column":6},"end":{"line":18,"column":21}},"11":{"start":{"line":19,"column":6},"end":{"line":19,"column":40}},"12":{"start":{"line":19,"column":29},"end":{"line":19,"column":38}},"13":{"start":{"line":20,"column":6},"end":{"line":20,"column":45}},"14":{"start":{"line":20,"column":34},"end":{"line":20,"column":43}},"15":{"start":{"line":23,"column":6},"end":{"line":23,"column":53}},"16":{"start":{"line":23,"column":30},"end":{"line":23,"column":51}},"17":{"start":{"line":24,"column":6},"end":{"line":24,"column":59}},"18":{"start":{"line":24,"column":33},"end":{"line":24,"column":57}},"19":{"start":{"line":25,"column":6},"end":{"line":25,"column":55}},"20":{"start":{"line":25,"column":31},"end":{"line":25,"column":53}},"21":{"start":{"line":26,"column":6},"end":{"line":26,"column":49}},"22":{"start":{"line":26,"column":28},"end":{"line":26,"column":47}},"23":{"start":{"line":27,"column":6},"end":{"line":27,"column":55}},"24":{"start":{"line":27,"column":31},"end":{"line":27,"column":53}},"25":{"start":{"line":29,"column":6},"end":{"line":29,"column":39}},"26":{"start":{"line":31,"column":6},"end":{"line":33,"column":7}},"27":{"start":{"line":32,"column":8},"end":{"line":32,"column":94}},"28":{"start":{"line":35,"column":6},"end":{"line":35,"column":24}}},"branchMap":{"1":{"line":19,"type":"if","locations":[{"start":{"line":19,"column":6},"end":{"line":19,"column":6}},{"start":{"line":19,"column":6},"end":{"line":19,"column":6}}]},"2":{"line":20,"type":"if","locations":[{"start":{"line":20,"column":6},"end":{"line":20,"column":6}},{"start":{"line":20,"column":6},"end":{"line":20,"column":6}}]},"3":{"line":23,"type":"if","locations":[{"start":{"line":23,"column":6},"end":{"line":23,"column":6}},{"start":{"line":23,"column":6},"end":{"line":23,"column":6}}]},"4":{"line":24,"type":"if","locations":[{"start":{"line":24,"column":6},"end":{"line":24,"column":6}},{"start":{"line":24,"column":6},"end":{"line":24,"column":6}}]},"5":{"line":25,"type":"if","locations":[{"start":{"line":25,"column":6},"end":{"line":25,"column":6}},{"start":{"line":25,"column":6},"end":{"line":25,"column":6}}]},"6":{"line":26,"type":"if","locations":[{"start":{"line":26,"column":6},"end":{"line":26,"column":6}},{"start":{"line":26,"column":6},"end":{"line":26,"column":6}}]},"7":{"line":27,"type":"if","locations":[{"start":{"line":27,"column":6},"end":{"line":27,"column":6}},{"start":{"line":27,"column":6},"end":{"line":27,"column":6}}]},"8":{"line":31,"type":"if","locations":[{"start":{"line":31,"column":6},"end":{"line":31,"column":6}},{"start":{"line":31,"column":6},"end":{"line":31,"column":6}}]},"9":{"line":31,"type":"binary-expr","locations":[{"start":{"line":31,"column":10},"end":{"line":31,"column":33}},{"start":{"line":31,"column":37},"end":{"line":31,"column":56}}]}}},"/Users/brunoabrantes/Code/bifrost/lib/strategies/float.js":{"path":"/Users/brunoabrantes/Code/bifrost/lib/strategies/float.js","s":{"1":1,"2":1,"3":1,"4":1,"5":1,"6":1,"7":1,"8":1,"9":1,"10":16,"11":16,"12":1,"13":15,"14":1,"15":14,"16":1,"17":13,"18":1,"19":12,"20":1,"21":11,"22":1,"23":10,"24":1,"25":9,"26":9,"27":1,"28":8,"29":8},"b":{"1":[1,15],"2":[1,14],"3":[1,13],"4":[1,12],"5":[1,11],"6":[1,10],"7":[1,9],"8":[1,8],"9":[9,9]},"f":{"1":1,"2":16},"fnMap":{"1":{"name":"(anonymous_1)","line":1,"loc":{"start":{"line":1,"column":1},"end":{"line":1,"column":11}}},"2":{"name":"(anonymous_2)","line":17,"loc":{"start":{"line":17,"column":15},"end":{"line":17,"column":31}}}},"statementMap":{"1":{"start":{"line":1,"column":0},"end":{"line":40,"column":5}},"2":{"start":{"line":2,"column":2},"end":{"line":7,"column":20}},"3":{"start":{"line":9,"column":2},"end":{"line":9,"column":24}},"4":{"start":{"line":10,"column":2},"end":{"line":10,"column":80}},"5":{"start":{"line":11,"column":2},"end":{"line":11,"column":86}},"6":{"start":{"line":12,"column":2},"end":{"line":12,"column":82}},"7":{"start":{"line":13,"column":2},"end":{"line":13,"column":76}},"8":{"start":{"line":14,"column":2},"end":{"line":14,"column":82}},"9":{"start":{"line":16,"column":2},"end":{"line":39,"column":4}},"10":{"start":{"line":18,"column":6},"end":{"line":18,"column":21}},"11":{"start":{"line":19,"column":6},"end":{"line":19,"column":40}},"12":{"start":{"line":19,"column":29},"end":{"line":19,"column":38}},"13":{"start":{"line":20,"column":6},"end":{"line":20,"column":45}},"14":{"start":{"line":20,"column":34},"end":{"line":20,"column":43}},"15":{"start":{"line":23,"column":6},"end":{"line":23,"column":53}},"16":{"start":{"line":23,"column":30},"end":{"line":23,"column":51}},"17":{"start":{"line":24,"column":6},"end":{"line":24,"column":59}},"18":{"start":{"line":24,"column":33},"end":{"line":24,"column":57}},"19":{"start":{"line":25,"column":6},"end":{"line":25,"column":55}},"20":{"start":{"line":25,"column":31},"end":{"line":25,"column":53}},"21":{"start":{"line":26,"column":6},"end":{"line":26,"column":49}},"22":{"start":{"line":26,"column":28},"end":{"line":26,"column":47}},"23":{"start":{"line":27,"column":6},"end":{"line":27,"column":55}},"24":{"start":{"line":27,"column":31},"end":{"line":27,"column":53}},"25":{"start":{"line":29,"column":6},"end":{"line":29,"column":41}},"26":{"start":{"line":31,"column":6},"end":{"line":33,"column":7}},"27":{"start":{"line":32,"column":8},"end":{"line":32,"column":89}},"28":{"start":{"line":35,"column":6},"end":{"line":35,"column":57}},"29":{"start":{"line":37,"column":6},"end":{"line":37,"column":24}}},"branchMap":{"1":{"line":19,"type":"if","locations":[{"start":{"line":19,"column":6},"end":{"line":19,"column":6}},{"start":{"line":19,"column":6},"end":{"line":19,"column":6}}]},"2":{"line":20,"type":"if","locations":[{"start":{"line":20,"column":6},"end":{"line":20,"column":6}},{"start":{"line":20,"column":6},"end":{"line":20,"column":6}}]},"3":{"line":23,"type":"if","locations":[{"start":{"line":23,"column":6},"end":{"line":23,"column":6}},{"start":{"line":23,"column":6},"end":{"line":23,"column":6}}]},"4":{"line":24,"type":"if","locations":[{"start":{"line":24,"column":6},"end":{"line":24,"column":6}},{"start":{"line":24,"column":6},"end":{"line":24,"column":6}}]},"5":{"line":25,"type":"if","locations":[{"start":{"line":25,"column":6},"end":{"line":25,"column":6}},{"start":{"line":25,"column":6},"end":{"line":25,"column":6}}]},"6":{"line":26,"type":"if","locations":[{"start":{"line":26,"column":6},"end":{"line":26,"column":6}},{"start":{"line":26,"column":6},"end":{"line":26,"column":6}}]},"7":{"line":27,"type":"if","locations":[{"start":{"line":27,"column":6},"end":{"line":27,"column":6}},{"start":{"line":27,"column":6},"end":{"line":27,"column":6}}]},"8":{"line":31,"type":"if","locations":[{"start":{"line":31,"column":6},"end":{"line":31,"column":6}},{"start":{"line":31,"column":6},"end":{"line":31,"column":6}}]},"9":{"line":31,"type":"binary-expr","locations":[{"start":{"line":31,"column":10},"end":{"line":31,"column":33}},{"start":{"line":31,"column":37},"end":{"line":31,"column":56}}]}}},"/Users/brunoabrantes/Code/bifrost/lib/strategies/date.js":{"path":"/Users/brunoabrantes/Code/bifrost/lib/strategies/date.js","s":{"1":1,"2":1,"3":1,"4":1,"5":1,"6":1,"7":1,"8":1,"9":1,"10":1,"11":1,"12":1,"13":446,"14":446,"15":444,"16":444,"17":1,"18":1,"19":1,"20":1,"21":446,"22":1,"23":606,"24":606,"25":603,"26":606,"27":606,"28":1,"29":605,"30":1,"31":604,"32":1,"33":603,"34":1,"35":602,"36":1,"37":601,"38":1,"39":600,"40":153,"41":447,"42":1,"43":446},"b":{"1":[444,1,1],"2":[603,3],"3":[1,605],"4":[1,604],"5":[1,603],"6":[1,602],"7":[1,601],"8":[1,600],"9":[601,2],"10":[153,447],"11":[600,599],"12":[1,446]},"f":{"1":1,"2":446,"3":606},"fnMap":{"1":{"name":"(anonymous_1)","line":1,"loc":{"start":{"line":1,"column":1},"end":{"line":1,"column":11}}},"2":{"name":"(anonymous_2)","line":26,"loc":{"start":{"line":26,"column":16},"end":{"line":26,"column":40}}},"3":{"name":"(anonymous_3)","line":44,"loc":{"start":{"line":44,"column":15},"end":{"line":44,"column":40}}}},"statementMap":{"1":{"start":{"line":1,"column":0},"end":{"line":64,"column":5}},"2":{"start":{"line":2,"column":2},"end":{"line":11,"column":21}},"3":{"start":{"line":13,"column":2},"end":{"line":13,"column":29}},"4":{"start":{"line":14,"column":2},"end":{"line":14,"column":24}},"5":{"start":{"line":15,"column":2},"end":{"line":18,"column":4}},"6":{"start":{"line":19,"column":2},"end":{"line":19,"column":80}},"7":{"start":{"line":20,"column":2},"end":{"line":20,"column":78}},"8":{"start":{"line":21,"column":2},"end":{"line":21,"column":84}},"9":{"start":{"line":22,"column":2},"end":{"line":22,"column":80}},"10":{"start":{"line":23,"column":2},"end":{"line":23,"column":74}},"11":{"start":{"line":24,"column":2},"end":{"line":24,"column":82}},"12":{"start":{"line":26,"column":2},"end":{"line":41,"column":4}},"13":{"start":{"line":27,"column":4},"end":{"line":27,"column":15}},"14":{"start":{"line":28,"column":4},"end":{"line":38,"column":5}},"15":{"start":{"line":30,"column":8},"end":{"line":30,"column":32}},"16":{"start":{"line":31,"column":6},"end":{"line":31,"column":12}},"17":{"start":{"line":33,"column":8},"end":{"line":33,"column":30}},"18":{"start":{"line":34,"column":6},"end":{"line":34,"column":12}},"19":{"start":{"line":36,"column":8},"end":{"line":36,"column":38}},"20":{"start":{"line":37,"column":6},"end":{"line":37,"column":12}},"21":{"start":{"line":40,"column":4},"end":{"line":40,"column":18}},"22":{"start":{"line":43,"column":2},"end":{"line":63,"column":4}},"23":{"start":{"line":45,"column":6},"end":{"line":45,"column":21}},"24":{"start":{"line":47,"column":6},"end":{"line":47,"column":37}},"25":{"start":{"line":47,"column":22},"end":{"line":47,"column":35}},"26":{"start":{"line":49,"column":6},"end":{"line":49,"column":36}},"27":{"start":{"line":51,"column":6},"end":{"line":51,"column":57}},"28":{"start":{"line":51,"column":32},"end":{"line":51,"column":55}},"29":{"start":{"line":52,"column":6},"end":{"line":52,"column":55}},"30":{"start":{"line":52,"column":31},"end":{"line":52,"column":53}},"31":{"start":{"line":53,"column":6},"end":{"line":53,"column":49}},"32":{"start":{"line":53,"column":28},"end":{"line":53,"column":47}},"33":{"start":{"line":54,"column":6},"end":{"line":54,"column":53}},"34":{"start":{"line":54,"column":30},"end":{"line":54,"column":51}},"35":{"start":{"line":55,"column":6},"end":{"line":55,"column":59}},"36":{"start":{"line":55,"column":33},"end":{"line":55,"column":57}},"37":{"start":{"line":56,"column":6},"end":{"line":56,"column":75}},"38":{"start":{"line":56,"column":51},"end":{"line":56,"column":73}},"39":{"start":{"line":58,"column":6},"end":{"line":58,"column":67}},"40":{"start":{"line":58,"column":53},"end":{"line":58,"column":65}},"41":{"start":{"line":59,"column":6},"end":{"line":59,"column":82}},"42":{"start":{"line":59,"column":31},"end":{"line":59,"column":80}},"43":{"start":{"line":61,"column":6},"end":{"line":61,"column":83}}},"branchMap":{"1":{"line":28,"type":"switch","locations":[{"start":{"line":29,"column":6},"end":{"line":31,"column":12}},{"start":{"line":32,"column":6},"end":{"line":34,"column":12}},{"start":{"line":35,"column":6},"end":{"line":37,"column":12}}]},"2":{"line":47,"type":"if","locations":[{"start":{"line":47,"column":6},"end":{"line":47,"column":6}},{"start":{"line":47,"column":6},"end":{"line":47,"column":6}}]},"3":{"line":51,"type":"if","locations":[{"start":{"line":51,"column":6},"end":{"line":51,"column":6}},{"start":{"line":51,"column":6},"end":{"line":51,"column":6}}]},"4":{"line":52,"type":"if","locations":[{"start":{"line":52,"column":6},"end":{"line":52,"column":6}},{"start":{"line":52,"column":6},"end":{"line":52,"column":6}}]},"5":{"line":53,"type":"if","locations":[{"start":{"line":53,"column":6},"end":{"line":53,"column":6}},{"start":{"line":53,"column":6},"end":{"line":53,"column":6}}]},"6":{"line":54,"type":"if","locations":[{"start":{"line":54,"column":6},"end":{"line":54,"column":6}},{"start":{"line":54,"column":6},"end":{"line":54,"column":6}}]},"7":{"line":55,"type":"if","locations":[{"start":{"line":55,"column":6},"end":{"line":55,"column":6}},{"start":{"line":55,"column":6},"end":{"line":55,"column":6}}]},"8":{"line":56,"type":"if","locations":[{"start":{"line":56,"column":6},"end":{"line":56,"column":6}},{"start":{"line":56,"column":6},"end":{"line":56,"column":6}}]},"9":{"line":56,"type":"binary-expr","locations":[{"start":{"line":56,"column":10},"end":{"line":56,"column":27}},{"start":{"line":56,"column":31},"end":{"line":56,"column":47}}]},"10":{"line":58,"type":"if","locations":[{"start":{"line":58,"column":6},"end":{"line":58,"column":6}},{"start":{"line":58,"column":6},"end":{"line":58,"column":6}}]},"11":{"line":58,"type":"binary-expr","locations":[{"start":{"line":58,"column":10},"end":{"line":58,"column":25}},{"start":{"line":58,"column":29},"end":{"line":58,"column":49}}]},"12":{"line":59,"type":"if","locations":[{"start":{"line":59,"column":6},"end":{"line":59,"column":6}},{"start":{"line":59,"column":6},"end":{"line":59,"column":6}}]}}},"/Users/brunoabrantes/Code/bifrost/lib/strategies/string.js":{"path":"/Users/brunoabrantes/Code/bifrost/lib/strategies/string.js","s":{"1":1,"2":1,"3":1,"4":1,"5":1,"6":1,"7":1,"8":1,"9":1,"10":1330,"11":7,"12":1323,"13":35,"14":1288,"15":1,"16":1287,"17":1,"18":1286,"19":1,"20":1285,"21":1,"22":1284,"23":1,"24":1283,"25":1,"26":1282},"b":{"1":[7,1323],"2":[35,1288],"3":[1,1287],"4":[1,1286],"5":[1,1285],"6":[1,1284],"7":[1,1283],"8":[1,1282]},"f":{"1":1,"2":1330},"fnMap":{"1":{"name":"(anonymous_1)","line":1,"loc":{"start":{"line":1,"column":1},"end":{"line":1,"column":11}}},"2":{"name":"(anonymous_2)","line":17,"loc":{"start":{"line":17,"column":15},"end":{"line":17,"column":31}}}},"statementMap":{"1":{"start":{"line":1,"column":0},"end":{"line":31,"column":5}},"2":{"start":{"line":2,"column":2},"end":{"line":7,"column":17}},"3":{"start":{"line":9,"column":2},"end":{"line":9,"column":24}},"4":{"start":{"line":10,"column":2},"end":{"line":10,"column":84}},"5":{"start":{"line":11,"column":2},"end":{"line":11,"column":82}},"6":{"start":{"line":12,"column":2},"end":{"line":12,"column":88}},"7":{"start":{"line":13,"column":2},"end":{"line":13,"column":84}},"8":{"start":{"line":14,"column":2},"end":{"line":14,"column":78}},"9":{"start":{"line":16,"column":2},"end":{"line":30,"column":4}},"10":{"start":{"line":18,"column":6},"end":{"line":18,"column":41}},"11":{"start":{"line":18,"column":29},"end":{"line":18,"column":39}},"12":{"start":{"line":19,"column":6},"end":{"line":19,"column":46}},"13":{"start":{"line":19,"column":34},"end":{"line":19,"column":44}},"14":{"start":{"line":20,"column":6},"end":{"line":20,"column":58}},"15":{"start":{"line":20,"column":29},"end":{"line":20,"column":56}},"16":{"start":{"line":22,"column":6},"end":{"line":22,"column":55}},"17":{"start":{"line":22,"column":31},"end":{"line":22,"column":53}},"18":{"start":{"line":23,"column":6},"end":{"line":23,"column":49}},"19":{"start":{"line":23,"column":28},"end":{"line":23,"column":47}},"20":{"start":{"line":24,"column":6},"end":{"line":24,"column":53}},"21":{"start":{"line":24,"column":30},"end":{"line":24,"column":51}},"22":{"start":{"line":25,"column":6},"end":{"line":25,"column":59}},"23":{"start":{"line":25,"column":33},"end":{"line":25,"column":57}},"24":{"start":{"line":26,"column":6},"end":{"line":26,"column":55}},"25":{"start":{"line":26,"column":31},"end":{"line":26,"column":53}},"26":{"start":{"line":28,"column":6},"end":{"line":28,"column":30}}},"branchMap":{"1":{"line":18,"type":"if","locations":[{"start":{"line":18,"column":6},"end":{"line":18,"column":6}},{"start":{"line":18,"column":6},"end":{"line":18,"column":6}}]},"2":{"line":19,"type":"if","locations":[{"start":{"line":19,"column":6},"end":{"line":19,"column":6}},{"start":{"line":19,"column":6},"end":{"line":19,"column":6}}]},"3":{"line":20,"type":"if","locations":[{"start":{"line":20,"column":6},"end":{"line":20,"column":6}},{"start":{"line":20,"column":6},"end":{"line":20,"column":6}}]},"4":{"line":22,"type":"if","locations":[{"start":{"line":22,"column":6},"end":{"line":22,"column":6}},{"start":{"line":22,"column":6},"end":{"line":22,"column":6}}]},"5":{"line":23,"type":"if","locations":[{"start":{"line":23,"column":6},"end":{"line":23,"column":6}},{"start":{"line":23,"column":6},"end":{"line":23,"column":6}}]},"6":{"line":24,"type":"if","locations":[{"start":{"line":24,"column":6},"end":{"line":24,"column":6}},{"start":{"line":24,"column":6},"end":{"line":24,"column":6}}]},"7":{"line":25,"type":"if","locations":[{"start":{"line":25,"column":6},"end":{"line":25,"column":6}},{"start":{"line":25,"column":6},"end":{"line":25,"column":6}}]},"8":{"line":26,"type":"if","locations":[{"start":{"line":26,"column":6},"end":{"line":26,"column":6}},{"start":{"line":26,"column":6},"end":{"line":26,"column":6}}]}}},"/Users/brunoabrantes/Code/bifrost/lib/strategies/boolean.js":{"path":"/Users/brunoabrantes/Code/bifrost/lib/strategies/boolean.js","s":{"1":1,"2":1,"3":1,"4":1,"5":1,"6":1,"7":1,"8":1,"9":1,"10":1,"11":1,"12":1,"13":811,"14":1,"15":810,"16":1,"17":809,"18":1,"19":808,"20":1,"21":807,"22":1,"23":806,"24":1,"25":805,"26":213,"27":592,"28":592,"29":591,"30":1},"b":{"1":[1,810],"2":[1,809],"3":[1,808],"4":[1,807],"5":[1,806],"6":[1,805],"7":[213,592],"8":[591,1]},"f":{"1":1,"2":811},"fnMap":{"1":{"name":"(anonymous_1)","line":1,"loc":{"start":{"line":1,"column":1},"end":{"line":1,"column":11}}},"2":{"name":"(anonymous_2)","line":29,"loc":{"start":{"line":29,"column":15},"end":{"line":29,"column":31}}}},"statementMap":{"1":{"start":{"line":1,"column":0},"end":{"line":48,"column":5}},"2":{"start":{"line":2,"column":2},"end":{"line":10,"column":19}},"3":{"start":{"line":12,"column":2},"end":{"line":12,"column":24}},"4":{"start":{"line":13,"column":2},"end":{"line":13,"column":71}},"5":{"start":{"line":14,"column":2},"end":{"line":14,"column":79}},"6":{"start":{"line":15,"column":2},"end":{"line":15,"column":73}},"7":{"start":{"line":16,"column":2},"end":{"line":16,"column":75}},"8":{"start":{"line":17,"column":2},"end":{"line":17,"column":75}},"9":{"start":{"line":18,"column":2},"end":{"line":18,"column":75}},"10":{"start":{"line":19,"column":2},"end":{"line":19,"column":69}},"11":{"start":{"line":21,"column":2},"end":{"line":26,"column":4}},"12":{"start":{"line":28,"column":2},"end":{"line":47,"column":4}},"13":{"start":{"line":30,"column":6},"end":{"line":30,"column":51}},"14":{"start":{"line":30,"column":29},"end":{"line":30,"column":49}},"15":{"start":{"line":31,"column":6},"end":{"line":31,"column":59}},"16":{"start":{"line":31,"column":33},"end":{"line":31,"column":57}},"17":{"start":{"line":32,"column":6},"end":{"line":32,"column":53}},"18":{"start":{"line":32,"column":30},"end":{"line":32,"column":51}},"19":{"start":{"line":33,"column":6},"end":{"line":33,"column":49}},"20":{"start":{"line":33,"column":28},"end":{"line":33,"column":47}},"21":{"start":{"line":34,"column":6},"end":{"line":34,"column":55}},"22":{"start":{"line":34,"column":31},"end":{"line":34,"column":53}},"23":{"start":{"line":36,"column":6},"end":{"line":36,"column":43}},"24":{"start":{"line":36,"column":28},"end":{"line":36,"column":41}},"25":{"start":{"line":37,"column":6},"end":{"line":37,"column":48}},"26":{"start":{"line":37,"column":33},"end":{"line":37,"column":46}},"27":{"start":{"line":39,"column":6},"end":{"line":39,"column":35}},"28":{"start":{"line":41,"column":6},"end":{"line":43,"column":7}},"29":{"start":{"line":42,"column":8},"end":{"line":42,"column":22}},"30":{"start":{"line":45,"column":6},"end":{"line":45,"column":69}}},"branchMap":{"1":{"line":30,"type":"if","locations":[{"start":{"line":30,"column":6},"end":{"line":30,"column":6}},{"start":{"line":30,"column":6},"end":{"line":30,"column":6}}]},"2":{"line":31,"type":"if","locations":[{"start":{"line":31,"column":6},"end":{"line":31,"column":6}},{"start":{"line":31,"column":6},"end":{"line":31,"column":6}}]},"3":{"line":32,"type":"if","locations":[{"start":{"line":32,"column":6},"end":{"line":32,"column":6}},{"start":{"line":32,"column":6},"end":{"line":32,"column":6}}]},"4":{"line":33,"type":"if","locations":[{"start":{"line":33,"column":6},"end":{"line":33,"column":6}},{"start":{"line":33,"column":6},"end":{"line":33,"column":6}}]},"5":{"line":34,"type":"if","locations":[{"start":{"line":34,"column":6},"end":{"line":34,"column":6}},{"start":{"line":34,"column":6},"end":{"line":34,"column":6}}]},"6":{"line":36,"type":"if","locations":[{"start":{"line":36,"column":6},"end":{"line":36,"column":6}},{"start":{"line":36,"column":6},"end":{"line":36,"column":6}}]},"7":{"line":37,"type":"if","locations":[{"start":{"line":37,"column":6},"end":{"line":37,"column":6}},{"start":{"line":37,"column":6},"end":{"line":37,"column":6}}]},"8":{"line":41,"type":"if","locations":[{"start":{"line":41,"column":6},"end":{"line":41,"column":6}},{"start":{"line":41,"column":6},"end":{"line":41,"column":6}}]}}},"/Users/brunoabrantes/Code/bifrost/v1/models/event.js":{"path":"/Users/brunoabrantes/Code/bifrost/v1/models/event.js","s":{"1":1,"2":1,"3":1,"4":1},"b":{},"f":{},"fnMap":{},"statementMap":{"1":{"start":{"line":1,"column":0},"end":{"line":1,"column":39}},"2":{"start":{"line":3,"column":0},"end":{"line":24,"column":3}},"3":{"start":{"line":26,"column":0},"end":{"line":35,"column":2}},"4":{"start":{"line":37,"column":0},"end":{"line":37,"column":23}}},"branchMap":{}},"/Users/brunoabrantes/Code/bifrost/v1/models/user.js":{"path":"/Users/brunoabrantes/Code/bifrost/v1/models/user.js","s":{"1":1,"2":1,"3":1,"4":1},"b":{},"f":{},"fnMap":{},"statementMap":{"1":{"start":{"line":1,"column":0},"end":{"line":1,"column":39}},"2":{"start":{"line":3,"column":0},"end":{"line":23,"column":3}},"3":{"start":{"line":25,"column":0},"end":{"line":27,"column":2}},"4":{"start":{"line":29,"column":0},"end":{"line":29,"column":22}}},"branchMap":{}},"/Users/brunoabrantes/Code/bifrost/v1/models/comment.js":{"path":"/Users/brunoabrantes/Code/bifrost/v1/models/comment.js","s":{"1":1,"2":1,"3":1},"b":{},"f":{},"fnMap":{},"statementMap":{"1":{"start":{"line":1,"column":0},"end":{"line":1,"column":39}},"2":{"start":{"line":3,"column":0},"end":{"line":9,"column":3}},"3":{"start":{"line":11,"column":0},"end":{"line":11,"column":25}}},"branchMap":{}},"/Users/brunoabrantes/Code/bifrost/v1/models/music_genre.js":{"path":"/Users/brunoabrantes/Code/bifrost/v1/models/music_genre.js","s":{"1":1,"2":1,"3":1},"b":{},"f":{},"fnMap":{},"statementMap":{"1":{"start":{"line":1,"column":0},"end":{"line":1,"column":39}},"2":{"start":{"line":3,"column":0},"end":{"line":8,"column":3}},"3":{"start":{"line":10,"column":0},"end":{"line":10,"column":28}}},"branchMap":{}},"/Users/brunoabrantes/Code/bifrost/v1/repositories/artist.js":{"path":"/Users/brunoabrantes/Code/bifrost/v1/repositories/artist.js","s":{"1":1,"2":1,"3":1,"4":1,"5":1,"6":1,"7":1,"8":2,"9":0,"10":0,"11":0,"12":1,"13":1,"14":1,"15":1,"16":1,"17":1,"18":1,"19":1,"20":1,"21":2,"22":1,"23":2,"24":2,"25":2,"26":1,"27":1},"b":{},"f":{"1":1,"2":1,"3":2,"4":0,"5":1,"6":1,"7":2,"8":2},"fnMap":{"1":{"name":"(anonymous_1)","line":1,"loc":{"start":{"line":1,"column":1},"end":{"line":1,"column":12}}},"2":{"name":"(anonymous_2)","line":12,"loc":{"start":{"line":12,"column":25},"end":{"line":12,"column":35}}},"3":{"name":"(anonymous_3)","line":16,"loc":{"start":{"line":16,"column":18},"end":{"line":16,"column":46}}},"4":{"name":"(anonymous_4)","line":20,"loc":{"start":{"line":20,"column":14},"end":{"line":20,"column":26}}},"5":{"name":"(anonymous_5)","line":28,"loc":{"start":{"line":28,"column":20},"end":{"line":28,"column":45}}},"6":{"name":"(anonymous_6)","line":32,"loc":{"start":{"line":32,"column":26},"end":{"line":32,"column":50}}},"7":{"name":"(anonymous_7)","line":41,"loc":{"start":{"line":41,"column":19},"end":{"line":41,"column":58}}},"8":{"name":"(anonymous_8)","line":45,"loc":{"start":{"line":45,"column":26},"end":{"line":45,"column":86}}}},"statementMap":{"1":{"start":{"line":1,"column":0},"end":{"line":55,"column":5}},"2":{"start":{"line":2,"column":2},"end":{"line":7,"column":58}},"3":{"start":{"line":9,"column":4},"end":{"line":9,"column":59}},"4":{"start":{"line":10,"column":4},"end":{"line":10,"column":65}},"5":{"start":{"line":12,"column":2},"end":{"line":50,"column":4}},"6":{"start":{"line":14,"column":4},"end":{"line":14,"column":20}},"7":{"start":{"line":16,"column":4},"end":{"line":26,"column":6}},"8":{"start":{"line":17,"column":6},"end":{"line":25,"column":17}},"9":{"start":{"line":21,"column":10},"end":{"line":21,"column":36}},"10":{"start":{"line":22,"column":10},"end":{"line":22,"column":50}},"11":{"start":{"line":23,"column":10},"end":{"line":23,"column":23}},"12":{"start":{"line":28,"column":4},"end":{"line":30,"column":6}},"13":{"start":{"line":29,"column":6},"end":{"line":29,"column":80}},"14":{"start":{"line":32,"column":4},"end":{"line":39,"column":6}},"15":{"start":{"line":33,"column":6},"end":{"line":33,"column":35}},"16":{"start":{"line":34,"column":6},"end":{"line":37,"column":7}},"17":{"start":{"line":35,"column":8},"end":{"line":35,"column":71}},"18":{"start":{"line":36,"column":8},"end":{"line":36,"column":74}},"19":{"start":{"line":38,"column":6},"end":{"line":38,"column":22}},"20":{"start":{"line":41,"column":4},"end":{"line":43,"column":6}},"21":{"start":{"line":42,"column":6},"end":{"line":42,"column"
[...]
mn":74}},"86":{"start":{"line":299,"column":6},"end":{"line":310,"column":11}},"87":{"start":{"line":312,"column":6},"end":{"line":312,"column":93}}},"branchMap":{}},"/Users/brunoabrantes/Code/bifrost/spec/unit/repositories/flyer_spec.js":{"path":"/Users/brunoabrantes/Code/bifrost/spec/unit/repositories/flyer_spec.js","s":{"1":1,"2":1,"3":1,"4":1,"5":1,"6":1,"7":1,"8":1,"9":1,"10":1,"11":1,"12":1},"b":{},"f":{"1":1,"2":1,"3":1},"fnMap":{"1":{"name":"(anonymous_1)","line":1,"loc":{"start":{"line":1,"column":29},"end":{"line":1,"column":40}}},"2":{"name":"(anonymous_2)","line":8,"loc":{"start":{"line":8,"column":30},"end":{"line":8,"column":41}}},"3":{"name":"(anonymous_3)","line":9,"loc":{"start":{"line":9,"column":57},"end":{"line":9,"column":68}}}},"statementMap":{"1":{"start":{"line":1,"column":0},"end":{"line":26,"column":3}},"2":{"start":{"line":2,"column":2},"end":{"line":2,"column":28}},"3":{"start":{"line":3,"column":2},"end":{"line":3,"column":55}},"4":{"start":{"line":4,"column":2},"end":{"line":4,"column":55}},"5":{"start":{"line":5,"column":2},"end":{"line":5,"column":23}},"6":{"start":{"line":6,"column":2},"end":{"line":6,"column":37}},"7":{"start":{"line":8,"column":2},"end":{"line":24,"column":5}},"8":{"start":{"line":9,"column":4},"end":{"line":23,"column":7}},"9":{"start":{"line":10,"column":6},"end":{"line":10,"column":26}},"10":{"start":{"line":11,"column":6},"end":{"line":11,"column":74}},"11":{"start":{"line":13,"column":6},"end":{"line":20,"column":11}},"12":{"start":{"line":22,"column":6},"end":{"line":22,"column":58}}},"branchMap":{}},"/Users/brunoabrantes/Code/bifrost/spec/unit/repositories/invitation_spec.js":{"path":"/Users/brunoabrantes/Code/bifrost/spec/unit/repositories/invitation_spec.js","s":{"1":1,"2":1,"3":1,"4":1,"5":1,"6":1,"7":1,"8":1,"9":1,"10":1,"11":1,"12":1},"b":{},"f":{"1":1,"2":1,"3":1},"fnMap":{"1":{"name":"(anonymous_1)","line":1,"loc":{"start":{"line":1,"column":34},"end":{"line":1,"column":45}}},"2":{"name":"(anonymous_2)","line":8,"loc":{"start":{"line":8,"column":35},"end":{"line":8,"column":46}}},"3":{"name":"(anonymous_3)","line":9,"loc":{"start":{"line":9,"column":57},"end":{"line":9,"column":68}}}},"statementMap":{"1":{"start":{"line":1,"column":0},"end":{"line":26,"column":3}},"2":{"start":{"line":2,"column":2},"end":{"line":2,"column":28}},"3":{"start":{"line":3,"column":2},"end":{"line":3,"column":60}},"4":{"start":{"line":4,"column":2},"end":{"line":4,"column":55}},"5":{"start":{"line":5,"column":2},"end":{"line":5,"column":23}},"6":{"start":{"line":6,"column":2},"end":{"line":6,"column":37}},"7":{"start":{"line":8,"column":2},"end":{"line":24,"column":5}},"8":{"start":{"line":9,"column":4},"end":{"line":23,"column":7}},"9":{"start":{"line":10,"column":6},"end":{"line":10,"column":26}},"10":{"start":{"line":11,"column":6},"end":{"line":11,"column":74}},"11":{"start":{"line":13,"column":6},"end":{"line":20,"column":11}},"12":{"start":{"line":22,"column":6},"end":{"line":22,"column":58}}},"branchMap":{}},"/Users/brunoabrantes/Code/bifrost/spec/unit/repositories/music_genre_spec.js":{"path":"/Users/brunoabrantes/Code/bifrost/spec/unit/repositories/music_genre_spec.js","s":{"1":1,"2":1,"3":1,"4":1,"5":1,"6":1,"7":1,"8":1,"9":1,"10":1,"11":1,"12":1,"13":1,"14":1,"15":1,"16":1,"17":1,"18":1},"b":{},"f":{"1":1,"2":1,"3":1,"4":1,"5":1},"fnMap":{"1":{"name":"(anonymous_1)","line":1,"loc":{"start":{"line":1,"column":35},"end":{"line":1,"column":46}}},"2":{"name":"(anonymous_2)","line":8,"loc":{"start":{"line":8,"column":30},"end":{"line":8,"column":41}}},"3":{"name":"(anonymous_3)","line":9,"loc":{"start":{"line":9,"column":57},"end":{"line":9,"column":68}}},"4":{"name":"(anonymous_4)","line":27,"loc":{"start":{"line":27,"column":31},"end":{"line":27,"column":42}}},"5":{"name":"(anonymous_5)","line":28,"loc":{"start":{"line":28,"column":57},"end":{"line":28,"column":68}}}},"statementMap":{"1":{"start":{"line":1,"column":0},"end":{"line":46,"column":3}},"2":{"start":{"line":2,"column":2},"end":{"line":2,"column":28}},"3":{"start":{"line":3,"column":2},"end":{"line":3,"column":61}},"4":{"start":{"line":4,"column":2},"end":{"line":4,"column":55}},"5":{"start":{"line":5,"column":2},"end":{"line":5,"column":23}},"6":{"start":{"line":6,"column":2},"end":{"line":6,"column":37}},"7":{"start":{"line":8,"column":2},"end":{"line":25,"column":5}},"8":{"start":{"line":9,"column":4},"end":{"line":24,"column":7}},"9":{"start":{"line":10,"column":6},"end":{"line":10,"column":26}},"10":{"start":{"line":11,"column":6},"end":{"line":11,"column":74}},"11":{"start":{"line":13,"column":6},"end":{"line":21,"column":11}},"12":{"start":{"line":23,"column":6},"end":{"line":23,"column":83}},"13":{"start":{"line":27,"column":2},"end":{"line":44,"column":5}},"14":{"start":{"line":28,"column":4},"end":{"line":43,"column":7}},"15":{"start":{"line":29,"column":6},"end":{"line":29,"column":26}},"16":{"start":{"line":30,"column":6},"end":{"line":30,"column":74}},"17":{"start":{"line":32,"column":6},"end":{"line":40,"column":11}},"18":{"start":{"line":42,"column":6},"end":{"line":42,"column":85}}},"branchMap":{}},"/Users/brunoabrantes/Code/bifrost/spec/unit/repositories/rating_spec.js":{"path":"/Users/brunoabrantes/Code/bifrost/spec/unit/repositories/rating_spec.js","s":{"1":1,"2":1,"3":1,"4":1,"5":1,"6":1,"7":1,"8":1,"9":1,"10":1,"11":1,"12":1},"b":{},"f":{"1":1,"2":1,"3":1},"fnMap":{"1":{"name":"(anonymous_1)","line":1,"loc":{"start":{"line":1,"column":31},"end":{"line":1,"column":42}}},"2":{"name":"(anonymous_2)","line":8,"loc":{"start":{"line":8,"column":33},"end":{"line":8,"column":44}}},"3":{"name":"(anonymous_3)","line":9,"loc":{"start":{"line":9,"column":57},"end":{"line":9,"column":68}}}},"statementMap":{"1":{"start":{"line":1,"column":0},"end":{"line":33,"column":3}},"2":{"start":{"line":2,"column":2},"end":{"line":2,"column":28}},"3":{"start":{"line":3,"column":2},"end":{"line":3,"column":56}},"4":{"start":{"line":4,"column":2},"end":{"line":4,"column":55}},"5":{"start":{"line":5,"column":2},"end":{"line":5,"column":23}},"6":{"start":{"line":6,"column":2},"end":{"line":6,"column":37}},"7":{"start":{"line":8,"column":2},"end":{"line":31,"column":5}},"8":{"start":{"line":9,"column":4},"end":{"line":30,"column":7}},"9":{"start":{"line":10,"column":6},"end":{"line":10,"column":26}},"10":{"start":{"line":11,"column":6},"end":{"line":11,"column":74}},"11":{"start":{"line":13,"column":6},"end":{"line":24,"column":11}},"12":{"start":{"line":26,"column":6},"end":{"line":29,"column":9}}},"branchMap":{}},"/Users/brunoabrantes/Code/bifrost/spec/unit/repositories/ticket_spec.js":{"path":"/Users/brunoabrantes/Code/bifrost/spec/unit/repositories/ticket_spec.js","s":{"1":1,"2":1,"3":1,"4":1,"5":1,"6":1,"7":1,"8":1,"9":1,"10":1,"11":1,"12":1},"b":{},"f":{"1":1,"2":1,"3":1},"fnMap":{"1":{"name":"(anonymous_1)","line":1,"loc":{"start":{"line":1,"column":31},"end":{"line":1,"column":42}}},"2":{"name":"(anonymous_2)","line":8,"loc":{"start":{"line":8,"column":31},"end":{"line":8,"column":42}}},"3":{"name":"(anonymous_3)","line":9,"loc":{"start":{"line":9,"column":57},"end":{"line":9,"column":68}}}},"statementMap":{"1":{"start":{"line":1,"column":0},"end":{"line":26,"column":3}},"2":{"start":{"line":2,"column":2},"end":{"line":2,"column":28}},"3":{"start":{"line":3,"column":2},"end":{"line":3,"column":56}},"4":{"start":{"line":4,"column":2},"end":{"line":4,"column":55}},"5":{"start":{"line":5,"column":2},"end":{"line":5,"column":23}},"6":{"start":{"line":6,"column":2},"end":{"line":6,"column":37}},"7":{"start":{"line":8,"column":2},"end":{"line":24,"column":5}},"8":{"start":{"line":9,"column":4},"end":{"line":23,"column":7}},"9":{"start":{"line":10,"column":6},"end":{"line":10,"column":26}},"10":{"start":{"line":11,"column":6},"end":{"line":11,"column":74}},"11":{"start":{"line":13,"column":6},"end":{"line":20,"column":11}},"12":{"start":{"line":22,"column":6},"end":{"line":22,"column":58}}},"branchMap":{}},"/Users/brunoabrantes/Code/bifrost/spec/unit/repositories/user_spec.js":{"path":"/Users/brunoabrantes/Code/bifrost/spec/unit/repositories/user_spec.js","s":{"1":1,"2":1,"3":1,"4":1,"5":1,"6":1,"7":1,"8":1,"9":1,"10":1,"11":1,"12":1,"13":1,"14":1,"15":1,"16":1,"17":1,"18":1,"19":1,"20":1,"21":1,"22":1,"23":1,"24":1,"25":1,"26":1,"27":1,"28":1,"29":1,"30":1,"31":1,"32":1,"33":1,"34":1,"35":1,"36":1,"37":1,"38":1,"39":1,"40":1,"41":1,"42":1,"43":1,"44":1,"45":1,"46":1,"47":1,"48":1,"49":1},"b":{},"f":{"1":1,"2":1,"3":1,"4":1,"5":1,"6":1,"7":1,"8":1,"9":1,"10":1,"11":1,"12":1,"13":1,"14":1,"15":1},"fnMap":{"1":{"name":"(anonymous_1)","line":1,"loc":{"start":{"line":1,"column":28},"end":{"line":1,"column":39}}},"2":{"name":"(anonymous_2)","line":8,"loc":{"start":{"line":8,"column":18},"end":{"line":8,"column":29}}},"3":{"name":"(anonymous_3)","line":9,"loc":{"start":{"line":9,"column":58},"end":{"line":9,"column":69}}},"4":{"name":"(anonymous_4)","line":25,"loc":{"start":{"line":25,"column":24},"end":{"line":25,"column":35}}},"5":{"name":"(anonymous_5)","line":26,"loc":{"start":{"line":26,"column":57},"end":{"line":26,"column":68}}},"6":{"name":"(anonymous_6)","line":57,"loc":{"start":{"line":57,"column":23},"end":{"line":57,"column":34}}},"7":{"name":"(anonymous_7)","line":58,"loc":{"start":{"line":58,"column":57},"end":{"line":58,"column":68}}},"8":{"name":"(anonymous_8)","line":76,"loc":{"start":{"line":76,"column":27},"end":{"line":76,"column":38}}},"9":{"name":"(anonymous_9)","line":77,"loc":{"start":{"line":77,"column":57},"end":{"line":77,"column":68}}},"10":{"name":"(anonymous_10)","line":94,"loc":{"start":{"line":94,"column":29},"end":{"line":94,"column":40}}},"11":{"name":"(anonymous_11)","line":95,"loc":{"start":{"line":95,"column":57},"end":{"line":95,"column":68}}},"12":{"name":"(anonymous_12)","line":112,"loc":{"start":{"line":112,"column":27},"end":{"line":112,"column":38}}},"13":{"name":"(anonymous_13)","line":113,"loc":{"start":{"line":113,"column":57},"end":{"line":113,"column":68}}},"14":{"name":"(anonymous_14)","line":130,"loc":{"start":{"line":130,"column":29},"end":{"line":130,"column":40}}},"15":{"name":"(anonymous_15)","line":131,"loc":{"start":{"line":131,"column":57},"end":{"line":131,"column":68}}}},"statementMap":{"1":{"start":{"line":1,"column":0},"end":{"line":147,"column":3}},"2":{"start":{"line":2,"column":2},"end":{"line":2,"column":28}},"3":{"start":{"line":3,"column":2},"end":{"line":3,"column":54}},"4":{"start":{"line":4,"column":2},"end":{"line":4,"column":55}},"5":{"start":{"line":5,"column":2},"end":{"line":5,"column":23}},"6":{"start":{"line":6,"column":2},"end":{"line":6,"column":37}},"7":{"start":{"line":8,"column":2},"end":{"line":23,"column":5}},"8":{"start":{"line":9,"column":4},"end":{"line":22,"column":7}},"9":{"start":{"line":10,"column":6},"end":{"line":10,"column":26}},"10":{"start":{"line":11,"column":6},"end":{"line":11,"column":74}},"11":{"start":{"line":13,"column":6},"end":{"line":18,"column":11}},"12":{"start":{"line":20,"column":6},"end":{"line":20,"column":51}},"13":{"start":{"line":21,"column":6},"end":{"line":21,"column":63}},"14":{"start":{"line":25,"column":2},"end":{"line":55,"column":5}},"15":{"start":{"line":26,"column":4},"end":{"line":54,"column":7}},"16":{"start":{"line":27,"column":6},"end":{"line":27,"column":26}},"17":{"start":{"line":28,"column":6},"end":{"line":28,"column":74}},"18":{"start":{"line":30,"column":6},"end":{"line":46,"column":11}},"19":{"start":{"line":48,"column":6},"end":{"line":53,"column":9}},"20":{"start":{"line":57,"column":2},"end":{"line":74,"column":5}},"21":{"start":{"line":58,"column":4},"end":{"line":73,"column":7}},"22":{"start":{"line":59,"column":6},"end":{"line":59,"column":26}},"23":{"start":{"line":60,"column":6},"end":{"line":60,"column":74}},"24":{"start":{"line":62,"column":6},"end":{"line":70,"column":11}},"25":{"start":{"line":72,"column":6},"end":{"line":72,"column":58}},"26":{"start":{"line":76,"column":2},"end":{"line":92,"column":5}},"27":{"start":{"line":77,"column":4},"end":{"line":91,"column":7}},"28":{"start":{"line":78,"column":6},"end":{"line":78,"column":26}},"29":{"start":{"line":79,"column":6},"end":{"line":79,"column":74}},"30":{"start":{"line":81,"column":6},"end":{"line":88,"column":11}},"31":{"start":{"line":90,"column":6},"end":{"line":90,"column":63}},"32":{"start":{"line":94,"column":2},"end":{"line":110,"column":5}},"33":{"start":{"line":95,"column":4},"end":{"line":109,"column":7}},"34":{"start":{"line":96,"column":6},"end":{"line":96,"column":26}},"35":{"start":{"line":97,"column":6},"end":{"line":97,"column":74}},"36":{"start":{"line":99,"column":6},"end":{"line":106,"column":11}},"37":{"start":{"line":108,"column":6},"end":{"line":108,"column":65}},"38":{"start":{"line":112,"column":2},"end":{"line":128,"column":5}},"39":{"start":{"line":113,"column":4},"end":{"line":127,"column":7}},"40":{"start":{"line":114,"column":6},"end":{"line":114,"column":26}},"41":{"start":{"line":115,"column":6},"end":{"line":115,"column":74}},"42":{"start":{"line":117,"column":6},"end":{"line":124,"column":11}},"43":{"start":{"line":126,"column":6},"end":{"line":126,"column":65}},"44":{"start":{"line":130,"column":2},"end":{"line":146,"column":5}},"45":{"start":{"line":131,"column":4},"end":{"line":145,"column":7}},"46":{"start":{"line":132,"column":6},"end":{"line":132,"column":26}},"47":{"start":{"line":133,"column":6},"end":{"line":133,"column":74}},"48":{"start":{"line":135,"column":6},"end":{"line":142,"column":11}},"49":{"start":{"line":144,"column":6},"end":{"line":144,"column":67}}},"branchMap":{}},"/Users/brunoabrantes/Code/bifrost/spec/unit/repositories/venue_spec.js":{"path":"/Users/brunoabrantes/Code/bifrost/spec/unit/repositories/venue_spec.js","s":{"1":1,"2":1,"3":1,"4":1,"5":1,"6":1,"7":1,"8":1,"9":1,"10":1,"11":1,"12":1,"13":1,"14":1,"15":1,"16":1,"17":1,"18":1,"19":1,"20":1,"21":1,"22":1,"23":1,"24":1,"25":1,"26":1,"27":1,"28":1,"29":1,"30":1,"31":1,"32":1,"33":1,"34":1,"35":1,"36":1,"37":1,"38":1,"39":1,"40":1,"41":1,"42":1,"43":1,"44":1,"45":1},"b":{},"f":{"1":1,"2":1,"3":1,"4":1,"5":1,"6":1,"7":1,"8":1,"9":1,"10":1,"11":1,"12":1},"fnMap":{"1":{"name":"(anonymous_1)","line":1,"loc":{"start":{"line":1,"column":29},"end":{"line":1,"column":40}}},"2":{"name":"(anonymous_2)","line":8,"loc":{"start":{"line":8,"column":29},"end":{"line":8,"column":40}}},"3":{"name":"(anonymous_3)","line":9,"loc":{"start":{"line":9,"column":57},"end":{"line":9,"column":68}}},"4":{"name":"(anonymous_4)","line":26,"loc":{"start":{"line":26,"column":23},"end":{"line":26,"column":34}}},"5":{"name":"(anonymous_5)","line":27,"loc":{"start":{"line":27,"column":57},"end":{"line":27,"column":68}}},"6":{"name":"(anonymous_6)","line":44,"loc":{"start":{"line":44,"column":25},"end":{"line":44,"column":36}}},"7":{"name":"(anonymous_7)","line":45,"loc":{"start":{"line":45,"column":57},"end":{"line":45,"column":68}}},"8":{"name":"(anonymous_8)","line":58,"loc":{"start":{"line":58,"column":35},"end":{"line":58,"column":45}}},"9":{"name":"(anonymous_9)","line":81,"loc":{"start":{"line":81,"column":30},"end":{"line":81,"column":40}}},"10":{"name":"(anonymous_10)","line":105,"loc":{"start":{"line":105,"column":19},"end":{"line":105,"column":30}}},"11":{"name":"(anonymous_11)","line":106,"loc":{"start":{"line":106,"column":57},"end":{"line":106,"column":68}}},"12":{"name":"(anonymous_12)","line":119,"loc":{"start":{"line":119,"column":30},"end":{"line":119,"column":40}}}},"statementMap":{"1":{"start":{"line":1,"column":0},"end":{"line":141,"column":3}},"2":{"start":{"line":2,"column":2},"end":{"line":2,"column":28}},"3":{"start":{"line":3,"column":2},"end":{"line":3,"column":55}},"4":{"start":{"line":4,"column":2},"end":{"line":4,"column":55}},"5":{"start":{"line":5,"column":2},"end":{"line":5,"column":23}},"6":{"start":{"line":6,"column":2},"end":{"line":6,"column":37}},"7":{"start":{"line":8,"column":2},"end":{"line":24,"column":5}},"8":{"start":{"line":9,"column":4},"end":{"line":23,"column":7}},"9":{"start":{"line":10,"column":6},"end":{"line":10,"column":26}},"10":{"start":{"line":11,"column":6},"end":{"line":11,"column":74}},"11":{"start":{"line":13,"column":6},"end":{"line":20,"column":11}},"12":{"start":{"line":22,"column":6},"end":{"line":22,"column":76}},"13":{"start":{"line":26,"column":2},"end":{"line":42,"column":5}},"14":{"start":{"line":27,"column":4},"end":{"line":41,"column":7}},"15":{"start":{"line":28,"column":6},"end":{"line":28,"column":26}},"16":{"start":{"line":29,"column":6},"end":{"line":29,"column":74}},"17":{"start":{"line":31,"column":6},"end":{"line":38,"column":11}},"18":{"start":{"line":40,"column":6},"end":{"line":40,"column":58}},"19":{"start":{"line":44,"column":2},"end":{"line":103,"column":5}},"20":{"start":{"line":45,"column":4},"end":{"line":56,"column":7}},"21":{"start":{"line":46,"column":6},"end":{"line":46,"column":26}},"22":{"start":{"line":47,"column":6},"end":{"line":47,"column":74}},"23":{"start":{"line":49,"column":6},"end":{"line":53,"column":11}},"24":{"start":{"line":55,"column":6},"end":{"line":55,"column":62}},"25":{"start":{"line":58,"column":4},"end":{"line":79,"column":7}},"26":{"start":{"line":59,"column":6},"end":{"line":59,"column":26}},"27":{"start":{"line":60,"column":6},"end":{"line":60,"column":74}},"28":{"start":{"line":62,"column":6},"end":{"line":76,"column":11}},"29":{"start":{"line":78,"column":6},"end":{"line":78,"column":113}},"30":{"start":{"line":81,"column":4},"end":{"line":102,"column":7}},"31":{"start":{"line":82,"column":6},"end":{"line":82,"column":26}},"32":{"start":{"line":83,"column":6},"end":{"line":83,"column":74}},"33":{"start":{"line":85,"column":6},"end":{"line":99,"column":11}},"34":{"start":{"line":101,"column":6},"end":{"line":101,"column":80}},"35":{"start":{"line":105,"column":2},"end":{"line":139,"column":5}},"36":{"start":{"line":106,"column":4},"end":{"line":117,"column":7}},"37":{"start":{"line":107,"column":6},"end":{"line":107,"column":26}},"38":{"start":{"line":108,"column":6},"end":{"line":108,"column":74}},"39":{"start":{"line":110,"column":6},"end":{"line":114,"column":11}},"40":{"start":{"line":116,"column":6},"end":{"line":116,"column":55}},"41":{"start":{"line":119,"column":4},"end":{"line":138,"column":7}},"42":{"start":{"line":120,"column":6},"end":{"line":120,"column":26}},"43":{"start":{"line":121,"column":6},"end":{"line":121,"column":74}},"44":{"start":{"line":123,"column":6},"end":{"line":135,"column":11}},"45":{"start":{"line":137,"column":6},"end":{"line":137,"column":73}}},"branchMap":{}},"/Users/brunoabrantes/Code/bifrost/spec/unit/services/event/service_spec.js":{"path":"/Users/brunoabrantes/Code/bifrost/spec/unit/services/event/service_spec.js","s":{"1":1,"2":1,"3":1,"4":1},"b":{},"f":{"1":1,"2":1},"fnMap":{"1":{"name":"(anonymous_1)","line":1,"loc":{"start":{"line":1,"column":26},"end":{"line":1,"column":37}}},"2":{"name":"(anonymous_2)","line":6,"loc":{"start":{"line":6,"column":24},"end":{"line":6,"column":35}}}},"statementMap":{"1":{"start":{"line":1,"column":0},"end":{"line":9,"column":3}},"2":{"start":{"line":3,"column":2},"end":{"line":3,"column":70}},"3":{"start":{"line":4,"column":2},"end":{"line":4,"column":28}},"4":{"start":{"line":6,"column":2},"end":{"line":8,"column":5}}},"branchMap":{}},"/Users/brunoabrantes/Code/bifrost/spec/unit/services/user/service_spec.js":{"path":"/Users/brunoabrantes/Code/bifrost/spec/unit/services/user/service_spec.js","s":{"1":1,"2":1,"3":1,"4":1},"b":{},"f":{"1":1,"2":1},"fnMap":{"1":{"name":"(anonymous_1)","line":1,"loc":{"start":{"line":1,"column":26},"end":{"line":1,"column":37}}},"2":{"name":"(anonymous_2)","line":6,"loc":{"start":{"line":6,"column":18},"end":{"line":6,"column":29}}}},"statementMap":{"1":{"start":{"line":1,"column":0},"end":{"line":8,"column":3}},"2":{"start":{"line":3,"column":2},"end":{"line":3,"column":64}},"3":{"start":{"line":4,"column":2},"end":{"line":4,"column":28}},"4":{"start":{"line":6,"column":2},"end":{"line":7,"column":5}}},"branchMap":{}}}