TN:
SF:/Users/brunoabrantes/Code/bifrost/spec/integration/v1/ads_spec.js
FN:1,(anonymous_1)
FN:11,(anonymous_2)
FN:23,(anonymous_3)
FNF:3
FNH:3
FNDA:1,(anonymous_1)
FNDA:1,(anonymous_2)
FNDA:1,(anonymous_3)
DA:1,1
DA:2,1
DA:3,1
DA:4,1
DA:5,1
DA:6,1
DA:8,1
DA:9,1
DA:11,1
DA:12,1
DA:16,1
DA:23,1
DA:24,1
LF:13
LH:13
BRF:0
BRH:0
end_of_record
TN:
SF:/Users/brunoabrantes/Code/bifrost/app.js
FN:13,(anonymous_1)
FN:21,(anonymous_2)
FNF:2
FNH:2
FNDA:19,(anonymous_1)
FNDA:1,(anonymous_2)
DA:1,1
DA:2,1
DA:3,1
DA:4,1
DA:5,1
DA:6,1
DA:7,1
DA:8,1
DA:9,1
DA:11,1
DA:13,1
DA:14,19
DA:15,18
DA:18,1
DA:19,1
DA:21,1
DA:22,1
DA:23,1
DA:27,1
LF:19
LH:19
BRDA:14,1,0,18
BRDA:14,1,1,1
BRDA:22,2,0,1
BRDA:22,2,1,0
BRF:4
BRH:3
end_of_record
TN:
SF:/Users/brunoabrantes/Code/bifrost/v1/config.js
FN:1,(anonymous_1)
FNF:1
FNH:1
FNDA:1,(anonymous_1)
DA:1,1
DA:2,1
DA:4,1
DA:105,1
DA:106,1
LF:5
LH:5
BRF:0
BRH:0
end_of_record
TN:
SF:/Users/brunoabrantes/Code/bifrost/v1/routes.js
FN:1,(anonymous_1)
FNF:1
FNH:1
FNDA:1,(anonymous_1)
DA:1,1
DA:2,1
DA:4,1
LF:3
LH:3
BRF:0
BRH:0
end_of_record
TN:
SF:/Users/brunoabrantes/Code/bifrost/v1/services/ads/routes.js
FNF:0
FNH:0
DA:1,1
DA:3,1
DA:4,1
LF:3
LH:3
BRF:0
BRH:0
end_of_record
TN:
SF:/Users/brunoabrantes/Code/bifrost/v1/services/ads/service.js
FN:1,(anonymous_1)
FN:8,(anonymous_2)
FNF:2
FNH:2
FNDA:1,(anonymous_1)
FNDA:1,(anonymous_2)
DA:1,1
DA:2,1
DA:3,1
DA:4,1
DA:6,1
DA:8,1
DA:9,1
DA:10,1
DA:11,1
LF:9
LH:9
BRF:0
BRH:0
end_of_record
TN:
SF:/Users/brunoabrantes/Code/bifrost/v1/repositories/ads.js
FN:1,(anonymous_1)
FN:9,(anonymous_2)
FN:13,(anonymous_3)
FN:16,(anonymous_4)
FN:24,(anonymous_5)
FN:26,(anonymous_6)
FNF:6
FNH:5
FNDA:1,(anonymous_1)
FNDA:1,(anonymous_2)
FNDA:1,(anonymous_3)
FNDA:0,(anonymous_4)
FNDA:1,(anonymous_5)
FNDA:1,(anonymous_6)
DA:1,1
DA:2,1
DA:7,1
DA:9,1
DA:11,1
DA:13,1
DA:14,1
DA:17,0
DA:18,0
DA:19,0
DA:24,1
DA:25,1
DA:27,1
DA:28,1
DA:33,1
DA:35,1
LF:16
LH:13
BRF:0
BRH:0
end_of_record
TN:
SF:/Users/brunoabrantes/Code/bifrost/lib/mapper.js
FN:1,(anonymous_1)
FN:7,(anonymous_2)
FN:11,(anonymous_3)
FN:15,(anonymous_4)
FN:16,(anonymous_5)
FN:31,(anonymous_6)
FN:39,(anonymous_7)
FN:41,(anonymous_8)
FN:46,(anonymous_9)
FN:55,(anonymous_10)
FN:63,(anonymous_11)
FNF:11
FNH:11
FNDA:1,(anonymous_1)
FNDA:257,(anonymous_2)
FNDA:257,(anonymous_3)
FNDA:35,(anonymous_4)
FNDA:262,(anonymous_5)
FNDA:4,(anonymous_6)
FNDA:4,(anonymous_7)
FNDA:2,(anonymous_8)
FNDA:6,(anonymous_9)
FNDA:107,(anonymous_10)
FNDA:252,(anonymous_11)
DA:1,1
DA:2,1
DA:7,1
DA:8,257
DA:11,1
DA:12,257
DA:15,1
DA:16,35
DA:17,262
DA:18,1
DA:21,261
DA:22,261
DA:24,5
DA:25,5
DA:30,1
DA:32,4
DA:33,2
DA:36,2
DA:40,4
DA:41,1
DA:42,2
DA:46,3
DA:47,6
DA:51,6
DA:56,107
DA:57,4
DA:60,107
DA:64,252
DA:68,1
LF:29
LH:29
BRDA:17,1,0,1
BRDA:17,1,1,261
BRDA:32,2,0,2
BRDA:32,2,1,2
BRDA:32,3,0,4
BRDA:32,3,1,3
BRDA:36,4,0,2
BRDA:36,4,1,1
BRDA:40,5,0,1
BRDA:40,5,1,3
BRDA:51,6,0,6
BRDA:51,6,1,2
BRDA:56,7,0,4
BRDA:56,7,1,103
BRDA:56,8,0,107
BRDA:56,8,1,4
BRF:16
BRH:16
end_of_record
TN:
SF:/Users/brunoabrantes/Code/bifrost/lib/base_repository.js
FN:1,(anonymous_1)
FN:5,(anonymous_2)
FN:14,(anonymous_3)
FN:16,(anonymous_4)
FN:22,(anonymous_5)
FN:31,(anonymous_6)
FNF:6
FNH:6
FNDA:1,(anonymous_1)
FNDA:90,(anonymous_2)
FNDA:9,(anonymous_3)
FNDA:90,(anonymous_4)
FNDA:53,(anonymous_5)
FNDA:8,(anonymous_6)
DA:1,1
DA:2,1
DA:5,1
DA:6,90
DA:14,1
DA:15,1
DA:17,90
DA:18,90
DA:19,90
DA:21,90
DA:23,53
DA:24,53
DA:28,90
DA:32,8
DA:33,8
DA:35,8
DA:36,8
DA:38,8
DA:46,8
DA:48,8
DA:52,1
LF:21
LH:21
BRDA:18,1,0,90
BRDA:18,1,1,22
BRDA:32,2,0,3
BRDA:32,2,1,5
BRDA:33,3,0,3
BRDA:33,3,1,5
BRDA:36,4,0,5
BRDA:36,4,1,3
BRF:8
BRH:8
end_of_record
TN:
SF:/Users/brunoabrantes/Code/bifrost/lib/http_client.js
FN:1,(anonymous_1)
FN:9,(anonymous_2)
FN:17,(anonymous_3)
FN:21,(anonymous_4)
FN:26,(anonymous_5)
FN:38,(anonymous_6)
FN:65,(anonymous_7)
FN:66,(anonymous_8)
FN:68,(anonymous_9)
FN:75,(anonymous_10)
FN:80,(anonymous_11)
FNF:11
FNH:11
FNDA:1,(anonymous_1)
FNDA:297,(anonymous_2)
FNDA:118,(anonymous_3)
FNDA:130,(anonymous_4)
FNDA:83,(anonymous_5)
FNDA:70,(anonymous_6)
FNDA:113,(anonymous_7)
FNDA:118,(anonymous_8)
FNDA:291,(anonymous_9)
FNDA:26,(anonymous_10)
FNDA:4,(anonymous_11)
DA:1,1
DA:2,1
DA:9,1
DA:10,297
DA:17,1
DA:18,118
DA:21,1
DA:22,130
DA:23,130
DA:26,1
DA:27,83
DA:28,83
DA:30,83
DA:32,83
DA:38,83
DA:39,70
DA:42,70
DA:43,8
DA:44,8
DA:47,62
DA:48,62
DA:50,62
DA:51,62
DA:53,62
DA:56,83
DA:60,1
DA:61,1
DA:62,1
DA:63,1
DA:65,1
DA:66,113
DA:67,118
DA:68,118
DA:69,291
DA:71,291
DA:73,291
DA:74,85
DA:75,24
DA:76,26
DA:78,61
DA:79,5
DA:80,5
DA:81,4
DA:84,56
DA:87,291
DA:91,113
DA:93,113
DA:94,51
DA:96,62
DA:100,1
LF:50
LH:50
BRDA:23,1,0,130
BRDA:23,1,1,20
BRDA:35,2,0,6
BRDA:35,2,1,77
BRDA:40,3,0,67
BRDA:40,3,1,3
BRDA:42,4,0,8
BRDA:42,4,1,62
BRDA:47,5,0,62
BRDA:47,5,1,7
BRDA:48,6,0,55
BRDA:48,6,1,7
BRDA:71,7,0,9
BRDA:71,7,1,282
BRDA:73,8,0,85
BRDA:73,8,1,206
BRDA:73,9,0,291
BRDA:73,9,1,87
BRDA:74,10,0,24
BRDA:74,10,1,61
BRDA:78,11,0,5
BRDA:78,11,1,56
BRDA:93,12,0,51
BRDA:93,12,1,62
BRF:24
BRH:24
end_of_record
TN:
SF:/Users/brunoabrantes/Code/bifrost/lib/plugins/mapper.camel_case.js
FN:1,(anonymous_1)
FN:5,(anonymous_2)
FN:14,(anonymous_3)
FN:19,(anonymous_4)
FN:28,(anonymous_5)
FN:34,(anonymous_6)
FN:39,(anonymous_7)
FNF:7
FNH:7
FNDA:1,(anonymous_1)
FNDA:9424,(anonymous_2)
FNDA:2845,(anonymous_3)
FNDA:11265,(anonymous_4)
FNDA:9424,(anonymous_5)
FNDA:59,(anonymous_6)
FNDA:16,(anonymous_7)
DA:1,1
DA:3,1
DA:5,1
DA:6,9424
DA:9,9424
DA:10,373
DA:11,373
DA:14,9424
DA:16,9424
DA:19,1
DA:20,11265
DA:21,800
DA:24,10465
DA:25,8456
DA:28,2009
DA:29,9424
DA:30,9424
DA:34,1
DA:35,59
DA:36,59
DA:39,1
DA:40,16
LF:22
LH:22
BRDA:9,1,0,373
BRDA:9,1,1,9051
BRDA:14,2,0,2845
BRDA:14,2,1,0
BRDA:20,3,0,800
BRDA:20,3,1,10465
BRDA:24,4,0,8456
BRDA:24,4,1,2009
BRF:8
BRH:7
end_of_record
TN:
SF:/Users/brunoabrantes/Code/bifrost/lib/assemble.js
FN:1,(anonymous_1)
FN:8,(anonymous_2)
FNF:2
FNH:2
FNDA:1,(anonymous_1)
FNDA:73,(anonymous_2)
DA:1,1
DA:2,1
DA:8,1
DA:9,73
DA:10,73
DA:13,1
LF:6
LH:6
BRF:0
BRH:0
end_of_record
TN:
SF:/Users/brunoabrantes/Code/bifrost/v1/repositories/client_key.js
FN:1,(anonymous_1)
FN:10,(anonymous_2)
FN:14,(anonymous_3)
FN:21,(anonymous_4)
FN:25,(anonymous_5)
FN:30,(anonymous_6)
FN:38,(anonymous_7)
FN:56,(anonymous_8)
FN:63,(anonymous_9)
FN:68,(anonymous_10)
FN:75,(anonymous_11)
FN:82,(anonymous_12)
FN:89,(anonymous_13)
FN:92,(anonymous_14)
FN:94,(anonymous_15)
FN:97,(anonymous_16)
FNF:16
FNH:16
FNDA:1,(anonymous_1)
FNDA:86,(anonymous_2)
FNDA:5,(anonymous_3)
FNDA:2,(anonymous_4)
FNDA:10,(anonymous_5)
FNDA:9,(anonymous_6)
FNDA:7,(anonymous_7)
FNDA:2,(anonymous_8)
FNDA:84,(anonymous_9)
FNDA:82,(anonymous_10)
FNDA:1,(anonymous_11)
FNDA:86,(anonymous_12)
FNDA:73,(anonymous_13)
FNDA:10,(anonymous_14)
FNDA:2,(anonymous_15)
FNDA:6,(anonymous_16)
DA:1,1
DA:2,1
DA:8,1
DA:10,1
DA:11,86
DA:14,1
DA:15,5
DA:16,5
DA:18,5
DA:21,1
DA:22,2
DA:25,1
DA:26,10
DA:29,10
DA:31,9
DA:34,9
DA:39,7
DA:40,1
DA:41,1
DA:42,1
DA:43,1
DA:46,6
DA:47,2
DA:48,2
DA:50,3
DA:53,5
DA:57,2
DA:60,10
DA:63,1
DA:64,84
DA:67,84
DA:69,82
DA:70,73
DA:72,9
DA:76,1
DA:79,84
DA:82,1
DA:83,86
DA:84,2
DA:85,2
DA:88,84
DA:90,73
DA:93,10
DA:95,2
DA:98,6
LF:45
LH:45
BRDA:39,1,0,1
BRDA:39,1,1,6
BRDA:46,2,0,2
BRDA:46,2,1,3
BRDA:46,3,0,6
BRDA:46,3,1,5
BRDA:69,4,0,73
BRDA:69,4,1,9
BRDA:69,5,0,82
BRDA:69,5,1,82
BRDA:83,6,0,2
BRDA:83,6,1,84
BRF:12
BRH:12
end_of_record
TN:
SF:/Users/brunoabrantes/Code/bifrost/lib/redis_client.js
FNF:0
FNH:0
DA:1,1
DA:4,1
LF:2
LH:2
BRF:0
BRH:0
end_of_record
TN:
SF:/Users/brunoabrantes/Code/bifrost/lib/postgres_client.js
FN:1,(anonymous_1)
FN:7,(anonymous_2)
FN:16,(anonymous_3)
FNF:3
FNH:3
FNDA:1,(anonymous_1)
FNDA:13,(anonymous_2)
FNDA:13,(anonymous_3)
DA:1,1
DA:2,1
DA:7,1
DA:8,13
DA:10,13
DA:17,13
DA:18,2
DA:19,2
DA:20,2
DA:22,2
DA:25,11
DA:28,13
LF:12
LH:12
BRDA:17,1,0,2
BRDA:17,1,1,11
BRF:2
BRH:2
end_of_record
TN:
SF:/Users/brunoabrantes/Code/bifrost/lib/middleware/rate_limiter.js
FN:1,(anonymous_1)
FN:11,(anonymous_2)
FN:15,(anonymous_3)
FN:28,(anonymous_4)
FN:29,(anonymous_5)
FNF:5
FNH:5
FNDA:1,(anonymous_1)
FNDA:1,(anonymous_2)
FNDA:78,(anonymous_3)
FNDA:78,(anonymous_4)
FNDA:78,(anonymous_5)
DA:1,1
DA:2,1
DA:3,1
DA:4,1
DA:5,1
DA:6,1
DA:11,1
DA:12,1
DA:15,1
DA:16,78
DA:23,78
DA:25,78
DA:28,1
DA:29,78
DA:30,78
DA:33,78
DA:34,78
DA:35,78
DA:37,78
DA:38,75
DA:41,3
DA:43,3
DA:44,3
DA:45,3
DA:47,3
LF:25
LH:25
BRDA:37,1,0,75
BRDA:37,1,1,3
BRDA:41,2,0,3
BRDA:41,2,1,1
BRDA:44,3,0,3
BRDA:44,3,1,1
BRF:6
BRH:6
end_of_record
TN:
SF:/Users/brunoabrantes/Code/bifrost/lib/response.js
FN:1,(anonymous_1)
FNF:1
FNH:1
FNDA:82,(anonymous_1)
DA:1,1
DA:2,82
LF:2
LH:2
BRF:0
BRH:0
end_of_record
TN:
SF:/Users/brunoabrantes/Code/bifrost/v1/services/artist/routes.js
FNF:0
FNH:0
DA:1,1
DA:3,1
DA:4,1
DA:5,1
DA:6,1
DA:7,1
LF:6
LH:6
BRF:0
BRH:0
end_of_record
TN:
SF:/Users/brunoabrantes/Code/bifrost/v1/services/artist/service.js
FN:1,(anonymous_1)
FNF:1
FNH:1
FNDA:1,(anonymous_1)
DA:1,1
DA:2,1
DA:3,1
DA:4,1
DA:5,1
DA:6,1
DA:8,1
DA:9,1
DA:10,1
DA:11,1
DA:12,1
DA:14,1
DA:16,1
DA:17,1
DA:19,1
DA:21,1
DA:22,1
DA:23,1
DA:24,1
DA:26,1
LF:20
LH:20
BRF:0
BRH:0
end_of_record
TN:
SF:/Users/brunoabrantes/Code/bifrost/v1/models/artist.js
FNF:0
FNH:0
DA:1,1
DA:3,1
DA:21,1
DA:28,1
LF:4
LH:4
BRF:0
BRH:0
end_of_record
TN:
SF:/Users/brunoabrantes/Code/bifrost/lib/model.js
FN:1,(anonymous_1)
FN:21,(anonymous_2)
FN:26,(anonymous_3)
FN:64,(anonymous_4)
FN:71,(anonymous_5)
FNF:5
FNH:5
FNDA:1,(anonymous_1)
FNDA:22,(anonymous_2)
FNDA:524,(anonymous_3)
FNDA:523,(anonymous_4)
FNDA:524,(anonymous_5)
DA:1,1
DA:2,1
DA:12,1
DA:13,1
DA:14,1
DA:15,1
DA:16,1
DA:17,1
DA:18,1
DA:19,1
DA:21,1
DA:22,22
DA:23,2
DA:26,20
DA:27,524
DA:29,524
DA:30,524
DA:31,4140
DA:34,4140
DA:36,4140
DA:37,42
DA:39,42
DA:40,3
DA:43,42
DA:44,2
DA:47,42
DA:48,266
DA:49,264
DA:53,42
DA:55,4098
DA:60,524
DA:63,20
DA:65,523
DA:67,523
DA:68,520
DA:71,523
DA:72,524
DA:75,524
DA:78,523
DA:79,520
DA:82,523
DA:87,1
DA:96,1
LF:43
LH:43
BRDA:22,1,0,2
BRDA:22,1,1,20
BRDA:22,2,0,22
BRDA:22,2,1,21
BRDA:29,3,0,524
BRDA:29,3,1,0
BRDA:29,4,0,524
BRDA:29,4,1,524
BRDA:36,5,0,42
BRDA:36,5,1,4098
BRDA:39,6,0,3
BRDA:39,6,1,39
BRDA:43,7,0,2
BRDA:43,7,1,40
BRDA:48,8,0,264
BRDA:48,8,1,2
BRDA:67,9,0,520
BRDA:67,9,1,3
BRDA:78,10,0,520
BRDA:78,10,1,3
BRF:20
BRH:19
end_of_record
TN:
SF:/Users/brunoabrantes/Code/bifrost/lib/strategies/hash.js
FN:1,(anonymous_1)
FN:21,(anonymous_2)
FNF:2
FNH:2
FNDA:1,(anonymous_1)
FNDA:670,(anonymous_2)
DA:1,1
DA:2,1
DA:11,1
DA:12,1
DA:13,1
DA:14,1
DA:15,1
DA:16,1
DA:17,1
DA:18,1
DA:20,1
DA:22,670
DA:23,669
DA:24,668
DA:25,667
DA:26,666
DA:27,665
DA:28,664
DA:30,663
DA:31,661
DA:32,81
LF:21
LH:21
BRDA:22,1,0,1
BRDA:22,1,1,669
BRDA:23,2,0,1
BRDA:23,2,1,668
BRDA:24,3,0,1
BRDA:24,3,1,667
BRDA:25,4,0,1
BRDA:25,4,1,666
BRDA:26,5,0,1
BRDA:26,5,1,665
BRDA:27,6,0,1
BRDA:27,6,1,664
BRDA:28,7,0,1
BRDA:28,7,1,663
BRDA:30,8,0,2
BRDA:30,8,1,661
BRDA:31,9,0,580
BRDA:31,9,1,81
BRF:18
BRH:18
end_of_record
TN:
SF:/Users/brunoabrantes/Code/bifrost/lib/strategies/integer.js
FN:1,(anonymous_1)
FN:17,(anonymous_2)
FNF:2
FNH:2
FNDA:1,(anonymous_1)
FNDA:991,(anonymous_2)
DA:1,1
DA:2,1
DA:9,1
DA:10,1
DA:11,1
DA:12,1
DA:13,1
DA:14,1
DA:16,1
DA:18,991
DA:19,991
DA:20,930
DA:23,726
DA:24,725
DA:25,724
DA:26,723
DA:27,722
DA:29,721
DA:31,721
DA:32,1
DA:35,720
LF:21
LH:21
BRDA:19,1,0,61
BRDA:19,1,1,930
BRDA:20,2,0,204
BRDA:20,2,1,726
BRDA:23,3,0,1
BRDA:23,3,1,725
BRDA:24,4,0,1
BRDA:24,4,1,724
BRDA:25,5,0,1
BRDA:25,5,1,723
BRDA:26,6,0,1
BRDA:26,6,1,722
BRDA:27,7,0,1
BRDA:27,7,1,721
BRDA:31,8,0,1
BRDA:31,8,1,720
BRDA:31,9,0,721
BRDA:31,9,1,721
BRF:18
BRH:18
end_of_record
TN:
SF:/Users/brunoabrantes/Code/bifrost/lib/strategies/float.js
FN:1,(anonymous_1)
FN:17,(anonymous_2)
FNF:2
FNH:2
FNDA:1,(anonymous_1)
FNDA:16,(anonymous_2)
DA:1,1
DA:2,1
DA:9,1
DA:10,1
DA:11,1
DA:12,1
DA:13,1
DA:14,1
DA:16,1
DA:18,16
DA:19,16
DA:20,15
DA:23,14
DA:24,13
DA:25,12
DA:26,11
DA:27,10
DA:29,9
DA:31,9
DA:32,1
DA:35,8
DA:37,8
LF:22
LH:22
BRDA:19,1,0,1
BRDA:19,1,1,15
BRDA:20,2,0,1
BRDA:20,2,1,14
BRDA:23,3,0,1
BRDA:23,3,1,13
BRDA:24,4,0,1
BRDA:24,4,1,12
BRDA:25,5,0,1
BRDA:25,5,1,11
BRDA:26,6,0,1
BRDA:26,6,1,10
BRDA:27,7,0,1
BRDA:27,7,1,9
BRDA:31,8,0,1
BRDA:31,8,1,8
BRDA:31,9,0,9
BRDA:31,9,1,9
BRF:18
BRH:18
end_of_record
TN:
SF:/Users/brunoabrantes/Code/bifrost/lib/strategies/date.js
FN:1,(anonymous_1)
FN:26,(anonymous_2)
FN:44,(anonymous_3)
FNF:3
FNH:3
FNDA:1,(anonymous_1)
FNDA:446,(anonymous_2)
FNDA:606,(anonymous_3)
DA:1,1
DA:2,1
DA:13,1
DA:14,1
DA:15,1
DA:19,1
DA:20,1
DA:21,1
DA:22,1
DA:23,1
DA:24,1
DA:26,1
DA:27,446
DA:28,446
DA:30,444
DA:31,444
DA:33,1
DA:34,1
DA:36,1
DA:37,1
DA:40,446
DA:43,1
DA:45,606
DA:47,606
DA:49,606
DA:51,606
DA:52,605
DA:53,604
DA:54,603
DA:55,602
DA:56,601
DA:58,600
DA:59,447
DA:61,446
LF:34
LH:34
BRDA:28,1,0,444
BRDA:28,1,1,1
BRDA:28,1,2,1
BRDA:47,2,0,603
BRDA:47,2,1,3
BRDA:51,3,0,1
BRDA:51,3,1,605
BRDA:52,4,0,1
BRDA:52,4,1,604
BRDA:53,5,0,1
BRDA:53,5,1,603
BRDA:54,6,0,1
BRDA:54,6,1,602
BRDA:55,7,0,1
BRDA:55,7,1,601
BRDA:56,8,0,1
BRDA:56,8,1,600
BRDA:56,9,0,601
BRDA:56,9,1,2
BRDA:58,10,0,153
BRDA:58,10,1,447
BRDA:58,11,0,600
BRDA:58,11,1,599
BRDA:59,12,0,1
BRDA:59,12,1,446
BRF:25
BRH:25
end_of_record
TN:
SF:/Users/brunoabrantes/Code/bifrost/lib/strategies/string.js
FN:1,(anonymous_1)
FN:17,(anonymous_2)
FNF:2
FNH:2
FNDA:1,(anonymous_1)
FNDA:1330,(anonymous_2)
DA:1,1
DA:2,1
DA:9,1
DA:10,1
DA:11,1
DA:12,1
DA:13,1
DA:14,1
DA:16,1
DA:18,1330
DA:19,1323
DA:20,1288
DA:22,1287
DA:23,1286
DA:24,1285
DA:25,1284
DA:26,1283
DA:28,1282
LF:18
LH:18
BRDA:18,1,0,7
BRDA:18,1,1,1323
BRDA:19,2,0,35
BRDA:19,2,1,1288
BRDA:20,3,0,1
BRDA:20,3,1,1287
BRDA:22,4,0,1
BRDA:22,4,1,1286
BRDA:23,5,0,1
BRDA:23,5,1,1285
BRDA:24,6,0,1
BRDA:24,6,1,1284
BRDA:25,7,0,1
BRDA:25,7,1,1283
BRDA:26,8,0,1
BRDA:26,8,1,1282
BRF:16
BRH:16
end_of_record
TN:
SF:/Users/brunoabrantes/Code/bifrost/lib/strategies/boolean.js
FN:1,(anonymous_1)
FN:29,(anonymous_2)
FNF:2
FNH:2
FNDA:1,(anonymous_1)
FNDA:811,(anonymous_2)
DA:1,1
DA:2,1
DA:12,1
DA:13,1
DA:14,1
DA:15,1
DA:16,1
DA:17,1
DA:18,1
DA:19,1
DA:21,1
DA:28,1
DA:30,811
DA:31,810
DA:32,809
DA:33,808
DA:34,807
DA:36,806
DA:37,805
DA:39,592
DA:41,592
DA:42,591
DA:45,1
LF:23
LH:23
BRDA:30,1,0,1
BRDA:30,1,1,810
BRDA:31,2,0,1
BRDA:31,2,1,809
BRDA:32,3,0,1
BRDA:32,3,1,808
BRDA:33,4,0,1
BRDA:33,4,1,807
BRDA:34,5,0,1
BRDA:34,5,1,806
BRDA:36,6,0,1
BRDA:36,6,1,805
BRDA:37,7,0,213
BRDA:37,7,1,592
BRDA:41,8,0,591
BRDA:41,8,1,1
BRF:16
BRH:16
end_of_record
TN:
SF:/Users/brunoabrantes/Code/bifrost/v1/models/event.js
FNF:0
FNH:0
DA:1,1
DA:3,1
DA:26,1
DA:37,1
LF:4
LH:4
BRF:0
BRH:0
end_of_record
TN:
SF:/Users/brunoabrantes/Code/bifrost/v1/models/user.js
FNF:0
FNH:0
DA:1,1
DA:3,1
DA:25,1
DA:29,1
LF:4
LH:4
BRF:0
BRH:0
end_of_record
TN:
SF:/Users/brunoabrantes/Code/bifrost/v1/models/comment.js
FNF:0
FNH:0
DA:1,1
DA:3,1
DA:11,1
LF:3
LH:3
BRF:0
BRH:0
end_of_record
TN:
SF:/Users/brunoabrantes/Code/bifrost/v1/models/music_genre.js
FNF:0
FNH:0
DA:1,1
DA:3,1
DA:10,1
LF:3
LH:3
BRF:0
BRH:0
end_of_record
TN:
SF:/Users/brunoabrantes/Code/bifrost/v1/repositories/artist.js
FN:1,(anonymous_1)
FN:12,(anonymous_2)
FN:16,(anonymous_3)
FN:20,(anonymous_4)
FN:28,(anonymous_5)
FN:32,(anonymous_6)
FN:41,(anonymous_7)
FN:45,(anonymous_8)
FNF:8
FNH:7
FNDA:1,(anonymous_1)
FNDA:1,(anonymous_2)
FNDA:2,(anonymous_3)
FNDA:0,(anonymous_4)
FNDA:1,(anonymous_5)
FNDA:1,(anonymous_6)
FNDA:2,(anonymous_7)
FNDA:2,(anonymous_8)
DA:1,1
DA:2,1
DA:9,1
DA:10,1
DA:12,1
DA:14,1
DA:16,1
DA:17,2
DA:21,0
DA:22,0
DA:23,0
DA:28,1
DA:29,1
DA:32,1
DA:33,1
DA:34,1
DA:35,1
DA:36,1
DA:38,1
DA:41,1
DA:42,2
DA:45,1
DA:46,2
DA:47,2
DA:48,2
DA:52,1
DA:54,1
LF:27
LH:24
BRF:0
BRH:0
end_of_record
TN:
SF:/Users/brunoabrantes/Code/bifrost/lib/plugins/mapper.flyer_serializer.js
FN:1,(anonymous_1)
FN:23,(anonymous_2)
FN:24,(anonymous_3)
FN:30,(anonymous_4)
FN:38,(anonymous_5)
FN:50,(anonymous_6)
FNF:6
FNH:6
FNDA:1,(anonymous_1)
FNDA:9,(anonymous_2)
FNDA:72,(anonymous_3)
FNDA:9,(anonymous_4)
FNDA:9,(anonymous_5)
FNDA:3,(anonymous_6)
DA:1,1
DA:2,1
DA:9,1
DA:10,1
DA:12,1
DA:23,1
DA:24,9
DA:25,72
DA:26,72
DA:30,1
DA:31,9
DA:32,3
DA:35,6
DA:38,1
DA:39,9
DA:41,9
DA:42,2
DA:44,7
DA:47,9
DA:50,1
DA:51,3
LF:21
LH:21
BRDA:25,1,0,72
BRDA:25,1,1,8
BRDA:31,2,0,3
BRDA:31,2,1,6
BRDA:35,3,0,4
BRDA:35,3,1,2
BRDA:41,4,0,2
BRDA:41,4,1,7
BRF:8
BRH:8
end_of_record
TN:
SF:/Users/brunoabrantes/Code/bifrost/v1/repositories/event.js
FN:1,(anonymous_1)
FN:12,(anonymous_2)
FN:16,(anonymous_3)
FN:29,(anonymous_4)
FN:32,(anonymous_5)
FN:40,(anonymous_6)
FN:45,(anonymous_7)
FN:53,(anonymous_8)
FN:64,(anonymous_9)
FN:68,(anonymous_10)
FN:77,(anonymous_11)
FN:87,(anonymous_12)
FN:92,(anonymous_13)
FN:106,(anonymous_14)
FN:115,(anonymous_15)
FN:124,(anonymous_16)
FN:133,(anonymous_17)
FN:142,(anonymous_18)
FNF:18
FNH:17
FNDA:1,(anonymous_1)
FNDA:1,(anonymous_2)
FNDA:17,(anonymous_3)
FNDA:16,(anonymous_4)
FNDA:0,(anonymous_5)
FNDA:1,(anonymous_6)
FNDA:7,(anonymous_7)
FNDA:8,(anonymous_8)
FNDA:2,(anonymous_9)
FNDA:11,(anonymous_10)
FNDA:2,(anonymous_11)
FNDA:3,(anonymous_12)
FNDA:3,(anonymous_13)
FNDA:2,(anonymous_14)
FNDA:2,(anonymous_15)
FNDA:2,(anonymous_16)
FNDA:2,(anonymous_17)
FNDA:2,(anonymous_18)
DA:1,1
DA:2,1
DA:9,1
DA:12,1
DA:14,1
DA:16,1
DA:17,17
DA:26,17
DA:29,1
DA:30,16
DA:33,0
DA:34,0
DA:35,0
DA:40,1
DA:41,1
DA:42,1
DA:45,1
DA:46,7
DA:47,7
DA:48,7
DA:50,7
DA:53,1
DA:54,8
DA:55,8
DA:56,8
DA:57,8
DA:58,8
DA:61,8
DA:64,1
DA:65,2
DA:68,1
DA:69,11
DA:74,11
DA:77,1
DA:78,2
DA:84,2
DA:87,1
DA:88,3
DA:89,3
DA:92,1
DA:93,3
DA:95,3
DA:100,3
DA:101,3
DA:103,3
DA:106,1
DA:107,2
DA:112,2
DA:115,1
DA:116,2
DA:121,2
DA:124,1
DA:125,2
DA:130,2
DA:133,1
DA:134,2
DA:139,2
DA:142,1
DA:143,2
DA:148,2
DA:152,1
DA:154,1
LF:62
LH:59
BRDA:93,1,0,3
BRDA:93,1,1,1
BRF:2
BRH:2
end_of_record
TN:
SF:/Users/brunoabrantes/Code/bifrost/v1/repositories/comment.js
FN:1,(anonymous_1)
FN:10,(anonymous_2)
FN:14,(anonymous_3)
FN:17,(anonymous_4)
FN:25,(anonymous_5)
FN:31,(anonymous_6)
FN:35,(anonymous_7)
FN:39,(anonymous_8)
FNF:8
FNH:7
FNDA:1,(anonymous_1)
FNDA:1,(anonymous_2)
FNDA:6,(anonymous_3)
FNDA:0,(anonymous_4)
FNDA:6,(anonymous_5)
FNDA:3,(anonymous_6)
FNDA:3,(anonymous_7)
FNDA:3,(anonymous_8)
DA:1,1
DA:2,1
DA:8,1
DA:10,1
DA:12,1
DA:14,1
DA:15,6
DA:18,0
DA:19,0
DA:20,0
DA:25,1
DA:26,6
DA:27,6
DA:28,6
DA:31,1
DA:32,3
DA:35,1
DA:36,3
DA:39,1
DA:40,3
DA:44,1
DA:46,1
LF:22
LH:19
BRF:0
BRH:0
end_of_record
TN:
SF:/Users/brunoabrantes/Code/bifrost/v1/repositories/user.js
FN:1,(anonymous_1)
FN:14,(anonymous_2)
FN:18,(anonymous_3)
FN:21,(anonymous_4)
FN:29,(anonymous_5)
FN:33,(anonymous_6)
FN:37,(anonymous_7)
FN:45,(anonymous_8)
FN:66,(anonymous_9)
FN:76,(anonymous_10)
FN:96,(anonymous_11)
FN:104,(anonymous_12)
FN:112,(anonymous_13)
FN:121,(anonymous_14)
FN:130,(anonymous_15)
FN:139,(anonymous_16)
FN:154,(anonymous_17)
FN:162,(anonymous_18)
FN:177,(anonymous_19)
FN:185,(anonymous_20)
FN:200,(anonymous_21)
FN:208,(anonymous_22)
FN:223,(anonymous_23)
FNF:23
FNH:22
FNDA:1,(anonymous_1)
FNDA:1,(anonymous_2)
FNDA:8,(anonymous_3)
FNDA:0,(anonymous_4)
FNDA:1,(anonymous_5)
FNDA:1,(anonymous_6)
FNDA:6,(anonymous_7)
FNDA:3,(anonymous_8)
FNDA:1,(anonymous_9)
FNDA:2,(anonymous_10)
FNDA:1,(anonymous_11)
FNDA:2,(anonymous_12)
FNDA:2,(anonymous_13)
FNDA:2,(anonymous_14)
FNDA:2,(anonymous_15)
FNDA:2,(anonymous_16)
FNDA:1,(anonymous_17)
FNDA:2,(anonymous_18)
FNDA:1,(anonymous_19)
FNDA:2,(anonymous_20)
FNDA:1,(anonymous_21)
FNDA:2,(anonymous_22)
FNDA:1,(anonymous_23)
DA:1,1
DA:2,1
DA:12,1
DA:14,1
DA:16,1
DA:18,1
DA:19,8
DA:22,0
DA:23,0
DA:24,0
DA:29,1
DA:30,1
DA:33,1
DA:34,1
DA:37,1
DA:38,6
DA:39,6
DA:40,6
DA:42,6
DA:45,1
DA:46,3
DA:48,3
DA:55,3
DA:60,3
DA:65,3
DA:67,1
DA:68,1
DA:69,1
DA:73,3
DA:76,1
DA:77,2
DA:79,2
DA:86,2
DA:88,2
DA:92,2
DA:93,2
DA:95,2
DA:97,1
DA:98,1
DA:99,1
DA:104,1
DA:105,2
DA:109,2
DA:112,1
DA:113,2
DA:118,2
DA:121,1
DA:122,2
DA:127,2
DA:130,1
DA:131,2
DA:136,2
DA:139,1
DA:140,2
DA:147,2
DA:149,2
DA:153,2
DA:155,1
DA:156,1
DA:157,1
DA:162,1
DA:163,2
DA:170,2
DA:172,2
DA:176,2
DA:178,1
DA:179,1
DA:180,1
DA:185,1
DA:186,2
DA:193,2
DA:195,2
DA:199,2
DA:201,1
DA:202,1
DA:203,1
DA:208,1
DA:209,2
DA:216,2
DA:218,2
DA:222,2
DA:224,1
DA:225,1
DA:226,1
DA:232,1
DA:234,1
LF:86
LH:83
BRDA:86,1,0,2
BRDA:86,1,1,0
BRDA:147,2,0,2
BRDA:147,2,1,1
BRDA:170,3,0,2
BRDA:170,3,1,1
BRDA:193,4,0,2
BRDA:193,4,1,1
BRDA:216,5,0,2
BRDA:216,5,1,1
BRF:10
BRH:9
end_of_record
TN:
SF:/Users/brunoabrantes/Code/bifrost/v1/models/me.js
FNF:0
FNH:0
DA:1,1
DA:3,1
DA:26,1
DA:30,1
LF:4
LH:4
BRF:0
BRH:0
end_of_record
TN:
SF:/Users/brunoabrantes/Code/bifrost/v1/repositories/music_genre.js
FN:1,(anonymous_1)
FN:11,(anonymous_2)
FN:15,(anonymous_3)
FN:18,(anonymous_4)
FN:26,(anonymous_5)
FN:31,(anonymous_6)
FN:36,(anonymous_7)
FN:48,(anonymous_8)
FN:57,(anonymous_9)
FN:65,(anonymous_10)
FN:69,(anonymous_11)
FN:79,(anonymous_12)
FNF:12
FNH:11
FNDA:1,(anonymous_1)
FNDA:1,(anonymous_2)
FNDA:6,(anonymous_3)
FNDA:0,(anonymous_4)
FNDA:2,(anonymous_5)
FNDA:4,(anonymous_6)
FNDA:2,(anonymous_7)
FNDA:2,(anonymous_8)
FNDA:2,(anonymous_9)
FNDA:2,(anonymous_10)
FNDA:2,(anonymous_11)
FNDA:2,(anonymous_12)
DA:1,1
DA:2,1
DA:9,1
DA:11,1
DA:13,1
DA:15,1
DA:16,6
DA:19,0
DA:20,0
DA:21,0
DA:26,1
DA:27,2
DA:28,2
DA:31,1
DA:32,4
DA:33,4
DA:36,1
DA:37,2
DA:38,2
DA:39,2
DA:40,2
DA:41,2
DA:42,2
DA:45,2
DA:48,1
DA:49,2
DA:54,2
DA:57,1
DA:58,2
DA:62,2
DA:65,1
DA:66,2
DA:69,1
DA:70,2
DA:76,2
DA:79,1
DA:80,2
DA:86,2
DA:90,1
DA:92,1
LF:40
LH:37
BRF:0
BRH:0
end_of_record
TN:
SF:/Users/brunoabrantes/Code/bifrost/lib/pipeline_composer.js
FN:1,(anonymous_1)
FN:9,(anonymous_2)
FN:10,(anonymous_3)
FN:11,(anonymous_4)
FN:41,(anonymous_5)
FN:51,(anonymous_6)
FN:52,(anonymous_7)
FN:71,(anonymous_8)
FN:88,(anonymous_9)
FN:90,(anonymous_10)
FN:91,(anonymous_11)
FN:111,(anonymous_12)
FN:112,(anonymous_13)
FN:113,(anonymous_14)
FN:132,(anonymous_15)
FNF:15
FNH:15
FNDA:1,(anonymous_1)
FNDA:18,(anonymous_2)
FNDA:24,(anonymous_3)
FNDA:23,(anonymous_4)
FNDA:14,(anonymous_5)
FNDA:1,(anonymous_6)
FNDA:1,(anonymous_7)
FNDA:24,(anonymous_8)
FNDA:14,(anonymous_9)
FNDA:18,(anonymous_10)
FNDA:18,(anonymous_11)
FNDA:10,(anonymous_12)
FNDA:13,(anonymous_13)
FNDA:13,(anonymous_14)
FNDA:24,(anonymous_15)
DA:1,1
DA:2,1
DA:3,1
DA:4,1
DA:5,1
DA:6,1
DA:7,1
DA:9,1
DA:10,18
DA:11,24
DA:12,23
DA:14,23
DA:15,8
DA:17,15
DA:20,23
DA:23,24
DA:26,18
DA:34,18
DA:35,7
DA:38,18
DA:41,1
DA:42,14
DA:43,7
DA:46,14
DA:50,14
DA:51,7
DA:52,1
DA:53,1
DA:54,1
DA:55,1
DA:58,1
DA:61,1
DA:65,14
DA:71,1
DA:72,24
DA:77,24
DA:78,22
DA:81,24
DA:82,21
DA:85,24
DA:88,1
DA:90,14
DA:91,18
DA:92,18
DA:94,18
DA:95,1
DA:97,17
DA:100,18
DA:103,18
DA:106,14
DA:107,14
DA:108,14
DA:111,1
DA:112,10
DA:113,13
DA:114,13
DA:116,13
DA:117,2
DA:119,11
DA:122,13
DA:125,13
DA:128,10
DA:129,10
DA:132,1
DA:133,24
DA:134,14
DA:137,10
DA:140,1
LF:68
LH:68
BRDA:14,1,0,8
BRDA:14,1,1,15
BRDA:34,2,0,7
BRDA:34,2,1,11
BRDA:42,3,0,7
BRDA:42,3,1,7
BRDA:50,4,0,7
BRDA:50,4,1,7
BRDA:77,5,0,22
BRDA:77,5,1,2
BRDA:81,6,0,21
BRDA:81,6,1,3
BRDA:94,7,0,1
BRDA:94,7,1,17
BRDA:116,8,0,2
BRDA:116,8,1,11
BRDA:133,9,0,14
BRDA:133,9,1,10
BRF:18
BRH:18
end_of_record
TN:
SF:/Users/brunoabrantes/Code/bifrost/v1/transformers/partial_response.js
FN:6,handleFailure
FN:7,(anonymous_2)
FN:14,(anonymous_3)
FN:15,partialResponseTransformer
FNF:4
FNH:4
FNDA:54,handleFailure
FNDA:2,(anonymous_2)
FNDA:42,(anonymous_3)
FNDA:54,partialResponseTransformer
DA:1,1
DA:2,1
DA:4,1
DA:6,1
DA:7,54
DA:8,2
DA:9,2
DA:10,2
DA:14,1
DA:15,42
DA:16,54
DA:17,54
DA:22,54
DA:26,1
LF:14
LH:14
BRDA:16,1,0,7
BRDA:16,1,1,47
BRF:2
BRH:2
end_of_record
TN:
SF:/Users/brunoabrantes/Code/bifrost/lib/plugins/mapper.partial_response.js
FN:1,(anonymous_1)
FN:6,(anonymous_2)
FN:22,(anonymous_3)
FN:38,(anonymous_4)
FN:53,(anonymous_5)
FNF:5
FNH:5
FNDA:1,(anonymous_1)
FNDA:62,(anonymous_2)
FNDA:283,(anonymous_3)
FNDA:107,(anonymous_4)
FNDA:2,(anonymous_5)
DA:1,1
DA:2,1
DA:6,1
DA:7,62
DA:8,1
DA:11,61
DA:12,13
DA:13,8
DA:15,5
DA:19,59
DA:22,1
DA:23,283
DA:27,283
DA:28,123
DA:31,160
DA:32,160
DA:34,160
DA:35,8
DA:37,152
DA:38,8
DA:39,107
DA:42,144
DA:43,1
DA:46,142
DA:50,155
DA:53,1
DA:54,2
LF:27
LH:27
BRDA:7,1,0,1
BRDA:7,1,1,61
BRDA:11,2,0,13
BRDA:11,2,1,48
BRDA:12,3,0,8
BRDA:12,3,1,5
BRDA:27,4,0,123
BRDA:27,4,1,160
BRDA:34,5,0,8
BRDA:34,5,1,152
BRDA:37,6,0,8
BRDA:37,6,1,144
BRDA:42,7,0,1
BRDA:42,7,1,142
BRF:14
BRH:14
end_of_record
TN:
SF:/Users/brunoabrantes/Code/bifrost/v1/transformers/pagination_links.js
FN:7,paginationLinksTransformer
FNF:1
FNH:1
FNDA:43,paginationLinksTransformer
DA:1,1
DA:2,1
DA:4,1
DA:5,1
DA:7,1
DA:8,43
DA:14,43
DA:17,1
LF:8
LH:8
BRF:0
BRH:0
end_of_record
TN:
SF:/Users/brunoabrantes/Code/bifrost/lib/plugins/mapper.links.js
FN:1,(anonymous_1)
FN:12,(anonymous_2)
FN:16,(anonymous_3)
FN:20,(anonymous_4)
FN:30,(anonymous_5)
FN:35,(anonymous_6)
FN:45,(anonymous_7)
FN:50,(anonymous_8)
FN:70,(anonymous_9)
FNF:9
FNH:9
FNDA:1,(anonymous_1)
FNDA:58,(anonymous_2)
FNDA:58,(anonymous_3)
FNDA:58,(anonymous_4)
FNDA:58,(anonymous_5)
FNDA:58,(anonymous_6)
FNDA:58,(anonymous_7)
FNDA:58,(anonymous_8)
FNDA:2,(anonymous_9)
DA:1,1
DA:2,1
DA:12,1
DA:13,58
DA:16,1
DA:17,58
DA:20,1
DA:21,58
DA:23,58
DA:24,54
DA:27,4
DA:30,1
DA:31,58
DA:32,58
DA:35,1
DA:36,58
DA:38,58
DA:39,37
DA:42,21
DA:45,1
DA:46,58
DA:47,58
DA:50,1
DA:51,58
DA:53,58
DA:55,58
DA:57,58
DA:65,58
DA:67,58
DA:70,1
DA:71,2
LF:31
LH:31
BRDA:23,1,0,54
BRDA:23,1,1,4
BRDA:23,2,0,58
BRDA:23,2,1,26
BRDA:31,3,0,58
BRDA:31,3,1,22
BRDA:38,4,0,37
BRDA:38,4,1,21
BRDA:38,5,0,58
BRDA:38,5,1,43
BRDA:46,6,0,58
BRDA:46,6,1,25
BRDA:55,7,0,58
BRDA:55,7,1,7
BRF:14
BRH:14
end_of_record
TN:
SF:/Users/brunoabrantes/Code/bifrost/lib/url_from_request.js
FN:4,(anonymous_1)
FN:8,(anonymous_2)
FNF:2
FNH:2
FNDA:43,(anonymous_1)
FNDA:95,(anonymous_2)
DA:1,1
DA:4,1
DA:5,43
DA:8,1
DA:9,95
DA:12,1
LF:6
LH:6
BRF:0
BRH:0
end_of_record
TN:
SF:/Users/brunoabrantes/Code/bifrost/v1/transformers/related_links.js
FN:8,(anonymous_1)
FN:10,applyRelatedLinks
FNF:2
FNH:2
FNDA:40,(anonymous_1)
FNDA:52,applyRelatedLinks
DA:1,1
DA:3,1
DA:5,1
DA:6,1
DA:8,1
DA:10,40
DA:11,52
DA:18,52
DA:22,1
LF:9
LH:9
BRF:0
BRH:0
end_of_record
TN:
SF:/Users/brunoabrantes/Code/bifrost/lib/plugins/mapper.related_links.js
FN:1,(anonymous_1)
FN:16,(anonymous_2)
FN:20,(anonymous_3)
FN:23,(anonymous_4)
FN:31,(anonymous_5)
FN:41,(anonymous_6)
FN:42,(anonymous_7)
FN:53,(anonymous_8)
FN:63,(anonymous_9)
FN:74,(anonymous_10)
FNF:10
FNH:10
FNDA:1,(anonymous_1)
FNDA:1221,(anonymous_2)
FNDA:1224,(anonymous_3)
FNDA:1224,(anonymous_4)
FNDA:820,(anonymous_5)
FNDA:172,(anonymous_6)
FNDA:1221,(anonymous_7)
FNDA:61,(anonymous_8)
FNDA:158,(anonymous_9)
FNDA:2,(anonymous_10)
DA:1,1
DA:3,1
DA:10,1
DA:14,1
DA:16,1
DA:17,1221
DA:19,1221
DA:21,1224
DA:24,1224
DA:25,401
DA:27,823
DA:31,1
DA:32,820
DA:34,820
DA:35,796
DA:38,24
DA:41,1
DA:42,172
DA:43,1221
DA:44,1221
DA:45,401
DA:48,820
DA:49,820
DA:53,1
DA:54,61
DA:55,19
DA:58,42
DA:59,1
DA:62,41
DA:63,27
DA:64,158
DA:65,158
DA:68,14
DA:71,41
DA:74,1
DA:75,2
LF:36
LH:36
BRDA:24,1,0,401
BRDA:24,1,1,823
BRDA:34,2,0,796
BRDA:34,2,1,24
BRDA:44,3,0,401
BRDA:44,3,1,820
BRDA:54,4,0,19
BRDA:54,4,1,42
BRDA:58,5,0,1
BRDA:58,5,1,41
BRDA:62,6,0,27
BRDA:62,6,1,14
BRF:12
BRH:12
end_of_record
TN:
SF:/Users/brunoabrantes/Code/bifrost/lib/middleware/embed_relations.js
FN:1,(anonymous_1)
FN:10,(anonymous_2)
FN:16,(anonymous_3)
FN:19,(anonymous_4)
FN:29,(anonymous_5)
FN:31,(anonymous_6)
FN:34,(anonymous_7)
FN:37,(anonymous_8)
FN:47,(anonymous_9)
FN:50,(anonymous_10)
FN:51,(anonymous_11)
FN:55,(anonymous_12)
FN:63,(anonymous_13)
FN:66,(anonymous_14)
FN:77,(anonymous_15)
FN:78,(anonymous_16)
FN:87,(anonymous_17)
FN:90,(anonymous_18)
FN:91,(anonymous_19)
FN:96,(anonymous_20)
FN:102,(anonymous_21)
FN:134,(anonymous_22)
FN:146,(anonymous_23)
FN:154,(anonymous_24)
FN:157,(anonymous_25)
FN:160,(anonymous_26)
FN:168,(anonymous_27)
FN:170,(anonymous_28)
FN:181,(anonymous_29)
FN:185,(anonymous_30)
FN:188,(anonymous_31)
FNF:31
FNH:28
FNDA:1,(anonymous_1)
FNDA:3,(anonymous_2)
FNDA:3,(anonymous_3)
FNDA:7,(anonymous_4)
FNDA:7,(anonymous_5)
FNDA:8,(anonymous_6)
FNDA:24,(anonymous_7)
FNDA:8,(anonymous_8)
FNDA:8,(anonymous_9)
FNDA:7,(anonymous_10)
FNDA:8,(anonymous_11)
FNDA:7,(anonymous_12)
FNDA:3,(anonymous_13)
FNDA:1,(anonymous_14)
FNDA:4,(anonymous_15)
FNDA:4,(anonymous_16)
FNDA:4,(anonymous_17)
FNDA:12,(anonymous_18)
FNDA:4,(anonymous_19)
FNDA:1,(anonymous_20)
FNDA:3,(anonymous_21)
FNDA:3,(anonymous_22)
FNDA:0,(anonymous_23)
FNDA:4,(anonymous_24)
FNDA:4,(anonymous_25)
FNDA:0,(anonymous_26)
FNDA:26,(anonymous_27)
FNDA:31,(anonymous_28)
FNDA:4,(anonymous_29)
FNDA:4,(anonymous_30)
FNDA:0,(anonymous_31)
DA:1,1
DA:2,1
DA:3,1
DA:4,1
DA:5,1
DA:6,1
DA:7,1
DA:8,1
DA:10,1
DA:11,3
DA:12,3
DA:13,3
DA:16,1
DA:17,3
DA:20,7
DA:24,3
DA:27,1
DA:29,1
DA:30,7
DA:32,8
DA:35,24
DA:38,8
DA:48,8
DA:51,7
DA:52,8
DA:55,7
DA:56,7
DA:57,7
DA:58,7
DA:59,7
DA:61,7
DA:64,3
DA:67,1
DA:77,1
DA:78,4
DA:79,4
DA:80,1
DA:83,3
DA:84,3
DA:87,4
DA:88,4
DA:89,4
DA:90,12
DA:92,4
DA:93,4
DA:95,4
DA:96,1
DA:97,1
DA:98,1
DA:102,3
DA:103,3
DA:105,3
DA:106,3
DA:108,3
DA:111,3
DA:114,3
DA:117,3
DA:123,3
DA:124,3
DA:126,3
DA:133,3
DA:136,3
DA:137,3
DA:139,3
DA:140,3
DA:142,3
DA:144,3
DA:147,0
DA:148,0
DA:154,4
DA:155,4
DA:156,4
DA:158,4
DA:161,0
DA:162,0
DA:168,1
DA:170,26
DA:171,31
DA:172,24
DA:175,7
DA:176,7
DA:177,7
DA:179,7
DA:181,7
DA:182,4
DA:184,4
DA:186,4
DA:189,0
DA:190,0
DA:197,1
LF:90
LH:84
BRDA:20,1,0,7
BRDA:20,1,1,6
BRDA:79,2,0,1
BRDA:79,2,1,3
BRDA:95,3,0,1
BRDA:95,3,1,3
BRDA:95,4,0,4
BRDA:95,4,1,3
BRDA:171,5,0,24
BRDA:171,5,1,7
BRDA:176,6,0,2
BRDA:176,6,1,5
BRF:12
BRH:12
end_of_record
TN:
SF:/Users/brunoabrantes/Code/bifrost/v1/services/cities/routes.js
FNF:0
FNH:0
DA:1,1
DA:3,1
LF:2
LH:2
BRF:0
BRH:0
end_of_record
TN:
SF:/Users/brunoabrantes/Code/bifrost/v1/services/cities/service.js
FN:1,(anonymous_1)
FNF:1
FNH:1
FNDA:1,(anonymous_1)
DA:1,1
DA:2,1
DA:3,1
DA:5,1
DA:7,1
DA:9,1
LF:6
LH:6
BRF:0
BRH:0
end_of_record
TN:
SF:/Users/brunoabrantes/Code/bifrost/v1/models/city.js
FNF:0
FNH:0
DA:1,1
DA:3,1
DA:12,1
LF:3
LH:3
BRF:0
BRH:0
end_of_record
TN:
SF:/Users/brunoabrantes/Code/bifrost/v1/repositories/city.js
FN:1,(anonymous_1)
FN:10,(anonymous_2)
FN:14,(anonymous_3)
FN:17,(anonymous_4)
FN:25,(anonymous_5)
FN:31,(anonymous_6)
FNF:6
FNH:5
FNDA:1,(anonymous_1)
FNDA:1,(anonymous_2)
FNDA:1,(anonymous_3)
FNDA:0,(anonymous_4)
FNDA:1,(anonymous_5)
FNDA:2,(anonymous_6)
DA:1,1
DA:2,1
DA:8,1
DA:10,1
DA:12,1
DA:14,1
DA:15,1
DA:18,0
DA:19,0
DA:20,0
DA:25,1
DA:26,1
DA:27,1
DA:28,1
DA:31,1
DA:32,2
DA:37,2
DA:41,1
DA:43,1
LF:19
LH:16
BRF:0
BRH:0
end_of_record
TN:
SF:/Users/brunoabrantes/Code/bifrost/v1/services/countries/routes.js
FNF:0
FNH:0
DA:1,1
DA:3,1
LF:2
LH:2
BRF:0
BRH:0
end_of_record
TN:
SF:/Users/brunoabrantes/Code/bifrost/v1/services/countries/service.js
FN:1,(anonymous_1)
FNF:1
FNH:1
FNDA:1,(anonymous_1)
DA:1,1
DA:2,1
DA:3,1
DA:5,1
DA:7,1
DA:9,1
LF:6
LH:6
BRF:0
BRH:0
end_of_record
TN:
SF:/Users/brunoabrantes/Code/bifrost/v1/models/country.js
FNF:0
FNH:0
DA:1,1
DA:3,1
DA:8,1
LF:3
LH:3
BRF:0
BRH:0
end_of_record
TN:
SF:/Users/brunoabrantes/Code/bifrost/v1/repositories/country.js
FN:1,(anonymous_1)
FN:10,(anonymous_2)
FN:14,(anonymous_3)
FN:17,(anonymous_4)
FN:25,(anonymous_5)
FN:30,(anonymous_6)
FN:31,(anonymous_7)
FNF:7
FNH:6
FNDA:1,(anonymous_1)
FNDA:1,(anonymous_2)
FNDA:1,(anonymous_3)
FNDA:0,(anonymous_4)
FNDA:1,(anonymous_5)
FNDA:1,(anonymous_6)
FNDA:1,(anonymous_7)
DA:1,1
DA:2,1
DA:8,1
DA:10,1
DA:12,1
DA:14,1
DA:15,1
DA:18,0
DA:19,0
DA:20,0
DA:25,1
DA:26,1
DA:27,1
DA:30,1
DA:31,1
DA:32,1
DA:40,1
DA:42,1
LF:18
LH:15
BRF:0
BRH:0
end_of_record
TN:
SF:/Users/brunoabrantes/Code/bifrost/v1/services/error/routes.js
FNF:0
FNH:0
DA:1,1
DA:3,1
DA:4,1
DA:5,1
DA:6,1
DA:7,1
LF:6
LH:6
BRF:0
BRH:0
end_of_record
TN:
SF:/Users/brunoabrantes/Code/bifrost/v1/services/error/service.js
FN:1,(anonymous_1)
FN:5,makeError
FN:9,(anonymous_3)
FN:13,(anonymous_4)
FN:17,(anonymous_5)
FN:21,(anonymous_6)
FN:25,(anonymous_7)
FNF:7
FNH:7
FNDA:1,(anonymous_1)
FNDA:6,makeError
FNDA:1,(anonymous_3)
FNDA:1,(anonymous_4)
FNDA:1,(anonymous_5)
FNDA:2,(anonymous_6)
FNDA:1,(anonymous_7)
DA:1,1
DA:2,1
DA:3,1
DA:5,1
DA:6,6
DA:9,1
DA:10,1
DA:13,1
DA:14,1
DA:17,1
DA:18,1
DA:21,1
DA:22,2
DA:25,1
DA:26,1
LF:15
LH:15
BRF:0
BRH:0
end_of_record
TN:
SF:/Users/brunoabrantes/Code/bifrost/v1/services/event/routes.js
FNF:0
FNH:0
DA:1,1
DA:3,1
DA:4,1
DA:5,1
DA:6,1
DA:7,1
DA:9,1
DA:10,1
DA:11,1
DA:12,1
DA:13,1
DA:14,1
DA:15,1
DA:16,1
DA:17,1
DA:18,1
DA:19,1
LF:17
LH:17
BRF:0
BRH:0
end_of_record
TN:
SF:/Users/brunoabrantes/Code/bifrost/v1/services/event/service.js
FN:1,(anonymous_1)
FNF:1
FNH:1
FNDA:1,(anonymous_1)
DA:1,1
DA:2,1
DA:3,1
DA:4,1
DA:5,1
DA:6,1
DA:7,1
DA:8,1
DA:9,1
DA:10,1
DA:11,1
DA:13,1
DA:14,1
DA:15,1
DA:16,1
DA:17,1
DA:18,1
DA:19,1
DA:20,1
DA:21,1
DA:22,1
DA:24,1
DA:25,1
DA:27,1
DA:28,1
DA:30,1
DA:33,1
DA:34,1
DA:35,1
DA:36,1
DA:37,1
DA:38,1
DA:39,1
DA:40,1
DA:43,1
DA:44,1
DA:45,1
DA:46,1
DA:47,1
DA:48,1
DA:49,1
LF:41
LH:41
BRF:0
BRH:0
end_of_record
TN:
SF:/Users/brunoabrantes/Code/bifrost/v1/models/venue.js
FNF:0
FNH:0
DA:1,1
DA:3,1
DA:22,1
DA:31,1
LF:4
LH:4
BRF:0
BRH:0
end_of_record
TN:
SF:/Users/brunoabrantes/Code/bifrost/v1/models/ticket.js
FNF:0
FNH:0
DA:1,1
DA:3,1
DA:12,1
LF:3
LH:3
BRF:0
BRH:0
end_of_record
TN:
SF:/Users/brunoabrantes/Code/bifrost/v1/repositories/flyer.js
FN:1,(anonymous_1)
FN:10,(anonymous_2)
FN:14,(anonymous_3)
FN:18,(anonymous_4)
FN:26,(anonymous_5)
FN:28,(anonymous_6)
FNF:6
FNH:5
FNDA:1,(anonymous_1)
FNDA:1,(anonymous_2)
FNDA:1,(anonymous_3)
FNDA:0,(anonymous_4)
FNDA:2,(anonymous_5)
FNDA:1,(anonymous_6)
DA:1,1
DA:2,1
DA:7,1
DA:8,1
DA:10,1
DA:12,1
DA:14,1
DA:15,1
DA:19,0
DA:20,0
DA:21,0
DA:26,1
DA:27,2
DA:29,1
DA:30,1
DA:31,1
DA:36,1
DA:38,1
LF:18
LH:15
BRF:0
BRH:0
end_of_record
TN:
SF:/Users/brunoabrantes/Code/bifrost/v1/repositories/invitation.js
FN:1,(anonymous_1)
FN:9,(anonymous_2)
FN:13,(anonymous_3)
FN:16,(anonymous_4)
FN:24,(anonymous_5)
FN:30,(anonymous_6)
FNF:6
FNH:5
FNDA:1,(anonymous_1)
FNDA:1,(anonymous_2)
FNDA:1,(anonymous_3)
FNDA:0,(anonymous_4)
FNDA:2,(anonymous_5)
FNDA:1,(anonymous_6)
DA:1,1
DA:2,1
DA:7,1
DA:9,1
DA:11,1
DA:13,1
DA:14,1
DA:17,0
DA:18,0
DA:19,0
DA:24,1
DA:25,2
DA:29,2
DA:31,1
DA:32,1
DA:33,1
DA:38,1
DA:40,1
LF:18
LH:15
BRDA:31,1,0,1
BRDA:31,1,1,0
BRF:2
BRH:1
end_of_record
TN:
SF:/Users/brunoabrantes/Code/bifrost/v1/repositories/rating.js
FN:1,(anonymous_1)
FN:14,(anonymous_2)
FN:18,(anonymous_3)
FN:22,(anonymous_4)
FN:30,(anonymous_5)
FN:32,(anonymous_6)
FN:37,(anonymous_7)
FN:52,(anonymous_8)
FNF:8
FNH:7
FNDA:1,(anonymous_1)
FNDA:1,(anonymous_2)
FNDA:1,(anonymous_3)
FNDA:0,(anonymous_4)
FNDA:1,(anonymous_5)
FNDA:1,(anonymous_6)
FNDA:2,(anonymous_7)
FNDA:1,(anonymous_8)
DA:1,1
DA:2,1
DA:11,1
DA:12,1
DA:14,1
DA:16,1
DA:18,1
DA:19,1
DA:23,0
DA:24,0
DA:25,0
DA:30,1
DA:31,1
DA:33,1
DA:37,1
DA:38,2
DA:45,2
DA:47,2
DA:51,2
DA:53,1
DA:54,1
DA:55,1
DA:61,1
DA:63,1
LF:24
LH:21
BRDA:45,1,0,2
BRDA:45,1,1,1
BRF:2
BRH:2
end_of_record
TN:
SF:/Users/brunoabrantes/Code/bifrost/v1/models/rating.js
FNF:0
FNH:0
DA:1,1
DA:3,1
DA:8,1
LF:3
LH:3
BRF:0
BRH:0
end_of_record
TN:
SF:/Users/brunoabrantes/Code/bifrost/lib/plugins/mapper.ratings.js
FN:1,(anonymous_1)
FN:7,(anonymous_2)
FN:8,(anonymous_3)
FN:23,(anonymous_4)
FN:28,(anonymous_5)
FNF:5
FNH:5
FNDA:1,(anonymous_1)
FNDA:6,(anonymous_2)
FNDA:13,(anonymous_3)
FNDA:6,(anonymous_4)
FNDA:2,(anonymous_5)
DA:1,1
DA:3,1
DA:5,1
DA:7,1
DA:8,6
DA:9,13
DA:17,13
DA:20,6
DA:23,1
DA:24,6
DA:25,6
DA:28,1
DA:29,2
LF:13
LH:13
BRDA:14,1,0,13
BRDA:14,1,1,2
BRF:2
BRH:2
end_of_record
TN:
SF:/Users/brunoabrantes/Code/bifrost/v1/repositories/venue.js
FN:1,(anonymous_1)
FN:11,(anonymous_2)
FN:15,(anonymous_3)
FN:18,(anonymous_4)
FN:26,(anonymous_5)
FN:30,(anonymous_6)
FN:38,(anonymous_7)
FN:46,(anonymous_8)
FN:58,(anonymous_9)
FN:64,(anonymous_10)
FN:68,(anonymous_11)
FN:73,(anonymous_12)
FNF:12
FNH:11
FNDA:1,(anonymous_1)
FNDA:1,(anonymous_2)
FNDA:4,(anonymous_3)
FNDA:0,(anonymous_4)
FNDA:1,(anonymous_5)
FNDA:2,(anonymous_6)
FNDA:1,(anonymous_7)
FNDA:4,(anonymous_8)
FNDA:2,(anonymous_9)
FNDA:2,(anonymous_10)
FNDA:4,(anonymous_11)
FNDA:3,(anonymous_12)
DA:1,1
DA:2,1
DA:9,1
DA:11,1
DA:13,1
DA:15,1
DA:16,4
DA:19,0
DA:20,0
DA:21,0
DA:26,1
DA:27,1
DA:30,1
DA:31,2
DA:32,2
DA:33,2
DA:35,2
DA:38,1
DA:39,1
DA:40,1
DA:41,1
DA:43,1
DA:46,1
DA:47,4
DA:55,4
DA:58,1
DA:59,2
DA:60,2
DA:61,2
DA:64,1
DA:65,2
DA:68,1
DA:69,4
DA:70,4
DA:73,1
DA:74,3
DA:78,1
DA:80,1
LF:38
LH:35
BRDA:69,1,0,4
BRDA:69,1,1,1
BRF:2
BRH:2
end_of_record
TN:
SF:/Users/brunoabrantes/Code/bifrost/v1/repositories/ticket.js
FN:1,(anonymous_1)
FN:10,(anonymous_2)
FN:14,(anonymous_3)
FN:17,(anonymous_4)
FN:25,(anonymous_5)
FN:27,(anonymous_6)
FNF:6
FNH:5
FNDA:1,(anonymous_1)
FNDA:1,(anonymous_2)
FNDA:1,(anonymous_3)
FNDA:0,(anonymous_4)
FNDA:2,(anonymous_5)
FNDA:1,(anonymous_6)
DA:1,1
DA:2,1
DA:8,1
DA:10,1
DA:12,1
DA:14,1
DA:15,1
DA:18,0
DA:19,0
DA:20,0
DA:25,1
DA:26,2
DA:28,1
DA:29,1
DA:30,1
DA:31,1
DA:32,1
DA:37,1
DA:39,1
LF:19
LH:16
BRDA:28,1,0,1
BRDA:28,1,1,0
BRF:2
BRH:1
end_of_record
TN:
SF:/Users/brunoabrantes/Code/bifrost/v1/services/feedback/routes.js
FNF:0
FNH:0
DA:1,1
DA:3,1
LF:2
LH:2
BRF:0
BRH:0
end_of_record
TN:
SF:/Users/brunoabrantes/Code/bifrost/v1/services/feedback/service.js
FN:1,(anonymous_1)
FNF:1
FNH:1
FNDA:1,(anonymous_1)
DA:1,1
DA:2,1
DA:3,1
DA:5,1
LF:4
LH:4
BRF:0
BRH:0
end_of_record
TN:
SF:/Users/brunoabrantes/Code/bifrost/v1/repositories/feedback.js
FN:1,(anonymous_1)
FN:8,(anonymous_2)
FN:19,(anonymous_3)
FNF:3
FNH:3
FNDA:1,(anonymous_1)
FNDA:1,(anonymous_2)
FNDA:1,(anonymous_3)
DA:1,1
DA:2,1
DA:6,1
DA:8,1
DA:9,1
DA:11,1
DA:18,1
DA:20,1
DA:21,1
DA:22,1
LF:10
LH:10
BRF:0
BRH:0
end_of_record
TN:
SF:/Users/brunoabrantes/Code/bifrost/v1/services/stats/routes.js
FNF:0
FNH:0
DA:1,1
DA:3,1
LF:2
LH:2
BRF:0
BRH:0
end_of_record
TN:
SF:/Users/brunoabrantes/Code/bifrost/v1/services/stats/service.js
FN:1,(anonymous_1)
FNF:1
FNH:1
FNDA:1,(anonymous_1)
DA:1,1
DA:2,1
DA:3,1
DA:5,1
LF:4
LH:4
BRF:0
BRH:0
end_of_record
TN:
SF:/Users/brunoabrantes/Code/bifrost/v1/repositories/stats.js
FN:1,(anonymous_1)
FN:9,(anonymous_2)
FN:13,(anonymous_3)
FN:16,(anonymous_4)
FN:24,(anonymous_5)
FN:26,(anonymous_6)
FNF:6
FNH:5
FNDA:1,(anonymous_1)
FNDA:1,(anonymous_2)
FNDA:1,(anonymous_3)
FNDA:0,(anonymous_4)
FNDA:1,(anonymous_5)
FNDA:1,(anonymous_6)
DA:1,1
DA:2,1
DA:7,1
DA:9,1
DA:11,1
DA:13,1
DA:14,1
DA:17,0
DA:18,0
DA:19,0
DA:24,1
DA:25,1
DA:27,1
DA:28,1
DA:33,1
DA:35,1
LF:16
LH:13
BRF:0
BRH:0
end_of_record
TN:
SF:/Users/brunoabrantes/Code/bifrost/v1/services/music_genre/routes.js
FNF:0
FNH:0
DA:1,1
DA:3,1
DA:4,1
DA:5,1
LF:4
LH:4
BRF:0
BRH:0
end_of_record
TN:
SF:/Users/brunoabrantes/Code/bifrost/v1/services/music_genre/service.js
FN:1,(anonymous_1)
FNF:1
FNH:1
FNDA:1,(anonymous_1)
DA:1,1
DA:2,1
DA:3,1
DA:5,1
DA:7,1
DA:9,1
DA:10,1
DA:11,1
LF:8
LH:8
BRF:0
BRH:0
end_of_record
TN:
SF:/Users/brunoabrantes/Code/bifrost/v1/services/user/routes.js
FNF:0
FNH:0
DA:1,1
DA:3,1
DA:4,1
DA:5,1
DA:6,1
LF:5
LH:5
BRF:0
BRH:0
end_of_record
TN:
SF:/Users/brunoabrantes/Code/bifrost/v1/services/user/service.js
FN:1,(anonymous_1)
FNF:1
FNH:1
FNDA:1,(anonymous_1)
DA:1,1
DA:2,1
DA:3,1
DA:4,1
DA:5,1
DA:7,1
DA:8,1
DA:10,1
DA:11,1
DA:13,1
DA:16,1
DA:19,1
DA:20,1
DA:22,1
LF:14
LH:14
BRF:0
BRH:0
end_of_record
TN:
SF:/Users/brunoabrantes/Code/bifrost/v1/services/venue/routes.js
FNF:0
FNH:0
DA:1,1
DA:3,1
DA:4,1
DA:5,1
DA:6,1
DA:7,1
DA:8,1
DA:9,1
DA:10,1
DA:11,1
DA:12,1
DA:13,1
DA:14,1
LF:13
LH:13
BRF:0
BRH:0
end_of_record
TN:
SF:/Users/brunoabrantes/Code/bifrost/v1/services/venue/service.js
FN:1,(anonymous_1)
FNF:1
FNH:1
FNDA:1,(anonymous_1)
DA:1,1
DA:2,1
DA:3,1
DA:4,1
DA:5,1
DA:6,1
DA:8,1
DA:9,1
DA:10,1
DA:11,1
DA:12,1
DA:14,1
DA:15,1
DA:17,1
DA:18,1
DA:20,1
DA:22,1
DA:23,1
DA:24,1
DA:25,1
DA:26,1
DA:27,1
DA:29,1
DA:30,1
DA:31,1
DA:33,1
DA:34,1
DA:35,1
LF:28
LH:28
BRF:0
BRH:0
end_of_record
TN:
SF:/Users/brunoabrantes/Code/bifrost/lib/dispatcher.js
FN:1,(anonymous_1)
FN:19,(anonymous_2)
FN:20,(anonymous_3)
FN:25,(anonymous_4)
FN:32,(anonymous_5)
FN:36,(anonymous_6)
FN:40,(anonymous_7)
FN:41,(anonymous_8)
FN:57,(anonymous_9)
FN:61,(anonymous_10)
FN:69,(anonymous_11)
FNF:11
FNH:11
FNDA:1,(anonymous_1)
FNDA:1,(anonymous_2)
FNDA:1,(anonymous_3)
FNDA:1,(anonymous_4)
FNDA:43,(anonymous_5)
FNDA:43,(anonymous_6)
FNDA:43,(anonymous_7)
FNDA:68,(anonymous_8)
FNDA:57,(anonymous_9)
FNDA:11,(anonymous_10)
FNDA:1,(anonymous_11)
DA:1,1
DA:2,1
DA:15,1
DA:16,1
DA:17,1
DA:19,1
DA:20,1
DA:21,1
DA:25,1
DA:26,1
DA:27,1
DA:32,1
DA:33,43
DA:36,1
DA:37,43
DA:40,1
DA:41,43
DA:42,68
DA:44,68
DA:45,15
DA:47,53
DA:50,68
DA:56,68
DA:58,57
DA:59,57
DA:62,11
DA:63,11
DA:69,1
DA:70,1
DA:72,1
DA:73,1
DA:75,1
DA:76,1
DA:77,1
DA:79,1
DA:81,1
DA:82,42
DA:85,1
DA:87,1
LF:39
LH:39
BRDA:44,1,0,15
BRDA:44,1,1,53
BRF:2
BRH:2
end_of_record
TN:
SF:/Users/brunoabrantes/Code/bifrost/lib/matcher.js
FN:1,(anonymous_1)
FN:5,(anonymous_2)
FN:11,(anonymous_3)
FN:17,(anonymous_4)
FN:22,(anonymous_5)
FNF:5
FNH:5
FNDA:1,(anonymous_1)
FNDA:78,(anonymous_2)
FNDA:68,(anonymous_3)
FNDA:131,(anonymous_4)
FNDA:74,(anonymous_5)
DA:1,1
DA:2,1
DA:5,1
DA:6,78
DA:11,78
DA:12,68
DA:15,68
DA:18,131
DA:22,68
DA:23,74
DA:26,68
DA:27,30
DA:30,38
DA:32,38
DA:37,38
DA:38,23
DA:39,23
DA:43,78
LF:18
LH:18
BRDA:26,1,0,30
BRDA:26,1,1,38
BRDA:26,2,0,68
BRDA:26,2,1,40
BRDA:37,3,0,23
BRDA:37,3,1,15
BRF:6
BRH:6
end_of_record
TN:
SF:/Users/brunoabrantes/Code/bifrost/lib/route_parser.js
FN:1,(anonymous_1)
FN:5,(anonymous_2)
FN:8,(anonymous_3)
FN:14,(anonymous_4)
FN:18,(anonymous_5)
FN:22,(anonymous_6)
FNF:6
FNH:6
FNDA:1,(anonymous_1)
FNDA:2,(anonymous_2)
FNDA:55,(anonymous_3)
FNDA:45,(anonymous_4)
FNDA:2154,(anonymous_5)
FNDA:55,(anonymous_6)
DA:1,1
DA:2,1
DA:3,1
DA:5,1
DA:6,2
DA:9,55
DA:14,2
DA:15,45
DA:16,45
DA:19,2154
DA:20,2154
DA:23,55
DA:25,55
DA:26,12
DA:28,12
DA:30,43
DA:36,45
LF:17
LH:17
BRDA:25,1,0,12
BRDA:25,1,1,43
BRF:2
BRH:2
end_of_record
TN:
SF:/Users/brunoabrantes/Code/bifrost/lib/middleware/logger.js
FN:13,(anonymous_1)
FNF:1
FNH:0
FNDA:0,(anonymous_1)
DA:1,1
DA:2,1
DA:3,1
DA:5,1
DA:7,1
DA:10,1
DA:13,1
DA:14,0
DA:17,1
LF:9
LH:8
BRDA:5,1,0,1
BRDA:17,2,0,1
BRDA:17,2,1,0
BRF:3
BRH:2
end_of_record
TN:
SF:/Users/brunoabrantes/Code/bifrost/spec/integration/v1/artists_spec.js
FN:1,(anonymous_1)
FN:11,(anonymous_2)
FN:24,(anonymous_3)
FN:34,(anonymous_4)
FN:46,(anonymous_5)
FN:62,(anonymous_6)
FN:72,(anonymous_7)
FN:84,(anonymous_8)
FN:100,(anonymous_9)
FN:110,(anonymous_10)
FN:122,(anonymous_11)
FN:138,(anonymous_12)
FN:148,(anonymous_13)
FNF:13
FNH:13
FNDA:1,(anonymous_1)
FNDA:1,(anonymous_2)
FNDA:1,(anonymous_3)
FNDA:1,(anonymous_4)
FNDA:1,(anonymous_5)
FNDA:1,(anonymous_6)
FNDA:1,(anonymous_7)
FNDA:1,(anonymous_8)
FNDA:1,(anonymous_9)
FNDA:1,(anonymous_10)
FNDA:1,(anonymous_11)
FNDA:1,(anonymous_12)
FNDA:1,(anonymous_13)
DA:1,1
DA:2,1
DA:3,1
DA:4,1
DA:5,1
DA:6,1
DA:8,1
DA:9,1
DA:11,1
DA:12,1
DA:16,1
DA:24,1
DA:25,1
DA:26,1
DA:27,1
DA:28,1
DA:29,1
DA:31,1
DA:32,1
DA:34,1
DA:35,1
DA:39,1
DA:46,1
DA:47,1
DA:48,1
DA:50,1
DA:54,1
DA:62,1
DA:63,1
DA:64,1
DA:65,1
DA:66,1
DA:67,1
DA:69,1
DA:70,1
DA:72,1
DA:73,1
DA:77,1
DA:84,1
DA:85,1
DA:86,1
DA:88,1
DA:92,1
DA:100,1
DA:101,1
DA:102,1
DA:103,1
DA:104,1
DA:105,1
DA:107,1
DA:108,1
DA:110,1
DA:111,1
DA:115,1
DA:122,1
DA:123,1
DA:124,1
DA:126,1
DA:130,1
DA:138,1
DA:139,1
DA:140,1
DA:141,1
DA:142,1
DA:143,1
DA:145,1
DA:146,1
DA:148,1
DA:149,1
DA:153,1
LF:70
LH:70
BRF:0
BRH:0
end_of_record
TN:
SF:/Users/brunoabrantes/Code/bifrost/spec/integration/v1/cities_spec.js
FN:1,(anonymous_1)
FN:11,(anonymous_2)
FNF:2
FNH:2
FNDA:1,(anonymous_1)
FNDA:1,(anonymous_2)
DA:1,1
DA:2,1
DA:3,1
DA:4,1
DA:5,1
DA:6,1
DA:8,1
DA:9,1
DA:11,1
DA:12,1
DA:16,1
LF:11
LH:11
BRF:0
BRH:0
end_of_record
TN:
SF:/Users/brunoabrantes/Code/bifrost/spec/integration/v1/countries_spec.js
FN:1,(anonymous_1)
FN:11,(anonymous_2)
FNF:2
FNH:2
FNDA:1,(anonymous_1)
FNDA:1,(anonymous_2)
DA:1,1
DA:2,1
DA:3,1
DA:4,1
DA:5,1
DA:6,1
DA:8,1
DA:9,1
DA:11,1
DA:12,1
DA:16,1
LF:11
LH:11
BRF:0
BRH:0
end_of_record
TN:
SF:/Users/brunoabrantes/Code/bifrost/spec/integration/v1/errors_spec.js
FN:1,(anonymous_1)
FN:7,(anonymous_2)
FN:15,(anonymous_3)
FN:23,(anonymous_4)
FN:31,(anonymous_5)
FN:39,(anonymous_6)
FN:47,(anonymous_7)
FNF:7
FNH:7
FNDA:1,(anonymous_1)
FNDA:1,(anonymous_2)
FNDA:1,(anonymous_3)
FNDA:1,(anonymous_4)
FNDA:1,(anonymous_5)
FNDA:1,(anonymous_6)
FNDA:1,(anonymous_7)
DA:1,1
DA:2,1
DA:3,1
DA:5,1
DA:7,1
DA:8,1
DA:15,1
DA:16,1
DA:23,1
DA:24,1
DA:31,1
DA:32,1
DA:39,1
DA:40,1
DA:47,1
DA:48,1
LF:16
LH:16
BRF:0
BRH:0
end_of_record
TN:
SF:/Users/brunoabrantes/Code/bifrost/spec/integration/v1/events_spec.js
FN:1,(anonymous_1)
FN:8,(anonymous_2)
FN:12,(anonymous_3)
FN:25,(anonymous_4)
FN:29,(anonymous_5)
FN:42,(anonymous_6)
FN:46,(anonymous_7)
FN:59,(anonymous_8)
FN:63,(anonymous_9)
FN:76,(anonymous_10)
FN:80,(anonymous_11)
FN:92,(anonymous_12)
FN:108,(anonymous_13)
FN:112,(anonymous_14)
FN:125,(anonymous_15)
FN:129,(anonymous_16)
FN:141,(anonymous_17)
FN:157,(anonymous_18)
FN:158,(anonymous_19)
FN:169,(anonymous_20)
FN:170,(anonymous_21)
FN:181,(anonymous_22)
FN:185,(anonymous_23)
FN:198,(anonymous_24)
FN:202,(anonymous_25)
FN:215,(anonymous_26)
FN:219,(anonymous_27)
FNF:27
FNH:27
FNDA:1,(anonymous_1)
FNDA:1,(anonymous_2)
FNDA:1,(anonymous_3)
FNDA:1,(anonymous_4)
FNDA:1,(anonymous_5)
FNDA:1,(anonymous_6)
FNDA:1,(anonymous_7)
FNDA:1,(anonymous_8)
FNDA:1,(anonymous_9)
FNDA:1,(anonymous_10)
FNDA:1,(anonymous_11)
FNDA:1,(anonymous_12)
FNDA:1,(anonymous_13)
FNDA:1,(anonymous_14)
FNDA:1,(anonymous_15)
FNDA:1,(anonymous_16)
FNDA:1,(anonymous_17)
FNDA:1,(anonymous_18)
FNDA:1,(anonymous_19)
FNDA:1,(anonymous_20)
FNDA:1,(anonymous_21)
FNDA:1,(anonymous_22)
FNDA:1,(anonymous_23)
FNDA:1,(anonymous_24)
FNDA:1,(anonymous_25)
FNDA:1,(anonymous_26)
FNDA:1,(anonymous_27)
DA:1,1
DA:2,1
DA:3,1
DA:4,1
DA:5,1
DA:6,1
DA:8,1
DA:9,1
DA:10,1
DA:12,1
DA:13,1
DA:17,1
DA:25,1
DA:26,1
DA:27,1
DA:29,1
DA:30,1
DA:34,1
DA:42,1
DA:43,1
DA:44,1
DA:46,1
DA:47,1
DA:51,1
DA:59,1
DA:60,1
DA:61,1
DA:63,1
DA:64,1
DA:68,1
DA:76,1
DA:77,1
DA:78,1
DA:80,1
DA:81,1
DA:85,1
DA:92,1
DA:93,1
DA:94,1
DA:96,1
DA:100,1
DA:108,1
DA:109,1
DA:110,1
DA:112,1
DA:113,1
DA:117,1
DA:125,1
DA:126,1
DA:127,1
DA:129,1
DA:130,1
DA:134,1
DA:141,1
DA:142,1
DA:143,1
DA:145,1
DA:149,1
DA:157,1
DA:158,1
DA:159,1
DA:163,1
DA:169,1
DA:170,1
DA:171,1
DA:175,1
DA:181,1
DA:182,1
DA:183,1
DA:185,1
DA:186,1
DA:190,1
DA:198,1
DA:199,1
DA:200,1
DA:202,1
DA:203,1
DA:207,1
DA:215,1
DA:216,1
DA:217,1
DA:219,1
DA:220,1
DA:224,1
LF:84
LH:84
BRF:0
BRH:0
end_of_record
TN:
SF:/Users/brunoabrantes/Code/bifrost/spec/integration/v1/feedback_spec.js
FN:1,(anonymous_1)
FN:8,(anonymous_2)
FNF:2
FNH:2
FNDA:1,(anonymous_1)
FNDA:1,(anonymous_2)
DA:1,1
DA:2,1
DA:3,1
DA:4,1
DA:5,1
DA:6,1
DA:8,1
DA:9,1
DA:13,1
LF:9
LH:9
BRF:0
BRH:0
end_of_record
TN:
SF:/Users/brunoabrantes/Code/bifrost/spec/integration/v1/music_genres_spec.js
FN:1,(anonymous_1)
FN:9,(anonymous_2)
FN:14,(anonymous_3)
FN:26,(anonymous_4)
FN:40,(anonymous_5)
FN:45,(anonymous_6)
FN:57,(anonymous_7)
FN:70,(anonymous_8)
FN:75,(anonymous_9)
FN:87,(anonymous_10)
FNF:10
FNH:10
FNDA:1,(anonymous_1)
FNDA:1,(anonymous_2)
FNDA:1,(anonymous_3)
FNDA:1,(anonymous_4)
FNDA:1,(anonymous_5)
FNDA:1,(anonymous_6)
FNDA:1,(anonymous_7)
FNDA:1,(anonymous_8)
FNDA:1,(anonymous_9)
FNDA:1,(anonymous_10)
DA:1,1
DA:2,1
DA:3,1
DA:4,1
DA:5,1
DA:6,1
DA:9,1
DA:10,1
DA:11,1
DA:12,1
DA:14,1
DA:15,1
DA:19,1
DA:26,1
DA:27,1
DA:31,1
DA:40,1
DA:41,1
DA:42,1
DA:43,1
DA:45,1
DA:46,1
DA:50,1
DA:57,1
DA:58,1
DA:62,1
DA:70,1
DA:71,1
DA:72,1
DA:73,1
DA:75,1
DA:76,1
DA:80,1
DA:87,1
DA:88,1
DA:92,1
LF:36
LH:36
BRF:0
BRH:0
end_of_record
TN:
SF:/Users/brunoabrantes/Code/bifrost/spec/integration/v1/parameters_spec.js
FN:1,(anonymous_1)
FN:29,(anonymous_2)
FN:30,(anonymous_3)
FN:38,(anonymous_4)
FN:39,(anonymous_5)
FN:51,(anonymous_6)
FN:63,(anonymous_7)
FN:74,(anonymous_8)
FNF:8
FNH:8
FNDA:1,(anonymous_1)
FNDA:1,(anonymous_2)
FNDA:1,(anonymous_3)
FNDA:1,(anonymous_4)
FNDA:1,(anonymous_5)
FNDA:1,(anonymous_6)
FNDA:1,(anonymous_7)
FNDA:1,(anonymous_8)
DA:1,1
DA:2,1
DA:3,1
DA:4,1
DA:5,1
DA:6,1
DA:7,1
DA:8,1
DA:9,1
DA:10,1
DA:11,1
DA:29,1
DA:30,1
DA:31,1
DA:38,1
DA:39,1
DA:40,1
DA:44,1
DA:51,1
DA:52,1
DA:56,1
DA:63,1
DA:64,1
DA:68,1
DA:74,1
DA:75,1
DA:79,1
LF:27
LH:27
BRF:0
BRH:0
end_of_record
TN:
SF:/Users/brunoabrantes/Code/bifrost/spec/integration/v1/pipeline_composer_spec.js
FN:1,(anonymous_1)
FN:18,(anonymous_2)
FN:19,(anonymous_3)
FN:20,(anonymous_4)
FN:25,(anonymous_5)
FN:35,(anonymous_6)
FN:36,(anonymous_7)
FN:49,(anonymous_8)
FN:59,(anonymous_9)
FN:60,(anonymous_10)
FN:61,(anonymous_11)
FN:68,(anonymous_12)
FN:78,(anonymous_13)
FN:79,(anonymous_14)
FN:94,(anonymous_15)
FNF:15
FNH:15
FNDA:1,(anonymous_1)
FNDA:1,(anonymous_2)
FNDA:1,(anonymous_3)
FNDA:1,(anonymous_4)
FNDA:1,(anonymous_5)
FNDA:1,(anonymous_6)
FNDA:1,(anonymous_7)
FNDA:1,(anonymous_8)
FNDA:1,(anonymous_9)
FNDA:1,(anonymous_10)
FNDA:1,(anonymous_11)
FNDA:1,(anonymous_12)
FNDA:1,(anonymous_13)
FNDA:1,(anonymous_14)
FNDA:1,(anonymous_15)
DA:1,1
DA:2,1
DA:3,1
DA:4,1
DA:5,1
DA:7,1
DA:9,1
DA:15,1
DA:16,1
DA:18,1
DA:19,1
DA:20,1
DA:21,1
DA:23,1
DA:24,1
DA:26,1
DA:27,1
DA:28,1
DA:29,1
DA:30,1
DA:31,1
DA:35,1
DA:36,1
DA:37,1
DA:47,1
DA:48,1
DA:50,1
DA:51,1
DA:52,1
DA:53,1
DA:54,1
DA:59,1
DA:60,1
DA:61,1
DA:62,1
DA:64,1
DA:66,1
DA:67,1
DA:69,1
DA:70,1
DA:71,1
DA:72,1
DA:73,1
DA:74,1
DA:78,1
DA:79,1
DA:80,1
DA:90,1
DA:92,1
DA:93,1
DA:95,1
DA:96,1
DA:97,1
DA:98,1
DA:99,1
LF:55
LH:55
BRF:0
BRH:0
end_of_record
TN:
SF:/Users/brunoabrantes/Code/bifrost/spec/integration/v1/rate_limiter_spec.js
FN:1,(anonymous_1)
FN:7,(anonymous_2)
FN:8,(anonymous_3)
FN:25,(anonymous_4)
FN:26,(anonymous_5)
FNF:5
FNH:5
FNDA:1,(anonymous_1)
FNDA:1,(anonymous_2)
FNDA:1,(anonymous_3)
FNDA:1,(anonymous_4)
FNDA:1,(anonymous_5)
DA:1,1
DA:2,1
DA:3,1
DA:4,1
DA:5,1
DA:7,1
DA:8,1
DA:9,1
DA:16,1
DA:25,1
DA:26,1
DA:27,1
DA:33,1
LF:13
LH:13
BRF:0
BRH:0
end_of_record
TN:
SF:/Users/brunoabrantes/Code/bifrost/spec/integration/v1/stats_spec.js
FN:1,(anonymous_1)
FN:11,(anonymous_2)
FNF:2
FNH:2
FNDA:1,(anonymous_1)
FNDA:1,(anonymous_2)
DA:1,1
DA:2,1
DA:3,1
DA:4,1
DA:5,1
DA:6,1
DA:8,1
DA:9,1
DA:11,1
DA:12,1
DA:16,1
LF:11
LH:11
BRF:0
BRH:0
end_of_record
TN:
SF:/Users/brunoabrantes/Code/bifrost/spec/integration/v1/users_spec.js
FN:1,(anonymous_1)
FN:8,(anonymous_2)
FN:9,(anonymous_3)
FN:19,(anonymous_4)
FN:45,(anonymous_5)
FN:46,(anonymous_6)
FN:65,(anonymous_7)
FN:66,(anonymous_8)
FN:81,(anonymous_9)
FN:85,(anonymous_10)
FNF:10
FNH:10
FNDA:1,(anonymous_1)
FNDA:1,(anonymous_2)
FNDA:1,(anonymous_3)
FNDA:1,(anonymous_4)
FNDA:1,(anonymous_5)
FNDA:1,(anonymous_6)
FNDA:1,(anonymous_7)
FNDA:1,(anonymous_8)
FNDA:1,(anonymous_9)
FNDA:1,(anonymous_10)
DA:1,1
DA:2,1
DA:3,1
DA:4,1
DA:5,1
DA:6,1
DA:8,1
DA:9,1
DA:10,1
DA:14,1
DA:19,1
DA:20,1
DA:21,1
DA:23,1
DA:27,1
DA:38,1
DA:45,1
DA:46,1
DA:47,1
DA:51,1
DA:65,1
DA:66,1
DA:67,1
DA:68,1
DA:70,1
DA:74,1
DA:81,1
DA:82,1
DA:83,1
DA:85,1
DA:86,1
DA:90,1
LF:32
LH:32
BRF:0
BRH:0
end_of_record
TN:
SF:/Users/brunoabrantes/Code/bifrost/spec/integration/v1/venues_spec.js
FN:1,(anonymous_1)
FN:8,(anonymous_2)
FN:12,(anonymous_3)
FN:25,(anonymous_4)
FN:29,(anonymous_5)
FN:42,(anonymous_6)
FN:46,(anonymous_7)
FN:59,(anonymous_8)
FN:63,(anonymous_9)
FN:75,(anonymous_10)
FN:91,(anonymous_11)
FN:101,(anonymous_12)
FN:113,(anonymous_13)
FN:129,(anonymous_14)
FN:130,(anonymous_15)
FN:141,(anonymous_16)
FN:142,(anonymous_17)
FN:153,(anonymous_18)
FN:165,(anonymous_19)
FN:177,(anonymous_20)
FN:189,(anonymous_21)
FN:190,(anonymous_22)
FN:203,(anonymous_23)
FN:217,(anonymous_24)
FN:218,(anonymous_25)
FN:231,(anonymous_26)
FN:246,(anonymous_27)
FN:247,(anonymous_28)
FN:263,(anonymous_29)
FN:264,(anonymous_30)
FNF:30
FNH:30
FNDA:1,(anonymous_1)
FNDA:1,(anonymous_2)
FNDA:1,(anonymous_3)
FNDA:1,(anonymous_4)
FNDA:1,(anonymous_5)
FNDA:1,(anonymous_6)
FNDA:1,(anonymous_7)
FNDA:1,(anonymous_8)
FNDA:1,(anonymous_9)
FNDA:1,(anonymous_10)
FNDA:1,(anonymous_11)
FNDA:1,(anonymous_12)
FNDA:1,(anonymous_13)
FNDA:1,(anonymous_14)
FNDA:1,(anonymous_15)
FNDA:1,(anonymous_16)
FNDA:1,(anonymous_17)
FNDA:1,(anonymous_18)
FNDA:1,(anonymous_19)
FNDA:1,(anonymous_20)
FNDA:1,(anonymous_21)
FNDA:1,(anonymous_22)
FNDA:1,(anonymous_23)
FNDA:1,(anonymous_24)
FNDA:1,(anonymous_25)
FNDA:1,(anonymous_26)
FNDA:1,(anonymous_27)
FNDA:1,(anonymous_28)
FNDA:1,(anonymous_29)
FNDA:1,(anonymous_30)
DA:1,1
DA:2,1
DA:3,1
DA:4,1
DA:5,1
DA:6,1
DA:8,1
DA:9,1
DA:10,1
DA:12,1
DA:13,1
DA:17,1
DA:25,1
DA:26,1
DA:27,1
DA:29,1
DA:30,1
DA:34,1
DA:42,1
DA:43,1
DA:44,1
DA:46,1
DA:47,1
DA:51,1
DA:59,1
DA:60,1
DA:61,1
DA:63,1
DA:64,1
DA:68,1
DA:75,1
DA:76,1
DA:77,1
DA:79,1
DA:83,1
DA:91,1
DA:92,1
DA:93,1
DA:94,1
DA:95,1
DA:96,1
DA:98,1
DA:99,1
DA:101,1
DA:102,1
DA:106,1
DA:113,1
DA:114,1
DA:115,1
DA:117,1
DA:121,1
DA:129,1
DA:130,1
DA:131,1
DA:135,1
DA:141,1
DA:142,1
DA:143,1
DA:147,1
DA:153,1
DA:154,1
DA:155,1
DA:156,1
DA:157,1
DA:158,1
DA:160,1
DA:161,1
DA:162,1
DA:163,1
DA:165,1
DA:166,1
DA:170,1
DA:177,1
DA:178,1
DA:182,1
DA:189,1
DA:190,1
DA:191,1
DA:192,1
DA:196,1
DA:203,1
DA:204,1
DA:205,1
DA:209,1
DA:217,1
DA:218,1
DA:219,1
DA:220,1
DA:224,1
DA:231,1
DA:232,1
DA:233,1
DA:237,1
DA:246,1
DA:247,1
DA:248,1
DA:249,1
DA:251,1
DA:255,1
DA:263,1
DA:264,1
DA:265,1
DA:269,1
LF:103
LH:103
BRF:0
BRH:0
end_of_record
TN:
SF:/Users/brunoabrantes/Code/bifrost/spec/unit/lib/base_repository_spec.js
FN:1,(anonymous_1)
FN:9,(anonymous_2)
FN:10,(anonymous_3)
FN:11,(anonymous_4)
FN:13,(anonymous_5)
FN:25,(anonymous_6)
FN:37,(anonymous_7)
FN:42,(anonymous_8)
FN:44,(anonymous_9)
FN:51,(anonymous_10)
FN:57,(anonymous_11)
FN:63,(anonymous_12)
FN:69,(anonymous_13)
FN:69,(anonymous_14)
FN:76,(anonymous_15)
FN:78,(anonymous_16)
FN:93,(anonymous_17)
FN:108,(anonymous_18)
FN:124,(anonymous_19)
FNF:19
FNH:17
FNDA:1,(anonymous_1)
FNDA:1,(anonymous_2)
FNDA:1,(anonymous_3)
FNDA:1,(anonymous_4)
FNDA:1,(anonymous_5)
FNDA:1,(anonymous_6)
FNDA:1,(anonymous_7)
FNDA:0,(anonymous_8)
FNDA:1,(anonymous_9)
FNDA:1,(anonymous_10)
FNDA:1,(anonymous_11)
FNDA:1,(anonymous_12)
FNDA:0,(anonymous_13)
FNDA:1,(anonymous_14)
FNDA:1,(anonymous_15)
FNDA:1,(anonymous_16)
FNDA:1,(anonymous_17)
FNDA:1,(anonymous_18)
FNDA:1,(anonymous_19)
DA:1,1
DA:2,1
DA:3,1
DA:4,1
DA:5,1
DA:7,1
DA:9,1
DA:10,1
DA:11,1
DA:13,1
DA:14,1
DA:16,1
DA:17,1
DA:19,1
DA:25,1
DA:26,1
DA:28,1
DA:29,1
DA:31,1
DA:37,1
DA:38,1
DA:42,1
DA:43,1
DA:44,1
DA:45,1
DA:46,1
DA:47,1
DA:51,1
DA:52,1
DA:56,1
DA:57,1
DA:58,1
DA:59,1
DA:63,1
DA:64,1
DA:68,1
DA:69,1
DA:70,1
DA:71,1
DA:76,1
DA:78,1
DA:79,1
DA:80,1
DA:82,1
DA:93,1
DA:94,1
DA:95,1
DA:97,1
DA:108,1
DA:109,1
DA:110,1
DA:112,1
DA:124,1
DA:125,1
DA:126,1
DA:128,1
LF:56
LH:56
BRF:0
BRH:0
end_of_record
TN:
SF:/Users/brunoabrantes/Code/bifrost/spec/unit/lib/dispatcher_spec.js
FN:1,(anonymous_1)
FN:4,(anonymous_2)
FN:5,(anonymous_3)
FN:11,(anonymous_4)
FN:12,(anonymous_5)
FN:18,(anonymous_6)
FN:19,(anonymous_7)
FNF:7
FNH:7
FNDA:1,(anonymous_1)
FNDA:1,(anonymous_2)
FNDA:1,(anonymous_3)
FNDA:1,(anonymous_4)
FNDA:1,(anonymous_5)
FNDA:1,(anonymous_6)
FNDA:1,(anonymous_7)
DA:1,1
DA:2,1
DA:4,1
DA:5,1
DA:6,1
DA:7,1
DA:11,1
DA:12,1
DA:13,1
DA:14,1
DA:18,1
DA:19,1
DA:20,1
DA:21,1
LF:14
LH:14
BRF:0
BRH:0
end_of_record
TN:
SF:/Users/brunoabrantes/Code/bifrost/spec/unit/lib/http_client_spec.js
FN:1,(anonymous_1)
FN:10,(anonymous_2)
FN:11,(anonymous_3)
FN:19,(anonymous_4)
FN:25,(anonymous_5)
FN:33,(anonymous_6)
FN:39,(anonymous_7)
FN:43,(anonymous_8)
FN:50,(anonymous_9)
FN:51,(anonymous_10)
FN:62,(anonymous_11)
FN:73,(anonymous_12)
FN:84,(anonymous_13)
FN:95,(anonymous_14)
FN:106,(anonymous_15)
FN:119,(anonymous_16)
FN:129,(anonymous_17)
FN:141,(anonymous_18)
FN:164,(anonymous_19)
FN:165,(anonymous_20)
FN:173,(anonymous_21)
FN:185,(anonymous_22)
FN:203,(anonymous_23)
FN:204,(anonymous_24)
FN:211,(anonymous_25)
FN:225,(anonymous_26)
FN:245,(anonymous_27)
FN:246,(anonymous_28)
FN:253,(anonymous_29)
FN:267,(anonymous_30)
FN:287,(anonymous_31)
FN:288,(anonymous_32)
FN:295,(anonymous_33)
FN:307,(anonymous_34)
FNF:34
FNH:34
FNDA:1,(anonymous_1)
FNDA:1,(anonymous_2)
FNDA:1,(anonymous_3)
FNDA:1,(anonymous_4)
FNDA:1,(anonymous_5)
FNDA:1,(anonymous_6)
FNDA:1,(anonymous_7)
FNDA:1,(anonymous_8)
FNDA:1,(anonymous_9)
FNDA:1,(anonymous_10)
FNDA:1,(anonymous_11)
FNDA:1,(anonymous_12)
FNDA:1,(anonymous_13)
FNDA:1,(anonymous_14)
FNDA:1,(anonymous_15)
FNDA:1,(anonymous_16)
FNDA:1,(anonymous_17)
FNDA:1,(anonymous_18)
FNDA:1,(anonymous_19)
FNDA:1,(anonymous_20)
FNDA:1,(anonymous_21)
FNDA:1,(anonymous_22)
FNDA:1,(anonymous_23)
FNDA:1,(anonymous_24)
FNDA:1,(anonymous_25)
FNDA:1,(anonymous_26)
FNDA:1,(anonymous_27)
FNDA:1,(anonymous_28)
FNDA:1,(anonymous_29)
FNDA:1,(anonymous_30)
FNDA:1,(anonymous_31)
FNDA:1,(anonymous_32)
FNDA:1,(anonymous_33)
FNDA:1,(anonymous_34)
DA:1,1
DA:2,1
DA:6,1
DA:7,1
DA:8,1
DA:10,1
DA:11,1
DA:12,1
DA:14,1
DA:18,1
DA:20,1
DA:21,1
DA:25,1
DA:26,1
DA:28,1
DA:32,1
DA:34,1
DA:35,1
DA:39,1
DA:40,1
DA:42,1
DA:44,1
DA:45,1
DA:50,1
DA:51,1
DA:52,1
DA:53,1
DA:57,1
DA:59,1
DA:62,1
DA:63,1
DA:64,1
DA:68,1
DA:70,1
DA:73,1
DA:74,1
DA:75,1
DA:79,1
DA:81,1
DA:84,1
DA:85,1
DA:86,1
DA:90,1
DA:92,1
DA:95,1
DA:96,1
DA:97,1
DA:101,1
DA:103,1
DA:106,1
DA:107,1
DA:108,1
DA:114,1
DA:116,1
DA:119,1
DA:120,1
DA:121,1
DA:124,1
DA:126,1
DA:129,1
DA:130,1
DA:131,1
DA:136,1
DA:138,1
DA:141,1
DA:142,1
DA:143,1
DA:148,1
DA:154,1
DA:156,1
DA:158,1
DA:160,1
DA:164,1
DA:165,1
DA:166,1
DA:167,1
DA:168,1
DA:170,1
DA:173,1
DA:174,1
DA:175,1
DA:176,1
DA:178,1
DA:185,1
DA:186,1
DA:192,1
DA:193,1
DA:194,1
DA:196,1
DA:203,1
DA:204,1
DA:205,1
DA:206,1
DA:207,1
DA:208,1
DA:211,1
DA:212,1
DA:213,1
DA:214,1
DA:216,1
DA:218,1
DA:225,1
DA:226,1
DA:232,1
DA:233,1
DA:235,1
DA:237,1
DA:245,1
DA:246,1
DA:247,1
DA:248,1
DA:249,1
DA:250,1
DA:253,1
DA:254,1
DA:255,1
DA:256,1
DA:258,1
DA:260,1
DA:267,1
DA:268,1
DA:274,1
DA:275,1
DA:277,1
DA:279,1
DA:287,1
DA:288,1
DA:289,1
DA:290,1
DA:291,1
DA:292,1
DA:295,1
DA:296,1
DA:297,1
DA:299,1
DA:301,1
DA:307,1
DA:308,1
DA:314,1
DA:315,1
DA:317,1
DA:319,1
LF:142
LH:142
BRF:0
BRH:0
end_of_record
TN:
SF:/Users/brunoabrantes/Code/bifrost/spec/unit/lib/mapper_spec.js
FN:1,(anonymous_1)
FN:4,(anonymous_2)
FN:5,(anonymous_3)
FN:12,(anonymous_4)
FN:13,(anonymous_5)
FN:20,(anonymous_6)
FN:25,(anonymous_7)
FN:35,(anonymous_8)
FN:36,(anonymous_9)
FN:41,(anonymous_10)
FN:55,(anonymous_11)
FN:60,(anonymous_12)
FN:65,(anonymous_13)
FN:69,(anonymous_14)
FN:86,(anonymous_15)
FN:87,(anonymous_16)
FN:88,(anonymous_17)
FN:94,(anonymous_18)
FN:101,(anonymous_19)
FN:102,(anonymous_20)
FN:119,(anonymous_21)
FN:136,(anonymous_22)
FN:151,(anonymous_23)
FN:169,(anonymous_24)
FN:170,(anonymous_25)
FN:191,(anonymous_26)
FN:212,(anonymous_27)
FN:233,(anonymous_28)
FNF:28
FNH:27
FNDA:1,(anonymous_1)
FNDA:1,(anonymous_2)
FNDA:1,(anonymous_3)
FNDA:1,(anonymous_4)
FNDA:1,(anonymous_5)
FNDA:1,(anonymous_6)
FNDA:1,(anonymous_7)
FNDA:1,(anonymous_8)
FNDA:1,(anonymous_9)
FNDA:1,(anonymous_10)
FNDA:1,(anonymous_11)
FNDA:1,(anonymous_12)
FNDA:1,(anonymous_13)
FNDA:0,(anonymous_14)
FNDA:1,(anonymous_15)
FNDA:1,(anonymous_16)
FNDA:1,(anonymous_17)
FNDA:1,(anonymous_18)
FNDA:1,(anonymous_19)
FNDA:1,(anonymous_20)
FNDA:1,(anonymous_21)
FNDA:1,(anonymous_22)
FNDA:1,(anonymous_23)
FNDA:1,(anonymous_24)
FNDA:1,(anonymous_25)
FNDA:1,(anonymous_26)
FNDA:1,(anonymous_27)
FNDA:1,(anonymous_28)
DA:1,1
DA:2,1
DA:4,1
DA:5,1
DA:6,1
DA:8,1
DA:12,1
DA:13,1
DA:14,1
DA:17,1
DA:20,1
DA:21,1
DA:25,1
DA:26,1
DA:27,1
DA:30,1
DA:32,1
DA:35,1
DA:36,1
DA:37,1
DA:41,1
DA:42,1
DA:43,1
DA:46,1
DA:50,1
DA:55,1
DA:56,1
DA:60,1
DA:61,1
DA:62,1
DA:65,1
DA:66,1
DA:69,1
DA:70,0
DA:71,0
DA:74,1
DA:80,1
DA:86,1
DA:87,1
DA:88,1
DA:89,1
DA:92,1
DA:95,1
DA:96,1
DA:101,1
DA:102,1
DA:103,1
DA:114,1
DA:116,1
DA:119,1
DA:120,1
DA:131,1
DA:133,1
DA:136,1
DA:137,1
DA:146,1
DA:148,1
DA:151,1
DA:152,1
DA:163,1
DA:165,1
DA:169,1
DA:170,1
DA:171,1
DA:186,1
DA:188,1
DA:191,1
DA:192,1
DA:207,1
DA:209,1
DA:212,1
DA:213,1
DA:228,1
DA:230,1
DA:233,1
DA:234,1
DA:245,1
DA:247,1
LF:78
LH:76
BRF:0
BRH:0
end_of_record
TN:
SF:/Users/brunoabrantes/Code/bifrost/spec/unit/lib/matcher_spec.js
FN:1,(anonymous_1)
FN:4,(anonymous_2)
FN:12,(anonymous_3)
FN:20,(anonymous_4)
FN:28,(anonymous_5)
FN:36,(anonymous_6)
FN:44,(anonymous_7)
FN:52,(anonymous_8)
FN:60,(anonymous_9)
FN:68,(anonymous_10)
FN:76,(anonymous_11)
FNF:11
FNH:11
FNDA:1,(anonymous_1)
FNDA:1,(anonymous_2)
FNDA:1,(anonymous_3)
FNDA:1,(anonymous_4)
FNDA:1,(anonymous_5)
FNDA:1,(anonymous_6)
FNDA:1,(anonymous_7)
FNDA:1,(anonymous_8)
FNDA:1,(anonymous_9)
FNDA:1,(anonymous_10)
FNDA:1,(anonymous_11)
DA:1,1
DA:2,1
DA:4,1
DA:5,1
DA:6,1
DA:7,1
DA:9,1
DA:12,1
DA:13,1
DA:14,1
DA:15,1
DA:17,1
DA:20,1
DA:21,1
DA:22,1
DA:23,1
DA:25,1
DA:28,1
DA:29,1
DA:30,1
DA:31,1
DA:33,1
DA:36,1
DA:37,1
DA:38,1
DA:39,1
DA:41,1
DA:44,1
DA:45,1
DA:46,1
DA:47,1
DA:49,1
DA:52,1
DA:53,1
DA:54,1
DA:55,1
DA:57,1
DA:60,1
DA:61,1
DA:62,1
DA:63,1
DA:65,1
DA:68,1
DA:69,1
DA:70,1
DA:71,1
DA:73,1
DA:76,1
DA:77,1
DA:78,1
DA:79,1
DA:81,1
LF:52
LH:52
BRF:0
BRH:0
end_of_record
TN:
SF:/Users/brunoabrantes/Code/bifrost/spec/unit/lib/middleware/embed_relations_spec.js
FN:1,(anonymous_1)
FN:35,(anonymous_2)
FN:48,(anonymous_3)
FN:55,(anonymous_4)
FN:58,(anonymous_5)
FN:66,(anonymous_6)
FN:69,(anonymous_7)
FN:72,(anonymous_8)
FN:76,(anonymous_9)
FN:80,(anonymous_10)
FN:98,(anonymous_11)
FN:102,(anonymous_12)
FN:120,(anonymous_13)
FN:124,(anonymous_14)
FN:142,(anonymous_15)
FN:146,(anonymous_16)
FN:158,(anonymous_17)
FN:162,(anonymous_18)
FN:174,(anonymous_19)
FN:178,(anonymous_20)
FN:197,(anonymous_21)
FN:201,(anonymous_22)
FN:213,(anonymous_23)
FN:217,(anonymous_24)
FNF:24
FNH:23
FNDA:1,(anonymous_1)
FNDA:9,(anonymous_2)
FNDA:2,(anonymous_3)
FNDA:2,(anonymous_4)
FNDA:1,(anonymous_5)
FNDA:1,(anonymous_6)
FNDA:1,(anonymous_7)
FNDA:0,(anonymous_8)
FNDA:1,(anonymous_9)
FNDA:1,(anonymous_10)
FNDA:1,(anonymous_11)
FNDA:1,(anonymous_12)
FNDA:1,(anonymous_13)
FNDA:1,(anonymous_14)
FNDA:1,(anonymous_15)
FNDA:1,(anonymous_16)
FNDA:1,(anonymous_17)
FNDA:1,(anonymous_18)
FNDA:1,(anonymous_19)
FNDA:1,(anonymous_20)
FNDA:1,(anonymous_21)
FNDA:1,(anonymous_22)
FNDA:1,(anonymous_23)
FNDA:1,(anonymous_24)
DA:1,1
DA:3,1
DA:4,1
DA:5,1
DA:6,1
DA:7,1
DA:9,1
DA:19,1
DA:29,1
DA:30,1
DA:35,1
DA:36,9
DA:39,1
DA:46,1
DA:49,2
DA:55,2
DA:59,1
DA:66,1
DA:70,1
DA:72,0
DA:76,1
DA:78,1
DA:81,1
DA:82,1
DA:88,1
DA:89,1
DA:95,1
DA:98,1
DA:100,1
DA:103,1
DA:104,1
DA:110,1
DA:111,1
DA:117,1
DA:120,1
DA:122,1
DA:125,1
DA:126,1
DA:132,1
DA:133,1
DA:139,1
DA:142,1
DA:144,1
DA:145,1
DA:147,1
DA:148,1
DA:155,1
DA:158,1
DA:160,1
DA:161,1
DA:163,1
DA:164,1
DA:171,1
DA:174,1
DA:176,1
DA:177,1
DA:179,1
DA:187,1
DA:194,1
DA:197,1
DA:199,1
DA:200,1
DA:202,1
DA:203,1
DA:210,1
DA:213,1
DA:215,1
DA:216,1
DA:218,1
DA:219,1
DA:226,1
LF:71
LH:70
BRDA:36,1,0,1
BRDA:36,1,1,8
BRF:2
BRH:2
end_of_record
TN:
SF:/Users/brunoabrantes/Code/bifrost/spec/unit/lib/middleware/rate_limiter_spec.js
FN:1,(anonymous_1)
FN:7,(anonymous_2)
FN:12,(anonymous_3)
FN:13,(anonymous_4)
FN:19,(anonymous_5)
FN:28,(anonymous_6)
FN:29,(anonymous_7)
FN:36,(anonymous_8)
FN:46,(anonymous_9)
FN:47,(anonymous_10)
FN:53,(anonymous_11)
FN:63,(anonymous_12)
FN:64,(anonymous_13)
FN:71,(anonymous_14)
FN:81,(anonymous_15)
FN:82,(anonymous_16)
FN:92,(anonymous_17)
FN:98,(anonymous_18)
FN:99,(anonymous_19)
FN:109,(anonymous_20)
FNF:20
FNH:20
FNDA:1,(anonymous_1)
FNDA:6,(anonymous_2)
FNDA:1,(anonymous_3)
FNDA:1,(anonymous_4)
FNDA:1,(anonymous_5)
FNDA:1,(anonymous_6)
FNDA:1,(anonymous_7)
FNDA:1,(anonymous_8)
FNDA:1,(anonymous_9)
FNDA:1,(anonymous_10)
FNDA:1,(anonymous_11)
FNDA:1,(anonymous_12)
FNDA:1,(anonymous_13)
FNDA:1,(anonymous_14)
FNDA:1,(anonymous_15)
FNDA:1,(anonymous_16)
FNDA:1,(anonymous_17)
FNDA:1,(anonymous_18)
FNDA:1,(anonymous_19)
FNDA:1,(anonymous_20)
DA:1,1
DA:2,1
DA:3,1
DA:4,1
DA:5,1
DA:7,1
DA:8,6
DA:9,6
DA:12,1
DA:13,1
DA:14,1
DA:19,1
DA:20,1
DA:23,1
DA:28,1
DA:29,1
DA:30,1
DA:36,1
DA:37,1
DA:38,1
DA:41,1
DA:46,1
DA:47,1
DA:48,1
DA:53,1
DA:54,1
DA:55,1
DA:58,1
DA:63,1
DA:64,1
DA:65,1
DA:71,1
DA:72,1
DA:73,1
DA:76,1
DA:81,1
DA:82,1
DA:83,1
DA:88,1
DA:90,1
DA:93,1
DA:98,1
DA:99,1
DA:100,1
DA:105,1
DA:107,1
DA:110,1
DA:111,1
LF:48
LH:48
BRF:0
BRH:0
end_of_record
TN:
SF:/Users/brunoabrantes/Code/bifrost/spec/unit/lib/model_spec.js
FN:1,(anonymous_1)
FN:4,(anonymous_2)
FN:5,(anonymous_3)
FN:7,(anonymous_4)
FN:12,(anonymous_5)
FN:14,(anonymous_6)
FN:19,(anonymous_7)
FN:34,(anonymous_8)
FN:36,(anonymous_9)
FN:50,(anonymous_10)
FN:66,(anonymous_11)
FN:68,(anonymous_12)
FN:80,(anonymous_13)
FN:82,(anonymous_14)
FN:94,(anonymous_15)
FN:113,(anonymous_16)
FN:115,(anonymous_17)
FN:131,(anonymous_18)
FN:133,(anonymous_19)
FN:150,(anonymous_20)
FN:152,(anonymous_21)
FNF:21
FNH:18
FNDA:1,(anonymous_1)
FNDA:1,(anonymous_2)
FNDA:1,(anonymous_3)
FNDA:1,(anonymous_4)
FNDA:1,(anonymous_5)
FNDA:1,(anonymous_6)
FNDA:1,(anonymous_7)
FNDA:1,(anonymous_8)
FNDA:1,(anonymous_9)
FNDA:1,(anonymous_10)
FNDA:1,(anonymous_11)
FNDA:0,(anonymous_12)
FNDA:1,(anonymous_13)
FNDA:0,(anonymous_14)
FNDA:1,(anonymous_15)
FNDA:1,(anonymous_16)
FNDA:1,(anonymous_17)
FNDA:1,(anonymous_18)
FNDA:2,(anonymous_19)
FNDA:1,(anonymous_20)
FNDA:0,(anonymous_21)
DA:1,1
DA:2,1
DA:4,1
DA:5,1
DA:6,1
DA:7,1
DA:8,1
DA:12,1
DA:13,1
DA:14,1
DA:15,1
DA:19,1
DA:20,1
DA:23,1
DA:25,1
DA:29,1
DA:31,1
DA:34,1
DA:35,1
DA:37,1
DA:41,1
DA:45,1
DA:47,1
DA:50,1
DA:51,1
DA:55,1
DA:57,1
DA:61,1
DA:63,1
DA:66,1
DA:67,1
DA:68,0
DA:71,1
DA:75,1
DA:77,1
DA:80,1
DA:81,1
DA:82,0
DA:85,1
DA:89,1
DA:91,1
DA:94,1
DA:95,1
DA:98,1
DA:100,1
DA:104,1
DA:109,1
DA:110,1
DA:113,1
DA:114,1
DA:116,1
DA:120,1
DA:124,1
DA:128,1
DA:131,1
DA:132,1
DA:134,2
DA:138,1
DA:142,1
DA:147,1
DA:150,1
DA:151,1
DA:153,0
DA:157,1
DA:161,1
DA:163,1
LF:66
LH:63
BRF:0
BRH:0
end_of_record
TN:
SF:/Users/brunoabrantes/Code/bifrost/spec/unit/lib/pipeline_composer_spec.js
FN:1,(anonymous_1)
FN:9,(anonymous_2)
FN:10,(anonymous_3)
FN:11,(anonymous_4)
FN:21,(anonymous_5)
FN:22,(anonymous_6)
FN:32,(anonymous_7)
FN:33,(anonymous_8)
FN:54,(anonymous_9)
FNF:9
FNH:7
FNDA:1,(anonymous_1)
FNDA:1,(anonymous_2)
FNDA:1,(anonymous_3)
FNDA:0,(anonymous_4)
FNDA:1,(anonymous_5)
FNDA:0,(anonymous_6)
FNDA:1,(anonymous_7)
FNDA:1,(anonymous_8)
FNDA:1,(anonymous_9)
DA:1,1
DA:2,1
DA:3,1
DA:4,1
DA:6,1
DA:7,1
DA:9,1
DA:10,1
DA:11,1
DA:12,1
DA:14,1
DA:16,1
DA:17,1
DA:18,1
DA:21,1
DA:22,1
DA:23,1
DA:25,1
DA:27,1
DA:28,1
DA:29,1
DA:32,1
DA:33,1
DA:34,1
DA:46,1
DA:48,1
DA:50,1
DA:51,1
DA:53,1
DA:55,1
DA:56,1
DA:57,1
LF:32
LH:32
BRF:0
BRH:0
end_of_record
TN:
SF:/Users/brunoabrantes/Code/bifrost/spec/unit/lib/plugins/mapper.camel_case_spec.js
FN:1,(anonymous_1)
FN:6,(anonymous_2)
FN:44,(anonymous_3)
FNF:3
FNH:3
FNDA:1,(anonymous_1)
FNDA:1,(anonymous_2)
FNDA:1,(anonymous_3)
DA:1,1
DA:2,1
DA:3,1
DA:4,1
DA:6,1
DA:7,1
DA:40,1
DA:41,1
DA:44,1
DA:45,1
DA:142,1
DA:143,1
LF:12
LH:12
BRF:0
BRH:0
end_of_record
TN:
SF:/Users/brunoabrantes/Code/bifrost/spec/unit/lib/plugins/mapper.flyer_serializer_spec.js
FN:1,(anonymous_1)
FN:7,(anonymous_2)
FN:8,(anonymous_3)
FN:9,(anonymous_4)
FN:34,(anonymous_5)
FN:35,(anonymous_6)
FN:36,(anonymous_7)
FN:60,(anonymous_8)
FN:101,(anonymous_9)
FN:102,(anonymous_10)
FN:110,(anonymous_11)
FN:117,(anonymous_12)
FN:123,(anonymous_13)
FN:124,(anonymous_14)
FN:168,(anonymous_15)
FNF:15
FNH:14
FNDA:1,(anonymous_1)
FNDA:1,(anonymous_2)
FNDA:1,(anonymous_3)
FNDA:1,(anonymous_4)
FNDA:1,(anonymous_5)
FNDA:1,(anonymous_6)
FNDA:1,(anonymous_7)
FNDA:1,(anonymous_8)
FNDA:1,(anonymous_9)
FNDA:1,(anonymous_10)
FNDA:0,(anonymous_11)
FNDA:1,(anonymous_12)
FNDA:1,(anonymous_13)
FNDA:1,(anonymous_14)
FNDA:1,(anonymous_15)
DA:1,1
DA:3,1
DA:4,1
DA:5,1
DA:7,1
DA:8,1
DA:9,1
DA:10,1
DA:18,1
DA:34,1
DA:35,1
DA:36,1
DA:37,1
DA:46,1
DA:60,1
DA:61,1
DA:76,1
DA:101,1
DA:102,1
DA:103,1
DA:104,1
DA:111,0
DA:115,1
DA:117,1
DA:118,1
DA:123,1
DA:124,1
DA:125,1
DA:142,1
DA:168,1
DA:169,1
DA:182,1
LF:32
LH:31
BRF:0
BRH:0
end_of_record
TN:
SF:/Users/brunoabrantes/Code/bifrost/spec/unit/lib/plugins/mapper.links_spec.js
FN:1,(anonymous_1)
FN:6,(anonymous_2)
FN:16,(anonymous_3)
FN:23,(anonymous_4)
FN:30,(anonymous_5)
FN:37,(anonymous_6)
FN:38,(anonymous_7)
FN:46,(anonymous_8)
FN:47,(anonymous_9)
FN:56,(anonymous_10)
FN:65,(anonymous_11)
FN:74,(anonymous_12)
FN:75,(anonymous_13)
FN:84,(anonymous_14)
FN:92,(anonymous_15)
FN:93,(anonymous_16)
FN:102,(anonymous_17)
FN:112,(anonymous_18)
FN:120,(anonymous_19)
FN:121,(anonymous_20)
FN:130,(anonymous_21)
FNF:21
FNH:21
FNDA:1,(anonymous_1)
FNDA:1,(anonymous_2)
FNDA:1,(anonymous_3)
FNDA:1,(anonymous_4)
FNDA:1,(anonymous_5)
FNDA:1,(anonymous_6)
FNDA:1,(anonymous_7)
FNDA:1,(anonymous_8)
FNDA:1,(anonymous_9)
FNDA:1,(anonymous_10)
FNDA:1,(anonymous_11)
FNDA:1,(anonymous_12)
FNDA:1,(anonymous_13)
FNDA:1,(anonymous_14)
FNDA:1,(anonymous_15)
FNDA:1,(anonymous_16)
FNDA:1,(anonymous_17)
FNDA:1,(anonymous_18)
FNDA:1,(anonymous_19)
FNDA:1,(anonymous_20)
FNDA:1,(anonymous_21)
DA:1,1
DA:2,1
DA:3,1
DA:4,1
DA:6,1
DA:7,1
DA:11,1
DA:13,1
DA:16,1
DA:17,1
DA:18,1
DA:20,1
DA:23,1
DA:24,1
DA:25,1
DA:27,1
DA:30,1
DA:31,1
DA:32,1
DA:34,1
DA:37,1
DA:38,1
DA:39,1
DA:40,1
DA:42,1
DA:46,1
DA:47,1
DA:48,1
DA:49,1
DA:53,1
DA:56,1
DA:57,1
DA:58,1
DA:62,1
DA:65,1
DA:66,1
DA:67,1
DA:70,1
DA:74,1
DA:75,1
DA:76,1
DA:77,1
DA:81,1
DA:84,1
DA:85,1
DA:86,1
DA:88,1
DA:92,1
DA:93,1
DA:94,1
DA:95,1
DA:99,1
DA:102,1
DA:103,1
DA:104,1
DA:109,1
DA:112,1
DA:113,1
DA:114,1
DA:116,1
DA:120,1
DA:121,1
DA:122,1
DA:123,1
DA:127,1
DA:130,1
DA:131,1
DA:132,1
DA:134,1
LF:69
LH:69
BRF:0
BRH:0
end_of_record
TN:
SF:/Users/brunoabrantes/Code/bifrost/spec/unit/lib/plugins/mapper.partial_response_spec.js
FN:1,(anonymous_1)
FN:5,(anonymous_2)
FN:10,(anonymous_3)
FN:16,(anonymous_4)
FN:26,(anonymous_5)
FN:36,(anonymous_6)
FN:46,(anonymous_7)
FN:67,(anonymous_8)
FN:93,(anonymous_9)
FN:122,(anonymous_10)
FNF:10
FNH:10
FNDA:1,(anonymous_1)
FNDA:1,(anonymous_2)
FNDA:1,(anonymous_3)
FNDA:1,(anonymous_4)
FNDA:1,(anonymous_5)
FNDA:1,(anonymous_6)
FNDA:1,(anonymous_7)
FNDA:1,(anonymous_8)
FNDA:1,(anonymous_9)
FNDA:1,(anonymous_10)
DA:1,1
DA:2,1
DA:3,1
DA:5,1
DA:6,1
DA:8,1
DA:11,1
DA:12,1
DA:16,1
DA:17,1
DA:19,1
DA:23,1
DA:26,1
DA:27,1
DA:29,1
DA:33,1
DA:36,1
DA:37,1
DA:39,1
DA:43,1
DA:46,1
DA:47,1
DA:56,1
DA:60,1
DA:67,1
DA:68,1
DA:80,1
DA:84,1
DA:93,1
DA:94,1
DA:106,1
DA:110,1
DA:122,1
DA:123,1
DA:130,1
DA:134,1
LF:36
LH:36
BRF:0
BRH:0
end_of_record
TN:
SF:/Users/brunoabrantes/Code/bifrost/spec/unit/lib/plugins/mapper.ratings_spec.js
FN:1,(anonymous_1)
FN:6,(anonymous_2)
FN:29,(anonymous_3)
FN:34,(anonymous_4)
FN:38,(anonymous_5)
FN:42,(anonymous_6)
FNF:6
FNH:6
FNDA:1,(anonymous_1)
FNDA:4,(anonymous_2)
FNDA:1,(anonymous_3)
FNDA:1,(anonymous_4)
FNDA:1,(anonymous_5)
FNDA:1,(anonymous_6)
DA:1,1
DA:2,1
DA:3,1
DA:4,1
DA:6,1
DA:7,4
DA:24,4
DA:29,1
DA:30,1
DA:31,1
DA:34,1
DA:35,1
DA:38,1
DA:39,1
DA:42,1
DA:43,1
DA:49,1
DA:53,1
LF:18
LH:18
BRF:0
BRH:0
end_of_record
TN:
SF:/Users/brunoabrantes/Code/bifrost/spec/unit/lib/plugins/mapper.related_links_spec.js
FN:1,(anonymous_1)
FN:9,(anonymous_2)
FN:22,(anonymous_3)
FN:37,(anonymous_4)
FN:55,(anonymous_5)
FN:72,(anonymous_6)
FN:85,(anonymous_7)
FN:97,(anonymous_8)
FN:120,(anonymous_9)
FN:126,(anonymous_10)
FNF:10
FNH:10
FNDA:1,(anonymous_1)
FNDA:1,(anonymous_2)
FNDA:1,(anonymous_3)
FNDA:1,(anonymous_4)
FNDA:1,(anonymous_5)
FNDA:1,(anonymous_6)
FNDA:1,(anonymous_7)
FNDA:1,(anonymous_8)
FNDA:1,(anonymous_9)
FNDA:1,(anonymous_10)
DA:1,1
DA:2,1
DA:3,1
DA:5,1
DA:6,1
DA:7,1
DA:9,1
DA:10,1
DA:15,1
DA:17,1
DA:22,1
DA:23,1
DA:29,1
DA:31,1
DA:37,1
DA:38,1
DA:43,1
DA:50,1
DA:55,1
DA:56,1
DA:61,1
DA:67,1
DA:72,1
DA:73,1
DA:78,1
DA:80,1
DA:85,1
DA:86,1
DA:92,1
DA:94,1
DA:97,1
DA:98,1
DA:103,1
DA:110,1
DA:120,1
DA:121,1
DA:123,1
DA:126,1
DA:127,1
DA:129,1
LF:40
LH:40
BRF:0
BRH:0
end_of_record
TN:
SF:/Users/brunoabrantes/Code/bifrost/spec/unit/lib/postgres_client_spec.js
FN:1,(anonymous_1)
FN:5,(anonymous_2)
FN:9,(anonymous_3)
FN:10,(anonymous_4)
FN:15,(anonymous_5)
FN:22,(anonymous_6)
FN:23,(anonymous_7)
FN:28,(anonymous_8)
FNF:8
FNH:8
FNDA:1,(anonymous_1)
FNDA:1,(anonymous_2)
FNDA:1,(anonymous_3)
FNDA:1,(anonymous_4)
FNDA:1,(anonymous_5)
FNDA:1,(anonymous_6)
FNDA:1,(anonymous_7)
FNDA:1,(anonymous_8)
DA:1,1
DA:2,1
DA:3,1
DA:5,1
DA:6,1
DA:9,1
DA:10,1
DA:11,1
DA:14,1
DA:16,1
DA:17,1
DA:18,1
DA:22,1
DA:23,1
DA:24,1
DA:27,1
DA:29,1
DA:30,1
LF:18
LH:18
BRF:0
BRH:0
end_of_record
TN:
SF:/Users/brunoabrantes/Code/bifrost/spec/unit/lib/route_parser_spec.js
FN:1,(anonymous_1)
FN:4,(anonymous_2)
FNF:2
FNH:2
FNDA:1,(anonymous_1)
FNDA:1,(anonymous_2)
DA:1,1
DA:2,1
DA:4,1
DA:5,1
DA:6,1
DA:13,1
DA:21,1
LF:7
LH:7
BRF:0
BRH:0
end_of_record
TN:
SF:/Users/brunoabrantes/Code/bifrost/spec/unit/lib/strategies/boolean_spec.js
FN:1,(anonymous_1)
FN:4,(anonymous_2)
FN:6,(anonymous_3)
FN:11,(anonymous_4)
FN:13,(anonymous_5)
FN:18,(anonymous_6)
FN:20,(anonymous_7)
FN:25,(anonymous_8)
FN:27,(anonymous_9)
FN:32,(anonymous_10)
FN:34,(anonymous_11)
FN:39,(anonymous_12)
FN:44,(anonymous_13)
FN:49,(anonymous_14)
FN:54,(anonymous_15)
FN:59,(anonymous_16)
FN:64,(anonymous_17)
FN:69,(anonymous_18)
FN:71,(anonymous_19)
FNF:19
FNH:19
FNDA:1,(anonymous_1)
FNDA:1,(anonymous_2)
FNDA:1,(anonymous_3)
FNDA:1,(anonymous_4)
FNDA:1,(anonymous_5)
FNDA:1,(anonymous_6)
FNDA:1,(anonymous_7)
FNDA:1,(anonymous_8)
FNDA:1,(anonymous_9)
FNDA:1,(anonymous_10)
FNDA:1,(anonymous_11)
FNDA:1,(anonymous_12)
FNDA:1,(anonymous_13)
FNDA:1,(anonymous_14)
FNDA:1,(anonymous_15)
FNDA:1,(anonymous_16)
FNDA:1,(anonymous_17)
FNDA:1,(anonymous_18)
FNDA:1,(anonymous_19)
DA:1,1
DA:2,1
DA:4,1
DA:5,1
DA:6,1
DA:7,1
DA:11,1
DA:12,1
DA:13,1
DA:14,1
DA:18,1
DA:19,1
DA:20,1
DA:21,1
DA:25,1
DA:26,1
DA:27,1
DA:28,1
DA:32,1
DA:33,1
DA:34,1
DA:35,1
DA:39,1
DA:40,1
DA:41,1
DA:44,1
DA:45,1
DA:46,1
DA:49,1
DA:50,1
DA:51,1
DA:54,1
DA:55,1
DA:56,1
DA:59,1
DA:60,1
DA:61,1
DA:64,1
DA:65,1
DA:66,1
DA:69,1
DA:70,1
DA:71,1
DA:72,1
LF:44
LH:44
BRF:0
BRH:0
end_of_record
TN:
SF:/Users/brunoabrantes/Code/bifrost/spec/unit/lib/strategies/date_spec.js
FN:1,(anonymous_1)
FN:5,(anonymous_2)
FN:7,(anonymous_3)
FN:12,(anonymous_4)
FN:14,(anonymous_5)
FN:19,(anonymous_6)
FN:21,(anonymous_7)
FN:26,(anonymous_8)
FN:28,(anonymous_9)
FN:33,(anonymous_10)
FN:35,(anonymous_11)
FN:40,(anonymous_12)
FN:42,(anonymous_13)
FN:47,(anonymous_14)
FN:52,(anonymous_15)
FN:57,(anonymous_16)
FN:69,(anonymous_17)
FN:75,(anonymous_18)
FN:86,(anonymous_19)
FN:99,(anonymous_20)
FN:107,(anonymous_21)
FNF:21
FNH:21
FNDA:1,(anonymous_1)
FNDA:1,(anonymous_2)
FNDA:1,(anonymous_3)
FNDA:1,(anonymous_4)
FNDA:1,(anonymous_5)
FNDA:1,(anonymous_6)
FNDA:1,(anonymous_7)
FNDA:1,(anonymous_8)
FNDA:1,(anonymous_9)
FNDA:1,(anonymous_10)
FNDA:1,(anonymous_11)
FNDA:1,(anonymous_12)
FNDA:1,(anonymous_13)
FNDA:1,(anonymous_14)
FNDA:1,(anonymous_15)
FNDA:1,(anonymous_16)
FNDA:1,(anonymous_17)
FNDA:1,(anonymous_18)
FNDA:1,(anonymous_19)
FNDA:1,(anonymous_20)
FNDA:1,(anonymous_21)
DA:1,1
DA:2,1
DA:5,1
DA:6,1
DA:7,1
DA:8,1
DA:12,1
DA:13,1
DA:14,1
DA:15,1
DA:19,1
DA:20,1
DA:21,1
DA:22,1
DA:26,1
DA:27,1
DA:28,1
DA:29,1
DA:33,1
DA:34,1
DA:35,1
DA:36,1
DA:40,1
DA:41,1
DA:42,1
DA:43,1
DA:47,1
DA:48,1
DA:49,1
DA:52,1
DA:53,1
DA:54,1
DA:57,1
DA:58,1
DA:61,1
DA:63,1
DA:65,1
DA:66,1
DA:69,1
DA:70,1
DA:71,1
DA:72,1
DA:75,1
DA:76,1
DA:78,1
DA:80,1
DA:82,1
DA:83,1
DA:86,1
DA:87,1
DA:91,1
DA:93,1
DA:95,1
DA:96,1
DA:99,1
DA:100,1
DA:104,1
DA:107,1
DA:108,1
DA:112,1
LF:60
LH:60
BRF:0
BRH:0
end_of_record
TN:
SF:/Users/brunoabrantes/Code/bifrost/spec/unit/lib/strategies/float_spec.js
FN:1,(anonymous_1)
FN:4,(anonymous_2)
FN:9,(anonymous_3)
FN:14,(anonymous_4)
FN:22,(anonymous_5)
FN:24,(anonymous_6)
FN:29,(anonymous_7)
FN:31,(anonymous_8)
FN:36,(anonymous_9)
FN:38,(anonymous_10)
FN:43,(anonymous_11)
FN:45,(anonymous_12)
FN:50,(anonymous_13)
FN:52,(anonymous_14)
FN:57,(anonymous_15)
FN:62,(anonymous_16)
FN:67,(anonymous_17)
FN:69,(anonymous_18)
FNF:18
FNH:18
FNDA:1,(anonymous_1)
FNDA:1,(anonymous_2)
FNDA:1,(anonymous_3)
FNDA:1,(anonymous_4)
FNDA:1,(anonymous_5)
FNDA:1,(anonymous_6)
FNDA:1,(anonymous_7)
FNDA:1,(anonymous_8)
FNDA:1,(anonymous_9)
FNDA:1,(anonymous_10)
FNDA:1,(anonymous_11)
FNDA:1,(anonymous_12)
FNDA:1,(anonymous_13)
FNDA:1,(anonymous_14)
FNDA:1,(anonymous_15)
FNDA:1,(anonymous_16)
FNDA:1,(anonymous_17)
FNDA:1,(anonymous_18)
DA:1,1
DA:2,1
DA:4,1
DA:5,1
DA:6,1
DA:9,1
DA:10,1
DA:11,1
DA:14,1
DA:15,1
DA:16,1
DA:18,1
DA:19,1
DA:22,1
DA:23,1
DA:24,1
DA:25,1
DA:29,1
DA:30,1
DA:31,1
DA:32,1
DA:36,1
DA:37,1
DA:38,1
DA:39,1
DA:43,1
DA:44,1
DA:45,1
DA:46,1
DA:50,1
DA:51,1
DA:52,1
DA:53,1
DA:57,1
DA:58,1
DA:59,1
DA:62,1
DA:63,1
DA:64,1
DA:67,1
DA:68,1
DA:69,1
DA:70,1
LF:43
LH:43
BRF:0
BRH:0
end_of_record
TN:
SF:/Users/brunoabrantes/Code/bifrost/spec/unit/lib/strategies/hash_spec.js
FN:1,(anonymous_1)
FN:4,(anonymous_2)
FN:6,(anonymous_3)
FN:11,(anonymous_4)
FN:13,(anonymous_5)
FN:18,(anonymous_6)
FN:20,(anonymous_7)
FN:25,(anonymous_8)
FN:27,(anonymous_9)
FN:32,(anonymous_10)
FN:34,(anonymous_11)
FN:39,(anonymous_12)
FN:41,(anonymous_13)
FN:46,(anonymous_14)
FN:48,(anonymous_15)
FN:53,(anonymous_16)
FN:58,(anonymous_17)
FN:63,(anonymous_18)
FNF:18
FNH:18
FNDA:1,(anonymous_1)
FNDA:1,(anonymous_2)
FNDA:1,(anonymous_3)
FNDA:1,(anonymous_4)
FNDA:1,(anonymous_5)
FNDA:1,(anonymous_6)
FNDA:1,(anonymous_7)
FNDA:1,(anonymous_8)
FNDA:1,(anonymous_9)
FNDA:1,(anonymous_10)
FNDA:1,(anonymous_11)
FNDA:1,(anonymous_12)
FNDA:1,(anonymous_13)
FNDA:1,(anonymous_14)
FNDA:1,(anonymous_15)
FNDA:1,(anonymous_16)
FNDA:1,(anonymous_17)
FNDA:1,(anonymous_18)
DA:1,1
DA:2,1
DA:4,1
DA:5,1
DA:6,1
DA:7,1
DA:11,1
DA:12,1
DA:13,1
DA:14,1
DA:18,1
DA:19,1
DA:20,1
DA:21,1
DA:25,1
DA:26,1
DA:27,1
DA:28,1
DA:32,1
DA:33,1
DA:34,1
DA:35,1
DA:39,1
DA:40,1
DA:41,1
DA:42,1
DA:46,1
DA:47,1
DA:48,1
DA:49,1
DA:53,1
DA:54,1
DA:55,1
DA:58,1
DA:59,1
DA:60,1
DA:63,1
DA:64,1
DA:65,1
LF:39
LH:39
BRF:0
BRH:0
end_of_record
TN:
SF:/Users/brunoabrantes/Code/bifrost/spec/unit/lib/strategies/integer_spec.js
FN:1,(anonymous_1)
FN:4,(anonymous_2)
FN:9,(anonymous_3)
FN:14,(anonymous_4)
FN:19,(anonymous_5)
FN:21,(anonymous_6)
FN:26,(anonymous_7)
FN:28,(anonymous_8)
FN:33,(anonymous_9)
FN:35,(anonymous_10)
FN:40,(anonymous_11)
FN:42,(anonymous_12)
FN:47,(anonymous_13)
FN:49,(anonymous_14)
FN:54,(anonymous_15)
FN:59,(anonymous_16)
FN:64,(anonymous_17)
FN:66,(anonymous_18)
FNF:18
FNH:18
FNDA:1,(anonymous_1)
FNDA:1,(anonymous_2)
FNDA:1,(anonymous_3)
FNDA:1,(anonymous_4)
FNDA:1,(anonymous_5)
FNDA:1,(anonymous_6)
FNDA:1,(anonymous_7)
FNDA:1,(anonymous_8)
FNDA:1,(anonymous_9)
FNDA:1,(anonymous_10)
FNDA:1,(anonymous_11)
FNDA:1,(anonymous_12)
FNDA:1,(anonymous_13)
FNDA:1,(anonymous_14)
FNDA:1,(anonymous_15)
FNDA:1,(anonymous_16)
FNDA:1,(anonymous_17)
FNDA:1,(anonymous_18)
DA:1,1
DA:2,1
DA:4,1
DA:5,1
DA:6,1
DA:9,1
DA:10,1
DA:11,1
DA:14,1
DA:15,1
DA:16,1
DA:19,1
DA:20,1
DA:21,1
DA:22,1
DA:26,1
DA:27,1
DA:28,1
DA:29,1
DA:33,1
DA:34,1
DA:35,1
DA:36,1
DA:40,1
DA:41,1
DA:42,1
DA:43,1
DA:47,1
DA:48,1
DA:49,1
DA:50,1
DA:54,1
DA:55,1
DA:56,1
DA:59,1
DA:60,1
DA:61,1
DA:64,1
DA:65,1
DA:66,1
DA:67,1
LF:41
LH:41
BRF:0
BRH:0
end_of_record
TN:
SF:/Users/brunoabrantes/Code/bifrost/spec/unit/lib/strategies/string_spec.js
FN:1,(anonymous_1)
FN:4,(anonymous_2)
FN:6,(anonymous_3)
FN:11,(anonymous_4)
FN:13,(anonymous_5)
FN:18,(anonymous_6)
FN:20,(anonymous_7)
FN:25,(anonymous_8)
FN:27,(anonymous_9)
FN:32,(anonymous_10)
FN:34,(anonymous_11)
FN:39,(anonymous_12)
FN:44,(anonymous_13)
FN:49,(anonymous_14)
FN:54,(anonymous_15)
FN:59,(anonymous_16)
FN:65,(anonymous_17)
FNF:17
FNH:17
FNDA:1,(anonymous_1)
FNDA:1,(anonymous_2)
FNDA:1,(anonymous_3)
FNDA:1,(anonymous_4)
FNDA:1,(anonymous_5)
FNDA:1,(anonymous_6)
FNDA:1,(anonymous_7)
FNDA:1,(anonymous_8)
FNDA:1,(anonymous_9)
FNDA:1,(anonymous_10)
FNDA:1,(anonymous_11)
FNDA:1,(anonymous_12)
FNDA:1,(anonymous_13)
FNDA:1,(anonymous_14)
FNDA:1,(anonymous_15)
FNDA:1,(anonymous_16)
FNDA:1,(anonymous_17)
DA:1,1
DA:2,1
DA:4,1
DA:5,1
DA:6,1
DA:7,1
DA:11,1
DA:12,1
DA:13,1
DA:14,1
DA:18,1
DA:19,1
DA:20,1
DA:21,1
DA:25,1
DA:26,1
DA:27,1
DA:28,1
DA:32,1
DA:33,1
DA:34,1
DA:35,1
DA:39,1
DA:40,1
DA:41,1
DA:44,1
DA:45,1
DA:46,1
DA:49,1
DA:50,1
DA:51,1
DA:54,1
DA:55,1
DA:56,1
DA:59,1
DA:60,1
DA:61,1
DA:62,1
DA:65,1
DA:66,1
DA:67,1
DA:68,1
LF:42
LH:42
BRF:0
BRH:0
end_of_record
TN:
SF:/Users/brunoabrantes/Code/bifrost/spec/unit/repositories/artist_spec.js
FN:1,(anonymous_1)
FN:8,(anonymous_2)
FN:9,(anonymous_3)
FN:26,(anonymous_4)
FN:27,(anonymous_5)
FNF:5
FNH:5
FNDA:1,(anonymous_1)
FNDA:1,(anonymous_2)
FNDA:1,(anonymous_3)
FNDA:1,(anonymous_4)
FNDA:1,(anonymous_5)
DA:1,1
DA:2,1
DA:3,1
DA:4,1
DA:5,1
DA:6,1
DA:8,1
DA:9,1
DA:10,1
DA:11,1
DA:13,1
DA:22,1
DA:26,1
DA:27,1
DA:28,1
DA:29,1
DA:31,1
DA:40,1
LF:18
LH:18
BRF:0
BRH:0
end_of_record
TN:
SF:/Users/brunoabrantes/Code/bifrost/spec/unit/repositories/city_spec.js
FN:1,(anonymous_1)
FN:8,(anonymous_2)
FN:9,(anonymous_3)
FNF:3
FNH:3
FNDA:1,(anonymous_1)
FNDA:1,(anonymous_2)
FNDA:1,(anonymous_3)
DA:1,1
DA:2,1
DA:3,1
DA:4,1
DA:5,1
DA:6,1
DA:8,1
DA:9,1
DA:10,1
DA:11,1
DA:13,1
DA:20,1
LF:12
LH:12
BRF:0
BRH:0
end_of_record
TN:
SF:/Users/brunoabrantes/Code/bifrost/spec/unit/repositories/client_key_spec.js
FN:1,(anonymous_1)
FN:11,(anonymous_2)
FN:15,(anonymous_3)
FN:18,(anonymous_4)
FN:24,(anonymous_5)
FN:25,(anonymous_6)
FN:36,(anonymous_7)
FN:42,(anonymous_8)
FN:51,(anonymous_9)
FN:52,(anonymous_10)
FN:58,(anonymous_11)
FN:68,(anonymous_12)
FN:79,(anonymous_13)
FN:85,(anonymous_14)
FN:95,(anonymous_15)
FN:106,(anonymous_16)
FN:112,(anonymous_17)
FN:122,(anonymous_18)
FN:128,(anonymous_19)
FN:136,(anonymous_20)
FN:143,(anonymous_21)
FN:154,(anonymous_22)
FN:160,(anonymous_23)
FN:169,(anonymous_24)
FN:176,(anonymous_25)
FN:183,(anonymous_26)
FN:189,(anonymous_27)
FN:198,(anonymous_28)
FN:205,(anonymous_29)
FN:211,(anonymous_30)
FN:217,(anonymous_31)
FN:226,(anonymous_32)
FN:232,(anonymous_33)
FN:238,(anonymous_34)
FN:244,(anonymous_35)
FN:253,(anonymous_36)
FN:259,(anonymous_37)
FN:263,(anonymous_38)
FN:269,(anonymous_39)
FN:278,(anonymous_40)
FN:284,(anonymous_41)
FN:290,(anonymous_42)
FN:299,(anonymous_43)
FN:305,(anonymous_44)
FN:309,(anonymous_45)
FN:315,(anonymous_46)
FNF:46
FNH:46
FNDA:1,(anonymous_1)
FNDA:1,(anonymous_2)
FNDA:1,(anonymous_3)
FNDA:1,(anonymous_4)
FNDA:1,(anonymous_5)
FNDA:1,(anonymous_6)
FNDA:1,(anonymous_7)
FNDA:1,(anonymous_8)
FNDA:1,(anonymous_9)
FNDA:1,(anonymous_10)
FNDA:1,(anonymous_11)
FNDA:1,(anonymous_12)
FNDA:1,(anonymous_13)
FNDA:1,(anonymous_14)
FNDA:1,(anonymous_15)
FNDA:1,(anonymous_16)
FNDA:1,(anonymous_17)
FNDA:1,(anonymous_18)
FNDA:1,(anonymous_19)
FNDA:1,(anonymous_20)
FNDA:1,(anonymous_21)
FNDA:1,(anonymous_22)
FNDA:1,(anonymous_23)
FNDA:1,(anonymous_24)
FNDA:1,(anonymous_25)
FNDA:1,(anonymous_26)
FNDA:1,(anonymous_27)
FNDA:1,(anonymous_28)
FNDA:1,(anonymous_29)
FNDA:1,(anonymous_30)
FNDA:1,(anonymous_31)
FNDA:1,(anonymous_32)
FNDA:1,(anonymous_33)
FNDA:1,(anonymous_34)
FNDA:1,(anonymous_35)
FNDA:1,(anonymous_36)
FNDA:1,(anonymous_37)
FNDA:1,(anonymous_38)
FNDA:1,(anonymous_39)
FNDA:1,(anonymous_40)
FNDA:1,(anonymous_41)
FNDA:1,(anonymous_42)
FNDA:1,(anonymous_43)
FNDA:1,(anonymous_44)
FNDA:1,(anonymous_45)
FNDA:1,(anonymous_46)
DA:1,1
DA:2,1
DA:3,1
DA:4,1
DA:5,1
DA:6,1
DA:7,1
DA:8,1
DA:9,1
DA:11,1
DA:13,1
DA:15,1
DA:16,1
DA:19,1
DA:24,1
DA:25,1
DA:26,1
DA:27,1
DA:29,1
DA:33,1
DA:36,1
DA:37,1
DA:38,1
DA:40,1
DA:43,1
DA:47,1
DA:51,1
DA:52,1
DA:53,1
DA:54,1
DA:56,1
DA:58,1
DA:59,1
DA:65,1
DA:68,1
DA:69,1
DA:72,1
DA:76,1
DA:79,1
DA:80,1
DA:81,1
DA:83,1
DA:85,1
DA:86,1
DA:92,1
DA:95,1
DA:96,1
DA:99,1
DA:103,1
DA:106,1
DA:107,1
DA:108,1
DA:110,1
DA:112,1
DA:113,1
DA:122,1
DA:123,1
DA:126,1
DA:129,1
DA:133,1
DA:136,1
DA:137,1
DA:138,1
DA:140,1
DA:141,1
DA:143,1
DA:144,1
DA:154,1
DA:155,1
DA:158,1
DA:161,1
DA:162,1
DA:166,1
DA:169,1
DA:170,1
DA:171,1
DA:173,1
DA:174,1
DA:176,1
DA:177,1
DA:183,1
DA:184,1
DA:187,1
DA:190,1
DA:191,1
DA:195,1
DA:198,1
DA:199,1
DA:200,1
DA:202,1
DA:203,1
DA:205,1
DA:206,1
DA:211,1
DA:212,1
DA:215,1
DA:218,1
DA:219,1
DA:223,1
DA:226,1
DA:227,1
DA:228,1
DA:230,1
DA:232,1
DA:233,1
DA:238,1
DA:239,1
DA:242,1
DA:245,1
DA:246,1
DA:250,1
DA:253,1
DA:254,1
DA:255,1
DA:257,1
DA:259,1
DA:260,1
DA:263,1
DA:264,1
DA:267,1
DA:270,1
DA:271,1
DA:275,1
DA:278,1
DA:279,1
DA:280,1
DA:282,1
DA:284,1
DA:285,1
DA:288,1
DA:291,1
DA:292,1
DA:296,1
DA:299,1
DA:300,1
DA:301,1
DA:303,1
DA:305,1
DA:306,1
DA:309,1
DA:310,1
DA:313,1
DA:316,1
DA:317,1
DA:321,1
LF:145
LH:145
BRF:0
BRH:0
end_of_record
TN:
SF:/Users/brunoabrantes/Code/bifrost/spec/unit/repositories/comment_spec.js
FN:1,(anonymous_1)
FN:8,(anonymous_2)
FN:9,(anonymous_3)
FN:26,(anonymous_4)
FN:27,(anonymous_5)
FN:44,(anonymous_6)
FN:45,(anonymous_7)
FNF:7
FNH:7
FNDA:1,(anonymous_1)
FNDA:1,(anonymous_2)
FNDA:1,(anonymous_3)
FNDA:1,(anonymous_4)
FNDA:1,(anonymous_5)
FNDA:1,(anonymous_6)
FNDA:1,(anonymous_7)
DA:1,1
DA:2,1
DA:3,1
DA:4,1
DA:5,1
DA:6,1
DA:8,1
DA:9,1
DA:10,1
DA:11,1
DA:13,1
DA:22,1
DA:26,1
DA:27,1
DA:28,1
DA:29,1
DA:31,1
DA:40,1
DA:44,1
DA:45,1
DA:46,1
DA:47,1
DA:49,1
DA:58,1
LF:24
LH:24
BRF:0
BRH:0
end_of_record
TN:
SF:/Users/brunoabrantes/Code/bifrost/spec/unit/repositories/event_spec.js
FN:1,(anonymous_1)
FN:8,(anonymous_2)
FN:9,(anonymous_3)
FN:26,(anonymous_4)
FN:27,(anonymous_5)
FN:41,(anonymous_6)
FN:64,(anonymous_7)
FN:85,(anonymous_8)
FN:106,(anonymous_9)
FN:126,(anonymous_10)
FN:127,(anonymous_11)
FN:146,(anonymous_12)
FN:170,(anonymous_13)
FN:171,(anonymous_14)
FN:185,(anonymous_15)
FN:208,(anonymous_16)
FN:233,(anonymous_17)
FN:234,(anonymous_18)
FN:247,(anonymous_19)
FN:270,(anonymous_20)
FN:294,(anonymous_21)
FN:295,(anonymous_22)
FNF:22
FNH:22
FNDA:1,(anonymous_1)
FNDA:1,(anonymous_2)
FNDA:1,(anonymous_3)
FNDA:1,(anonymous_4)
FNDA:1,(anonymous_5)
FNDA:1,(anonymous_6)
FNDA:1,(anonymous_7)
FNDA:1,(anonymous_8)
FNDA:1,(anonymous_9)
FNDA:1,(anonymous_10)
FNDA:1,(anonymous_11)
FNDA:1,(anonymous_12)
FNDA:1,(anonymous_13)
FNDA:1,(anonymous_14)
FNDA:1,(anonymous_15)
FNDA:1,(anonymous_16)
FNDA:1,(anonymous_17)
FNDA:1,(anonymous_18)
FNDA:1,(anonymous_19)
FNDA:1,(anonymous_20)
FNDA:1,(anonymous_21)
FNDA:1,(anonymous_22)
DA:1,1
DA:2,1
DA:3,1
DA:4,1
DA:5,1
DA:6,1
DA:8,1
DA:9,1
DA:10,1
DA:11,1
DA:13,1
DA:22,1
DA:26,1
DA:27,1
DA:28,1
DA:29,1
DA:31,1
DA:38,1
DA:41,1
DA:42,1
DA:43,1
DA:45,1
DA:61,1
DA:64,1
DA:65,1
DA:66,1
DA:68,1
DA:82,1
DA:85,1
DA:86,1
DA:87,1
DA:89,1
DA:103,1
DA:106,1
DA:107,1
DA:108,1
DA:110,1
DA:122,1
DA:126,1
DA:127,1
DA:128,1
DA:129,1
DA:131,1
DA:143,1
DA:146,1
DA:147,1
DA:148,1
DA:150,1
DA:166,1
DA:170,1
DA:171,1
DA:172,1
DA:173,1
DA:175,1
DA:182,1
DA:185,1
DA:186,1
DA:187,1
DA:189,1
DA:205,1
DA:208,1
DA:209,1
DA:210,1
DA:212,1
DA:228,1
DA:233,1
DA:234,1
DA:235,1
DA:236,1
DA:238,1
DA:244,1
DA:247,1
DA:248,1
DA:249,1
DA:251,1
DA:267,1
DA:270,1
DA:271,1
DA:272,1
DA:274,1
DA:290,1
DA:294,1
DA:295,1
DA:296,1
DA:297,1
DA:299,1
DA:312,1
LF:87
LH:87
BRF:0
BRH:0
end_of_record
TN:
SF:/Users/brunoabrantes/Code/bifrost/spec/unit/repositories/flyer_spec.js
FN:1,(anonymous_1)
FN:8,(anonymous_2)
FN:9,(anonymous_3)
FNF:3
FNH:3
FNDA:1,(anonymous_1)
FNDA:1,(anonymous_2)
FNDA:1,(anonymous_3)
DA:1,1
DA:2,1
DA:3,1
DA:4,1
DA:5,1
DA:6,1
DA:8,1
DA:9,1
DA:10,1
DA:11,1
DA:13,1
DA:22,1
LF:12
LH:12
BRF:0
BRH:0
end_of_record
TN:
SF:/Users/brunoabrantes/Code/bifrost/spec/unit/repositories/invitation_spec.js
FN:1,(anonymous_1)
FN:8,(anonymous_2)
FN:9,(anonymous_3)
FNF:3
FNH:3
FNDA:1,(anonymous_1)
FNDA:1,(anonymous_2)
FNDA:1,(anonymous_3)
DA:1,1
DA:2,1
DA:3,1
DA:4,1
DA:5,1
DA:6,1
DA:8,1
DA:9,1
DA:10,1
DA:11,1
DA:13,1
DA:22,1
LF:12
LH:12
BRF:0
BRH:0
end_of_record
TN:
SF:/Users/brunoabrantes/Code/bifrost/spec/unit/repositories/music_genre_spec.js
FN:1,(anonymous_1)
FN:8,(anonymous_2)
FN:9,(anonymous_3)
FN:27,(anonymous_4)
FN:28,(anonymous_5)
FNF:5
FNH:5
FNDA:1,(anonymous_1)
FNDA:1,(anonymous_2)
FNDA:1,(anonymous_3)
FNDA:1,(anonymous_4)
FNDA:1,(anonymous_5)
DA:1,1
DA:2,1
DA:3,1
DA:4,1
DA:5,1
DA:6,1
DA:8,1
DA:9,1
DA:10,1
DA:11,1
DA:13,1
DA:23,1
DA:27,1
DA:28,1
DA:29,1
DA:30,1
DA:32,1
DA:42,1
LF:18
LH:18
BRF:0
BRH:0
end_of_record
TN:
SF:/Users/brunoabrantes/Code/bifrost/spec/unit/repositories/rating_spec.js
FN:1,(anonymous_1)
FN:8,(anonymous_2)
FN:9,(anonymous_3)
FNF:3
FNH:3
FNDA:1,(anonymous_1)
FNDA:1,(anonymous_2)
FNDA:1,(anonymous_3)
DA:1,1
DA:2,1
DA:3,1
DA:4,1
DA:5,1
DA:6,1
DA:8,1
DA:9,1
DA:10,1
DA:11,1
DA:13,1
DA:26,1
LF:12
LH:12
BRF:0
BRH:0
end_of_record
TN:
SF:/Users/brunoabrantes/Code/bifrost/spec/unit/repositories/ticket_spec.js
FN:1,(anonymous_1)
FN:8,(anonymous_2)
FN:9,(anonymous_3)
FNF:3
FNH:3
FNDA:1,(anonymous_1)
FNDA:1,(anonymous_2)
FNDA:1,(anonymous_3)
DA:1,1
DA:2,1
DA:3,1
DA:4,1
DA:5,1
DA:6,1
DA:8,1
DA:9,1
DA:10,1
DA:11,1
DA:13,1
DA:22,1
LF:12
LH:12
BRF:0
BRH:0
end_of_record
TN:
SF:/Users/brunoabrantes/Code/bifrost/spec/unit/repositories/user_spec.js
FN:1,(anonymous_1)
FN:8,(anonymous_2)
FN:9,(anonymous_3)
FN:25,(anonymous_4)
FN:26,(anonymous_5)
FN:57,(anonymous_6)
FN:58,(anonymous_7)
FN:76,(anonymous_8)
FN:77,(anonymous_9)
FN:94,(anonymous_10)
FN:95,(anonymous_11)
FN:112,(anonymous_12)
FN:113,(anonymous_13)
FN:130,(anonymous_14)
FN:131,(anonymous_15)
FNF:15
FNH:15
FNDA:1,(anonymous_1)
FNDA:1,(anonymous_2)
FNDA:1,(anonymous_3)
FNDA:1,(anonymous_4)
FNDA:1,(anonymous_5)
FNDA:1,(anonymous_6)
FNDA:1,(anonymous_7)
FNDA:1,(anonymous_8)
FNDA:1,(anonymous_9)
FNDA:1,(anonymous_10)
FNDA:1,(anonymous_11)
FNDA:1,(anonymous_12)
FNDA:1,(anonymous_13)
FNDA:1,(anonymous_14)
FNDA:1,(anonymous_15)
DA:1,1
DA:2,1
DA:3,1
DA:4,1
DA:5,1
DA:6,1
DA:8,1
DA:9,1
DA:10,1
DA:11,1
DA:13,1
DA:20,1
DA:21,1
DA:25,1
DA:26,1
DA:27,1
DA:28,1
DA:30,1
DA:48,1
DA:57,1
DA:58,1
DA:59,1
DA:60,1
DA:62,1
DA:72,1
DA:76,1
DA:77,1
DA:78,1
DA:79,1
DA:81,1
DA:90,1
DA:94,1
DA:95,1
DA:96,1
DA:97,1
DA:99,1
DA:108,1
DA:112,1
DA:113,1
DA:114,1
DA:115,1
DA:117,1
DA:126,1
DA:130,1
DA:131,1
DA:132,1
DA:133,1
DA:135,1
DA:144,1
LF:49
LH:49
BRF:0
BRH:0
end_of_record
TN:
SF:/Users/brunoabrantes/Code/bifrost/spec/unit/repositories/venue_spec.js
FN:1,(anonymous_1)
FN:8,(anonymous_2)
FN:9,(anonymous_3)
FN:26,(anonymous_4)
FN:27,(anonymous_5)
FN:44,(anonymous_6)
FN:45,(anonymous_7)
FN:58,(anonymous_8)
FN:81,(anonymous_9)
FN:105,(anonymous_10)
FN:106,(anonymous_11)
FN:119,(anonymous_12)
FNF:12
FNH:12
FNDA:1,(anonymous_1)
FNDA:1,(anonymous_2)
FNDA:1,(anonymous_3)
FNDA:1,(anonymous_4)
FNDA:1,(anonymous_5)
FNDA:1,(anonymous_6)
FNDA:1,(anonymous_7)
FNDA:1,(anonymous_8)
FNDA:1,(anonymous_9)
FNDA:1,(anonymous_10)
FNDA:1,(anonymous_11)
FNDA:1,(anonymous_12)
DA:1,1
DA:2,1
DA:3,1
DA:4,1
DA:5,1
DA:6,1
DA:8,1
DA:9,1
DA:10,1
DA:11,1
DA:13,1
DA:22,1
DA:26,1
DA:27,1
DA:28,1
DA:29,1
DA:31,1
DA:40,1
DA:44,1
DA:45,1
DA:46,1
DA:47,1
DA:49,1
DA:55,1
DA:58,1
DA:59,1
DA:60,1
DA:62,1
DA:78,1
DA:81,1
DA:82,1
DA:83,1
DA:85,1
DA:101,1
DA:105,1
DA:106,1
DA:107,1
DA:108,1
DA:110,1
DA:116,1
DA:119,1
DA:120,1
DA:121,1
DA:123,1
DA:137,1
LF:45
LH:45
BRF:0
BRH:0
end_of_record
TN:
SF:/Users/brunoabrantes/Code/bifrost/spec/unit/services/event/service_spec.js
FN:1,(anonymous_1)
FN:6,(anonymous_2)
FNF:2
FNH:2
FNDA:1,(anonymous_1)
FNDA:1,(anonymous_2)
DA:1,1
DA:3,1
DA:4,1
DA:6,1
LF:4
LH:4
BRF:0
BRH:0
end_of_record
TN:
SF:/Users/brunoabrantes/Code/bifrost/spec/unit/services/user/service_spec.js
FN:1,(anonymous_1)
FN:6,(anonymous_2)
FNF:2
FNH:2
FNDA:1,(anonymous_1)
FNDA:1,(anonymous_2)
DA:1,1
DA:3,1
DA:4,1
DA:6,1
LF:4
LH:4
BRF:0
BRH:0
end_of_record
