{"/Users/brunoabrantes/Code/bifrost/spec/integration/v1/artists_spec.js":{"path":"/Users/brunoabrantes/Code/bifrost/spec/integration/v1/artists_spec.js","s":{"1":1,"2":1,"3":1,"4":1,"5":1,"6":1,"7":1,"8":1,"9":1,"10":1,"11":1,"12":1,"13":1,"14":1,"15":1,"16":1,"17":1,"18":1,"19":1,"20":1,"21":1,"22":1,"23":1,"24":1,"25":1,"26":1,"27":1,"28":1,"29":1,"30":1,"31":1,"32":1,"33":1,"34":1,"35":1,"36":1,"37":1,"38":1,"39":1,"40":1,"41":1,"42":1,"43":1,"44":1,"45":1,"46":1,"47":1,"48":1,"49":1,"50":1,"51":1,"52":1,"53":1,"54":1},"b":{},"f":{"1":1,"2":1,"3":1,"4":1,"5":1,"6":1,"7":1,"8":1,"9":1,"10":1},"fnMap":{"1":{"name":"(anonymous_1)","line":1,"loc":{"start":{"line":1,"column":30},"end":{"line":1,"column":41}}},"2":{"name":"(anonymous_2)","line":11,"loc":{"start":{"line":11,"column":39},"end":{"line":11,"column":54}}},"3":{"name":"(anonymous_3)","line":24,"loc":{"start":{"line":24,"column":39},"end":{"line":24,"column":50}}},"4":{"name":"(anonymous_4)","line":34,"loc":{"start":{"line":34,"column":39},"end":{"line":34,"column":54}}},"5":{"name":"(anonymous_5)","line":46,"loc":{"start":{"line":46,"column":28},"end":{"line":46,"column":43}}},"6":{"name":"(anonymous_6)","line":62,"loc":{"start":{"line":62,"column":40},"end":{"line":62,"column":51}}},"7":{"name":"(anonymous_7)","line":72,"loc":{"start":{"line":72,"column":39},"end":{"line":72,"column":54}}},"8":{"name":"(anonymous_8)","line":84,"loc":{"start":{"line":84,"column":28},"end":{"line":84,"column":43}}},"9":{"name":"(anonymous_9)","line":100,"loc":{"start":{"line":100,"column":40},"end":{"line":100,"column":51}}},"10":{"name":"(anonymous_10)","line":110,"loc":{"start":{"line":110,"column":39},"end":{"line":110,"column":54}}}},"statementMap":{"1":{"start":{"line":1,"column":0},"end":{"line":22,"column":3}},"2":{"start":{"line":2,"column":2},"end":{"line":2,"column":37}},"3":{"start":{"line":3,"column":2},"end":{"line":3,"column":29}},"4":{"start":{"line":4,"column":2},"end":{"line":4,"column":38}},"5":{"start":{"line":5,"column":2},"end":{"line":5,"column":45}},"6":{"start":{"line":6,"column":2},"end":{"line":6,"column":28}},"7":{"start":{"line":8,"column":2},"end":{"line":8,"column":54}},"8":{"start":{"line":9,"column":2},"end":{"line":9,"column":59}},"9":{"start":{"line":11,"column":2},"end":{"line":21,"column":5}},"10":{"start":{"line":12,"column":4},"end":{"line":14,"column":24}},"11":{"start":{"line":16,"column":4},"end":{"line":20,"column":25}},"12":{"start":{"line":24,"column":0},"end":{"line":60,"column":3}},"13":{"start":{"line":25,"column":2},"end":{"line":25,"column":37}},"14":{"start":{"line":26,"column":2},"end":{"line":26,"column":29}},"15":{"start":{"line":27,"column":2},"end":{"line":27,"column":38}},"16":{"start":{"line":28,"column":2},"end":{"line":28,"column":45}},"17":{"start":{"line":29,"column":2},"end":{"line":29,"column":28}},"18":{"start":{"line":31,"column":2},"end":{"line":31,"column":56}},"19":{"start":{"line":32,"column":2},"end":{"line":32,"column":61}},"20":{"start":{"line":34,"column":2},"end":{"line":44,"column":5}},"21":{"start":{"line":35,"column":4},"end":{"line":37,"column":24}},"22":{"start":{"line":39,"column":4},"end":{"line":43,"column":25}},"23":{"start":{"line":46,"column":2},"end":{"line":59,"column":5}},"24":{"start":{"line":47,"column":4},"end":{"line":47,"column":68}},"25":{"start":{"line":48,"column":4},"end":{"line":48,"column":73}},"26":{"start":{"line":50,"column":4},"end":{"line":52,"column":24}},"27":{"start":{"line":54,"column":4},"end":{"line":58,"column":25}},"28":{"start":{"line":62,"column":0},"end":{"line":98,"column":3}},"29":{"start":{"line":63,"column":2},"end":{"line":63,"column":37}},"30":{"start":{"line":64,"column":2},"end":{"line":64,"column":29}},"31":{"start":{"line":65,"column":2},"end":{"line":65,"column":38}},"32":{"start":{"line":66,"column":2},"end":{"line":66,"column":45}},"33":{"start":{"line":67,"column":2},"end":{"line":67,"column":28}},"34":{"start":{"line":69,"column":2},"end":{"line":69,"column":57}},"35":{"start":{"line":70,"column":2},"end":{"line":70,"column":62}},"36":{"start":{"line":72,"column":2},"end":{"line":82,"column":5}},"37":{"start":{"line":73,"column":4},"end":{"line":75,"column":24}},"38":{"start":{"line":77,"column":4},"end":{"line":81,"column":25}},"39":{"start":{"line":84,"column":2},"end":{"line":97,"column":5}},"40":{"start":{"line":85,"column":4},"end":{"line":85,"column":69}},"41":{"start":{"line":86,"column":4},"end":{"line":86,"column":74}},"42":{"start":{"line":88,"column":4},"end":{"line":90,"column":24}},"43":{"start":{"line":92,"column":4},"end":{"line":96,"column":25}},"44":{"start":{"line":100,"column":0},"end":{"line":121,"column":3}},"45":{"start":{"line":101,"column":2},"end":{"line":101,"column":37}},"46":{"start":{"line":102,"column":2},"end":{"line":102,"column":29}},"47":{"start":{"line":103,"column":2},"end":{"line":103,"column":38}},"48":{"start":{"line":104,"column":2},"end":{"line":104,"column":45}},"49":{"start":{"line":105,"column":2},"end":{"line":105,"column":28}},"50":{"start":{"line":107,"column":2},"end":{"line":107,"column":60}},"51":{"start":{"line":108,"column":2},"end":{"line":108,"column":65}},"52":{"start":{"line":110,"column":2},"end":{"line":120,"column":5}},"53":{"start":{"line":111,"column":4},"end":{"line":113,"column":24}},"54":{"start":{"line":115,"column":4},"end":{"line":119,"column":25}}},"branchMap":{}},"/Users/brunoabrantes/Code/bifrost/app.js":{"path":"/Users/brunoabrantes/Code/bifrost/app.js","s":{"1":1,"2":1,"3":1,"4":1,"5":1,"6":1,"7":1,"8":1,"9":1,"10":1,"11":1,"12":9,"13":8,"14":1,"15":1,"16":1,"17":1,"18":1,"19":1},"b":{"1":[8,1],"2":[1,0]},"f":{"1":9,"2":1},"fnMap":{"1":{"name":"(anonymous_1)","line":13,"loc":{"start":{"line":13,"column":17},"end":{"line":13,"column":28}}},"2":{"name":"(anonymous_2)","line":21,"loc":{"start":{"line":21,"column":37},"end":{"line":21,"column":47}}}},"statementMap":{"1":{"start":{"line":1,"column":0},"end":{"line":1,"column":36}},"2":{"start":{"line":2,"column":0},"end":{"line":2,"column":33}},"3":{"start":{"line":3,"column":0},"end":{"line":3,"column":37}},"4":{"start":{"line":4,"column":0},"end":{"line":4,"column":45}},"5":{"start":{"line":5,"column":0},"end":{"line":5,"column":77}},"6":{"start":{"line":6,"column":0},"end":{"line":6,"column":42}},"7":{"start":{"line":7,"column":0},"end":{"line":7,"column":42}},"8":{"start":{"line":8,"column":0},"end":{"line":8,"column":49}},"9":{"start":{"line":9,"column":0},"end":{"line":9,"column":59}},"10":{"start":{"line":11,"column":0},"end":{"line":11,"column":15}},"11":{"start":{"line":13,"column":0},"end":{"line":30,"column":0}},"12":{"start":{"line":14,"column":2},"end":{"line":16,"column":3}},"13":{"start":{"line":15,"column":4},"end":{"line":15,"column":15}},"14":{"start":{"line":18,"column":2},"end":{"line":18,"column":42}},"15":{"start":{"line":19,"column":2},"end":{"line":19,"column":37}},"16":{"start":{"line":21,"column":2},"end":{"line":25,"column":5}},"17":{"start":{"line":22,"column":4},"end":{"line":24,"column":5}},"18":{"start":{"line":23,"column":6},"end":{"line":23,"column":67}},"19":{"start":{"line":27,"column":2},"end":{"line":27,"column":13}}},"branchMap":{"1":{"line":14,"type":"if","locations":[{"start":{"line":14,"column":2},"end":{"line":14,"column":2}},{"start":{"line":14,"column":2},"end":{"line":14,"column":2}}]},"2":{"line":22,"type":"if","locations":[{"start":{"line":22,"column":4},"end":{"line":22,"column":4}},{"start":{"line":22,"column":4},"end":{"line":22,"column":4}}]}}},"/Users/brunoabrantes/Code/bifrost/v1/config.js":{"path":"/Users/brunoabrantes/Code/bifrost/v1/config.js","s":{"1":1,"2":1,"3":1,"4":1,"5":1},"b":{},"f":{"1":1},"fnMap":{"1":{"name":"(anonymous_1)","line":1,"loc":{"start":{"line":1,"column":1},"end":{"line":1,"column":12}}}},"statementMap":{"1":{"start":{"line":1,"column":0},"end":{"line":79,"column":5}},"2":{"start":{"line":2,"column":2},"end":{"line":2,"column":35}},"3":{"start":{"line":4,"column":2},"end":{"line":75,"column":5}},"4":{"start":{"line":77,"column":2},"end":{"line":77,"column":30}},"5":{"start":{"line":78,"column":2},"end":{"line":78,"column":50}}},"branchMap":{}},"/Users/brunoabrantes/Code/bifrost/v1/routes.js":{"path":"/Users/brunoabrantes/Code/bifrost/v1/routes.js","s":{"1":1,"2":1,"3":1},"b":{},"f":{"1":1},"fnMap":{"1":{"name":"(anonymous_1)","line":1,"loc":{"start":{"line":1,"column":1},"end":{"line":1,"column":11}}}},"statementMap":{"1":{"start":{"line":1,"column":0},"end":{"line":11,"column":5}},"2":{"start":{"line":2,"column":2},"end":{"line":2,"column":28}},"3":{"start":{"line":4,"column":2},"end":{"line":10,"column":4}}},"branchMap":{}},"/Users/brunoabrantes/Code/bifrost/v1/services/artist/routes.js":{"path":"/Users/brunoabrantes/Code/bifrost/v1/services/artist/routes.js","s":{"1":1,"2":1},"b":{},"f":{},"fnMap":{},"statementMap":{"1":{"start":{"line":1,"column":0},"end":{"line":1,"column":35}},"2":{"start":{"line":3,"column":0},"end":{"line":9,"column":2}}},"branchMap":{}},"/Users/brunoabrantes/Code/bifrost/v1/services/artist/service.js":{"path":"/Users/brunoabrantes/Code/bifrost/v1/services/artist/service.js","s":{"1":1,"2":1,"3":1,"4":1,"5":1,"6":1,"7":1,"8":1,"9":1,"10":1,"11":1,"12":1,"13":1,"14":4,"15":1,"16":1,"17":1,"18":1,"19":1},"b":{},"f":{"1":1,"2":4},"fnMap":{"1":{"name":"(anonymous_1)","line":1,"loc":{"start":{"line":1,"column":1},"end":{"line":1,"column":11}}},"2":{"name":"(anonymous_2)","line":15,"loc":{"start":{"line":15,"column":20},"end":{"line":15,"column":43}}}},"statementMap":{"1":{"start":{"line":1,"column":0},"end":{"line":35,"column":5}},"2":{"start":{"line":2,"column":2},"end":{"line":2,"column":46}},"3":{"start":{"line":3,"column":2},"end":{"line":3,"column":56}},"4":{"start":{"line":4,"column":2},"end":{"line":4,"column":54}},"5":{"start":{"line":5,"column":2},"end":{"line":5,"column":58}},"6":{"start":{"line":6,"column":2},"end":{"line":6,"column":52}},"7":{"start":{"line":7,"column":2},"end":{"line":7,"column":65}},"8":{"start":{"line":9,"column":2},"end":{"line":9,"column":50}},"9":{"start":{"line":10,"column":2},"end":{"line":10,"column":71}},"10":{"start":{"line":11,"column":2},"end":{"line":11,"column":71}},"11":{"start":{"line":12,"column":2},"end":{"line":12,"column":65}},"12":{"start":{"line":13,"column":2},"end":{"line":13,"column":74}},"13":{"start":{"line":15,"column":2},"end":{"line":21,"column":4}},"14":{"start":{"line":16,"column":4},"end":{"line":20,"column":6}},"15":{"start":{"line":23,"column":2},"end":{"line":28,"column":4}},"16":{"start":{"line":30,"column":2},"end":{"line":30,"column":68}},"17":{"start":{"line":31,"column":2},"end":{"line":31,"column":73}},"18":{"start":{"line":32,"column":2},"end":{"line":32,"column":76}},"19":{"start":{"line":33,"column":2},"end":{"line":33,"column":84}}},"branchMap":{}},"/Users/brunoabrantes/Code/bifrost/v1/models/artist.js":{"path":"/Users/brunoabrantes/Code/bifrost/v1/models/artist.js","s":{"1":1,"2":1,"3":1,"4":1},"b":{},"f":{},"fnMap":{},"statementMap":{"1":{"start":{"line":1,"column":0},"end":{"line":1,"column":39}},"2":{"start":{"line":3,"column":0},"end":{"line":19,"column":3}},"3":{"start":{"line":21,"column":0},"end":{"line":26,"column":2}},"4":{"start":{"line":28,"column":0},"end":{"line":28,"column":24}}},"branchMap":{}},"/Users/brunoabrantes/Code/bifrost/lib/model.js":{"path":"/Users/brunoabrantes/Code/bifrost/lib/model.js","s":{"1":1,"2":1,"3":1,"4":1,"5":1,"6":1,"7":1,"8":1,"9":1,"10":1,"11":18,"12":2,"13":16,"14":10,"15":10,"16":10,"17":10,"18":10,"19":10,"20":3,"21":3,"22":1,"23":3,"24":1,"25":3,"26":2,"27":1,"28":3,"29":7,"30":10,"31":16,"32":9,"33":9,"34":6,"35":9,"36":10,"37":10,"38":9,"39":6,"40":9,"41":1,"42":1},"b":{"1":[2,16],"2":[18,17],"3":[10,0],"4":[10,10],"5":[3,7],"6":[1,2],"7":[1,2],"8":[1,1],"9":[6,3],"10":[6,3]},"f":{"1":1,"2":18,"3":10,"4":9,"5":10},"fnMap":{"1":{"name":"(anonymous_1)","line":1,"loc":{"start":{"line":1,"column":1},"end":{"line":1,"column":11}}},"2":{"name":"(anonymous_2)","line":19,"loc":{"start":{"line":19,"column":10},"end":{"line":19,"column":25}}},"3":{"name":"(anonymous_3)","line":24,"loc":{"start":{"line":24,"column":26},"end":{"line":24,"column":57}}},"4":{"name":"(anonymous_4)","line":62,"loc":{"start":{"line":62,"column":17},"end":{"line":62,"column":31}}},"5":{"name":"(anonymous_5)","line":69,"loc":{"start":{"line":69,"column":30},"end":{"line":69,"column":44}}}},"statementMap":{"1":{"start":{"line":1,"column":0},"end":{"line":94,"column":5}},"2":{"start":{"line":2,"column":2},"end":{"line":9,"column":6}},"3":{"start":{"line":11,"column":2},"end":{"line":11,"column":24}},"4":{"start":{"line":12,"column":2},"end":{"line":12,"column":46}},"5":{"start":{"line":13,"column":2},"end":{"line":13,"column":52}},"6":{"start":{"line":14,"column":2},"end":{"line":14,"column":46}},"7":{"start":{"line":15,"column":2},"end":{"line":15,"column":50}},"8":{"start":{"line":16,"column":2},"end":{"line":16,"column":52}},"9":{"start":{"line":17,"column":2},"end":{"line":17,"column":52}},"10":{"start":{"line":19,"column":2},"end":{"line":83,"column":4}},"11":{"start":{"line":20,"column":4},"end":{"line":22,"column":5}},"12":{"start":{"line":21,"column":6},"end":{"line":21,"column":24}},"13":{"start":{"line":24,"column":4},"end":{"line":59,"column":6}},"14":{"start":{"line":25,"column":6},"end":{"line":25,"column":26}},"15":{"start":{"line":27,"column":6},"end":{"line":56,"column":7}},"16":{"start":{"line":28,"column":8},"end":{"line":55,"column":9}},"17":{"start":{"line":29,"column":10},"end":{"line":30,"column":18}},"18":{"start":{"line":32,"column":10},"end":{"line":32,"column":29}},"19":{"start":{"line":34,"column":10},"end":{"line":54,"column":11}},"20":{"start":{"line":35,"column":12},"end":{"line":35,"column":36}},"21":{"start":{"line":37,"column":12},"end":{"line":39,"column":13}},"22":{"start":{"line":38,"column":14},"end":{"line":38,"column":25}},"23":{"start":{"line":41,"column":12},"end":{"line":43,"column":13}},"24":{"start":{"line":42,"column":14},"end":{"line":42,"column":30}},"25":{"start":{"line":45,"column":12},"end":{"line":49,"column":13}},"26":{"start":{"line":46,"column":14},"end":{"line":48,"column":15}},"27":{"start":{"line":47,"column":16},"end":{"line":47,"column":71}},"28":{"start":{"line":51,"column":12},"end":{"line":51,"column":46}},"29":{"start":{"line":53,"column":12},"end":{"line":53,"column":59}},"30":{"start":{"line":58,"column":6},"end":{"line":58,"column":24}},"31":{"start":{"line":61,"column":4},"end":{"line":82,"column":6}},"32":{"start":{"line":63,"column":8},"end":{"line":63,"column":28}},"33":{"start":{"line":65,"column":8},"end":{"line":67,"column":9}},"34":{"start":{"line":66,"column":10},"end":{"line":66,"column":26}},"35":{"start":{"line":69,"column":8},"end":{"line":74,"column":11}},"36":{"start":{"line":70,"column":10},"end":{"line":71,"column":41}},"37":{"start":{"line":73,"column":10},"end":{"line":73,"column":55}},"38":{"start":{"line":76,"column":8},"end":{"line":78,"column":9}},"39":{"start":{"line":77,"column":10},"end":{"line":77,"column":37}},"40":{"start":{"line":80,"column":8},"end":{"line":80,"column":26}},"41":{"start":{"line":85,"column":2},"end":{"line":91,"column":4}},"42":{"start":{"line":93,"column":2},"end":{"line":93,"column":25}}},"branchMap":{"1":{"line":20,"type":"if","locations":[{"start":{"line":20,"column":4},"end":{"line":20,"column":4}},{"start":{"line":20,"column":4},"end":{"line":20,"column":4}}]},"2":{"line":20,"type":"binary-expr","locations":[{"start":{"line":20,"column":8},"end":{"line":20,"column":13}},{"start":{"line":20,"column":17},"end":{"line":20,"column":47}}]},"3":{"line":27,"type":"if","locations":[{"start":{"line":27,"column":6},"end":{"line":27,"column":6}},{"start":{"line":27,"column":6},"end":{"line":27,"column":6}}]},"4":{"line":27,"type":"binary-expr","locations":[{"start":{"line":27,"column":10},"end":{"line":27,"column":14}},{"start":{"line":27,"column":18},"end":{"line":27,"column":33}}]},"5":{"line":34,"type":"if","locations":[{"start":{"line":34,"column":10},"end":{"line":34,"column":10}},{"start":{"line":34,"column":10},"end":{"line":34,"column":10}}]},"6":{"line":37,"type":"if","locations":[{"start":{"line":37,"column":12},"end":{"line":37,"column":12}},{"start":{"line":37,"column":12},"end":{"line":37,"column":12}}]},"7":{"line":41,"type":"if","locations":[{"start":{"line":41,"column":12},"end":{"line":41,"column":12}},{"start":{"line":41,"column":12},"end":{"line":41,"column":12}}]},"8":{"line":46,"type":"if","locations":[{"start":{"line":46,"column":14},"end":{"line":46,"column":14}},{"start":{"line":46,"column":14},"end":{"line":46,"column":14}}]},"9":{"line":65,"type":"if","locations":[{"start":{"line":65,"column":8},"end":{"line":65,"column":8}},{"start":{"line":65,"column":8},"end":{"line":65,"column":8}}]},"10":{"line":76,"type":"if","locations":[{"start":{"line":76,"column":8},"end":{"line":76,"column":8}},{"start":{"line":76,"column":8},"end":{"line":76,"column":8}}]}}},"/Users/brunoabrantes/Code/bifrost/lib/strategies/hash.js":{"path":"/Users/brunoabrantes/Code/bifrost/lib/strategies/hash.js","s":{"1":1,"2":1,"3":1,"4":1,"5":1,"6":1,"7":1,"8":1,"9":1,"10":1,"11":1,"12":10,"13":1,"14":9,"15":1,"16":8,"17":1,"18":7,"19":1,"20":6,"21":1,"22":5,"23":1,"24":4,"25":1,"26":3,"27":1,"28":2,"29":1,"30":1},"b":{"1":[1,9],"2":[1,8],"3":[1,7],"4":[1,6],"5":[1,5],"6":[1,4],"7":[1,3],"8":[1,2],"9":[1,1]},"f":{"1":1,"2":10},"fnMap":{"1":{"name":"(anonymous_1)","line":1,"loc":{"start":{"line":1,"column":1},"end":{"line":1,"column":11}}},"2":{"name":"(anonymous_2)","line":21,"loc":{"start":{"line":21,"column":15},"end":{"line":21,"column":31}}}},"statementMap":{"1":{"start":{"line":1,"column":0},"end":{"line":35,"column":5}},"2":{"start":{"line":2,"column":2},"end":{"line":9,"column":19}},"3":{"start":{"line":11,"column":2},"end":{"line":11,"column":24}},"4":{"start":{"line":12,"column":2},"end":{"line":12,"column":52}},"5":{"start":{"line":13,"column":2},"end":{"line":13,"column":60}},"6":{"start":{"line":14,"column":2},"end":{"line":14,"column":54}},"7":{"start":{"line":15,"column":2},"end":{"line":15,"column":56}},"8":{"start":{"line":16,"column":2},"end":{"line":16,"column":56}},"9":{"start":{"line":17,"column":2},"end":{"line":17,"column":56}},"10":{"start":{"line":18,"column":2},"end":{"line":18,"column":50}},"11":{"start":{"line":20,"column":2},"end":{"line":34,"column":4}},"12":{"start":{"line":22,"column":6},"end":{"line":22,"column":51}},"13":{"start":{"line":22,"column":29},"end":{"line":22,"column":49}},"14":{"start":{"line":23,"column":6},"end":{"line":23,"column":59}},"15":{"start":{"line":23,"column":33},"end":{"line":23,"column":57}},"16":{"start":{"line":24,"column":6},"end":{"line":24,"column":53}},"17":{"start":{"line":24,"column":30},"end":{"line":24,"column":51}},"18":{"start":{"line":25,"column":6},"end":{"line":25,"column":49}},"19":{"start":{"line":25,"column":28},"end":{"line":25,"column":47}},"20":{"start":{"line":26,"column":6},"end":{"line":26,"column":55}},"21":{"start":{"line":26,"column":31},"end":{"line":26,"column":53}},"22":{"start":{"line":27,"column":6},"end":{"line":27,"column":55}},"23":{"start":{"line":27,"column":31},"end":{"line":27,"column":53}},"24":{"start":{"line":28,"column":6},"end":{"line":28,"column":55}},"25":{"start":{"line":28,"column":31},"end":{"line":28,"column":53}},"26":{"start":{"line":30,"column":6},"end":{"line":30,"column":40}},"27":{"start":{"line":30,"column":28},"end":{"line":30,"column":38}},"28":{"start":{"line":31,"column":6},"end":{"line":31,"column":45}},"29":{"start":{"line":31,"column":33},"end":{"line":31,"column":43}},"30":{"start":{"line":32,"column":6},"end":{"line":32,"column":19}}},"branchMap":{"1":{"line":22,"type":"if","locations":[{"start":{"line":22,"column":6},"end":{"line":22,"column":6}},{"start":{"line":22,"column":6},"end":{"line":22,"column":6}}]},"2":{"line":23,"type":"if","locations":[{"start":{"line":23,"column":6},"end":{"line":23,"column":6}},{"start":{"line":23,"column":6},"end":{"line":23,"column":6}}]},"3":{"line":24,"type":"if","locations":[{"start":{"line":24,"column":6},"end":{"line":24,"column":6}},{"start":{"line":24,"column":6},"end":{"line":24,"column":6}}]},"4":{"line":25,"type":"if","locations":[{"start":{"line":25,"column":6},"end":{"line":25,"column":6}},{"start":{"line":25,"column":6},"end":{"line":25,"column":6}}]},"5":{"line":26,"type":"if","locations":[{"start":{"line":26,"column":6},"end":{"line":26,"column":6}},{"start":{"line":26,"column":6},"end":{"line":26,"column":6}}]},"6":{"line":27,"type":"if","locations":[{"start":{"line":27,"column":6},"end":{"line":27,"column":6}},{"start":{"line":27,"column":6},"end":{"line":27,"column":6}}]},"7":{"line":28,"type":"if","locations":[{"start":{"line":28,"column":6},"end":{"line":28,"column":6}},{"start":{"line":28,"column":6},"end":{"line":28,"column":6}}]},"8":{"line":30,"type":"if","locations":[{"start":{"line":30,"column":6},"end":{"line":30,"column":6}},{"start":{"line":30,"column":6},"end":{"line":30,"column":6}}]},"9":{"line":31,"type":"if","locations":[{"start":{"line":31,"column":6},"end":{"line":31,"column":6}},{"start":{"line":31,"column":6},"end":{"line":31,"column":6}}]}}},"/Users/brunoabrantes/Code/bifrost/lib/strategies/integer.js":{"path":"/Users/brunoabrantes/Code/bifrost/lib/strategies/integer.js","s":{"1":1,"2":1,"3":1,"4":1,"5":1,"6":1,"7":1,"8":1,"9":1,"10":11,"11":11,"12":1,"13":10,"14":1,"15":9,"16":1,"17":8,"18":1,"19":7,"20":1,"21":6,"22":1,"23":5,"24":1,"25":4,"26":4,"27":1,"28":3},"b":{"1":[1,10],"2":[1,9],"3":[1,8],"4":[1,7],"5":[1,6],"6":[1,5],"7":[1,4],"8":[1,3],"9":[4,4]},"f":{"1":1,"2":11},"fnMap":{"1":{"name":"(anonymous_1)","line":1,"loc":{"start":{"line":1,"column":1},"end":{"line":1,"column":11}}},"2":{"name":"(anonymous_2)","line":17,"loc":{"start":{"line":17,"column":15},"end":{"line":17,"column":31}}}},"statementMap":{"1":{"start":{"line":1,"column":0},"end":{"line":38,"column":5}},"2":{"start":{"line":2,"column":2},"end":{"line":7,"column":20}},"3":{"start":{"line":9,"column":2},"end":{"line":9,"column":24}},"4":{"start":{"line":10,"column":2},"end":{"line":10,"column":65}},"5":{"start":{"line":11,"column":2},"end":{"line":11,"column":71}},"6":{"start":{"line":12,"column":2},"end":{"line":12,"column":67}},"7":{"start":{"line":13,"column":2},"end":{"line":13,"column":61}},"8":{"start":{"line":14,"column":2},"end":{"line":14,"column":67}},"9":{"start":{"line":16,"column":2},"end":{"line":37,"column":4}},"10":{"start":{"line":18,"column":6},"end":{"line":18,"column":21}},"11":{"start":{"line":19,"column":6},"end":{"line":19,"column":40}},"12":{"start":{"line":19,"column":29},"end":{"line":19,"column":38}},"13":{"start":{"line":20,"column":6},"end":{"line":20,"column":45}},"14":{"start":{"line":20,"column":34},"end":{"line":20,"column":43}},"15":{"start":{"line":23,"column":6},"end":{"line":23,"column":53}},"16":{"start":{"line":23,"column":30},"end":{"line":23,"column":51}},"17":{"start":{"line":24,"column":6},"end":{"line":24,"column":59}},"18":{"start":{"line":24,"column":33},"end":{"line":24,"column":57}},"19":{"start":{"line":25,"column":6},"end":{"line":25,"column":55}},"20":{"start":{"line":25,"column":31},"end":{"line":25,"column":53}},"21":{"start":{"line":26,"column":6},"end":{"line":26,"column":49}},"22":{"start":{"line":26,"column":28},"end":{"line":26,"column":47}},"23":{"start":{"line":27,"column":6},"end":{"line":27,"column":55}},"24":{"start":{"line":27,"column":31},"end":{"line":27,"column":53}},"25":{"start":{"line":29,"column":6},"end":{"line":29,"column":39}},"26":{"start":{"line":31,"column":6},"end":{"line":33,"column":7}},"27":{"start":{"line":32,"column":8},"end":{"line":32,"column":75}},"28":{"start":{"line":35,"column":6},"end":{"line":35,"column":24}}},"branchMap":{"1":{"line":19,"type":"if","locations":[{"start":{"line":19,"column":6},"end":{"line":19,"column":6}},{"start":{"line":19,"column":6},"end":{"line":19,"column":6}}]},"2":{"line":20,"type":"if","locations":[{"start":{"line":20,"column":6},"end":{"line":20,"column":6}},{"start":{"line":20,"column":6},"end":{"line":20,"column":6}}]},"3":{"line":23,"type":"if","locations":[{"start":{"line":23,"column":6},"end":{"line":23,"column":6}},{"start":{"line":23,"column":6},"end":{"line":23,"column":6}}]},"4":{"line":24,"type":"if","locations":[{"start":{"line":24,"column":6},"end":{"line":24,"column":6}},{"start":{"line":24,"column":6},"end":{"line":24,"column":6}}]},"5":{"line":25,"type":"if","locations":[{"start":{"line":25,"column":6},"end":{"line":25,"column":6}},{"start":{"line":25,"column":6},"end":{"line":25,"column":6}}]},"6":{"line":26,"type":"if","locations":[{"start":{"line":26,"column":6},"end":{"line":26,"column":6}},{"start":{"line":26,"column":6},"end":{"line":26,"column":6}}]},"7":{"line":27,"type":"if","locations":[{"start":{"line":27,"column":6},"end":{"line":27,"column":6}},{"start":{"line":27,"column":6},"end":{"line":27,"column":6}}]},"8":{"line":31,"type":"if","locations":[{"start":{"line":31,"column":6},"end":{"line":31,"column":6}},{"start":{"line":31,"column":6},"end":{"line":31,"column":6}}]},"9":{"line":31,"type":"binary-expr","locations":[{"start":{"line":31,"column":10},"end":{"line":31,"column":33}},{"start":{"line":31,"column":37},"end":{"line":31,"column":56}}]}}},"/Users/brunoabrantes/Code/bifrost/lib/strategies/date.js":{"path":"/Users/brunoabrantes/Code/bifrost/lib/strategies/date.js","s":{"1":1,"2":1,"3":1,"4":1,"5":1,"6":1,"7":1,"8":1,"9":1,"10":1,"11":1,"12":1,"13":5,"14":5,"15":3,"16":3,"17":1,"18":1,"19":1,"20":1,"21":5,"22":1,"23":14,"24":14,"25":11,"26":14,"27":14,"28":1,"29":13,"30":1,"31":12,"32":1,"33":11,"34":1,"35":10,"36":1,"37":9,"38":1,"39":8,"40":2,"41":6,"42":1,"43":5},"b":{"1":[3,1,1],"2":[11,3],"3":[1,13],"4":[1,12],"5":[1,11],"6":[1,10],"7":[1,9],"8":[1,8],"9":[9,2],"10":[2,6],"11":[8,7],"12":[1,5]},"f":{"1":1,"2":5,"3":14},"fnMap":{"1":{"name":"(anonymous_1)","line":1,"loc":{"start":{"line":1,"column":1},"end":{"line":1,"column":11}}},"2":{"name":"(anonymous_2)","line":26,"loc":{"start":{"line":26,"column":16},"end":{"line":26,"column":40}}},"3":{"name":"(anonymous_3)","line":44,"loc":{"start":{"line":44,"column":15},"end":{"line":44,"column":40}}}},"statementMap":{"1":{"start":{"line":1,"column":0},"end":{"line":64,"column":5}},"2":{"start":{"line":2,"column":2},"end":{"line":11,"column":21}},"3":{"start":{"line":13,"column":2},"end":{"line":13,"column":29}},"4":{"start":{"line":14,"column":2},"end":{"line":14,"column":24}},"5":{"start":{"line":15,"column":2},"end":{"line":18,"column":4}},"6":{"start":{"line":19,"column":2},"end":{"line":19,"column":64}},"7":{"start":{"line":20,"column":2},"end":{"line":20,"column":62}},"8":{"start":{"line":21,"column":2},"end":{"line":21,"column":68}},"9":{"start":{"line":22,"column":2},"end":{"line":22,"column":64}},"10":{"start":{"line":23,"column":2},"end":{"line":23,"column":58}},"11":{"start":{"line":24,"column":2},"end":{"line":24,"column":66}},"12":{"start":{"line":26,"column":2},"end":{"line":41,"column":4}},"13":{"start":{"line":27,"column":4},"end":{"line":27,"column":15}},"14":{"start":{"line":28,"column":4},"end":{"line":38,"column":5}},"15":{"start":{"line":30,"column":8},"end":{"line":30,"column":32}},"16":{"start":{"line":31,"column":6},"end":{"line":31,"column":12}},"17":{"start":{"line":33,"column":8},"end":{"line":33,"column":30}},"18":{"start":{"line":34,"column":6},"end":{"line":34,"column":12}},"19":{"start":{"line":36,"column":8},"end":{"line":36,"column":38}},"20":{"start":{"line":37,"column":6},"end":{"line":37,"column":12}},"21":{"start":{"line":40,"column":4},"end":{"line":40,"column":18}},"22":{"start":{"line":43,"column":2},"end":{"line":63,"column":4}},"23":{"start":{"line":45,"column":6},"end":{"line":45,"column":21}},"24":{"start":{"line":47,"column":6},"end":{"line":47,"column":37}},"25":{"start":{"line":47,"column":22},"end":{"line":47,"column":35}},"26":{"start":{"line":49,"column":6},"end":{"line":49,"column":36}},"27":{"start":{"line":51,"column":6},"end":{"line":51,"column":57}},"28":{"start":{"line":51,"column":32},"end":{"line":51,"column":55}},"29":{"start":{"line":52,"column":6},"end":{"line":52,"column":55}},"30":{"start":{"line":52,"column":31},"end":{"line":52,"column":53}},"31":{"start":{"line":53,"column":6},"end":{"line":53,"column":49}},"32":{"start":{"line":53,"column":28},"end":{"line":53,"column":47}},"33":{"start":{"line":54,"column":6},"end":{"line":54,"column":53}},"34":{"start":{"line":54,"column":30},"end":{"line":54,"column":51}},"35":{"start":{"line":55,"column":6},"end":{"line":55,"column":59}},"36":{"start":{"line":55,"column":33},"end":{"line":55,"column":57}},"37":{"start":{"line":56,"column":6},"end":{"line":56,"column":75}},"38":{"start":{"line":56,"column":51},"end":{"line":56,"column":73}},"39":{"start":{"line":58,"column":6},"end":{"line":58,"column":67}},"40":{"start":{"line":58,"column":53},"end":{"line":58,"column":65}},"41":{"start":{"line":59,"column":6},"end":{"line":59,"column":82}},"42":{"start":{"line":59,"column":31},"end":{"line":59,"column":80}},"43":{"start":{"line":61,"column":6},"end":{"line":61,"column":83}}},"branchMap":{"1":{"line":28,"type":"switch","locations":[{"start":{"line":29,"column":6},"end":{"line":31,"column":12}},{"start":{"line":32,"column":6},"end":{"line":34,"column":12}},{"start":{"line":35,"column":6},"end":{"line":37,"column":12}}]},"2":{"line":47,"type":"if","locations":[{"start":{"line":47,"column":6},"end":{"line":47,"column":6}},{"start":{"line":47,"column":6},"end":{"line":47,"column":6}}]},"3":{"line":51,"type":"if","locations":[{"start":{"line":51,"column":6},"end":{"line":51,"column":6}},{"start":{"line":51,"column":6},"end":{"line":51,"column":6}}]},"4":{"line":52,"type":"if","locations":[{"start":{"line":52,"column":6},"end":{"line":52,"column":6}},{"start":{"line":52,"column":6},"end":{"line":52,"column":6}}]},"5":{"line":53,"type":"if","locations":[{"start":{"line":53,"column":6},"end":{"line":53,"column":6}},{"start":{"line":53,"column":6},"end":{"line":53,"column":6}}]},"6":{"line":54,"type":"if","locations":[{"start":{"line":54,"column":6},"end":{"line":54,"column":6}},{"start":{"line":54,"column":6},"end":{"line":54,"column":6}}]},"7":{"line":55,"type":"if","locations":[{"start":{"line":55,"column":6},"end":{"line":55,"column":6}},{"start":{"line":55,"column":6},"end":{"line":55,"column":6}}]},"8":{"line":56,"type":"if","locations":[{"start":{"line":56,"column":6},"end":{"line":56,"column":6}},{"start":{"line":56,"column":6},"end":{"line":56,"column":6}}]},"9":{"line":56,"type":"binary-expr","locations":[{"start":{"line":56,"column":10},"end":{"line":56,"column":27}},{"start":{"line":56,"column":31},"end":{"line":56,"column":47}}]},"10":{"line":58,"type":"if","locations":[{"start":{"line":58,"column":6},"end":{"line":58,"column":6}},{"start":{"line":58,"column":6},"end":{"line":58,"column":6}}]},"11":{"line":58,"type":"binary-expr","locations":[{"start":{"line":58,"column":10},"end":{"line":58,"column":25}},{"start":{"line":58,"column":29},"end":{"line":58,"column":49}}]},"12":{"line":59,"type":"if","locations":[{"start":{"line":59,"column":6},"end":{"line":59,"column":6}},{"start":{"line":59,"column":6},"end":{"line":59,"column":6}}]}}},"/Users/brunoabrantes/Code/bifrost/lib/strategies/string.js":{"path":"/Users/brunoabrantes/Code/bifrost/lib/strategies/string.js","s":{"1":1,"2":1,"3":1,"4":1,"5":1,"6":1,"7":1,"8":1,"9":1,"10":11,"11":1,"12":10,"13":1,"14":9,"15":1,"16":8,"17":1,"18":7,"19":1,"20":6,"21":1,"22":5,"23":1,"24":4,"25":1,"26":3},"b":{"1":[1,10],"2":[1,9],"3":[1,8],"4":[1,7],"5":[1,6],"6":[1,5],"7":[1,4],"8":[1,3]},"f":{"1":1,"2":11},"fnMap":{"1":{"name":"(anonymous_1)","line":1,"loc":{"start":{"line":1,"column":1},"end":{"line":1,"column":11}}},"2":{"name":"(anonymous_2)","line":17,"loc":{"start":{"line":17,"column":15},"end":{"line":17,"column":31}}}},"statementMap":{"1":{"start":{"line":1,"column":0},"end":{"line":31,"column":5}},"2":{"start":{"line":2,"column":2},"end":{"line":7,"column":17}},"3":{"start":{"line":9,"column":2},"end":{"line":9,"column":24}},"4":{"start":{"line":10,"column":2},"end":{"line":10,"column":66}},"5":{"start":{"line":11,"column":2},"end":{"line":11,"column":64}},"6":{"start":{"line":12,"column":2},"end":{"line":12,"column":70}},"7":{"start":{"line":13,"column":2},"end":{"line":13,"column":66}},"8":{"start":{"line":14,"column":2},"end":{"line":14,"column":60}},"9":{"start":{"line":16,"column":2},"end":{"line":30,"column":4}},"10":{"start":{"line":18,"column":6},"end":{"line":18,"column":41}},"11":{"start":{"line":18,"column":29},"end":{"line":18,"column":39}},"12":{"start":{"line":19,"column":6},"end":{"line":19,"column":46}},"13":{"start":{"line":19,"column":34},"end":{"line":19,"column":44}},"14":{"start":{"line":20,"column":6},"end":{"line":20,"column":58}},"15":{"start":{"line":20,"column":29},"end":{"line":20,"column":56}},"16":{"start":{"line":22,"column":6},"end":{"line":22,"column":55}},"17":{"start":{"line":22,"column":31},"end":{"line":22,"column":53}},"18":{"start":{"line":23,"column":6},"end":{"line":23,"column":49}},"19":{"start":{"line":23,"column":28},"end":{"line":23,"column":47}},"20":{"start":{"line":24,"column":6},"end":{"line":24,"column":53}},"21":{"start":{"line":24,"column":30},"end":{"line":24,"column":51}},"22":{"start":{"line":25,"column":6},"end":{"line":25,"column":59}},"23":{"start":{"line":25,"column":33},"end":{"line":25,"column":57}},"24":{"start":{"line":26,"column":6},"end":{"line":26,"column":55}},"25":{"start":{"line":26,"column":31},"end":{"line":26,"column":53}},"26":{"start":{"line":28,"column":6},"end":{"line":28,"column":30}}},"branchMap":{"1":{"line":18,"type":"if","locations":[{"start":{"line":18,"column":6},"end":{"line":18,"column":6}},{"start":{"line":18,"column":6},"end":{"line":18,"column":6}}]},"2":{"line":19,"type":"if","locations":[{"start":{"line":19,"column":6},"end":{"line":19,"column":6}},{"start":{"line":19,"column":6},"end":{"line":19,"column":6}}]},"3":{"line":20,"type":"if","locations":[{"start":{"line":20,"column":6},"end":{"line":20,"column":6}},{"start":{"line":20,"column":6},"end":{"line":20,"column":6}}]},"4":{"line":22,"type":"if","locations":[{"start":{"line":22,"column":6},"end":{"line":22,"column":6}},{"start":{"line":22,"column":6},"end":{"line":22,"column":6}}]},"5":{"line":23,"type":"if","locations":[{"start":{"line":23,"column":6},"end":{"line":23,"column":6}},{"start":{"line":23,"column":6},"end":{"line":23,"column":6}}]},"6":{"line":24,"type":"if","locations":[{"start":{"line":24,"column":6},"end":{"line":24,"column":6}},{"start":{"line":24,"column":6},"end":{"line":24,"column":6}}]},"7":{"line":25,"type":"if","locations":[{"start":{"line":25,"column":6},"end":{"line":25,"column":6}},{"start":{"line":25,"column":6},"end":{"line":25,"column":6}}]},"8":{"line":26,"type":"if","locations":[{"start":{"line":26,"column":6},"end":{"line":26,"column":6}},{"start":{"line":26,"column":6},"end":{"line":26,"column":6}}]}}},"/Users/brunoabrantes/Code/bifrost/lib/strategies/boolean.js":{"path":"/Users/brunoabrantes/Code/bifrost/lib/strategies/boolean.js","s":{"1":1,"2":1,"3":1,"4":1,"5":1,"6":1,"7":1,"8":1,"9":1,"10":1,"11":1,"12":1,"13":12,"14":1,"15":11,"16":1,"17":10,"18":1,"19":9,"20":1,"21":8,"22":1,"23":7,"24":1,"25":6,"26":1,"27":5,"28":5,"29":4,"30":1},"b":{"1":[1,11],"2":[1,10],"3":[1,9],"4":[1,8],"5":[1,7],"6":[1,6],"7":[1,5],"8":[4,1]},"f":{"1":1,"2":12},"fnMap":{"1":{"name":"(anonymous_1)","line":1,"loc":{"start":{"line":1,"column":1},"end":{"line":1,"column":11}}},"2":{"name":"(anonymous_2)","line":29,"loc":{"start":{"line":29,"column":15},"end":{"line":29,"column":31}}}},"statementMap":{"1":{"start":{"line":1,"column":0},"end":{"line":48,"column":5}},"2":{"start":{"line":2,"column":2},"end":{"line":10,"column":19}},"3":{"start":{"line":12,"column":2},"end":{"line":12,"column":24}},"4":{"start":{"line":13,"column":2},"end":{"line":13,"column":52}},"5":{"start":{"line":14,"column":2},"end":{"line":14,"column":60}},"6":{"start":{"line":15,"column":2},"end":{"line":15,"column":54}},"7":{"start":{"line":16,"column":2},"end":{"line":16,"column":56}},"8":{"start":{"line":17,"column":2},"end":{"line":17,"column":56}},"9":{"start":{"line":18,"column":2},"end":{"line":18,"column":56}},"10":{"start":{"line":19,"column":2},"end":{"line":19,"column":50}},"11":{"start":{"line":21,"column":2},"end":{"line":26,"column":4}},"12":{"start":{"line":28,"column":2},"end":{"line":47,"column":4}},"13":{"start":{"line":30,"column":6},"end":{"line":30,"column":51}},"14":{"start":{"line":30,"column":29},"end":{"line":30,"column":49}},"15":{"start":{"line":31,"column":6},"end":{"line":31,"column":59}},"16":{"start":{"line":31,"column":33},"end":{"line":31,"column":57}},"17":{"start":{"line":32,"column":6},"end":{"line":32,"column":53}},"18":{"start":{"line":32,"column":30},"end":{"line":32,"column":51}},"19":{"start":{"line":33,"column":6},"end":{"line":33,"column":49}},"20":{"start":{"line":33,"column":28},"end":{"line":33,"column":47}},"21":{"start":{"line":34,"column":6},"end":{"line":34,"column":55}},"22":{"start":{"line":34,"column":31},"end":{"line":34,"column":53}},"23":{"start":{"line":36,"column":6},"end":{"line":36,"column":43}},"24":{"start":{"line":36,"column":28},"end":{"line":36,"column":41}},"25":{"start":{"line":37,"column":6},"end":{"line":37,"column":48}},"26":{"start":{"line":37,"column":33},"end":{"line":37,"column":46}},"27":{"start":{"line":39,"column":6},"end":{"line":39,"column":35}},"28":{"start":{"line":41,"column":6},"end":{"line":43,"column":7}},"29":{"start":{"line":42,"column":8},"end":{"line":42,"column":22}},"30":{"start":{"line":45,"column":6},"end":{"line":45,"column":50}}},"branchMap":{"1":{"line":30,"type":"if","locations":[{"start":{"line":30,"column":6},"end":{"line":30,"column":6}},{"start":{"line":30,"column":6},"end":{"line":30,"column":6}}]},"2":{"line":31,"type":"if","locations":[{"start":{"line":31,"column":6},"end":{"line":31,"column":6}},{"start":{"line":31,"column":6},"end":{"line":31,"column":6}}]},"3":{"line":32,"type":"if","locations":[{"start":{"line":32,"column":6},"end":{"line":32,"column":6}},{"start":{"line":32,"column":6},"end":{"line":32,"column":6}}]},"4":{"line":33,"type":"if","locations":[{"start":{"line":33,"column":6},"end":{"line":33,"column":6}},{"start":{"line":33,"column":6},"end":{"line":33,"column":6}}]},"5":{"line":34,"type":"if","locations":[{"start":{"line":34,"column":6},"end":{"line":34,"column":6}},{"start":{"line":34,"column":6},"end":{"line":34,"column":6}}]},"6":{"line":36,"type":"if","locations":[{"start":{"line":36,"column":6},"end":{"line":36,"column":6}},{"start":{"line":36,"column":6},"end":{"line":36,"column":6}}]},"7":{"line":37,"type":"if","locations":[{"start":{"line":37,"column":6},"end":{"line":37,"column":6}},{"start":{"line":37,"column":6},"end":{"line":37,"column":6}}]},"8":{"line":41,"type":"if","locations":[{"start":{"line":41,"column":6},"end":{"line":41,"column":6}},{"start":{"line":41,"column":6},"end":{"line":41,"column":6}}]}}},"/Users/brunoabrantes/Code/bifrost/v1/repositories/artist.js":{"path":"/Users/brunoabrantes/Code/bifrost/v1/repositories/artist.js","s":{"1":1,"2":1,"3":1,"4":1,"5":1,"6":2,"7":2,"8":1,"9":1,"10":1,"11":0,"12":0,"13":0,"14":1,"15":1,"16":1,"17":0,"18":0,"19":0},"b":{},"f":{"1":1,"2":2,"3":1,"4":0,"5":1,"6":0},"fnMap":{"1":{"name":"(anonymous_1)","line":1,"loc":{"start":{"line":1,"column":1},"end":{"line":1,"column":12}}},"2":{"name":"(anonymous_2)","line":11,"loc":{"start":{"line":11,"column":21},"end":{"line":11,"column":37}}},"3":{"name":"(anonymous_3)","line":22,"loc":{"start":{"line":22,"column":20},"end":{"line":22,"column":79}}},"4":{"name":"(anonymous_4)","line":26,"loc":{"start":{"line":26,"column":12},"end":{"line":26,"column":27}}},"5":{"name":"(anonymous_5)","line":38,"loc":{"start":{"line":38,"column":27},"end":{"line":38,"column":86}}},"6":{"name":"(anonymous_6)","line":42,"loc":{"start":{"line":42,"column":12},"end":{"line":42,"column":27}}}},"statementMap":{"1":{"start":{"line":1,"column":0},"end":{"line":54,"column":5}},"2":{"start":{"line":2,"column":2},"end":{"line":6,"column":41}},"3":{"start":{"line":8,"column":4},"end":{"line":8,"column":59}},"4":{"start":{"line":9,"column":4},"end":{"line":9,"column":65}},"5":{"start":{"line":11,"column":2},"end":{"line":20,"column":4}},"6":{"start":{"line":12,"column":4},"end":{"line":12,"column":15}},"7":{"start":{"line":14,"column":4},"end":{"line":19,"column":7}},"8":{"start":{"line":22,"column":2},"end":{"line":36,"column":4}},"9":{"start":{"line":23,"column":4},"end":{"line":23,"column":39}},"10":{"start":{"line":25,"column":4},"end":{"line":35,"column":9}},"11":{"start":{"line":27,"column":8},"end":{"line":30,"column":21}},"12":{"start":{"line":32,"column":8},"end":{"line":32,"column":62}},"13":{"start":{"line":34,"column":8},"end":{"line":34,"column":20}},"14":{"start":{"line":38,"column":2},"end":{"line":53,"column":4}},"15":{"start":{"line":39,"column":4},"end":{"line":39,"column":39}},"16":{"start":{"line":41,"column":4},"end":{"line":52,"column":19}},"17":{"start":{"line":43,"column":8},"end":{"line":46,"column":21}},"18":{"start":{"line":48,"column":8},"end":{"line":48,"column":68}},"19":{"start":{"line":50,"column":8},"end":{"line":50,"column":20}}},"branchMap":{}},"/Users/brunoabrantes/Code/bifrost/lib/http_client.js":{"path":"/Users/brunoabrantes/Code/bifrost/lib/http_client.js","s":{"1":1,"2":1,"3":1,"4":29,"5":1,"6":36,"7":36,"8":1,"9":6,"10":6,"11":3,"12":3,"13":3,"14":3,"15":0,"16":6,"17":1,"18":21,"19":21,"20":90,"21":29,"22":90,"23":21,"24":14,"25":7,"26":1},"b":{"1":[2,1],"2":[3,0],"3":[29,61],"4":[90,31],"5":[14,7]},"f":{"1":1,"2":29,"3":36,"4":6,"5":3,"6":21,"7":90},"fnMap":{"1":{"name":"(anonymous_1)","line":1,"loc":{"start":{"line":1,"column":1},"end":{"line":1,"column":12}}},"2":{"name":"(anonymous_2)","line":8,"loc":{"start":{"line":8,"column":16},"end":{"line":8,"column":37}}},"3":{"name":"(anonymous_3)","line":16,"loc":{"start":{"line":16,"column":19},"end":{"line":16,"column":36}}},"4":{"name":"(anonymous_4)","line":21,"loc":{"start":{"line":21,"column":29},"end":{"line":21,"column":43}}},"5":{"name":"(anonymous_5)","line":27,"loc":{"start":{"line":27,"column":7},"end":{"line":27,"column":39}}},"6":{"name":"(anonymous_6)","line":42,"loc":{"start":{"line":42,"column":38},"end":{"line":42,"column":54}}},"7":{"name":"(anonymous_7)","line":44,"loc":{"start":{"line":44,"column":31},"end":{"line":44,"column":49}}}},"statementMap":{"1":{"start":{"line":1,"column":0},"end":{"line":59,"column":5}},"2":{"start":{"line":2,"column":2},"end":{"line":6,"column":16}},"3":{"start":{"line":8,"column":2},"end":{"line":14,"column":4}},"4":{"start":{"line":9,"column":4},"end":{"line":13,"column":27}},"5":{"start":{"line":16,"column":2},"end":{"line":19,"column":4}},"6":{"start":{"line":17,"column":4},"end":{"line":17,"column":35}},"7":{"start":{"line":18,"column":4},"end":{"line":18,"column":35}},"8":{"start":{"line":21,"column":2},"end":{"line":40,"column":4}},"9":{"start":{"line":22,"column":4},"end":{"line":22,"column":24}},"10":{"start":{"line":24,"column":4},"end":{"line":37,"column":7}},"11":{"start":{"line":28,"column":6},"end":{"line":29,"column":83}},"12":{"start":{"line":31,"column":6},"end":{"line":34,"column":7}},"13":{"start":{"line":32,"column":8},"end":{"line":32,"column":37}},"14":{"start":{"line":33,"column":8},"end":{"line":33,"column":15}},"15":{"start":{"line":36,"column":6},"end":{"line":36,"column":36}},"16":{"start":{"line":39,"column":4},"end":{"line":39,"column":23}},"17":{"start":{"line":42,"column":2},"end":{"line":56,"column":4}},"18":{"start":{"line":43,"column":4},"end":{"line":43,"column":36}},"19":{"start":{"line":44,"column":4},"end":{"line":49,"column":11}},"20":{"start":{"line":45,"column":6},"end":{"line":47,"column":7}},"21":{"start":{"line":46,"column":8},"end":{"line":46,"column":64}},"22":{"start":{"line":48,"column":6},"end":{"line":48,"column":16}},"23":{"start":{"line":51,"column":4},"end":{"line":55,"column":5}},"24":{"start":{"line":52,"column":6},"end":{"line":52,"column":35}},"25":{"start":{"line":54,"column":6},"end":{"line":54,"column":16}},"26":{"start":{"line":58,"column":2},"end":{"line":58,"column":30}}},"branchMap":{"1":{"line":29,"type":"cond-expr","locations":[{"start":{"line":29,"column":44},"end":{"line":29,"column":74}},{"start":{"line":29,"column":77},"end":{"line":29,"column":82}}]},"2":{"line":31,"type":"if","locations":[{"start":{"line":31,"column":6},"end":{"line":31,"column":6}},{"start":{"line":31,"column":6},"end":{"line":31,"column":6}}]},"3":{"line":45,"type":"if","locations":[{"start":{"line":45,"column":6},"end":{"line":45,"column":6}},{"start":{"line":45,"column":6},"end":{"line":45,"column":6}}]},"4":{"line":45,"type":"binary-expr","locations":[{"start":{"line":45,"column":10},"end":{"line":45,"column":36}},{"start":{"line":45,"column":40},"end":{"line":45,"column":61}}]},"5":{"line":51,"type":"if","locations":[{"start":{"line":51,"column":4},"end":{"line":51,"column":4}},{"start":{"line":51,"column":4},"end":{"line":51,"column":4}}]}}},"/Users/brunoabrantes/Code/bifrost/lib/mapper.js":{"path":"/Users/brunoabrantes/Code/bifrost/lib/mapper.js","s":{"1":1,"2":1,"3":1,"4":43,"5":1,"6":43,"7":1,"8":28,"9":44,"10":1,"11":43,"12":43,"13":3,"14":3,"15":1,"16":4,"17":2,"18":2,"19":4,"20":1,"21":2,"22":3,"23":6,"24":6,"25":2,"26":2,"27":2,"28":38,"29":1},"b":{"1":[1,43],"2":[2,2],"3":[4,3],"4":[2,1],"5":[1,3],"6":[6,2],"7":[2,0],"8":[2,2]},"f":{"1":1,"2":43,"3":43,"4":28,"5":44,"6":4,"7":4,"8":2,"9":6,"10":2,"11":38},"fnMap":{"1":{"name":"(anonymous_1)","line":1,"loc":{"start":{"line":1,"column":1},"end":{"line":1,"column":12}}},"2":{"name":"(anonymous_2)","line":7,"loc":{"start":{"line":7,"column":11},"end":{"line":7,"column":28}}},"3":{"name":"(anonymous_3)","line":11,"loc":{"start":{"line":11,"column":11},"end":{"line":11,"column":27}}},"4":{"name":"(anonymous_4)","line":15,"loc":{"start":{"line":15,"column":20},"end":{"line":15,"column":43}}},"5":{"name":"(anonymous_5)","line":16,"loc":{"start":{"line":16,"column":11},"end":{"line":16,"column":22}}},"6":{"name":"(anonymous_6)","line":31,"loc":{"start":{"line":31,"column":24},"end":{"line":31,"column":45}}},"7":{"name":"(anonymous_7)","line":39,"loc":{"start":{"line":39,"column":25},"end":{"line":39,"column":47}}},"8":{"name":"(anonymous_8)","line":41,"loc":{"start":{"line":41,"column":23},"end":{"line":41,"column":33}}},"9":{"name":"(anonymous_9)","line":46,"loc":{"start":{"line":46,"column":21},"end":{"line":46,"column":34}}},"10":{"name":"(anonymous_10)","line":55,"loc":{"start":{"line":55,"column":10},"end":{"line":55,"column":23}}},"11":{"name":"(anonymous_11)","line":63,"loc":{"start":{"line":63,"column":11},"end":{"line":63,"column":22}}}},"statementMap":{"1":{"start":{"line":1,"column":0},"end":{"line":69,"column":5}},"2":{"start":{"line":2,"column":2},"end":{"line":5,"column":29}},"3":{"start":{"line":7,"column":2},"end":{"line":9,"column":4}},"4":{"start":{"line":8,"column":4},"end":{"line":8,"column":32}},"5":{"start":{"line":11,"column":2},"end":{"line":13,"column":4}},"6":{"start":{"line":12,"column":4},"end":{"line":12,"column":30}},"7":{"start":{"line":15,"column":2},"end":{"line":28,"column":4}},"8":{"start":{"line":16,"column":4},"end":{"line":27,"column":6}},"9":{"start":{"line":17,"column":6},"end":{"line":19,"column":7}},"10":{"start":{"line":18,"column":8},"end":{"line":18,"column":20}},"11":{"start":{"line":21,"column":6},"end":{"line":26,"column":7}},"12":{"start":{"line":22,"column":8},"end":{"line":22,"column":45}},"13":{"start":{"line":24,"column":8},"end":{"line":24,"column":85}},"14":{"start":{"line":25,"column":8},"end":{"line":25,"column":20}},"15":{"start":{"line":30,"column":2},"end":{"line":66,"column":5}},"16":{"start":{"line":32,"column":6},"end":{"line":34,"column":7}},"17":{"start":{"line":33,"column":8},"end":{"line":33,"column":18}},"18":{"start":{"line":36,"column":6},"end":{"line":36,"column":49}},"19":{"start":{"line":40,"column":6},"end":{"line":44,"column":7}},"20":{"start":{"line":41,"column":8},"end":{"line":43,"column":11}},"21":{"start":{"line":42,"column":10},"end":{"line":42,"column":22}},"22":{"start":{"line":46,"column":6},"end":{"line":52,"column":9}},"23":{"start":{"line":47,"column":8},"end":{"line":49,"column":11}},"24":{"start":{"line":51,"column":8},"end":{"line":51,"column":29}},"25":{"start":{"line":56,"column":6},"end":{"line":58,"column":7}},"26":{"start":{"line":57,"column":8},"end":{"line":57,"column":26}},"27":{"start":{"line":60,"column":6},"end":{"line":60,"column":18}},"28":{"start":{"line":64,"column":6},"end":{"line":64,"column":25}},"29":{"start":{"line":68,"column":2},"end":{"line":68,"column":26}}},"branchMap":{"1":{"line":17,"type":"if","locations":[{"start":{"line":17,"column":6},"end":{"line":17,"column":6}},{"start":{"line":17,"column":6},"end":{"line":17,"column":6}}]},"2":{"line":32,"type":"if","locations":[{"start":{"line":32,"column":6},"end":{"line":32,"column":6}},{"start":{"line":32,"column":6},"end":{"line":32,"column":6}}]},"3":{"line":32,"type":"binary-expr","locations":[{"start":{"line":32,"column":10},"end":{"line":32,"column":27}},{"start":{"line":32,"column":31},"end":{"line":32,"column":43}}]},"4":{"line":36,"type":"binary-expr","locations":[{"start":{"line":36,"column":13},"end":{"line":36,"column":42}},{"start":{"line":36,"column":46},"end":{"line":36,"column":48}}]},"5":{"line":40,"type":"if","locations":[{"start":{"line":40,"column":6},"end":{"line":40,"column":6}},{"start":{"line":40,"column":6},"end":{"line":40,"column":6}}]},"6":{"line":51,"type":"binary-expr","locations":[{"start":{"line":51,"column":15},"end":{"line":51,"column":20}},{"start":{"line":51,"column":24},"end":{"line":51,"column":28}}]},"7":{"line":56,"type":"if","locations":[{"start":{"line":56,"column":6},"end":{"line":56,"column":6}},{"start":{"line":56,"column":6},"end":{"line":56,"column":6}}]},"8":{"line":56,"type":"binary-expr","locations":[{"start":{"line":56,"column":10},"end":{"line":56,"column":23}},{"start":{"line":56,"column":27},"end":{"line":56,"column":43}}]}}},"/Users/brunoabrantes/Code/bifrost/lib/plugins/mapper.camel_case.js":{"path":"/Users/brunoabrantes/Code/bifrost/lib/plugins/mapper.camel_case.js","s":{"1":1,"2":1,"3":1,"4":27,"5":27,"6":0,"7":0,"8":27,"9":33,"10":27,"11":1,"12":40,"13":6,"14":34,"15":16,"16":18,"17":27,"18":27,"19":1,"20":2,"21":2,"22":1,"23":11},"b":{"1":[0,27],"2":[33,0],"3":[6,34],"4":[16,18]},"f":{"1":1,"2":27,"3":33,"4":40,"5":27,"6":2,"7":11},"fnMap":{"1":{"name":"(anonymous_1)","line":1,"loc":{"start":{"line":1,"column":1},"end":{"line":1,"column":12}}},"2":{"name":"(anonymous_2)","line":5,"loc":{"start":{"line":5,"column":17},"end":{"line":5,"column":30}}},"3":{"name":"(anonymous_3)","line":14,"loc":{"start":{"line":14,"column":52},"end":{"line":14,"column":70}}},"4":{"name":"(anonymous_4)","line":19,"loc":{"start":{"line":19,"column":18},"end":{"line":19,"column":35}}},"5":{"name":"(anonymous_5)","line":28,"loc":{"start":{"line":28,"column":36},"end":{"line":28,"column":61}}},"6":{"name":"(anonymous_6)","line":34,"loc":{"start":{"line":34,"column":15},"end":{"line":34,"column":26}}},"7":{"name":"(anonymous_7)","line":39,"loc":{"start":{"line":39,"column":19},"end":{"line":39,"column":36}}}},"statementMap":{"1":{"start":{"line":1,"column":0},"end":{"line":42,"column":5}},"2":{"start":{"line":3,"column":2},"end":{"line":3,"column":28}},"3":{"start":{"line":5,"column":2},"end":{"line":17,"column":4}},"4":{"start":{"line":6,"column":4},"end":{"line":7,"column":17}},"5":{"start":{"line":9,"column":4},"end":{"line":12,"column":5}},"6":{"start":{"line":10,"column":6},"end":{"line":10,"column":26}},"7":{"start":{"line":11,"column":6},"end":{"line":11,"column":19}},"8":{"start":{"line":14,"column":4},"end":{"line":14,"column":108}},"9":{"start":{"line":14,"column":72},"end":{"line":14,"column":104}},"10":{"start":{"line":16,"column":4},"end":{"line":16,"column":31}},"11":{"start":{"line":19,"column":2},"end":{"line":32,"column":4}},"12":{"start":{"line":20,"column":4},"end":{"line":22,"column":5}},"13":{"start":{"line":21,"column":6},"end":{"line":21,"column":35}},"14":{"start":{"line":24,"column":4},"end":{"line":26,"column":5}},"15":{"start":{"line":25,"column":6},"end":{"line":25,"column":20}},"16":{"start":{"line":28,"column":4},"end":{"line":31,"column":11}},"17":{"start":{"line":29,"column":6},"end":{"line":29,"column":56}},"18":{"start":{"line":30,"column":6},"end":{"line":30,"column":23}},"19":{"start":{"line":34,"column":2},"end":{"line":37,"column":4}},"20":{"start":{"line":35,"column":4},"end":{"line":35,"column":41}},"21":{"start":{"line":36,"column":4},"end":{"line":36,"column":16}},"22":{"start":{"line":39,"column":2},"end":{"line":41,"column":4}},"23":{"start":{"line":40,"column":4},"end":{"line":40,"column":63}}},"branchMap":{"1":{"line":9,"type":"if","locations":[{"start":{"line":9,"column":4},"end":{"line":9,"column":4}},{"start":{"line":9,"column":4},"end":{"line":9,"column":4}}]},"2":{"line":14,"type":"cond-expr","locations":[{"start":{"line":14,"column":83},"end":{"line":14,"column":98}},{"start":{"line":14,"column":101},"end":{"line":14,"column":103}}]},"3":{"line":20,"type":"if","locations":[{"start":{"line":20,"column":4},"end":{"line":20,"column":4}},{"start":{"line":20,"column":4},"end":{"line":20,"column":4}}]},"4":{"line":24,"type":"if","locations":[{"start":{"line":24,"column":4},"end":{"line":24,"column":4}},{"start":{"line":24,"column":4},"end":{"line":24,"column":4}}]}}},"/Users/brunoabrantes/Code/bifrost/lib/plugins/mapper.flyer_serializer.js":{"path":"/Users/brunoabrantes/Code/bifrost/lib/plugins/mapper.flyer_serializer.js","s":{"1":1,"2":1,"3":1,"4":1,"5":1,"6":1,"7":8,"8":64,"9":64,"10":1,"11":5,"12":1,"13":5,"14":5,"15":1,"16":4,"17":5,"18":1,"19":3},"b":{"1":[64,8],"2":[3,2],"3":[1,4]},"f":{"1":1,"2":8,"3":64,"4":5,"5":5,"6":3},"fnMap":{"1":{"name":"(anonymous_1)","line":1,"loc":{"start":{"line":1,"column":1},"end":{"line":1,"column":11}}},"2":{"name":"(anonymous_2)","line":23,"loc":{"start":{"line":23,"column":14},"end":{"line":23,"column":30}}},"3":{"name":"(anonymous_3)","line":24,"loc":{"start":{"line":24,"column":24},"end":{"line":24,"column":45}}},"4":{"name":"(anonymous_4)","line":30,"loc":{"start":{"line":30,"column":12},"end":{"line":30,"column":29}}},"5":{"name":"(anonymous_5)","line":34,"loc":{"start":{"line":34,"column":11},"end":{"line":34,"column":26}}},"6":{"name":"(anonymous_6)","line":46,"loc":{"start":{"line":46,"column":19},"end":{"line":46,"column":36}}}},"statementMap":{"1":{"start":{"line":1,"column":0},"end":{"line":49,"column":5}},"2":{"start":{"line":2,"column":2},"end":{"line":7,"column":11}},"3":{"start":{"line":9,"column":2},"end":{"line":9,"column":24}},"4":{"start":{"line":10,"column":2},"end":{"line":10,"column":33}},"5":{"start":{"line":12,"column":2},"end":{"line":21,"column":4}},"6":{"start":{"line":23,"column":2},"end":{"line":28,"column":4}},"7":{"start":{"line":24,"column":4},"end":{"line":27,"column":11}},"8":{"start":{"line":25,"column":6},"end":{"line":25,"column":74}},"9":{"start":{"line":26,"column":6},"end":{"line":26,"column":18}},"10":{"start":{"line":30,"column":2},"end":{"line":32,"column":4}},"11":{"start":{"line":31,"column":4},"end":{"line":31,"column":75}},"12":{"start":{"line":34,"column":2},"end":{"line":44,"column":4}},"13":{"start":{"line":35,"column":4},"end":{"line":35,"column":15}},"14":{"start":{"line":37,"column":4},"end":{"line":41,"column":5}},"15":{"start":{"line":38,"column":6},"end":{"line":38,"column":41}},"16":{"start":{"line":40,"column":6},"end":{"line":40,"column":64}},"17":{"start":{"line":43,"column":4},"end":{"line":43,"column":16}},"18":{"start":{"line":46,"column":2},"end":{"line":48,"column":4}},"19":{"start":{"line":47,"column":4},"end":{"line":47,"column":81}}},"branchMap":{"1":{"line":25,"type":"binary-expr","locations":[{"start":{"line":25,"column":33},"end":{"line":25,"column":41}},{"start":{"line":25,"column":45},"end":{"line":25,"column":47}}]},"2":{"line":31,"type":"cond-expr","locations":[{"start":{"line":31,"column":33},"end":{"line":31,"column":54}},{"start":{"line":31,"column":57},"end":{"line":31,"column":74}}]},"3":{"line":37,"type":"if","locations":[{"start":{"line":37,"column":4},"end":{"line":37,"column":4}},{"start":{"line":37,"column":4},"end":{"line":37,"column":4}}]}}},"/Users/brunoabrantes/Code/bifrost/v1/repositories/event.js":{"path":"/Users/brunoabrantes/Code/bifrost/v1/repositories/event.js","s":{"1":1,"2":1,"3":1,"4":1,"5":0,"6":0,"7":0,"8":0,"9":0,"10":1,"11":13,"12":1,"13":11,"14":11,"15":1,"16":13,"17":13,"18":13,"19":13,"20":13,"21":0,"22":0,"23":0,"24":13,"25":1,"26":5,"27":5,"28":5,"29":1,"30":2,"31":2,"32":1,"33":3,"34":3,"35":3,"36":1,"37":3,"38":3,"39":3,"40":1,"41":0,"42":0,"43":0},"b":{"1":[5,1],"2":[2,0],"3":[3,1],"4":[3,1],"5":[0,0]},"f":{"1":1,"2":0,"3":0,"4":13,"5":11,"6":13,"7":0,"8":5,"9":2,"10":3,"11":3,"12":0},"fnMap":{"1":{"name":"(anonymous_1)","line":1,"loc":{"start":{"line":1,"column":1},"end":{"line":1,"column":12}}},"2":{"name":"(anonymous_2)","line":11,"loc":{"start":{"line":11,"column":20},"end":{"line":11,"column":45}}},"3":{"name":"(anonymous_3)","line":16,"loc":{"start":{"line":16,"column":12},"end":{"line":16,"column":24}}},"4":{"name":"(anonymous_4)","line":24,"loc":{"start":{"line":24,"column":21},"end":{"line":24,"column":37}}},"5":{"name":"(anonymous_5)","line":33,"loc":{"start":{"line":33,"column":27},"end":{"line":33,"column":53}}},"6":{"name":"(anonymous_6)","line":45,"loc":{"start":{"line":45,"column":14},"end":{"line":45,"column":68}}},"7":{"name":"(anonymous_7)","line":54,"loc":{"start":{"line":54,"column":12},"end":{"line":54,"column":27}}},"8":{"name":"(anonymous_8)","line":64,"loc":{"start":{"line":64,"column":24},"end":{"line":64,"column":67}}},"9":{"name":"(anonymous_9)","line":76,"loc":{"start":{"line":76,"column":30},"end":{"line":76,"column":73}}},"10":{"name":"(anonymous_10)","line":86,"loc":{"start":{"line":86,"column":24},"end":{"line":86,"column":67}}},"11":{"name":"(anonymous_11)","line":93,"loc":{"start":{"line":93,"column":22},"end":{"line":93,"column":65}}},"12":{"name":"(anonymous_12)","line":102,"loc":{"start":{"line":102,"column":28},"end":{"line":102,"column":80}}}},"statementMap":{"1":{"start":{"line":1,"column":0},"end":{"line":111,"column":5}},"2":{"start":{"line":2,"column":2},"end":{"line":7,"column":41}},"3":{"start":{"line":9,"column":4},"end":{"line":9,"column":59}},"4":{"start":{"line":11,"column":2},"end":{"line":22,"column":4}},"5":{"start":{"line":12,"column":4},"end":{"line":12,"column":67}},"6":{"start":{"line":14,"column":4},"end":{"line":21,"column":15}},"7":{"start":{"line":17,"column":8},"end":{"line":17,"column":34}},"8":{"start":{"line":18,"column":8},"end":{"line":18,"column":48}},"9":{"start":{"line":19,"column":8},"end":{"line":19,"column":21}},"10":{"start":{"line":24,"column":2},"end":{"line":31,"column":4}},"11":{"start":{"line":25,"column":4},"end":{"line":30,"column":7}},"12":{"start":{"line":33,"column":2},"end":{"line":43,"column":4}},"13":{"start":{"line":34,"column":4},"end":{"line":40,"column":6}},"14":{"start":{"line":42,"column":4},"end":{"line":42,"column":32}},"15":{"start":{"line":45,"column":2},"end":{"line":62,"column":4}},"16":{"start":{"line":46,"column":4},"end":{"line":47,"column":10}},"17":{"start":{"line":49,"column":4},"end":{"line":49,"column":33}},"18":{"start":{"line":50,"column":4},"end":{"line":50,"column":51}},"19":{"start":{"line":51,"column":4},"end":{"line":51,"column":40}},"20":{"start":{"line":53,"column":4},"end":{"line":59,"column":19}},"21":{"start":{"line":55,"column":8},"end":{"line":55,"column":45}},"22":{"start":{"line":56,"column":8},"end":{"line":56,"column":65}},"23":{"start":{"line":57,"column":8},"end":{"line":57,"column":20}},"24":{"start":{"line":61,"column":4},"end":{"line":61,"column":15}},"25":{"start":{"line":64,"column":2},"end":{"line":74,"column":4}},"26":{"start":{"line":65,"column":4},"end":{"line":65,"column":26}},"27":{"start":{"line":67,"column":4},"end":{"line":71,"column":7}},"28":{"start":{"line":73,"column":4},"end":{"line":73,"column":77}},"29":{"start":{"line":76,"column":2},"end":{"line":84,"column":4}},"30":{"start":{"line":77,"column":4},"end":{"line":77,"column":26}},"31":{"start":{"line":79,"column":4},"end":{"line":83,"column":20}},"32":{"start":{"line":86,"column":2},"end":{"line":91,"column":4}},"33":{"start":{"line":87,"column":4},"end":{"line":87,"column":26}},"34":{"start":{"line":88,"column":4},"end":{"line":88,"column":82}},"35":{"start":{"line":90,"column":4},"end":{"line":90,"column":77}},"36":{"start":{"line":93,"column":2},"end":{"line":100,"column":4}},"37":{"start":{"line":94,"column":4},"end":{"line":95,"column":18}},"38":{"start":{"line":97,"column":4},"end":{"line":97,"column":51}},"39":{"start":{"line":99,"column":4},"end":{"line":99,"column":75}},"40":{"start":{"line":102,"column":2},"end":{"line":109,"column":4}},"41":{"start":{"line":103,"column":4},"end":{"line":104,"column":18}},"42":{"start":{"line":106,"column":4},"end":{"line":106,"column":51}},"43":{"start":{"line":108,"column":4},"end":{"line":108,"column":93}}},"branchMap":{"1":{"line":65,"type":"binary-expr","locations":[{"start":{"line":65,"column":13},"end":{"line":65,"column":19}},{"start":{"line":65,"column":23},"end":{"line":65,"column":25}}]},"2":{"line":77,"type":"binary-expr","locations":[{"start":{"line":77,"column":13},"end":{"line":77,"column":19}},{"start":{"line":77,"column":23},"end":{"line":77,"column":25}}]},"3":{"line":87,"type":"binary-expr","locations":[{"start":{"line":87,"column":13},"end":{"line":87,"column":19}},{"start":{"line":87,"column":23},"end":{"line":87,"column":25}}]},"4":{"line":97,"type":"binary-expr","locations":[{"start":{"line":97,"column":37},"end":{"line":97,"column":43}},{"start":{"line":97,"column":47},"end":{"line":97,"column":49}}]},"5":{"line":106,"type":"binary-expr","locations":[{"start":{"line":106,"column":37},"end":{"line":106,"column":43}},{"start":{"line":106,"column":47},"end":{"line":106,"column":49}}]}}},"/Users/brunoabrantes/Code/bifrost/v1/models/event.js":{"path":"/Users/brunoabrantes/Code/bifrost/v1/models/event.js","s":{"1":1,"2":1,"3":1,"4":1},"b":{},"f":{},"fnMap":{},"statementMap":{"1":{"start":{"line":1,"column":0},"end":{"line":1,"column":39}},"2":{"start":{"line":3,"column":0},"end":{"line":24,"column":3}},"3":{"start":{"line":26,"column":0},"end":{"line":36,"column":2}},"4":{"start":{"line":38,"column":0},"end":{"line":38,"column":23}}},"branchMap":{}},"/Users/brunoabrantes/Code/bifrost/v1/repositories/comment.js":{"path":"/Users/brunoabrantes/Code/bifrost/v1/repositories/comment.js","s":{"1":1,"2":1,"3":1,"4":1,"5":2,"6":1,"7":2,"8":2,"9":0,"10":0,"11":0,"12":0,"13":0,"14":0,"15":1,"16":1,"17":1,"18":1},"b":{},"f":{"1":1,"2":2,"3":2,"4":0,"5":0,"6":1,"7":1},"fnMap":{"1":{"name":"(anonymous_1)","line":1,"loc":{"start":{"line":1,"column":1},"end":{"line":1,"column":11}}},"2":{"name":"(anonymous_2)","line":10,"loc":{"start":{"line":10,"column":19},"end":{"line":10,"column":30}}},"3":{"name":"(anonymous_3)","line":16,"loc":{"start":{"line":16,"column":26},"end":{"line":16,"column":80}}},"4":{"name":"(anonymous_4)","line":20,"loc":{"start":{"line":20,"column":12},"end":{"line":20,"column":27}}},"5":{"name":"(anonymous_5)","line":23,"loc":{"start":{"line":23,"column":28},"end":{"line":23,"column":40}}},"6":{"name":"(anonymous_6)","line":37,"loc":{"start":{"line":37,"column":29},"end":{"line":37,"column":75}}},"7":{"name":"(anonymous_7)","line":41,"loc":{"start":{"line":41,"column":30},"end":{"line":41,"column":76}}}},"statementMap":{"1":{"start":{"line":1,"column":0},"end":{"line":44,"column":5}},"2":{"start":{"line":2,"column":2},"end":{"line":6,"column":41}},"3":{"start":{"line":8,"column":2},"end":{"line":8,"column":57}},"4":{"start":{"line":10,"column":2},"end":{"line":14,"column":4}},"5":{"start":{"line":11,"column":4},"end":{"line":13,"column":7}},"6":{"start":{"line":16,"column":2},"end":{"line":35,"column":4}},"7":{"start":{"line":17,"column":4},"end":{"line":17,"column":30}},"8":{"start":{"line":19,"column":4},"end":{"line":34,"column":19}},"9":{"start":{"line":21,"column":8},"end":{"line":28,"column":31}},"10":{"start":{"line":24,"column":24},"end":{"line":24,"column":50}},"11":{"start":{"line":25,"column":24},"end":{"line":25,"column":64}},"12":{"start":{"line":26,"column":24},"end":{"line":26,"column":37}},"13":{"start":{"line":30,"column":8},"end":{"line":30,"column":71}},"14":{"start":{"line":32,"column":8},"end":{"line":32,"column":20}},"15":{"start":{"line":37,"column":2},"end":{"line":39,"column":4}},"16":{"start":{"line":38,"column":4},"end":{"line":38,"column":92}},"17":{"start":{"line":41,"column":2},"end":{"line":43,"column":4}},"18":{"start":{"line":42,"column":4},"end":{"line":42,"column":93}}},"branchMap":{}},"/Users/brunoabrantes/Code/bifrost/v1/models/comment.js":{"path":"/Users/brunoabrantes/Code/bifrost/v1/models/comment.js","s":{"1":1,"2":1,"3":1},"b":{},"f":{},"fnMap":{},"statementMap":{"1":{"start":{"line":1,"column":0},"end":{"line":1,"column":39}},"2":{"start":{"line":3,"column":0},"end":{"line":9,"column":3}},"3":{"start":{"line":11,"column":0},"end":{"line":11,"column":25}}},"branchMap":{}},"/Users/brunoabrantes/Code/bifrost/v1/repositories/user.js":{"path":"/Users/brunoabrantes/Code/bifrost/v1/repositories/user.js","s":{"1":1,"2":1,"3":1,"4":1,"5":1,"6":2,"7":0,"8":0,"9":0,"10":0,"11":1,"12":1,"13":1,"14":0,"15":0,"16":0,"17":1,"18":1},"b":{},"f":{"1":1,"2":1,"3":2,"4":0,"5":0,"6":1,"7":0,"8":0},"fnMap":{"1":{"name":"(anonymous_1)","line":1,"loc":{"start":{"line":1,"column":1},"end":{"line":1,"column":11}}},"2":{"name":"(anonymous_2)","line":6,"loc":{"start":{"line":6,"column":19},"end":{"line":6,"column":30}}},"3":{"name":"(anonymous_3)","line":12,"loc":{"start":{"line":12,"column":27},"end":{"line":12,"column":44}}},"4":{"name":"(anonymous_4)","line":13,"loc":{"start":{"line":13,"column":11},"end":{"line":13,"column":57}}},"5":{"name":"(anonymous_5)","line":17,"loc":{"start":{"line":17,"column":14},"end":{"line":17,"column":29}}},"6":{"name":"(anonymous_6)","line":25,"loc":{"start":{"line":25,"column":15},"end":{"line":25,"column":44}}},"7":{"name":"(anonymous_7)","line":29,"loc":{"start":{"line":29,"column":12},"end":{"line":29,"column":28}}},"8":{"name":"(anonymous_8)","line":32,"loc":{"start":{"line":32,"column":12},"end":{"line":32,"column":27}}}},"statementMap":{"1":{"start":{"line":1,"column":0},"end":{"line":40,"column":5}},"2":{"start":{"line":2,"column":2},"end":{"line":4,"column":37}},"3":{"start":{"line":6,"column":2},"end":{"line":10,"column":4}},"4":{"start":{"line":7,"column":4},"end":{"line":9,"column":7}},"5":{"start":{"line":12,"column":2},"end":{"line":23,"column":4}},"6":{"start":{"line":13,"column":4},"end":{"line":22,"column":6}},"7":{"start":{"line":14,"column":6},"end":{"line":14,"column":32}},"8":{"start":{"line":16,"column":6},"end":{"line":21,"column":21}},"9":{"start":{"line":18,"column":10},"end":{"line":18,"column":27}},"10":{"start":{"line":19,"column":10},"end":{"line":19,"column":22}},"11":{"start":{"line":25,"column":2},"end":{"line":36,"column":4}},"12":{"start":{"line":26,"column":4},"end":{"line":26,"column":30}},"13":{"start":{"line":28,"column":4},"end":{"line":35,"column":9}},"14":{"start":{"line":30,"column":8},"end":{"line":30,"column":21}},"15":{"start":{"line":33,"column":8},"end":{"line":33,"column":25}},"16":{"start":{"line":34,"column":8},"end":{"line":34,"column":20}},"17":{"start":{"line":38,"column":2},"end":{"line":38,"column":59}},"18":{"start":{"line":39,"column":2},"end":{"line":39,"column":61}}},"branchMap":{}},"/Users/brunoabrantes/Code/bifrost/v1/repositories/music_genre.js":{"path":"/Users/brunoabrantes/Code/bifrost/v1/repositories/music_genre.js","s":{"1":1,"2":1,"3":1,"4":1,"5":2,"6":1,"7":0,"8":0,"9":0,"10":0,"11":0,"12":0,"13":0,"14":1,"15":2,"16":2,"17":0,"18":0,"19":0,"20":0,"21":0,"22":0,"23":0,"24":1,"25":1,"26":1,"27":1},"b":{"1":[0,0]},"f":{"1":1,"2":2,"3":0,"4":2,"5":0,"6":0,"7":1,"8":1},"fnMap":{"1":{"name":"(anonymous_1)","line":1,"loc":{"start":{"line":1,"column":1},"end":{"line":1,"column":11}}},"2":{"name":"(anonymous_2)","line":10,"loc":{"start":{"line":10,"column":19},"end":{"line":10,"column":30}}},"3":{"name":"(anonymous_3)","line":16,"loc":{"start":{"line":16,"column":25},"end":{"line":16,"column":48}}},"4":{"name":"(anonymous_4)","line":31,"loc":{"start":{"line":31,"column":24},"end":{"line":31,"column":70}}},"5":{"name":"(anonymous_5)","line":35,"loc":{"start":{"line":35,"column":12},"end":{"line":35,"column":27}}},"6":{"name":"(anonymous_6)","line":38,"loc":{"start":{"line":38,"column":34},"end":{"line":38,"column":46}}},"7":{"name":"(anonymous_7)","line":56,"loc":{"start":{"line":56,"column":27},"end":{"line":56,"column":65}}},"8":{"name":"(anonymous_8)","line":60,"loc":{"start":{"line":60,"column":28},"end":{"line":60,"column":66}}}},"statementMap":{"1":{"start":{"line":1,"column":0},"end":{"line":63,"column":5}},"2":{"start":{"line":2,"column":2},"end":{"line":6,"column":41}},"3":{"start":{"line":8,"column":2},"end":{"line":8,"column":57}},"4":{"start":{"line":10,"column":2},"end":{"line":14,"column":4}},"5":{"start":{"line":11,"column":4},"end":{"line":13,"column":7}},"6":{"start":{"line":16,"column":2},"end":{"line":29,"column":4}},"7":{"start":{"line":17,"column":4},"end":{"line":17,"column":13}},"8":{"start":{"line":19,"column":4},"end":{"line":26,"column":5}},"9":{"start":{"line":21,"column":8},"end":{"line":21,"column":33}},"10":{"start":{"line":22,"column":8},"end":{"line":22,"column":14}},"11":{"start":{"line":24,"column":8},"end":{"line":24,"column":40}},"12":{"start":{"line":25,"column":8},"end":{"line":25,"column":14}},"13":{"start":{"line":28,"column":4},"end":{"line":28,"column":16}},"14":{"start":{"line":31,"column":2},"end":{"line":54,"column":4}},"15":{"start":{"line":32,"column":4},"end":{"line":32,"column":30}},"16":{"start":{"line":34,"column":4},"end":{"line":53,"column":19}},"17":{"start":{"line":36,"column":8},"end":{"line":43,"column":37}},"18":{"start":{"line":39,"column":30},"end":{"line":39,"column":56}},"19":{"start":{"line":40,"column":30},"end":{"line":40,"column":70}},"20":{"start":{"line":41,"column":30},"end":{"line":41,"column":43}},"21":{"start":{"line":45,"column":8},"end":{"line":45,"column":60}},"22":{"start":{"line":47,"column":8},"end":{"line":49,"column":10}},"23":{"start":{"line":51,"column":8},"end":{"line":51,"column":20}},"24":{"start":{"line":56,"column":2},"end":{"line":58,"column":4}},"25":{"start":{"line":57,"column":4},"end":{"line":57,"column":90}},"26":{"start":{"line":60,"column":2},"end":{"line":62,"column":4}},"27":{"start":{"line":61,"column":4},"end":{"line":61,"column":91}}},"branchMap":{"1":{"line":19,"type":"switch","locations":[{"start":{"line":20,"column":6},"end":{"line":22,"column":14}},{"start":{"line":23,"column":6},"end":{"line":25,"column":14}}]}}},"/Users/brunoabrantes/Code/bifrost/v1/models/music_genre.js":{"path":"/Users/brunoabrantes/Code/bifrost/v1/models/music_genre.js","s":{"1":1,"2":1,"3":1},"b":{},"f":{},"fnMap":{},"statementMap":{"1":{"start":{"line":1,"column":0},"end":{"line":1,"column":39}},"2":{"start":{"line":3,"column":0},"end":{"line":8,"column":3}},"3":{"start":{"line":10,"column":0},"end":{"line":10,"column":28}}},"branchMap":{}},"/Users/brunoabrantes/Code/bifrost/lib/assemble.js":{"path":"/Users/brunoabrantes/Code/bifrost/lib/assemble.js","s":{"1":1,"2":1,"3":1,"4":0,"5":0,"6":1},"b":{},"f":{"1":1,"2":0},"fnMap":{"1":{"name":"(anonymous_1)","line":1,"loc":{"start":{"line":1,"column":1},"end":{"line":1,"column":12}}},"2":{"name":"(anonymous_2)","line":7,"loc":{"start":{"line":7,"column":23},"end":{"line":7,"column":45}}}},"statementMap":{"1":{"start":{"line":1,"column":0},"end":{"line":14,"column":5}},"2":{"start":{"line":2,"column":2},"end":{"line":5,"column":37}},"3":{"start":{"line":7,"column":4},"end":{"line":10,"column":6}},"4":{"start":{"line":8,"column":6},"end":{"line":8,"column":24}},"5":{"start":{"line":9,"column":6},"end":{"line":9,"column":18}},"6":{"start":{"line":12,"column":4},"end":{"line":12,"column":80}}},"branchMap":{}},"/Users/brunoabrantes/Code/bifrost/v1/repositories/client_key.js":{"path":"/Users/brunoabrantes/Code/bifrost/v1/repositories/client_key.js","s":{"1":1,"2":1,"3":1,"4":1,"5":43,"6":1,"7":34,"8":34,"9":34,"10":1,"11":2,"12":1,"13":10,"14":10,"15":9,"16":9,"17":7,"18":1,"19":1,"20":6,"21":2,"22":2,"23":3,"24":5,"25":2,"26":10,"27":1,"28":12,"29":12,"30":10,"31":1,"32":9,"33":1,"34":12,"35":1,"36":43,"37":43,"38":31,"39":31,"40":12,"41":10,"42":6},"b":{"1":[1,6],"2":[2,3],"3":[6,5],"4":[1,9],"5":[10,10],"6":[31,12]},"f":{"1":1,"2":43,"3":34,"4":2,"5":10,"6":9,"7":7,"8":2,"9":12,"10":10,"11":1,"12":43,"13":10,"14":6},"fnMap":{"1":{"name":"(anonymous_1)","line":1,"loc":{"start":{"line":1,"column":1},"end":{"line":1,"column":12}}},"2":{"name":"(anonymous_2)","line":11,"loc":{"start":{"line":11,"column":23},"end":{"line":11,"column":37}}},"3":{"name":"(anonymous_3)","line":15,"loc":{"start":{"line":15,"column":27},"end":{"line":15,"column":38}}},"4":{"name":"(anonymous_4)","line":22,"loc":{"start":{"line":22,"column":21},"end":{"line":22,"column":43}}},"5":{"name":"(anonymous_5)","line":26,"loc":{"start":{"line":26,"column":20},"end":{"line":26,"column":34}}},"6":{"name":"(anonymous_6)","line":31,"loc":{"start":{"line":31,"column":12},"end":{"line":31,"column":28}}},"7":{"name":"(anonymous_7)","line":39,"loc":{"start":{"line":39,"column":11},"end":{"line":39,"column":33}}},"8":{"name":"(anonymous_8)","line":55,"loc":{"start":{"line":55,"column":12},"end":{"line":55,"column":23}}},"9":{"name":"(anonymous_9)","line":62,"loc":{"start":{"line":62,"column":17},"end":{"line":62,"column":31}}},"10":{"name":"(anonymous_10)","line":67,"loc":{"start":{"line":67,"column":12},"end":{"line":67,"column":28}}},"11":{"name":"(anonymous_11)","line":74,"loc":{"start":{"line":74,"column":13},"end":{"line":74,"column":24}}},"12":{"name":"(anonymous_12)","line":81,"loc":{"start":{"line":81,"column":22},"end":{"line":81,"column":67}}},"13":{"name":"(anonymous_13)","line":91,"loc":{"start":{"line":91,"column":12},"end":{"line":91,"column":23}}},"14":{"name":"(anonymous_14)","line":94,"loc":{"start":{"line":94,"column":16},"end":{"line":94,"column":32}}}},"statementMap":{"1":{"start":{"line":1,"column":0},"end":{"line":99,"column":5}},"2":{"start":{"line":2,"column":2},"end":{"line":7,"column":26}},"3":{"start":{"line":9,"column":2},"end":{"line":9,"column":29}},"4":{"start":{"line":11,"column":2},"end":{"line":13,"column":4}},"5":{"start":{"line":12,"column":4},"end":{"line":12,"column":27}},"6":{"start":{"line":15,"column":2},"end":{"line":20,"column":4}},"7":{"start":{"line":16,"column":4},"end":{"line":16,"column":30}},"8":{"start":{"line":17,"column":4},"end":{"line":17,"column":73}},"9":{"start":{"line":19,"column":4},"end":{"line":19,"column":17}},"10":{"start":{"line":22,"column":2},"end":{"line":24,"column":4}},"11":{"start":{"line":23,"column":4},"end":{"line":23,"column":34}},"12":{"start":{"line":26,"column":2},"end":{"line":60,"column":4}},"13":{"start":{"line":27,"column":4},"end":{"line":28,"column":28}},"14":{"start":{"line":30,"column":4},"end":{"line":57,"column":9}},"15":{"start":{"line":32,"column":8},"end":{"line":33,"column":26}},"16":{"start":{"line":35,"column":8},"end":{"line":53,"column":11}},"17":{"start":{"line":40,"column":10},"end":{"line":43,"column":11}},"18":{"start":{"line":41,"column":12},"end":{"line":41,"column":38}},"19":{"start":{"line":42,"column":12},"end":{"line":42,"column":19}},"20":{"start":{"line":45,"column":10},"end":{"line":50,"column":11}},"21":{"start":{"line":46,"column":12},"end":{"line":46,"column":51}},"22":{"start":{"line":47,"column":12},"end":{"line":47,"column":40}},"23":{"start":{"line":49,"column":12},"end":{"line":49,"column":45}},"24":{"start":{"line":52,"column":10},"end":{"line":52,"column":17}},"25":{"start":{"line":56,"column":8},"end":{"line":56,"column":34}},"26":{"start":{"line":59,"column":4},"end":{"line":59,"column":19}},"27":{"start":{"line":62,"column":2},"end":{"line":79,"column":4}},"28":{"start":{"line":63,"column":4},"end":{"line":64,"column":28}},"29":{"start":{"line":66,"column":4},"end":{"line":76,"column":9}},"30":{"start":{"line":68,"column":8},"end":{"line":72,"column":9}},"31":{"start":{"line":69,"column":10},"end":{"line":69,"column":29}},"32":{"start":{"line":71,"column":10},"end":{"line":71,"column":23}},"33":{"start":{"line":75,"column":8},"end":{"line":75,"column":21}},"34":{"start":{"line":78,"column":4},"end":{"line":78,"column":19}},"35":{"start":{"line":81,"column":2},"end":{"line":98,"column":4}},"36":{"start":{"line":82,"column":4},"end":{"line":82,"column":39}},"37":{"start":{"line":84,"column":4},"end":{"line":87,"column":5}},"38":{"start":{"line":85,"column":6},"end":{"line":85,"column":34}},"39":{"start":{"line":86,"column":6},"end":{"line":86,"column":13}},"40":{"start":{"line":89,"column":4},"end":{"line":97,"column":9}},"41":{"start":{"line":92,"column":8},"end":{"line":96,"column":13}},"42":{"start":{"line":95,"column":12},"end":{"line":95,"column":25}}},"branchMap":{"1":{"line":40,"type":"if","locations":[{"start":{"line":40,"column":10},"end":{"line":40,"column":10}},{"start":{"line":40,"column":10},"end":{"line":40,"column":10}}]},"2":{"line":45,"type":"if","locations":[{"start":{"line":45,"column":10},"end":{"line":45,"column":10}},{"start":{"line":45,"column":10},"end":{"line":45,"column":10}}]},"3":{"line":45,"type":"binary-expr","locations":[{"start":{"line":45,"column":14},"end":{"line":45,"column":20}},{"start":{"line":45,"column":24},"end":{"line":45,"column":42}}]},"4":{"line":68,"type":"if","locations":[{"start":{"line":68,"column":8},"end":{"line":68,"column":8}},{"start":{"line":68,"column":8},"end":{"line":68,"column":8}}]},"5":{"line":68,"type":"binary-expr","locations":[{"start":{"line":68,"column":12},"end":{"line":68,"column":33}},{"start":{"line":68,"column":37},"end":{"line":68,"column":53}}]},"6":{"line":84,"type":"if","locations":[{"start":{"line":84,"column":4},"end":{"line":84,"column":4}},{"start":{"line":84,"column":4},"end":{"line":84,"column":4}}]}}},"/Users/brunoabrantes/Code/bifrost/lib/redis_client.js":{"path":"/Users/brunoabrantes/Code/bifrost/lib/redis_client.js","s":{"1":1,"2":1},"b":{},"f":{},"fnMap":{},"statementMap":{"1":{"start":{"line":1,"column":0},"end":{"line":2,"column":38}},"2":{"start":{"line":4,"column":0},"end":{"line":8,"column":3}}},"branchMap":{}},"/Users/brunoabrantes/Code/bifrost/lib/postgres_client.js":{"path":"/Users/brunoabrantes/Code/bifrost/lib/postgres_client.js","s":{"1":1,"2":1,"3":1,"4":13,"5":13,"6":13,"7":2,"8":2,"9":2,"10":2,"11":11,"12":13},"b":{"1":[2,11]},"f":{"1":1,"2":13,"3":13},"fnMap":{"1":{"name":"(anonymous_1)","line":1,"loc":{"start":{"line":1,"column":1},"end":{"line":1,"column":12}}},"2":{"name":"(anonymous_2)","line":7,"loc":{"start":{"line":7,"column":19},"end":{"line":7,"column":30}}},"3":{"name":"(anonymous_3)","line":16,"loc":{"start":{"line":16,"column":7},"end":{"line":16,"column":32}}}},"statementMap":{"1":{"start":{"line":1,"column":0},"end":{"line":30,"column":5}},"2":{"start":{"line":2,"column":2},"end":{"line":5,"column":37}},"3":{"start":{"line":7,"column":2},"end":{"line":29,"column":4}},"4":{"start":{"line":8,"column":4},"end":{"line":8,"column":24}},"5":{"start":{"line":10,"column":4},"end":{"line":26,"column":7}},"6":{"start":{"line":17,"column":6},"end":{"line":23,"column":7}},"7":{"start":{"line":18,"column":8},"end":{"line":18,"column":34}},"8":{"start":{"line":19,"column":8},"end":{"line":19,"column":37}},"9":{"start":{"line":20,"column":8},"end":{"line":20,"column":26}},"10":{"s
[...]
{"start":{"line":40,"column":6},"end":{"line":40,"column":68}}},"branchMap":{}},"/Users/brunoabrantes/Code/bifrost/spec/repositories/event_spec.js":{"path":"/Users/brunoabrantes/Code/bifrost/spec/repositories/event_spec.js","s":{"1":1,"2":1,"3":1,"4":1,"5":1,"6":1,"7":1,"8":1,"9":1,"10":1,"11":1,"12":1,"13":1,"14":1,"15":1,"16":1,"17":1,"18":1,"19":1,"20":1,"21":1,"22":1,"23":1,"24":1,"25":1,"26":1,"27":1,"28":1,"29":1,"30":1,"31":1,"32":1,"33":1,"34":1,"35":1,"36":1,"37":1,"38":1,"39":1,"40":1,"41":1,"42":1,"43":1,"44":1,"45":1,"46":1,"47":1,"48":1,"49":1,"50":1,"51":1,"52":1,"53":1,"54":1,"55":1,"56":1,"57":1,"58":1,"59":1,"60":1,"61":1,"62":1,"63":1,"64":1,"65":1,"66":1,"67":1,"68":1,"69":1,"70":1,"71":1,"72":1,"73":1,"74":1,"75":1},"b":{},"f":{"1":1,"2":1,"3":1,"4":1,"5":1,"6":1,"7":1,"8":1,"9":1,"10":1,"11":1,"12":1,"13":1,"14":1,"15":1,"16":1,"17":1,"18":1},"fnMap":{"1":{"name":"(anonymous_1)","line":1,"loc":{"start":{"line":1,"column":29},"end":{"line":1,"column":40}}},"2":{"name":"(anonymous_2)","line":8,"loc":{"start":{"line":8,"column":27},"end":{"line":8,"column":38}}},"3":{"name":"(anonymous_3)","line":9,"loc":{"start":{"line":9,"column":57},"end":{"line":9,"column":68}}},"4":{"name":"(anonymous_4)","line":22,"loc":{"start":{"line":22,"column":35},"end":{"line":22,"column":45}}},"5":{"name":"(anonymous_5)","line":45,"loc":{"start":{"line":45,"column":30},"end":{"line":45,"column":40}}},"6":{"name":"(anonymous_6)","line":66,"loc":{"start":{"line":66,"column":32},"end":{"line":66,"column":42}}},"7":{"name":"(anonymous_7)","line":87,"loc":{"start":{"line":87,"column":32},"end":{"line":87,"column":42}}},"8":{"name":"(anonymous_8)","line":107,"loc":{"start":{"line":107,"column":33},"end":{"line":107,"column":44}}},"9":{"name":"(anonymous_9)","line":108,"loc":{"start":{"line":108,"column":57},"end":{"line":108,"column":68}}},"10":{"name":"(anonymous_10)","line":127,"loc":{"start":{"line":127,"column":30},"end":{"line":127,"column":40}}},"11":{"name":"(anonymous_11)","line":151,"loc":{"start":{"line":151,"column":27},"end":{"line":151,"column":38}}},"12":{"name":"(anonymous_12)","line":152,"loc":{"start":{"line":152,"column":57},"end":{"line":152,"column":68}}},"13":{"name":"(anonymous_13)","line":165,"loc":{"start":{"line":165,"column":35},"end":{"line":165,"column":45}}},"14":{"name":"(anonymous_14)","line":188,"loc":{"start":{"line":188,"column":30},"end":{"line":188,"column":40}}},"15":{"name":"(anonymous_15)","line":213,"loc":{"start":{"line":213,"column":25},"end":{"line":213,"column":36}}},"16":{"name":"(anonymous_16)","line":214,"loc":{"start":{"line":214,"column":57},"end":{"line":214,"column":68}}},"17":{"name":"(anonymous_17)","line":227,"loc":{"start":{"line":227,"column":35},"end":{"line":227,"column":45}}},"18":{"name":"(anonymous_18)","line":250,"loc":{"start":{"line":250,"column":30},"end":{"line":250,"column":40}}}},"statementMap":{"1":{"start":{"line":1,"column":0},"end":{"line":273,"column":3}},"2":{"start":{"line":2,"column":2},"end":{"line":2,"column":28}},"3":{"start":{"line":3,"column":2},"end":{"line":3,"column":57}},"4":{"start":{"line":4,"column":2},"end":{"line":4,"column":52}},"5":{"start":{"line":5,"column":2},"end":{"line":5,"column":23}},"6":{"start":{"line":6,"column":2},"end":{"line":6,"column":37}},"7":{"start":{"line":8,"column":2},"end":{"line":105,"column":5}},"8":{"start":{"line":9,"column":4},"end":{"line":20,"column":7}},"9":{"start":{"line":10,"column":6},"end":{"line":10,"column":26}},"10":{"start":{"line":11,"column":6},"end":{"line":11,"column":74}},"11":{"start":{"line":13,"column":6},"end":{"line":17,"column":11}},"12":{"start":{"line":19,"column":6},"end":{"line":19,"column":64}},"13":{"start":{"line":22,"column":4},"end":{"line":43,"column":7}},"14":{"start":{"line":23,"column":6},"end":{"line":23,"column":26}},"15":{"start":{"line":24,"column":6},"end":{"line":24,"column":74}},"16":{"start":{"line":26,"column":6},"end":{"line":40,"column":11}},"17":{"start":{"line":42,"column":6},"end":{"line":42,"column":115}},"18":{"start":{"line":45,"column":4},"end":{"line":64,"column":7}},"19":{"start":{"line":46,"column":6},"end":{"line":46,"column":26}},"20":{"start":{"line":47,"column":6},"end":{"line":47,"column":74}},"21":{"start":{"line":49,"column":6},"end":{"line":61,"column":11}},"22":{"start":{"line":63,"column":6},"end":{"line":63,"column":82}},"23":{"start":{"line":66,"column":4},"end":{"line":85,"column":7}},"24":{"start":{"line":67,"column":6},"end":{"line":67,"column":26}},"25":{"start":{"line":68,"column":6},"end":{"line":68,"column":74}},"26":{"start":{"line":70,"column":6},"end":{"line":82,"column":11}},"27":{"start":{"line":84,"column":6},"end":{"line":84,"column":98}},"28":{"start":{"line":87,"column":4},"end":{"line":104,"column":7}},"29":{"start":{"line":88,"column":6},"end":{"line":88,"column":26}},"30":{"start":{"line":89,"column":6},"end":{"line":89,"column":74}},"31":{"start":{"line":91,"column":6},"end":{"line":101,"column":11}},"32":{"start":{"line":103,"column":6},"end":{"line":103,"column":85}},"33":{"start":{"line":107,"column":2},"end":{"line":149,"column":5}},"34":{"start":{"line":108,"column":4},"end":{"line":125,"column":7}},"35":{"start":{"line":109,"column":6},"end":{"line":109,"column":26}},"36":{"start":{"line":110,"column":6},"end":{"line":110,"column":74}},"37":{"start":{"line":112,"column":6},"end":{"line":122,"column":11}},"38":{"start":{"line":124,"column":6},"end":{"line":124,"column":79}},"39":{"start":{"line":127,"column":4},"end":{"line":148,"column":7}},"40":{"start":{"line":128,"column":6},"end":{"line":128,"column":26}},"41":{"start":{"line":129,"column":6},"end":{"line":129,"column":74}},"42":{"start":{"line":131,"column":6},"end":{"line":145,"column":11}},"43":{"start":{"line":147,"column":6},"end":{"line":147,"column":97}},"44":{"start":{"line":151,"column":2},"end":{"line":211,"column":5}},"45":{"start":{"line":152,"column":4},"end":{"line":163,"column":7}},"46":{"start":{"line":153,"column":6},"end":{"line":153,"column":26}},"47":{"start":{"line":154,"column":6},"end":{"line":154,"column":74}},"48":{"start":{"line":156,"column":6},"end":{"line":160,"column":11}},"49":{"start":{"line":162,"column":6},"end":{"line":162,"column":88}},"50":{"start":{"line":165,"column":4},"end":{"line":186,"column":7}},"51":{"start":{"line":166,"column":6},"end":{"line":166,"column":26}},"52":{"start":{"line":167,"column":6},"end":{"line":167,"column":74}},"53":{"start":{"line":169,"column":6},"end":{"line":183,"column":11}},"54":{"start":{"line":185,"column":6},"end":{"line":185,"column":139}},"55":{"start":{"line":188,"column":4},"end":{"line":209,"column":7}},"56":{"start":{"line":189,"column":6},"end":{"line":189,"column":26}},"57":{"start":{"line":190,"column":6},"end":{"line":190,"column":74}},"58":{"start":{"line":192,"column":6},"end":{"line":206,"column":11}},"59":{"start":{"line":208,"column":6},"end":{"line":208,"column":106}},"60":{"start":{"line":213,"column":2},"end":{"line":272,"column":5}},"61":{"start":{"line":214,"column":4},"end":{"line":225,"column":7}},"62":{"start":{"line":215,"column":6},"end":{"line":215,"column":26}},"63":{"start":{"line":216,"column":6},"end":{"line":216,"column":74}},"64":{"start":{"line":218,"column":6},"end":{"line":222,"column":11}},"65":{"start":{"line":224,"column":6},"end":{"line":224,"column":62}},"66":{"start":{"line":227,"column":4},"end":{"line":248,"column":7}},"67":{"start":{"line":228,"column":6},"end":{"line":228,"column":26}},"68":{"start":{"line":229,"column":6},"end":{"line":229,"column":74}},"69":{"start":{"line":231,"column":6},"end":{"line":245,"column":11}},"70":{"start":{"line":247,"column":6},"end":{"line":247,"column":113}},"71":{"start":{"line":250,"column":4},"end":{"line":271,"column":7}},"72":{"start":{"line":251,"column":6},"end":{"line":251,"column":26}},"73":{"start":{"line":252,"column":6},"end":{"line":252,"column":74}},"74":{"start":{"line":254,"column":6},"end":{"line":268,"column":11}},"75":{"start":{"line":270,"column":6},"end":{"line":270,"column":80}}},"branchMap":{}},"/Users/brunoabrantes/Code/bifrost/spec/repositories/flyer_spec.js":{"path":"/Users/brunoabrantes/Code/bifrost/spec/repositories/flyer_spec.js","s":{"1":1,"2":1,"3":1,"4":1,"5":1,"6":1,"7":1,"8":1,"9":1,"10":1,"11":1,"12":1},"b":{},"f":{"1":1,"2":1,"3":1},"fnMap":{"1":{"name":"(anonymous_1)","line":1,"loc":{"start":{"line":1,"column":29},"end":{"line":1,"column":40}}},"2":{"name":"(anonymous_2)","line":8,"loc":{"start":{"line":8,"column":30},"end":{"line":8,"column":41}}},"3":{"name":"(anonymous_3)","line":9,"loc":{"start":{"line":9,"column":57},"end":{"line":9,"column":68}}}},"statementMap":{"1":{"start":{"line":1,"column":0},"end":{"line":26,"column":3}},"2":{"start":{"line":2,"column":2},"end":{"line":2,"column":28}},"3":{"start":{"line":3,"column":2},"end":{"line":3,"column":52}},"4":{"start":{"line":4,"column":2},"end":{"line":4,"column":52}},"5":{"start":{"line":5,"column":2},"end":{"line":5,"column":23}},"6":{"start":{"line":6,"column":2},"end":{"line":6,"column":37}},"7":{"start":{"line":8,"column":2},"end":{"line":24,"column":5}},"8":{"start":{"line":9,"column":4},"end":{"line":23,"column":7}},"9":{"start":{"line":10,"column":6},"end":{"line":10,"column":26}},"10":{"start":{"line":11,"column":6},"end":{"line":11,"column":74}},"11":{"start":{"line":13,"column":6},"end":{"line":20,"column":11}},"12":{"start":{"line":22,"column":6},"end":{"line":22,"column":58}}},"branchMap":{}},"/Users/brunoabrantes/Code/bifrost/spec/repositories/invitation_spec.js":{"path":"/Users/brunoabrantes/Code/bifrost/spec/repositories/invitation_spec.js","s":{"1":1,"2":1,"3":1,"4":1,"5":1,"6":1,"7":1,"8":1,"9":1,"10":1,"11":1,"12":1},"b":{},"f":{"1":1,"2":1,"3":1},"fnMap":{"1":{"name":"(anonymous_1)","line":1,"loc":{"start":{"line":1,"column":34},"end":{"line":1,"column":45}}},"2":{"name":"(anonymous_2)","line":8,"loc":{"start":{"line":8,"column":35},"end":{"line":8,"column":46}}},"3":{"name":"(anonymous_3)","line":9,"loc":{"start":{"line":9,"column":57},"end":{"line":9,"column":68}}}},"statementMap":{"1":{"start":{"line":1,"column":0},"end":{"line":26,"column":3}},"2":{"start":{"line":2,"column":2},"end":{"line":2,"column":28}},"3":{"start":{"line":3,"column":2},"end":{"line":3,"column":57}},"4":{"start":{"line":4,"column":2},"end":{"line":4,"column":52}},"5":{"start":{"line":5,"column":2},"end":{"line":5,"column":23}},"6":{"start":{"line":6,"column":2},"end":{"line":6,"column":37}},"7":{"start":{"line":8,"column":2},"end":{"line":24,"column":5}},"8":{"start":{"line":9,"column":4},"end":{"line":23,"column":7}},"9":{"start":{"line":10,"column":6},"end":{"line":10,"column":26}},"10":{"start":{"line":11,"column":6},"end":{"line":11,"column":74}},"11":{"start":{"line":13,"column":6},"end":{"line":20,"column":11}},"12":{"start":{"line":22,"column":6},"end":{"line":22,"column":58}}},"branchMap":{}},"/Users/brunoabrantes/Code/bifrost/spec/repositories/music_genre_spec.js":{"path":"/Users/brunoabrantes/Code/bifrost/spec/repositories/music_genre_spec.js","s":{"1":1,"2":1,"3":1,"4":1,"5":1,"6":1,"7":1,"8":1,"9":1,"10":1,"11":1,"12":1,"13":1,"14":1,"15":1,"16":1,"17":1,"18":1},"b":{},"f":{"1":1,"2":1,"3":1,"4":1,"5":1},"fnMap":{"1":{"name":"(anonymous_1)","line":1,"loc":{"start":{"line":1,"column":35},"end":{"line":1,"column":46}}},"2":{"name":"(anonymous_2)","line":8,"loc":{"start":{"line":8,"column":30},"end":{"line":8,"column":41}}},"3":{"name":"(anonymous_3)","line":9,"loc":{"start":{"line":9,"column":57},"end":{"line":9,"column":68}}},"4":{"name":"(anonymous_4)","line":26,"loc":{"start":{"line":26,"column":31},"end":{"line":26,"column":42}}},"5":{"name":"(anonymous_5)","line":27,"loc":{"start":{"line":27,"column":57},"end":{"line":27,"column":68}}}},"statementMap":{"1":{"start":{"line":1,"column":0},"end":{"line":44,"column":3}},"2":{"start":{"line":2,"column":2},"end":{"line":2,"column":28}},"3":{"start":{"line":3,"column":2},"end":{"line":3,"column":58}},"4":{"start":{"line":4,"column":2},"end":{"line":4,"column":52}},"5":{"start":{"line":5,"column":2},"end":{"line":5,"column":23}},"6":{"start":{"line":6,"column":2},"end":{"line":6,"column":37}},"7":{"start":{"line":8,"column":2},"end":{"line":24,"column":5}},"8":{"start":{"line":9,"column":4},"end":{"line":23,"column":7}},"9":{"start":{"line":10,"column":6},"end":{"line":10,"column":26}},"10":{"start":{"line":11,"column":6},"end":{"line":11,"column":74}},"11":{"start":{"line":13,"column":6},"end":{"line":20,"column":11}},"12":{"start":{"line":22,"column":6},"end":{"line":22,"column":58}},"13":{"start":{"line":26,"column":2},"end":{"line":42,"column":5}},"14":{"start":{"line":27,"column":4},"end":{"line":41,"column":7}},"15":{"start":{"line":28,"column":6},"end":{"line":28,"column":26}},"16":{"start":{"line":29,"column":6},"end":{"line":29,"column":74}},"17":{"start":{"line":31,"column":6},"end":{"line":38,"column":11}},"18":{"start":{"line":40,"column":6},"end":{"line":40,"column":59}}},"branchMap":{}},"/Users/brunoabrantes/Code/bifrost/spec/repositories/rating_spec.js":{"path":"/Users/brunoabrantes/Code/bifrost/spec/repositories/rating_spec.js","s":{"1":1,"2":1,"3":1,"4":1,"5":1,"6":1,"7":1,"8":1,"9":1,"10":1,"11":1,"12":1},"b":{},"f":{"1":1,"2":1,"3":1},"fnMap":{"1":{"name":"(anonymous_1)","line":1,"loc":{"start":{"line":1,"column":31},"end":{"line":1,"column":42}}},"2":{"name":"(anonymous_2)","line":8,"loc":{"start":{"line":8,"column":31},"end":{"line":8,"column":42}}},"3":{"name":"(anonymous_3)","line":9,"loc":{"start":{"line":9,"column":57},"end":{"line":9,"column":68}}}},"statementMap":{"1":{"start":{"line":1,"column":0},"end":{"line":26,"column":3}},"2":{"start":{"line":2,"column":2},"end":{"line":2,"column":28}},"3":{"start":{"line":3,"column":2},"end":{"line":3,"column":53}},"4":{"start":{"line":4,"column":2},"end":{"line":4,"column":52}},"5":{"start":{"line":5,"column":2},"end":{"line":5,"column":23}},"6":{"start":{"line":6,"column":2},"end":{"line":6,"column":37}},"7":{"start":{"line":8,"column":2},"end":{"line":24,"column":5}},"8":{"start":{"line":9,"column":4},"end":{"line":23,"column":7}},"9":{"start":{"line":10,"column":6},"end":{"line":10,"column":26}},"10":{"start":{"line":11,"column":6},"end":{"line":11,"column":74}},"11":{"start":{"line":13,"column":6},"end":{"line":20,"column":11}},"12":{"start":{"line":22,"column":6},"end":{"line":22,"column":58}}},"branchMap":{}},"/Users/brunoabrantes/Code/bifrost/spec/repositories/ticket_spec.js":{"path":"/Users/brunoabrantes/Code/bifrost/spec/repositories/ticket_spec.js","s":{"1":1,"2":1,"3":1,"4":1,"5":1,"6":1,"7":1,"8":1,"9":1,"10":1,"11":1,"12":1},"b":{},"f":{"1":1,"2":1,"3":1},"fnMap":{"1":{"name":"(anonymous_1)","line":1,"loc":{"start":{"line":1,"column":31},"end":{"line":1,"column":42}}},"2":{"name":"(anonymous_2)","line":8,"loc":{"start":{"line":8,"column":31},"end":{"line":8,"column":42}}},"3":{"name":"(anonymous_3)","line":9,"loc":{"start":{"line":9,"column":57},"end":{"line":9,"column":68}}}},"statementMap":{"1":{"start":{"line":1,"column":0},"end":{"line":26,"column":3}},"2":{"start":{"line":2,"column":2},"end":{"line":2,"column":28}},"3":{"start":{"line":3,"column":2},"end":{"line":3,"column":53}},"4":{"start":{"line":4,"column":2},"end":{"line":4,"column":52}},"5":{"start":{"line":5,"column":2},"end":{"line":5,"column":23}},"6":{"start":{"line":6,"column":2},"end":{"line":6,"column":37}},"7":{"start":{"line":8,"column":2},"end":{"line":24,"column":5}},"8":{"start":{"line":9,"column":4},"end":{"line":23,"column":7}},"9":{"start":{"line":10,"column":6},"end":{"line":10,"column":26}},"10":{"start":{"line":11,"column":6},"end":{"line":11,"column":74}},"11":{"start":{"line":13,"column":6},"end":{"line":20,"column":11}},"12":{"start":{"line":22,"column":6},"end":{"line":22,"column":58}}},"branchMap":{}},"/Users/brunoabrantes/Code/bifrost/spec/repositories/user_spec.js":{"path":"/Users/brunoabrantes/Code/bifrost/spec/repositories/user_spec.js","s":{"1":1,"2":1,"3":1,"4":1,"5":1,"6":1,"7":1,"8":1,"9":1,"10":1,"11":1},"b":{},"f":{"1":1,"2":1,"3":1},"fnMap":{"1":{"name":"(anonymous_1)","line":1,"loc":{"start":{"line":1,"column":28},"end":{"line":1,"column":39}}},"2":{"name":"(anonymous_2)","line":7,"loc":{"start":{"line":7,"column":18},"end":{"line":7,"column":29}}},"3":{"name":"(anonymous_3)","line":8,"loc":{"start":{"line":8,"column":57},"end":{"line":8,"column":68}}}},"statementMap":{"1":{"start":{"line":1,"column":0},"end":{"line":17,"column":3}},"2":{"start":{"line":2,"column":2},"end":{"line":2,"column":28}},"3":{"start":{"line":3,"column":2},"end":{"line":3,"column":51}},"4":{"start":{"line":4,"column":2},"end":{"line":4,"column":52}},"5":{"start":{"line":5,"column":2},"end":{"line":5,"column":23}},"6":{"start":{"line":7,"column":2},"end":{"line":16,"column":5}},"7":{"start":{"line":8,"column":4},"end":{"line":15,"column":7}},"8":{"start":{"line":9,"column":6},"end":{"line":9,"column":26}},"9":{"start":{"line":10,"column":6},"end":{"line":10,"column":74}},"10":{"start":{"line":12,"column":6},"end":{"line":12,"column":16}},"11":{"start":{"line":14,"column":6},"end":{"line":14,"column":51}}},"branchMap":{}},"/Users/brunoabrantes/Code/bifrost/spec/repositories/venue_spec.js":{"path":"/Users/brunoabrantes/Code/bifrost/spec/repositories/venue_spec.js","s":{"1":1,"2":1,"3":1,"4":1,"5":1,"6":1,"7":1,"8":1,"9":1,"10":1,"11":1,"12":1},"b":{},"f":{"1":1,"2":1,"3":1},"fnMap":{"1":{"name":"(anonymous_1)","line":1,"loc":{"start":{"line":1,"column":29},"end":{"line":1,"column":40}}},"2":{"name":"(anonymous_2)","line":8,"loc":{"start":{"line":8,"column":29},"end":{"line":8,"column":40}}},"3":{"name":"(anonymous_3)","line":9,"loc":{"start":{"line":9,"column":57},"end":{"line":9,"column":68}}}},"statementMap":{"1":{"start":{"line":1,"column":0},"end":{"line":26,"column":3}},"2":{"start":{"line":2,"column":2},"end":{"line":2,"column":28}},"3":{"start":{"line":3,"column":2},"end":{"line":3,"column":52}},"4":{"start":{"line":4,"column":2},"end":{"line":4,"column":52}},"5":{"start":{"line":5,"column":2},"end":{"line":5,"column":23}},"6":{"start":{"line":6,"column":2},"end":{"line":6,"column":37}},"7":{"start":{"line":8,"column":2},"end":{"line":24,"column":5}},"8":{"start":{"line":9,"column":4},"end":{"line":23,"column":7}},"9":{"start":{"line":10,"column":6},"end":{"line":10,"column":26}},"10":{"start":{"line":11,"column":6},"end":{"line":11,"column":74}},"11":{"start":{"line":13,"column":6},"end":{"line":20,"column":11}},"12":{"start":{"line":22,"column":6},"end":{"line":22,"column":58}}},"branchMap":{}},"/Users/brunoabrantes/Code/bifrost/spec/services/event/service_spec.js":{"path":"/Users/brunoabrantes/Code/bifrost/spec/services/event/service_spec.js","s":{"1":1,"2":1,"3":1,"4":1},"b":{},"f":{"1":1,"2":1},"fnMap":{"1":{"name":"(anonymous_1)","line":1,"loc":{"start":{"line":1,"column":26},"end":{"line":1,"column":37}}},"2":{"name":"(anonymous_2)","line":6,"loc":{"start":{"line":6,"column":24},"end":{"line":6,"column":35}}}},"statementMap":{"1":{"start":{"line":1,"column":0},"end":{"line":9,"column":3}},"2":{"start":{"line":3,"column":2},"end":{"line":3,"column":67}},"3":{"start":{"line":4,"column":2},"end":{"line":4,"column":28}},"4":{"start":{"line":6,"column":2},"end":{"line":8,"column":5}}},"branchMap":{}},"/Users/brunoabrantes/Code/bifrost/spec/services/user/service_spec.js":{"path":"/Users/brunoabrantes/Code/bifrost/spec/services/user/service_spec.js","s":{"1":1,"2":1,"3":1,"4":1},"b":{},"f":{"1":1,"2":1},"fnMap":{"1":{"name":"(anonymous_1)","line":1,"loc":{"start":{"line":1,"column":26},"end":{"line":1,"column":37}}},"2":{"name":"(anonymous_2)","line":6,"loc":{"start":{"line":6,"column":18},"end":{"line":6,"column":29}}}},"statementMap":{"1":{"start":{"line":1,"column":0},"end":{"line":8,"column":3}},"2":{"start":{"line":3,"column":2},"end":{"line":3,"column":61}},"3":{"start":{"line":4,"column":2},"end":{"line":4,"column":28}},"4":{"start":{"line":6,"column":2},"end":{"line":7,"column":5}}},"branchMap":{}}}