TN:
SF:/Users/brunoabrantes/Code/bifrost/spec/integration/v1/artists_spec.js
FN:1,(anonymous_1)
FN:11,(anonymous_2)
FN:24,(anonymous_3)
FN:34,(anonymous_4)
FN:46,(anonymous_5)
FN:62,(anonymous_6)
FN:72,(anonymous_7)
FN:84,(anonymous_8)
FN:100,(anonymous_9)
FN:110,(anonymous_10)
FNF:10
FNH:10
FNDA:1,(anonymous_1)
FNDA:1,(anonymous_2)
FNDA:1,(anonymous_3)
FNDA:1,(anonymous_4)
FNDA:1,(anonymous_5)
FNDA:1,(anonymous_6)
FNDA:1,(anonymous_7)
FNDA:1,(anonymous_8)
FNDA:1,(anonymous_9)
FNDA:1,(anonymous_10)
DA:1,1
DA:2,1
DA:3,1
DA:4,1
DA:5,1
DA:6,1
DA:8,1
DA:9,1
DA:11,1
DA:12,1
DA:16,1
DA:24,1
DA:25,1
DA:26,1
DA:27,1
DA:28,1
DA:29,1
DA:31,1
DA:32,1
DA:34,1
DA:35,1
DA:39,1
DA:46,1
DA:47,1
DA:48,1
DA:50,1
DA:54,1
DA:62,1
DA:63,1
DA:64,1
DA:65,1
DA:66,1
DA:67,1
DA:69,1
DA:70,1
DA:72,1
DA:73,1
DA:77,1
DA:84,1
DA:85,1
DA:86,1
DA:88,1
DA:92,1
DA:100,1
DA:101,1
DA:102,1
DA:103,1
DA:104,1
DA:105,1
DA:107,1
DA:108,1
DA:110,1
DA:111,1
DA:115,1
LF:54
LH:54
BRF:0
BRH:0
end_of_record
TN:
SF:/Users/brunoabrantes/Code/bifrost/app.js
FN:13,(anonymous_1)
FN:21,(anonymous_2)
FNF:2
FNH:2
FNDA:9,(anonymous_1)
FNDA:1,(anonymous_2)
DA:1,1
DA:2,1
DA:3,1
DA:4,1
DA:5,1
DA:6,1
DA:7,1
DA:8,1
DA:9,1
DA:11,1
DA:13,1
DA:14,9
DA:15,8
DA:18,1
DA:19,1
DA:21,1
DA:22,1
DA:23,1
DA:27,1
LF:19
LH:19
BRDA:14,1,0,8
BRDA:14,1,1,1
BRDA:22,2,0,1
BRDA:22,2,1,0
BRF:4
BRH:3
end_of_record
TN:
SF:/Users/brunoabrantes/Code/bifrost/v1/config.js
FN:1,(anonymous_1)
FNF:1
FNH:1
FNDA:1,(anonymous_1)
DA:1,1
DA:2,1
DA:4,1
DA:77,1
DA:78,1
LF:5
LH:5
BRF:0
BRH:0
end_of_record
TN:
SF:/Users/brunoabrantes/Code/bifrost/v1/routes.js
FN:1,(anonymous_1)
FNF:1
FNH:1
FNDA:1,(anonymous_1)
DA:1,1
DA:2,1
DA:4,1
LF:3
LH:3
BRF:0
BRH:0
end_of_record
TN:
SF:/Users/brunoabrantes/Code/bifrost/v1/services/artist/routes.js
FNF:0
FNH:0
DA:1,1
DA:3,1
LF:2
LH:2
BRF:0
BRH:0
end_of_record
TN:
SF:/Users/brunoabrantes/Code/bifrost/v1/services/artist/service.js
FN:1,(anonymous_1)
FN:15,(anonymous_2)
FNF:2
FNH:2
FNDA:1,(anonymous_1)
FNDA:4,(anonymous_2)
DA:1,1
DA:2,1
DA:3,1
DA:4,1
DA:5,1
DA:6,1
DA:7,1
DA:9,1
DA:10,1
DA:11,1
DA:12,1
DA:13,1
DA:15,1
DA:16,4
DA:23,1
DA:30,1
DA:31,1
DA:32,1
DA:33,1
LF:19
LH:19
BRF:0
BRH:0
end_of_record
TN:
SF:/Users/brunoabrantes/Code/bifrost/v1/models/artist.js
FNF:0
FNH:0
DA:1,1
DA:3,1
DA:21,1
DA:28,1
LF:4
LH:4
BRF:0
BRH:0
end_of_record
TN:
SF:/Users/brunoabrantes/Code/bifrost/lib/model.js
FN:1,(anonymous_1)
FN:19,(anonymous_2)
FN:24,(anonymous_3)
FN:62,(anonymous_4)
FN:69,(anonymous_5)
FNF:5
FNH:5
FNDA:1,(anonymous_1)
FNDA:18,(anonymous_2)
FNDA:10,(anonymous_3)
FNDA:9,(anonymous_4)
FNDA:10,(anonymous_5)
DA:1,1
DA:2,1
DA:11,1
DA:12,1
DA:13,1
DA:14,1
DA:15,1
DA:16,1
DA:17,1
DA:19,1
DA:20,18
DA:21,2
DA:24,16
DA:25,10
DA:27,10
DA:28,10
DA:29,10
DA:32,10
DA:34,10
DA:35,3
DA:37,3
DA:38,1
DA:41,3
DA:42,1
DA:45,3
DA:46,2
DA:47,1
DA:51,3
DA:53,7
DA:58,10
DA:61,16
DA:63,9
DA:65,9
DA:66,6
DA:69,9
DA:70,10
DA:73,10
DA:76,9
DA:77,6
DA:80,9
DA:85,1
DA:93,1
LF:42
LH:42
BRDA:20,1,0,2
BRDA:20,1,1,16
BRDA:20,2,0,18
BRDA:20,2,1,17
BRDA:27,3,0,10
BRDA:27,3,1,0
BRDA:27,4,0,10
BRDA:27,4,1,10
BRDA:34,5,0,3
BRDA:34,5,1,7
BRDA:37,6,0,1
BRDA:37,6,1,2
BRDA:41,7,0,1
BRDA:41,7,1,2
BRDA:46,8,0,1
BRDA:46,8,1,1
BRDA:65,9,0,6
BRDA:65,9,1,3
BRDA:76,10,0,6
BRDA:76,10,1,3
BRF:20
BRH:19
end_of_record
TN:
SF:/Users/brunoabrantes/Code/bifrost/lib/strategies/hash.js
FN:1,(anonymous_1)
FN:21,(anonymous_2)
FNF:2
FNH:2
FNDA:1,(anonymous_1)
FNDA:10,(anonymous_2)
DA:1,1
DA:2,1
DA:11,1
DA:12,1
DA:13,1
DA:14,1
DA:15,1
DA:16,1
DA:17,1
DA:18,1
DA:20,1
DA:22,10
DA:23,9
DA:24,8
DA:25,7
DA:26,6
DA:27,5
DA:28,4
DA:30,3
DA:31,2
DA:32,1
LF:21
LH:21
BRDA:22,1,0,1
BRDA:22,1,1,9
BRDA:23,2,0,1
BRDA:23,2,1,8
BRDA:24,3,0,1
BRDA:24,3,1,7
BRDA:25,4,0,1
BRDA:25,4,1,6
BRDA:26,5,0,1
BRDA:26,5,1,5
BRDA:27,6,0,1
BRDA:27,6,1,4
BRDA:28,7,0,1
BRDA:28,7,1,3
BRDA:30,8,0,1
BRDA:30,8,1,2
BRDA:31,9,0,1
BRDA:31,9,1,1
BRF:18
BRH:18
end_of_record
TN:
SF:/Users/brunoabrantes/Code/bifrost/lib/strategies/integer.js
FN:1,(anonymous_1)
FN:17,(anonymous_2)
FNF:2
FNH:2
FNDA:1,(anonymous_1)
FNDA:11,(anonymous_2)
DA:1,1
DA:2,1
DA:9,1
DA:10,1
DA:11,1
DA:12,1
DA:13,1
DA:14,1
DA:16,1
DA:18,11
DA:19,11
DA:20,10
DA:23,9
DA:24,8
DA:25,7
DA:26,6
DA:27,5
DA:29,4
DA:31,4
DA:32,1
DA:35,3
LF:21
LH:21
BRDA:19,1,0,1
BRDA:19,1,1,10
BRDA:20,2,0,1
BRDA:20,2,1,9
BRDA:23,3,0,1
BRDA:23,3,1,8
BRDA:24,4,0,1
BRDA:24,4,1,7
BRDA:25,5,0,1
BRDA:25,5,1,6
BRDA:26,6,0,1
BRDA:26,6,1,5
BRDA:27,7,0,1
BRDA:27,7,1,4
BRDA:31,8,0,1
BRDA:31,8,1,3
BRDA:31,9,0,4
BRDA:31,9,1,4
BRF:18
BRH:18
end_of_record
TN:
SF:/Users/brunoabrantes/Code/bifrost/lib/strategies/date.js
FN:1,(anonymous_1)
FN:26,(anonymous_2)
FN:44,(anonymous_3)
FNF:3
FNH:3
FNDA:1,(anonymous_1)
FNDA:5,(anonymous_2)
FNDA:14,(anonymous_3)
DA:1,1
DA:2,1
DA:13,1
DA:14,1
DA:15,1
DA:19,1
DA:20,1
DA:21,1
DA:22,1
DA:23,1
DA:24,1
DA:26,1
DA:27,5
DA:28,5
DA:30,3
DA:31,3
DA:33,1
DA:34,1
DA:36,1
DA:37,1
DA:40,5
DA:43,1
DA:45,14
DA:47,14
DA:49,14
DA:51,14
DA:52,13
DA:53,12
DA:54,11
DA:55,10
DA:56,9
DA:58,8
DA:59,6
DA:61,5
LF:34
LH:34
BRDA:28,1,0,3
BRDA:28,1,1,1
BRDA:28,1,2,1
BRDA:47,2,0,11
BRDA:47,2,1,3
BRDA:51,3,0,1
BRDA:51,3,1,13
BRDA:52,4,0,1
BRDA:52,4,1,12
BRDA:53,5,0,1
BRDA:53,5,1,11
BRDA:54,6,0,1
BRDA:54,6,1,10
BRDA:55,7,0,1
BRDA:55,7,1,9
BRDA:56,8,0,1
BRDA:56,8,1,8
BRDA:56,9,0,9
BRDA:56,9,1,2
BRDA:58,10,0,2
BRDA:58,10,1,6
BRDA:58,11,0,8
BRDA:58,11,1,7
BRDA:59,12,0,1
BRDA:59,12,1,5
BRF:25
BRH:25
end_of_record
TN:
SF:/Users/brunoabrantes/Code/bifrost/lib/strategies/string.js
FN:1,(anonymous_1)
FN:17,(anonymous_2)
FNF:2
FNH:2
FNDA:1,(anonymous_1)
FNDA:11,(anonymous_2)
DA:1,1
DA:2,1
DA:9,1
DA:10,1
DA:11,1
DA:12,1
DA:13,1
DA:14,1
DA:16,1
DA:18,11
DA:19,10
DA:20,9
DA:22,8
DA:23,7
DA:24,6
DA:25,5
DA:26,4
DA:28,3
LF:18
LH:18
BRDA:18,1,0,1
BRDA:18,1,1,10
BRDA:19,2,0,1
BRDA:19,2,1,9
BRDA:20,3,0,1
BRDA:20,3,1,8
BRDA:22,4,0,1
BRDA:22,4,1,7
BRDA:23,5,0,1
BRDA:23,5,1,6
BRDA:24,6,0,1
BRDA:24,6,1,5
BRDA:25,7,0,1
BRDA:25,7,1,4
BRDA:26,8,0,1
BRDA:26,8,1,3
BRF:16
BRH:16
end_of_record
TN:
SF:/Users/brunoabrantes/Code/bifrost/lib/strategies/boolean.js
FN:1,(anonymous_1)
FN:29,(anonymous_2)
FNF:2
FNH:2
FNDA:1,(anonymous_1)
FNDA:12,(anonymous_2)
DA:1,1
DA:2,1
DA:12,1
DA:13,1
DA:14,1
DA:15,1
DA:16,1
DA:17,1
DA:18,1
DA:19,1
DA:21,1
DA:28,1
DA:30,12
DA:31,11
DA:32,10
DA:33,9
DA:34,8
DA:36,7
DA:37,6
DA:39,5
DA:41,5
DA:42,4
DA:45,1
LF:23
LH:23
BRDA:30,1,0,1
BRDA:30,1,1,11
BRDA:31,2,0,1
BRDA:31,2,1,10
BRDA:32,3,0,1
BRDA:32,3,1,9
BRDA:33,4,0,1
BRDA:33,4,1,8
BRDA:34,5,0,1
BRDA:34,5,1,7
BRDA:36,6,0,1
BRDA:36,6,1,6
BRDA:37,7,0,1
BRDA:37,7,1,5
BRDA:41,8,0,4
BRDA:41,8,1,1
BRF:16
BRH:16
end_of_record
TN:
SF:/Users/brunoabrantes/Code/bifrost/v1/repositories/artist.js
FN:1,(anonymous_1)
FN:11,(anonymous_2)
FN:22,(anonymous_3)
FN:26,(anonymous_4)
FN:38,(anonymous_5)
FN:42,(anonymous_6)
FNF:6
FNH:4
FNDA:1,(anonymous_1)
FNDA:2,(anonymous_2)
FNDA:1,(anonymous_3)
FNDA:0,(anonymous_4)
FNDA:1,(anonymous_5)
FNDA:0,(anonymous_6)
DA:1,1
DA:2,1
DA:8,1
DA:9,1
DA:11,1
DA:12,2
DA:14,2
DA:22,1
DA:23,1
DA:25,1
DA:27,0
DA:32,0
DA:34,0
DA:38,1
DA:39,1
DA:41,1
DA:43,0
DA:48,0
DA:50,0
LF:19
LH:13
BRF:0
BRH:0
end_of_record
TN:
SF:/Users/brunoabrantes/Code/bifrost/lib/http_client.js
FN:1,(anonymous_1)
FN:8,(anonymous_2)
FN:16,(anonymous_3)
FN:21,(anonymous_4)
FN:27,(anonymous_5)
FN:42,(anonymous_6)
FN:44,(anonymous_7)
FNF:7
FNH:7
FNDA:1,(anonymous_1)
FNDA:29,(anonymous_2)
FNDA:36,(anonymous_3)
FNDA:6,(anonymous_4)
FNDA:3,(anonymous_5)
FNDA:21,(anonymous_6)
FNDA:90,(anonymous_7)
DA:1,1
DA:2,1
DA:8,1
DA:9,29
DA:16,1
DA:17,36
DA:18,36
DA:21,1
DA:22,6
DA:24,6
DA:28,3
DA:31,3
DA:32,3
DA:33,3
DA:36,0
DA:39,6
DA:42,1
DA:43,21
DA:44,21
DA:45,90
DA:46,29
DA:48,90
DA:51,21
DA:52,14
DA:54,7
DA:58,1
LF:26
LH:25
BRDA:29,1,0,2
BRDA:29,1,1,1
BRDA:31,2,0,3
BRDA:31,2,1,0
BRDA:45,3,0,29
BRDA:45,3,1,61
BRDA:45,4,0,90
BRDA:45,4,1,31
BRDA:51,5,0,14
BRDA:51,5,1,7
BRF:10
BRH:9
end_of_record
TN:
SF:/Users/brunoabrantes/Code/bifrost/lib/mapper.js
FN:1,(anonymous_1)
FN:7,(anonymous_2)
FN:11,(anonymous_3)
FN:15,(anonymous_4)
FN:16,(anonymous_5)
FN:31,(anonymous_6)
FN:39,(anonymous_7)
FN:41,(anonymous_8)
FN:46,(anonymous_9)
FN:55,(anonymous_10)
FN:63,(anonymous_11)
FNF:11
FNH:11
FNDA:1,(anonymous_1)
FNDA:43,(anonymous_2)
FNDA:43,(anonymous_3)
FNDA:28,(anonymous_4)
FNDA:44,(anonymous_5)
FNDA:4,(anonymous_6)
FNDA:4,(anonymous_7)
FNDA:2,(anonymous_8)
FNDA:6,(anonymous_9)
FNDA:2,(anonymous_10)
FNDA:38,(anonymous_11)
DA:1,1
DA:2,1
DA:7,1
DA:8,43
DA:11,1
DA:12,43
DA:15,1
DA:16,28
DA:17,44
DA:18,1
DA:21,43
DA:22,43
DA:24,3
DA:25,3
DA:30,1
DA:32,4
DA:33,2
DA:36,2
DA:40,4
DA:41,1
DA:42,2
DA:46,3
DA:47,6
DA:51,6
DA:56,2
DA:57,2
DA:60,2
DA:64,38
DA:68,1
LF:29
LH:29
BRDA:17,1,0,1
BRDA:17,1,1,43
BRDA:32,2,0,2
BRDA:32,2,1,2
BRDA:32,3,0,4
BRDA:32,3,1,3
BRDA:36,4,0,2
BRDA:36,4,1,1
BRDA:40,5,0,1
BRDA:40,5,1,3
BRDA:51,6,0,6
BRDA:51,6,1,2
BRDA:56,7,0,2
BRDA:56,7,1,0
BRDA:56,8,0,2
BRDA:56,8,1,2
BRF:16
BRH:15
end_of_record
TN:
SF:/Users/brunoabrantes/Code/bifrost/lib/plugins/mapper.camel_case.js
FN:1,(anonymous_1)
FN:5,(anonymous_2)
FN:14,(anonymous_3)
FN:19,(anonymous_4)
FN:28,(anonymous_5)
FN:34,(anonymous_6)
FN:39,(anonymous_7)
FNF:7
FNH:7
FNDA:1,(anonymous_1)
FNDA:27,(anonymous_2)
FNDA:33,(anonymous_3)
FNDA:40,(anonymous_4)
FNDA:27,(anonymous_5)
FNDA:2,(anonymous_6)
FNDA:11,(anonymous_7)
DA:1,1
DA:3,1
DA:5,1
DA:6,27
DA:9,27
DA:10,0
DA:11,0
DA:14,33
DA:16,27
DA:19,1
DA:20,40
DA:21,6
DA:24,34
DA:25,16
DA:28,18
DA:29,27
DA:30,27
DA:34,1
DA:35,2
DA:36,2
DA:39,1
DA:40,11
LF:22
LH:20
BRDA:9,1,0,0
BRDA:9,1,1,27
BRDA:14,2,0,33
BRDA:14,2,1,0
BRDA:20,3,0,6
BRDA:20,3,1,34
BRDA:24,4,0,16
BRDA:24,4,1,18
BRF:8
BRH:6
end_of_record
TN:
SF:/Users/brunoabrantes/Code/bifrost/lib/plugins/mapper.flyer_serializer.js
FN:1,(anonymous_1)
FN:23,(anonymous_2)
FN:24,(anonymous_3)
FN:30,(anonymous_4)
FN:34,(anonymous_5)
FN:46,(anonymous_6)
FNF:6
FNH:6
FNDA:1,(anonymous_1)
FNDA:8,(anonymous_2)
FNDA:64,(anonymous_3)
FNDA:5,(anonymous_4)
FNDA:5,(anonymous_5)
FNDA:3,(anonymous_6)
DA:1,1
DA:2,1
DA:9,1
DA:10,1
DA:12,1
DA:23,1
DA:24,8
DA:25,64
DA:26,64
DA:30,1
DA:31,5
DA:34,1
DA:35,5
DA:37,5
DA:38,1
DA:40,4
DA:43,5
DA:46,1
DA:47,3
LF:19
LH:19
BRDA:25,1,0,64
BRDA:25,1,1,8
BRDA:31,2,0,3
BRDA:31,2,1,2
BRDA:37,3,0,1
BRDA:37,3,1,4
BRF:6
BRH:6
end_of_record
TN:
SF:/Users/brunoabrantes/Code/bifrost/v1/repositories/event.js
FN:1,(anonymous_1)
FN:11,(anonymous_2)
FN:16,(anonymous_3)
FN:24,(anonymous_4)
FN:33,(anonymous_5)
FN:45,(anonymous_6)
FN:54,(anonymous_7)
FN:64,(anonymous_8)
FN:76,(anonymous_9)
FN:86,(anonymous_10)
FN:93,(anonymous_11)
FN:102,(anonymous_12)
FNF:12
FNH:8
FNDA:1,(anonymous_1)
FNDA:0,(anonymous_2)
FNDA:0,(anonymous_3)
FNDA:13,(anonymous_4)
FNDA:11,(anonymous_5)
FNDA:13,(anonymous_6)
FNDA:0,(anonymous_7)
FNDA:5,(anonymous_8)
FNDA:2,(anonymous_9)
FNDA:3,(anonymous_10)
FNDA:3,(anonymous_11)
FNDA:0,(anonymous_12)
DA:1,1
DA:2,1
DA:9,1
DA:11,1
DA:12,0
DA:14,0
DA:17,0
DA:18,0
DA:19,0
DA:24,1
DA:25,13
DA:33,1
DA:34,11
DA:42,11
DA:45,1
DA:46,13
DA:49,13
DA:50,13
DA:51,13
DA:53,13
DA:55,0
DA:56,0
DA:57,0
DA:61,13
DA:64,1
DA:65,5
DA:67,5
DA:73,5
DA:76,1
DA:77,2
DA:79,2
DA:86,1
DA:87,3
DA:88,3
DA:90,3
DA:93,1
DA:94,3
DA:97,3
DA:99,3
DA:102,1
DA:103,0
DA:106,0
DA:108,0
LF:43
LH:32
BRDA:65,1,0,5
BRDA:65,1,1,1
BRDA:77,2,0,2
BRDA:77,2,1,0
BRDA:87,3,0,3
BRDA:87,3,1,1
BRDA:97,4,0,3
BRDA:97,4,1,1
BRDA:106,5,0,0
BRDA:106,5,1,0
BRF:10
BRH:7
end_of_record
TN:
SF:/Users/brunoabrantes/Code/bifrost/v1/models/event.js
FNF:0
FNH:0
DA:1,1
DA:3,1
DA:26,1
DA:38,1
LF:4
LH:4
BRF:0
BRH:0
end_of_record
TN:
SF:/Users/brunoabrantes/Code/bifrost/v1/repositories/comment.js
FN:1,(anonymous_1)
FN:10,(anonymous_2)
FN:16,(anonymous_3)
FN:20,(anonymous_4)
FN:23,(anonymous_5)
FN:37,(anonymous_6)
FN:41,(anonymous_7)
FNF:7
FNH:5
FNDA:1,(anonymous_1)
FNDA:2,(anonymous_2)
FNDA:2,(anonymous_3)
FNDA:0,(anonymous_4)
FNDA:0,(anonymous_5)
FNDA:1,(anonymous_6)
FNDA:1,(anonymous_7)
DA:1,1
DA:2,1
DA:8,1
DA:10,1
DA:11,2
DA:16,1
DA:17,2
DA:19,2
DA:21,0
DA:24,0
DA:25,0
DA:26,0
DA:30,0
DA:32,0
DA:37,1
DA:38,1
DA:41,1
DA:42,1
LF:18
LH:12
BRF:0
BRH:0
end_of_record
TN:
SF:/Users/brunoabrantes/Code/bifrost/v1/models/comment.js
FNF:0
FNH:0
DA:1,1
DA:3,1
DA:11,1
LF:3
LH:3
BRF:0
BRH:0
end_of_record
TN:
SF:/Users/brunoabrantes/Code/bifrost/v1/repositories/user.js
FN:1,(anonymous_1)
FN:6,(anonymous_2)
FN:12,(anonymous_3)
FN:13,(anonymous_4)
FN:17,(anonymous_5)
FN:25,(anonymous_6)
FN:29,(anonymous_7)
FN:32,(anonymous_8)
FNF:8
FNH:4
FNDA:1,(anonymous_1)
FNDA:1,(anonymous_2)
FNDA:2,(anonymous_3)
FNDA:0,(anonymous_4)
FNDA:0,(anonymous_5)
FNDA:1,(anonymous_6)
FNDA:0,(anonymous_7)
FNDA:0,(anonymous_8)
DA:1,1
DA:2,1
DA:6,1
DA:7,1
DA:12,1
DA:13,2
DA:14,0
DA:16,0
DA:18,0
DA:19,0
DA:25,1
DA:26,1
DA:28,1
DA:30,0
DA:33,0
DA:34,0
DA:38,1
DA:39,1
LF:18
LH:11
BRF:0
BRH:0
end_of_record
TN:
SF:/Users/brunoabrantes/Code/bifrost/v1/repositories/music_genre.js
FN:1,(anonymous_1)
FN:10,(anonymous_2)
FN:16,(anonymous_3)
FN:31,(anonymous_4)
FN:35,(anonymous_5)
FN:38,(anonymous_6)
FN:56,(anonymous_7)
FN:60,(anonymous_8)
FNF:8
FNH:5
FNDA:1,(anonymous_1)
FNDA:2,(anonymous_2)
FNDA:0,(anonymous_3)
FNDA:2,(anonymous_4)
FNDA:0,(anonymous_5)
FNDA:0,(anonymous_6)
FNDA:1,(anonymous_7)
FNDA:1,(anonymous_8)
DA:1,1
DA:2,1
DA:8,1
DA:10,1
DA:11,2
DA:16,1
DA:17,0
DA:19,0
DA:21,0
DA:22,0
DA:24,0
DA:25,0
DA:28,0
DA:31,1
DA:32,2
DA:34,2
DA:36,0
DA:39,0
DA:40,0
DA:41,0
DA:45,0
DA:47,0
DA:51,0
DA:56,1
DA:57,1
DA:60,1
DA:61,1
LF:27
LH:13
BRDA:19,1,0,0
BRDA:19,1,1,0
BRF:2
BRH:0
end_of_record
TN:
SF:/Users/brunoabrantes/Code/bifrost/v1/models/music_genre.js
FNF:0
FNH:0
DA:1,1
DA:3,1
DA:10,1
LF:3
LH:3
BRF:0
BRH:0
end_of_record
TN:
SF:/Users/brunoabrantes/Code/bifrost/lib/assemble.js
FN:1,(anonymous_1)
FN:7,(anonymous_2)
FNF:2
FNH:1
FNDA:1,(anonymous_1)
FNDA:0,(anonymous_2)
DA:1,1
DA:2,1
DA:7,1
DA:8,0
DA:9,0
DA:12,1
LF:6
LH:4
BRF:0
BRH:0
end_of_record
TN:
SF:/Users/brunoabrantes/Code/bifrost/v1/repositories/client_key.js
FN:1,(anonymous_1)
FN:11,(anonymous_2)
FN:15,(anonymous_3)
FN:22,(anonymous_4)
FN:26,(anonymous_5)
FN:31,(anonymous_6)
FN:39,(anonymous_7)
FN:55,(anonymous_8)
FN:62,(anonymous_9)
FN:67,(anonymous_10)
FN:74,(anonymous_11)
FN:81,(anonymous_12)
FN:91,(anonymous_13)
FN:94,(anonymous_14)
FNF:14
FNH:14
FNDA:1,(anonymous_1)
FNDA:43,(anonymous_2)
FNDA:34,(anonymous_3)
FNDA:2,(anonymous_4)
FNDA:10,(anonymous_5)
FNDA:9,(anonymous_6)
FNDA:7,(anonymous_7)
FNDA:2,(anonymous_8)
FNDA:12,(anonymous_9)
FNDA:10,(anonymous_10)
FNDA:1,(anonymous_11)
FNDA:43,(anonymous_12)
FNDA:10,(anonymous_13)
FNDA:6,(anonymous_14)
DA:1,1
DA:2,1
DA:9,1
DA:11,1
DA:12,43
DA:15,1
DA:16,34
DA:17,34
DA:19,34
DA:22,1
DA:23,2
DA:26,1
DA:27,10
DA:30,10
DA:32,9
DA:35,9
DA:40,7
DA:41,1
DA:42,1
DA:45,6
DA:46,2
DA:47,2
DA:49,3
DA:52,5
DA:56,2
DA:59,10
DA:62,1
DA:63,12
DA:66,12
DA:68,10
DA:69,1
DA:71,9
DA:75,1
DA:78,12
DA:81,1
DA:82,43
DA:84,43
DA:85,31
DA:86,31
DA:89,12
DA:92,10
DA:95,6
LF:42
LH:42
BRDA:40,1,0,1
BRDA:40,1,1,6
BRDA:45,2,0,2
BRDA:45,2,1,3
BRDA:45,3,0,6
BRDA:45,3,1,5
BRDA:68,4,0,1
BRDA:68,4,1,9
BRDA:68,5,0,10
BRDA:68,5,1,10
BRDA:84,6,0,31
BRDA:84,6,1,12
BRF:12
BRH:12
end_of_record
TN:
SF:/Users/brunoabrantes/Code/bifrost/lib/redis_client.js
FNF:0
FNH:0
DA:1,1
DA:4,1
LF:2
LH:2
BRF:0
BRH:0
end_of_record
TN:
SF:/Users/brunoabrantes/Code/bifrost/lib/postgres_client.js
FN:1,(anonymous_1)
FN:7,(anonymous_2)
FN:16,(anonymous_3)
FNF:3
FNH:3
FNDA:1,(anonymous_1)
FNDA:13,(anonymous_2)
FNDA:13,(anonymous_3)
DA:1,1
DA:2,1
DA:7,1
DA:8,13
DA:10,13
DA:17,13
DA:18,2
DA:19,2
DA:20,2
DA:22,2
DA:25,11
DA:28,13
LF:12
LH:12
BRDA:17,1,0,2
BRDA:17,1,1,11
BRF:2
BRH:2
end_of_record
TN:
SF:/Users/brunoabrantes/Code/bifrost/lib/response.js
FN:1,(anonymous_1)
FNF:1
FNH:0
FNDA:0,(anonymous_1)
DA:1,1
DA:2,0
LF:2
LH:1
BRF:0
BRH:0
end_of_record
TN:
SF:/Users/brunoabrantes/Code/bifrost/v1/transformers/partial_response.js
FN:6,handleFailure
FN:7,(anonymous_2)
FN:14,(anonymous_3)
FN:15,partialResponseTransformer
FNF:4
FNH:1
FNDA:0,handleFailure
FNDA:0,(anonymous_2)
FNDA:18,(anonymous_3)
FNDA:0,partialResponseTransformer
DA:1,1
DA:2,1
DA:4,1
DA:6,1
DA:7,0
DA:8,0
DA:9,0
DA:10,0
DA:14,1
DA:15,18
DA:16,0
DA:17,0
DA:22,0
DA:26,1
LF:14
LH:7
BRDA:16,1,0,0
BRDA:16,1,1,0
BRF:2
BRH:0
end_of_record
TN:
SF:/Users/brunoabrantes/Code/bifrost/lib/plugins/mapper.partial_response.js
FN:1,(anonymous_1)
FN:6,(anonymous_2)
FN:22,(anonymous_3)
FN:38,(anonymous_4)
FN:53,(anonymous_5)
FNF:5
FNH:5
FNDA:1,(anonymous_1)
FNDA:8,(anonymous_2)
FNDA:34,(anonymous_3)
FNDA:2,(anonymous_4)
FNDA:2,(anonymous_5)
DA:1,1
DA:2,1
DA:6,1
DA:7,8
DA:8,1
DA:11,7
DA:12,6
DA:13,1
DA:15,5
DA:19,7
DA:22,1
DA:23,34
DA:27,34
DA:28,15
DA:31,19
DA:32,19
DA:34,19
DA:35,7
DA:37,12
DA:38,1
DA:39,2
DA:42,11
DA:43,0
DA:46,11
DA:50,19
DA:53,1
DA:54,2
LF:27
LH:26
BRDA:7,1,0,1
BRDA:7,1,1,7
BRDA:11,2,0,6
BRDA:11,2,1,1
BRDA:12,3,0,1
BRDA:12,3,1,5
BRDA:27,4,0,15
BRDA:27,4,1,19
BRDA:34,5,0,7
BRDA:34,5,1,12
BRDA:37,6,0,1
BRDA:37,6,1,11
BRDA:42,7,0,0
BRDA:42,7,1,11
BRF:14
BRH:13
end_of_record
TN:
SF:/Users/brunoabrantes/Code/bifrost/v1/transformers/pagination_links.js
FN:7,paginationLinksTransformer
FNF:1
FNH:0
FNDA:0,paginationLinksTransformer
DA:1,1
DA:2,1
DA:4,1
DA:5,1
DA:7,1
DA:8,0
DA:14,0
DA:17,1
LF:8
LH:6
BRF:0
BRH:0
end_of_record
TN:
SF:/Users/brunoabrantes/Code/bifrost/lib/plugins/mapper.links.js
FN:1,(anonymous_1)
FN:11,(anonymous_2)
FN:15,(anonymous_3)
FN:25,(anonymous_4)
FN:30,(anonymous_5)
FN:40,(anonymous_6)
FN:45,(anonymous_7)
FN:63,(anonymous_8)
FNF:8
FNH:8
FNDA:1,(anonymous_1)
FNDA:14,(anonymous_2)
FNDA:14,(anonymous_3)
FNDA:14,(anonymous_4)
FNDA:14,(anonymous_5)
FNDA:14,(anonymous_6)
FNDA:14,(anonymous_7)
FNDA:2,(anonymous_8)
DA:1,1
DA:2,1
DA:11,1
DA:12,14
DA:15,1
DA:16,14
DA:18,14
DA:19,10
DA:22,4
DA:25,1
DA:26,14
DA:27,14
DA:30,1
DA:31,14
DA:33,14
DA:34,10
DA:37,4
DA:40,1
DA:41,14
DA:42,14
DA:45,1
DA:46,14
DA:48,14
DA:50,14
DA:58,14
DA:60,14
DA:63,1
DA:64,2
LF:28
LH:28
BRDA:18,1,0,10
BRDA:18,1,1,4
BRDA:18,2,0,14
BRDA:18,2,1,13
BRDA:26,3,0,14
BRDA:26,3,1,9
BRDA:33,4,0,10
BRDA:33,4,1,4
BRDA:33,5,0,14
BRDA:33,5,1,13
BRDA:41,6,0,14
BRDA:41,6,1,12
BRDA:48,7,0,14
BRDA:48,7,1,1
BRF:14
BRH:14
end_of_record
TN:
SF:/Users/brunoabrantes/Code/bifrost/lib/url_from_request.js
FN:4,(anonymous_1)
FN:8,(anonymous_2)
FNF:2
FNH:0
FNDA:0,(anonymous_1)
FNDA:0,(anonymous_2)
DA:1,1
DA:4,1
DA:5,0
DA:8,1
DA:9,0
DA:12,1
LF:6
LH:4
BRF:0
BRH:0
end_of_record
TN:
SF:/Users/brunoabrantes/Code/bifrost/v1/transformers/related_links.js
FN:8,(anonymous_1)
FN:10,applyRelatedLinks
FNF:2
FNH:1
FNDA:4,(anonymous_1)
FNDA:0,applyRelatedLinks
DA:1,1
DA:3,1
DA:5,1
DA:6,1
DA:8,1
DA:10,4
DA:11,0
DA:18,0
DA:22,1
LF:9
LH:7
BRF:0
BRH:0
end_of_record
TN:
SF:/Users/brunoabrantes/Code/bifrost/lib/plugins/mapper.related_links.js
FN:1,(anonymous_1)
FN:16,(anonymous_2)
FN:20,(anonymous_3)
FN:23,(anonymous_4)
FN:31,(anonymous_5)
FN:35,(anonymous_6)
FN:36,(anonymous_7)
FN:47,(anonymous_8)
FN:57,(anonymous_9)
FN:68,(anonymous_10)
FNF:10
FNH:10
FNDA:1,(anonymous_1)
FNDA:9,(anonymous_2)
FNDA:12,(anonymous_3)
FNDA:12,(anonymous_4)
FNDA:8,(anonymous_5)
FNDA:7,(anonymous_6)
FNDA:9,(anonymous_7)
FNDA:8,(anonymous_8)
FNDA:2,(anonymous_9)
FNDA:2,(anonymous_10)
DA:1,1
DA:3,1
DA:10,1
DA:14,1
DA:16,1
DA:17,9
DA:19,9
DA:21,12
DA:24,12
DA:25,1
DA:27,11
DA:31,1
DA:32,8
DA:35,1
DA:36,7
DA:37,9
DA:38,9
DA:39,1
DA:42,8
DA:43,8
DA:47,1
DA:48,8
DA:49,1
DA:52,7
DA:53,1
DA:56,6
DA:57,1
DA:58,2
DA:59,2
DA:62,5
DA:65,6
DA:68,1
DA:69,2
LF:33
LH:33
BRDA:24,1,0,1
BRDA:24,1,1,11
BRDA:38,2,0,1
BRDA:38,2,1,8
BRDA:48,3,0,1
BRDA:48,3,1,7
BRDA:52,4,0,1
BRDA:52,4,1,6
BRDA:56,5,0,1
BRDA:56,5,1,5
BRF:10
BRH:10
end_of_record
TN:
SF:/Users/brunoabrantes/Code/bifrost/lib/middleware/embed_relations.js
FN:1,(anonymous_1)
FN:6,(anonymous_2)
FN:9,(anonymous_3)
FN:22,(anonymous_4)
FN:25,(anonymous_5)
FN:33,(anonymous_6)
FN:35,(anonymous_7)
FN:38,(anonymous_8)
FN:41,(anonymous_9)
FN:48,(anonymous_10)
FN:49,(anonymous_11)
FN:50,(anonymous_12)
FN:62,(anonymous_13)
FN:63,(anonymous_14)
FN:72,(anonymous_15)
FN:75,(anonymous_16)
FN:76,(anonymous_17)
FN:94,(anonymous_18)
FN:96,(anonymous_19)
FN:113,(anonymous_20)
FNF:20
FNH:20
FNDA:1,(anonymous_1)
FNDA:4,(anonymous_2)
FNDA:6,(anonymous_3)
FNDA:4,(anonymous_4)
FNDA:10,(anonymous_5)
FNDA:3,(anonymous_6)
FNDA:3,(anonymous_7)
FNDA:7,(anonymous_8)
FNDA:5,(anonymous_9)
FNDA:5,(anonymous_10)
FNDA:5,(anonymous_11)
FNDA:5,(anonymous_12)
FNDA:3,(anonymous_13)
FNDA:5,(anonymous_14)
FNDA:3,(anonymous_15)
FNDA:7,(anonymous_16)
FNDA:5,(anonymous_17)
FNDA:8,(anonymous_18)
FNDA:4,(anonymous_19)
FNDA:3,(anonymous_20)
DA:1,1
DA:2,1
DA:3,1
DA:4,1
DA:6,1
DA:7,4
DA:10,6
DA:14,4
DA:19,4
DA:22,1
DA:23,4
DA:26,10
DA:30,4
DA:33,1
DA:34,3
DA:36,3
DA:39,7
DA:42,5
DA:49,5
DA:50,5
DA:51,5
DA:52,1
DA:54,4
DA:62,1
DA:63,3
DA:64,5
DA:65,1
DA:68,4
DA:69,4
DA:72,3
DA:73,3
DA:74,3
DA:75,7
DA:77,5
DA:78,5
DA:80,5
DA:81,4
DA:82,4
DA:84,4
DA:87,5
DA:90,3
DA:94,1
DA:96,8
DA:97,4
DA:98,1
DA:101,3
DA:102,3
DA:103,1
DA:104,1
DA:106,2
DA:107,2
DA:110,3
DA:111,3
DA:113,3
DA:114,3
DA:116,3
DA:117,1
DA:119,2
DA:122,3
DA:128,1
LF:60
LH:60
BRDA:26,1,0,10
BRDA:26,1,1,8
BRDA:51,2,0,1
BRDA:51,2,1,4
BRDA:64,3,0,1
BRDA:64,3,1,4
BRDA:80,4,0,4
BRDA:80,4,1,1
BRDA:97,5,0,1
BRDA:97,5,1,3
BRDA:102,6,0,1
BRDA:102,6,1,2
BRDA:116,7,0,1
BRDA:116,7,1,2
BRF:14
BRH:14
end_of_record
TN:
SF:/Users/brunoabrantes/Code/bifrost/v1/services/user/routes.js
FNF:0
FNH:0
DA:1,1
DA:3,1
LF:2
LH:2
BRF:0
BRH:0
end_of_record
TN:
SF:/Users/brunoabrantes/Code/bifrost/v1/services/user/service.js
FN:1,(anonymous_1)
FNF:1
FNH:1
FNDA:1,(anonymous_1)
DA:1,1
DA:2,1
DA:3,1
DA:5,1
LF:4
LH:4
BRF:0
BRH:0
end_of_record
TN:
SF:/Users/brunoabrantes/Code/bifrost/v1/services/event/routes.js
FNF:0
FNH:0
DA:1,1
DA:3,1
LF:2
LH:2
BRF:0
BRH:0
end_of_record
TN:
SF:/Users/brunoabrantes/Code/bifrost/v1/services/event/service.js
FN:1,(anonymous_1)
FN:21,(anonymous_2)
FN:31,(anonymous_3)
FNF:3
FNH:3
FNDA:1,(anonymous_1)
FNDA:3,(anonymous_2)
FNDA:6,(anonymous_3)
DA:1,1
DA:2,1
DA:4,1
DA:5,1
DA:6,1
DA:7,1
DA:8,1
DA:9,1
DA:10,1
DA:11,1
DA:12,1
DA:13,1
DA:15,1
DA:16,1
DA:17,1
DA:18,1
DA:19,1
DA:21,1
DA:22,3
DA:31,1
DA:32,6
DA:39,1
DA:40,1
DA:41,1
DA:43,1
DA:44,1
DA:45,1
DA:46,1
DA:47,1
DA:48,1
DA:50,1
DA:55,1
DA:60,1
LF:33
LH:33
BRF:0
BRH:0
end_of_record
TN:
SF:/Users/brunoabrantes/Code/bifrost/v1/repositories/flyer.js
FN:1,(anonymous_1)
FN:10,(anonymous_2)
FN:18,(anonymous_3)
FN:22,(anonymous_4)
FNF:4
FNH:2
FNDA:1,(anonymous_1)
FNDA:1,(anonymous_2)
FNDA:0,(anonymous_3)
FNDA:0,(anonymous_4)
DA:1,1
DA:2,1
DA:7,1
DA:8,1
DA:10,1
DA:11,1
DA:13,1
DA:17,1
DA:19,0
DA:23,0
DA:24,0
DA:25,0
DA:29,0
DA:33,0
LF:14
LH:8
BRF:0
BRH:0
end_of_record
TN:
SF:/Users/brunoabrantes/Code/bifrost/v1/repositories/invitation.js
FN:1,(anonymous_1)
FN:9,(anonymous_2)
FN:21,(anonymous_3)
FN:24,(anonymous_4)
FNF:4
FNH:2
FNDA:1,(anonymous_1)
FNDA:1,(anonymous_2)
FNDA:0,(anonymous_3)
FNDA:0,(anonymous_4)
DA:1,1
DA:2,1
DA:7,1
DA:9,1
DA:10,1
DA:12,1
DA:16,1
DA:20,1
DA:22,0
DA:25,0
DA:26,0
DA:27,0
DA:31,0
DA:35,0
LF:14
LH:8
BRDA:22,1,0,0
BRDA:22,1,1,0
BRF:2
BRH:0
end_of_record
TN:
SF:/Users/brunoabrantes/Code/bifrost/v1/repositories/rating.js
FN:1,(anonymous_1)
FN:9,(anonymous_2)
FN:17,(anonymous_3)
FN:20,(anonymous_4)
FNF:4
FNH:2
FNDA:1,(anonymous_1)
FNDA:1,(anonymous_2)
FNDA:0,(anonymous_3)
FNDA:0,(anonymous_4)
DA:1,1
DA:2,1
DA:7,1
DA:9,1
DA:10,1
DA:12,1
DA:16,1
DA:18,0
DA:21,0
DA:22,0
DA:23,0
DA:27,0
DA:31,0
LF:13
LH:7
BRDA:18,1,0,0
BRDA:18,1,1,0
BRF:2
BRH:0
end_of_record
TN:
SF:/Users/brunoabrantes/Code/bifrost/v1/repositories/venue.js
FN:1,(anonymous_1)
FN:10,(anonymous_2)
FN:18,(anonymous_3)
FN:21,(anonymous_4)
FNF:4
FNH:2
FNDA:1,(anonymous_1)
FNDA:1,(anonymous_2)
FNDA:0,(anonymous_3)
FNDA:0,(anonymous_4)
DA:1,1
DA:2,1
DA:8,1
DA:10,1
DA:11,1
DA:13,1
DA:17,1
DA:19,0
DA:22,0
DA:23,0
DA:24,0
DA:28,0
DA:30,0
DA:34,0
LF:14
LH:7
BRF:0
BRH:0
end_of_record
TN:
SF:/Users/brunoabrantes/Code/bifrost/v1/models/venue.js
FNF:0
FNH:0
DA:1,1
DA:3,1
DA:23,1
LF:3
LH:3
BRF:0
BRH:0
end_of_record
TN:
SF:/Users/brunoabrantes/Code/bifrost/v1/repositories/ticket.js
FN:1,(anonymous_1)
FN:10,(anonymous_2)
FN:18,(anonymous_3)
FN:23,(anonymous_4)
FNF:4
FNH:2
FNDA:1,(anonymous_1)
FNDA:1,(anonymous_2)
FNDA:0,(anonymous_3)
FNDA:0,(anonymous_4)
DA:1,1
DA:2,1
DA:8,1
DA:10,1
DA:11,1
DA:13,1
DA:17,1
DA:19,0
DA:21,0
DA:24,0
DA:25,0
DA:26,0
DA:30,0
DA:32,0
DA:36,0
LF:15
LH:7
BRDA:19,1,0,0
BRDA:19,1,1,0
BRF:2
BRH:0
end_of_record
TN:
SF:/Users/brunoabrantes/Code/bifrost/v1/models/ticket.js
FNF:0
FNH:0
DA:1,1
DA:3,1
DA:11,1
LF:3
LH:3
BRF:0
BRH:0
end_of_record
TN:
SF:/Users/brunoabrantes/Code/bifrost/v1/services/cities/routes.js
FNF:0
FNH:0
DA:1,1
DA:3,1
LF:2
LH:2
BRF:0
BRH:0
end_of_record
TN:
SF:/Users/brunoabrantes/Code/bifrost/v1/services/cities/service.js
FN:1,(anonymous_1)
FNF:1
FNH:1
FNDA:1,(anonymous_1)
DA:1,1
DA:2,1
DA:3,1
DA:5,1
DA:6,1
DA:8,1
LF:6
LH:6
BRF:0
BRH:0
end_of_record
TN:
SF:/Users/brunoabrantes/Code/bifrost/v1/repositories/city.js
FN:1,(anonymous_1)
FN:11,(anonymous_2)
FN:25,(anonymous_3)
FNF:3
FNH:2
FNDA:1,(anonymous_1)
FNDA:1,(anonymous_2)
FNDA:0,(anonymous_3)
DA:1,1
DA:2,1
DA:9,1
DA:11,1
DA:12,1
DA:14,1
DA:21,1
DA:26,0
DA:30,0
DA:32,0
LF:10
LH:7
BRF:0
BRH:0
end_of_record
TN:
SF:/Users/brunoabrantes/Code/bifrost/v1/models/city.js
FNF:0
FNH:0
DA:1,1
DA:3,1
DA:12,1
LF:3
LH:3
BRF:0
BRH:0
end_of_record
TN:
SF:/Users/brunoabrantes/Code/bifrost/v1/services/error/routes.js
FNF:0
FNH:0
DA:1,1
DA:3,1
LF:2
LH:2
BRF:0
BRH:0
end_of_record
TN:
SF:/Users/brunoabrantes/Code/bifrost/v1/services/error/service.js
FN:1,(anonymous_1)
FN:5,makeError
FN:9,(anonymous_3)
FN:13,(anonymous_4)
FN:17,(anonymous_5)
FN:21,(anonymous_6)
FN:25,(anonymous_7)
FNF:7
FNH:1
FNDA:1,(anonymous_1)
FNDA:0,makeError
FNDA:0,(anonymous_3)
FNDA:0,(anonymous_4)
FNDA:0,(anonymous_5)
FNDA:0,(anonymous_6)
FNDA:0,(anonymous_7)
DA:1,1
DA:2,1
DA:3,1
DA:5,1
DA:6,0
DA:9,1
DA:10,0
DA:13,1
DA:14,0
DA:17,1
DA:18,0
DA:21,1
DA:22,0
DA:25,1
DA:26,0
LF:15
LH:9
BRF:0
BRH:0
end_of_record
TN:
SF:/Users/brunoabrantes/Code/bifrost/lib/dispatcher.js
FN:1,(anonymous_1)
FN:19,(anonymous_2)
FN:20,(anonymous_3)
FN:23,(anonymous_4)
FN:30,(anonymous_5)
FN:34,(anonymous_6)
FN:38,(anonymous_7)
FN:39,(anonymous_8)
FN:55,(anonymous_9)
FN:58,(anonymous_10)
FN:66,(anonymous_11)
FNF:11
FNH:10
FNDA:1,(anonymous_1)
FNDA:1,(anonymous_2)
FNDA:1,(anonymous_3)
FNDA:1,(anonymous_4)
FNDA:23,(anonymous_5)
FNDA:23,(anonymous_6)
FNDA:23,(anonymous_7)
FNDA:29,(anonymous_8)
FNDA:0,(anonymous_9)
FNDA:29,(anonymous_10)
FNDA:1,(anonymous_11)
DA:1,1
DA:2,1
DA:15,1
DA:16,1
DA:17,1
DA:19,1
DA:20,1
DA:21,1
DA:23,1
DA:24,1
DA:25,1
DA:30,1
DA:31,23
DA:34,1
DA:35,23
DA:38,1
DA:39,23
DA:40,29
DA:42,29
DA:43,5
DA:45,24
DA:48,29
DA:54,29
DA:56,0
DA:59,29
DA:60,29
DA:66,1
DA:67,1
DA:69,1
DA:70,1
DA:72,1
DA:73,1
DA:74,1
DA:76,1
DA:78,1
DA:79,22
DA:82,1
DA:84,1
LF:38
LH:37
BRDA:42,1,0,5
BRDA:42,1,1,24
BRF:2
BRH:2
end_of_record
TN:
SF:/Users/brunoabrantes/Code/bifrost/lib/matcher.js
FN:1,(anonymous_1)
FN:5,(anonymous_2)
FN:11,(anonymous_3)
FN:17,(anonymous_4)
FN:22,(anonymous_5)
FNF:5
FNH:5
FNDA:1,(anonymous_1)
FNDA:39,(anonymous_2)
FNDA:35,(anonymous_3)
FNDA:62,(anonymous_4)
FNDA:40,(anonymous_5)
DA:1,1
DA:2,1
DA:5,1
DA:6,39
DA:11,39
DA:12,35
DA:15,35
DA:18,62
DA:22,35
DA:23,40
DA:26,35
DA:27,13
DA:30,22
DA:32,22
DA:37,22
DA:38,11
DA:39,11
DA:43,39
LF:18
LH:18
BRDA:26,1,0,13
BRDA:26,1,1,22
BRDA:26,2,0,35
BRDA:26,2,1,24
BRDA:37,3,0,11
BRDA:37,3,1,11
BRF:6
BRH:6
end_of_record
TN:
SF:/Users/brunoabrantes/Code/bifrost/lib/route_parser.js
FN:1,(anonymous_1)
FN:5,(anonymous_2)
FN:8,(anonymous_3)
FN:14,(anonymous_4)
FN:18,(anonymous_5)
FN:22,(anonymous_6)
FNF:6
FNH:6
FNDA:1,(anonymous_1)
FNDA:2,(anonymous_2)
FNDA:30,(anonymous_3)
FNDA:25,(anonymous_4)
FNDA:584,(anonymous_5)
FNDA:30,(anonymous_6)
DA:1,1
DA:2,1
DA:3,1
DA:5,1
DA:6,2
DA:9,30
DA:14,2
DA:15,25
DA:16,25
DA:19,584
DA:20,584
DA:23,30
DA:25,30
DA:26,6
DA:28,6
DA:30,24
DA:36,25
LF:17
LH:17
BRDA:25,1,0,6
BRDA:25,1,1,24
BRF:2
BRH:2
end_of_record
TN:
SF:/Users/brunoabrantes/Code/bifrost/lib/middleware/logger.js
FN:13,(anonymous_1)
FNF:1
FNH:0
FNDA:0,(anonymous_1)
DA:1,1
DA:2,1
DA:3,1
DA:5,1
DA:7,1
DA:10,1
DA:13,1
DA:14,0
DA:17,1
LF:9
LH:8
BRDA:5,1,0,1
BRDA:17,2,0,1
BRDA:17,2,1,0
BRF:3
BRH:2
end_of_record
TN:
SF:/Users/brunoabrantes/Code/bifrost/spec/integration/v1/cities_spec.js
FN:1,(anonymous_1)
FN:11,(anonymous_2)
FNF:2
FNH:2
FNDA:1,(anonymous_1)
FNDA:1,(anonymous_2)
DA:1,1
DA:2,1
DA:3,1
DA:4,1
DA:5,1
DA:6,1
DA:8,1
DA:9,1
DA:11,1
DA:12,1
DA:16,1
LF:11
LH:11
BRF:0
BRH:0
end_of_record
TN:
SF:/Users/brunoabrantes/Code/bifrost/spec/integration/v1/errors_spec.js
FN:1,(anonymous_1)
FN:7,(anonymous_2)
FN:15,(anonymous_3)
FN:23,(anonymous_4)
FN:31,(anonymous_5)
FN:39,(anonymous_6)
FN:47,(anonymous_7)
FNF:7
FNH:7
FNDA:1,(anonymous_1)
FNDA:1,(anonymous_2)
FNDA:1,(anonymous_3)
FNDA:1,(anonymous_4)
FNDA:1,(anonymous_5)
FNDA:1,(anonymous_6)
FNDA:1,(anonymous_7)
DA:1,1
DA:2,1
DA:3,1
DA:5,1
DA:7,1
DA:8,1
DA:15,1
DA:16,1
DA:23,1
DA:24,1
DA:31,1
DA:32,1
DA:39,1
DA:40,1
DA:47,1
DA:48,1
LF:16
LH:16
BRF:0
BRH:0
end_of_record
TN:
SF:/Users/brunoabrantes/Code/bifrost/spec/integration/v1/events_spec.js
FN:1,(anonymous_1)
FN:8,(anonymous_2)
FN:12,(anonymous_3)
FN:25,(anonymous_4)
FN:29,(anonymous_5)
FN:42,(anonymous_6)
FN:46,(anonymous_7)
FN:59,(anonymous_8)
FN:63,(anonymous_9)
FN:75,(anonymous_10)
FN:91,(anonymous_11)
FN:95,(anonymous_12)
FN:108,(anonymous_13)
FN:112,(anonymous_14)
FN:124,(anonymous_15)
FN:140,(anonymous_16)
FN:144,(anonymous_17)
FN:157,(anonymous_18)
FN:161,(anonymous_19)
FN:174,(anonymous_20)
FN:178,(anonymous_21)
FN:191,(anonymous_22)
FN:195,(anonymous_23)
FNF:23
FNH:23
FNDA:1,(anonymous_1)
FNDA:1,(anonymous_2)
FNDA:1,(anonymous_3)
FNDA:1,(anonymous_4)
FNDA:1,(anonymous_5)
FNDA:1,(anonymous_6)
FNDA:1,(anonymous_7)
FNDA:1,(anonymous_8)
FNDA:1,(anonymous_9)
FNDA:1,(anonymous_10)
FNDA:1,(anonymous_11)
FNDA:1,(anonymous_12)
FNDA:1,(anonymous_13)
FNDA:1,(anonymous_14)
FNDA:1,(anonymous_15)
FNDA:1,(anonymous_16)
FNDA:1,(anonymous_17)
FNDA:1,(anonymous_18)
FNDA:1,(anonymous_19)
FNDA:1,(anonymous_20)
FNDA:1,(anonymous_21)
FNDA:1,(anonymous_22)
FNDA:1,(anonymous_23)
DA:1,1
DA:2,1
DA:3,1
DA:4,1
DA:5,1
DA:6,1
DA:8,1
DA:9,1
DA:10,1
DA:12,1
DA:13,1
DA:17,1
DA:25,1
DA:26,1
DA:27,1
DA:29,1
DA:30,1
DA:34,1
DA:42,1
DA:43,1
DA:44,1
DA:46,1
DA:47,1
DA:51,1
DA:59,1
DA:60,1
DA:61,1
DA:63,1
DA:64,1
DA:68,1
DA:75,1
DA:76,1
DA:77,1
DA:79,1
DA:83,1
DA:91,1
DA:92,1
DA:93,1
DA:95,1
DA:96,1
DA:100,1
DA:108,1
DA:109,1
DA:110,1
DA:112,1
DA:113,1
DA:117,1
DA:124,1
DA:125,1
DA:126,1
DA:128,1
DA:132,1
DA:140,1
DA:141,1
DA:142,1
DA:144,1
DA:145,1
DA:149,1
DA:157,1
DA:158,1
DA:159,1
DA:161,1
DA:162,1
DA:166,1
DA:174,1
DA:175,1
DA:176,1
DA:178,1
DA:179,1
DA:183,1
DA:191,1
DA:192,1
DA:193,1
DA:195,1
DA:196,1
DA:200,1
LF:76
LH:76
BRF:0
BRH:0
end_of_record
TN:
SF:/Users/brunoabrantes/Code/bifrost/spec/integration/v1/me_spec.js
FN:1,(anonymous_1)
FN:7,(anonymous_2)
FNF:2
FNH:2
FNDA:1,(anonymous_1)
FNDA:1,(anonymous_2)
DA:1,1
DA:2,1
DA:3,1
DA:4,1
DA:5,1
DA:7,1
DA:8,1
DA:12,1
LF:8
LH:8
BRF:0
BRH:0
end_of_record
TN:
SF:/Users/brunoabrantes/Code/bifrost/spec/integration/v1/parameters_spec.js
FN:1,(anonymous_1)
FN:38,(anonymous_2)
FN:39,(anonymous_3)
FN:51,(anonymous_4)
FN:63,(anonymous_5)
FN:74,(anonymous_6)
FNF:6
FNH:6
FNDA:1,(anonymous_1)
FNDA:1,(anonymous_2)
FNDA:1,(anonymous_3)
FNDA:1,(anonymous_4)
FNDA:1,(anonymous_5)
FNDA:1,(anonymous_6)
DA:1,1
DA:2,1
DA:3,1
DA:4,1
DA:5,1
DA:6,1
DA:7,1
DA:8,1
DA:9,1
DA:10,1
DA:11,1
DA:38,1
DA:39,1
DA:40,1
DA:44,1
DA:51,1
DA:52,1
DA:56,1
DA:63,1
DA:64,1
DA:68,1
DA:74,1
DA:75,1
DA:79,1
LF:24
LH:24
BRF:0
BRH:0
end_of_record
TN:
SF:/Users/brunoabrantes/Code/bifrost/spec/lib/dispatcher_spec.js
FN:1,(anonymous_1)
FN:4,(anonymous_2)
FN:5,(anonymous_3)
FN:11,(anonymous_4)
FN:12,(anonymous_5)
FN:18,(anonymous_6)
FN:19,(anonymous_7)
FNF:7
FNH:7
FNDA:1,(anonymous_1)
FNDA:1,(anonymous_2)
FNDA:1,(anonymous_3)
FNDA:1,(anonymous_4)
FNDA:1,(anonymous_5)
FNDA:1,(anonymous_6)
FNDA:1,(anonymous_7)
DA:1,1
DA:2,1
DA:4,1
DA:5,1
DA:6,1
DA:7,1
DA:11,1
DA:12,1
DA:13,1
DA:14,1
DA:18,1
DA:19,1
DA:20,1
DA:21,1
LF:14
LH:14
BRF:0
BRH:0
end_of_record
TN:
SF:/Users/brunoabrantes/Code/bifrost/spec/lib/http_client_spec.js
FN:1,(anonymous_1)
FN:10,(anonymous_2)
FN:11,(anonymous_3)
FN:19,(anonymous_4)
FN:25,(anonymous_5)
FN:33,(anonymous_6)
FN:39,(anonymous_7)
FN:43,(anonymous_8)
FN:50,(anonymous_9)
FN:51,(anonymous_10)
FN:62,(anonymous_11)
FN:73,(anonymous_12)
FN:84,(anonymous_13)
FN:96,(anonymous_14)
FN:97,(anonymous_15)
FN:105,(anonymous_16)
FN:115,(anonymous_17)
FNF:17
FNH:17
FNDA:1,(anonymous_1)
FNDA:1,(anonymous_2)
FNDA:1,(anonymous_3)
FNDA:1,(anonymous_4)
FNDA:1,(anonymous_5)
FNDA:1,(anonymous_6)
FNDA:1,(anonymous_7)
FNDA:1,(anonymous_8)
FNDA:1,(anonymous_9)
FNDA:1,(anonymous_10)
FNDA:1,(anonymous_11)
FNDA:1,(anonymous_12)
FNDA:1,(anonymous_13)
FNDA:1,(anonymous_14)
FNDA:1,(anonymous_15)
FNDA:1,(anonymous_16)
FNDA:1,(anonymous_17)
DA:1,1
DA:2,1
DA:6,1
DA:7,1
DA:8,1
DA:10,1
DA:11,1
DA:12,1
DA:14,1
DA:18,1
DA:20,1
DA:21,1
DA:25,1
DA:26,1
DA:28,1
DA:32,1
DA:34,1
DA:35,1
DA:39,1
DA:40,1
DA:42,1
DA:44,1
DA:45,1
DA:50,1
DA:51,1
DA:52,1
DA:53,1
DA:57,1
DA:59,1
DA:62,1
DA:63,1
DA:64,1
DA:68,1
DA:70,1
DA:73,1
DA:74,1
DA:75,1
DA:79,1
DA:81,1
DA:84,1
DA:85,1
DA:86,1
DA:90,1
DA:92,1
DA:96,1
DA:97,1
DA:98,1
DA:99,1
DA:100,1
DA:102,1
DA:105,1
DA:106,1
DA:107,1
DA:108,1
DA:110,1
DA:115,1
DA:116,1
DA:122,1
DA:123,1
DA:124,1
DA:126,1
LF:61
LH:61
BRF:0
BRH:0
end_of_record
TN:
SF:/Users/brunoabrantes/Code/bifrost/spec/lib/mapper_spec.js
FN:1,(anonymous_1)
FN:4,(anonymous_2)
FN:5,(anonymous_3)
FN:12,(anonymous_4)
FN:13,(anonymous_5)
FN:20,(anonymous_6)
FN:25,(anonymous_7)
FN:35,(anonymous_8)
FN:36,(anonymous_9)
FN:41,(anonymous_10)
FN:55,(anonymous_11)
FN:60,(anonymous_12)
FN:65,(anonymous_13)
FN:69,(anonymous_14)
FN:86,(anonymous_15)
FN:87,(anonymous_16)
FN:88,(anonymous_17)
FN:94,(anonymous_18)
FN:101,(anonymous_19)
FN:102,(anonymous_20)
FN:119,(anonymous_21)
FN:136,(anonymous_22)
FN:151,(anonymous_23)
FN:169,(anonymous_24)
FN:170,(anonymous_25)
FN:191,(anonymous_26)
FN:212,(anonymous_27)
FN:233,(anonymous_28)
FNF:28
FNH:27
FNDA:1,(anonymous_1)
FNDA:1,(anonymous_2)
FNDA:1,(anonymous_3)
FNDA:1,(anonymous_4)
FNDA:1,(anonymous_5)
FNDA:1,(anonymous_6)
FNDA:1,(anonymous_7)
FNDA:1,(anonymous_8)
FNDA:1,(anonymous_9)
FNDA:1,(anonymous_10)
FNDA:1,(anonymous_11)
FNDA:1,(anonymous_12)
FNDA:1,(anonymous_13)
FNDA:0,(anonymous_14)
FNDA:1,(anonymous_15)
FNDA:1,(anonymous_16)
FNDA:1,(anonymous_17)
FNDA:1,(anonymous_18)
FNDA:1,(anonymous_19)
FNDA:1,(anonymous_20)
FNDA:1,(anonymous_21)
FNDA:1,(anonymous_22)
FNDA:1,(anonymous_23)
FNDA:1,(anonymous_24)
FNDA:1,(anonymous_25)
FNDA:1,(anonymous_26)
FNDA:1,(anonymous_27)
FNDA:1,(anonymous_28)
DA:1,1
DA:2,1
DA:4,1
DA:5,1
DA:6,1
DA:8,1
DA:12,1
DA:13,1
DA:14,1
DA:17,1
DA:20,1
DA:21,1
DA:25,1
DA:26,1
DA:27,1
DA:30,1
DA:32,1
DA:35,1
DA:36,1
DA:37,1
DA:41,1
DA:42,1
DA:43,1
DA:46,1
DA:50,1
DA:55,1
DA:56,1
DA:60,1
DA:61,1
DA:62,1
DA:65,1
DA:66,1
DA:69,1
DA:70,0
DA:71,0
DA:74,1
DA:80,1
DA:86,1
DA:87,1
DA:88,1
DA:89,1
DA:92,1
DA:95,1
DA:96,1
DA:101,1
DA:102,1
DA:103,1
DA:114,1
DA:116,1
DA:119,1
DA:120,1
DA:131,1
DA:133,1
DA:136,1
DA:137,1
DA:146,1
DA:148,1
DA:151,1
DA:152,1
DA:163,1
DA:165,1
DA:169,1
DA:170,1
DA:171,1
DA:186,1
DA:188,1
DA:191,1
DA:192,1
DA:207,1
DA:209,1
DA:212,1
DA:213,1
DA:228,1
DA:230,1
DA:233,1
DA:234,1
DA:245,1
DA:247,1
LF:78
LH:76
BRF:0
BRH:0
end_of_record
TN:
SF:/Users/brunoabrantes/Code/bifrost/spec/lib/matcher_spec.js
FN:1,(anonymous_1)
FN:4,(anonymous_2)
FN:12,(anonymous_3)
FN:20,(anonymous_4)
FN:28,(anonymous_5)
FN:36,(anonymous_6)
FN:44,(anonymous_7)
FN:52,(anonymous_8)
FN:60,(anonymous_9)
FN:68,(anonymous_10)
FN:76,(anonymous_11)
FNF:11
FNH:11
FNDA:1,(anonymous_1)
FNDA:1,(anonymous_2)
FNDA:1,(anonymous_3)
FNDA:1,(anonymous_4)
FNDA:1,(anonymous_5)
FNDA:1,(anonymous_6)
FNDA:1,(anonymous_7)
FNDA:1,(anonymous_8)
FNDA:1,(anonymous_9)
FNDA:1,(anonymous_10)
FNDA:1,(anonymous_11)
DA:1,1
DA:2,1
DA:4,1
DA:5,1
DA:6,1
DA:7,1
DA:9,1
DA:12,1
DA:13,1
DA:14,1
DA:15,1
DA:17,1
DA:20,1
DA:21,1
DA:22,1
DA:23,1
DA:25,1
DA:28,1
DA:29,1
DA:30,1
DA:31,1
DA:33,1
DA:36,1
DA:37,1
DA:38,1
DA:39,1
DA:41,1
DA:44,1
DA:45,1
DA:46,1
DA:47,1
DA:49,1
DA:52,1
DA:53,1
DA:54,1
DA:55,1
DA:57,1
DA:60,1
DA:61,1
DA:62,1
DA:63,1
DA:65,1
DA:68,1
DA:69,1
DA:70,1
DA:71,1
DA:73,1
DA:76,1
DA:77,1
DA:78,1
DA:79,1
DA:81,1
LF:52
LH:52
BRF:0
BRH:0
end_of_record
TN:
SF:/Users/brunoabrantes/Code/bifrost/spec/lib/middleware/embed_relations_spec.js
FN:1,(anonymous_1)
FN:16,(anonymous_2)
FN:23,(anonymous_3)
FN:49,(anonymous_4)
FN:56,(anonymous_5)
FN:82,(anonymous_6)
FN:87,(anonymous_7)
FN:110,(anonymous_8)
FN:112,(anonymous_9)
FNF:9
FNH:9
FNDA:1,(anonymous_1)
FNDA:1,(anonymous_2)
FNDA:1,(anonymous_3)
FNDA:1,(anonymous_4)
FNDA:1,(anonymous_5)
FNDA:1,(anonymous_6)
FNDA:1,(anonymous_7)
FNDA:1,(anonymous_8)
FNDA:1,(anonymous_9)
DA:1,1
DA:3,1
DA:4,1
DA:5,1
DA:7,1
DA:16,1
DA:18,1
DA:22,1
DA:24,1
DA:40,1
DA:46,1
DA:49,1
DA:51,1
DA:55,1
DA:57,1
DA:73,1
DA:79,1
DA:82,1
DA:83,1
DA:86,1
DA:88,1
DA:96,1
DA:107,1
DA:110,1
DA:111,1
DA:113,1
DA:121,1
DA:132,1
LF:28
LH:28
BRF:0
BRH:0
end_of_record
TN:
SF:/Users/brunoabrantes/Code/bifrost/spec/lib/model_spec.js
FN:1,(anonymous_1)
FN:4,(anonymous_2)
FN:5,(anonymous_3)
FN:7,(anonymous_4)
FN:12,(anonymous_5)
FN:14,(anonymous_6)
FN:19,(anonymous_7)
FN:34,(anonymous_8)
FN:36,(anonymous_9)
FN:50,(anonymous_10)
FN:66,(anonymous_11)
FN:68,(anonymous_12)
FN:80,(anonymous_13)
FN:82,(anonymous_14)
FN:94,(anonymous_15)
FN:113,(anonymous_16)
FN:115,(anonymous_17)
FN:131,(anonymous_18)
FN:133,(anonymous_19)
FN:150,(anonymous_20)
FN:152,(anonymous_21)
FNF:21
FNH:18
FNDA:1,(anonymous_1)
FNDA:1,(anonymous_2)
FNDA:1,(anonymous_3)
FNDA:1,(anonymous_4)
FNDA:1,(anonymous_5)
FNDA:1,(anonymous_6)
FNDA:1,(anonymous_7)
FNDA:1,(anonymous_8)
FNDA:1,(anonymous_9)
FNDA:1,(anonymous_10)
FNDA:1,(anonymous_11)
FNDA:0,(anonymous_12)
FNDA:1,(anonymous_13)
FNDA:0,(anonymous_14)
FNDA:1,(anonymous_15)
FNDA:1,(anonymous_16)
FNDA:1,(anonymous_17)
FNDA:1,(anonymous_18)
FNDA:2,(anonymous_19)
FNDA:1,(anonymous_20)
FNDA:0,(anonymous_21)
DA:1,1
DA:2,1
DA:4,1
DA:5,1
DA:6,1
DA:7,1
DA:8,1
DA:12,1
DA:13,1
DA:14,1
DA:15,1
DA:19,1
DA:20,1
DA:23,1
DA:25,1
DA:29,1
DA:31,1
DA:34,1
DA:35,1
DA:37,1
DA:41,1
DA:45,1
DA:47,1
DA:50,1
DA:51,1
DA:55,1
DA:57,1
DA:61,1
DA:63,1
DA:66,1
DA:67,1
DA:68,0
DA:71,1
DA:75,1
DA:77,1
DA:80,1
DA:81,1
DA:82,0
DA:85,1
DA:89,1
DA:91,1
DA:94,1
DA:95,1
DA:98,1
DA:100,1
DA:104,1
DA:109,1
DA:110,1
DA:113,1
DA:114,1
DA:116,1
DA:120,1
DA:124,1
DA:128,1
DA:131,1
DA:132,1
DA:134,2
DA:138,1
DA:142,1
DA:147,1
DA:150,1
DA:151,1
DA:153,0
DA:157,1
DA:161,1
DA:163,1
LF:66
LH:63
BRF:0
BRH:0
end_of_record
TN:
SF:/Users/brunoabrantes/Code/bifrost/spec/lib/plugins/mapper.camel_case_spec.js
FN:1,(anonymous_1)
FN:6,(anonymous_2)
FN:44,(anonymous_3)
FNF:3
FNH:3
FNDA:1,(anonymous_1)
FNDA:1,(anonymous_2)
FNDA:1,(anonymous_3)
DA:1,1
DA:2,1
DA:3,1
DA:4,1
DA:6,1
DA:7,1
DA:40,1
DA:41,1
DA:44,1
DA:45,1
DA:142,1
DA:143,1
LF:12
LH:12
BRF:0
BRH:0
end_of_record
TN:
SF:/Users/brunoabrantes/Code/bifrost/spec/lib/plugins/mapper.flyer_serializer_spec.js
FN:1,(anonymous_1)
FN:7,(anonymous_2)
FN:8,(anonymous_3)
FN:9,(anonymous_4)
FN:34,(anonymous_5)
FN:35,(anonymous_6)
FN:36,(anonymous_7)
FN:60,(anonymous_8)
FN:101,(anonymous_9)
FN:102,(anonymous_10)
FN:146,(anonymous_11)
FNF:11
FNH:11
FNDA:1,(anonymous_1)
FNDA:1,(anonymous_2)
FNDA:1,(anonymous_3)
FNDA:1,(anonymous_4)
FNDA:1,(anonymous_5)
FNDA:1,(anonymous_6)
FNDA:1,(anonymous_7)
FNDA:1,(anonymous_8)
FNDA:1,(anonymous_9)
FNDA:1,(anonymous_10)
FNDA:1,(anonymous_11)
DA:1,1
DA:3,1
DA:4,1
DA:5,1
DA:7,1
DA:8,1
DA:9,1
DA:10,1
DA:18,1
DA:34,1
DA:35,1
DA:36,1
DA:37,1
DA:46,1
DA:60,1
DA:61,1
DA:76,1
DA:101,1
DA:102,1
DA:103,1
DA:120,1
DA:146,1
DA:147,1
DA:160,1
LF:24
LH:24
BRF:0
BRH:0
end_of_record
TN:
SF:/Users/brunoabrantes/Code/bifrost/spec/lib/plugins/mapper.links_spec.js
FN:1,(anonymous_1)
FN:6,(anonymous_2)
FN:16,(anonymous_3)
FN:23,(anonymous_4)
FN:30,(anonymous_5)
FN:31,(anonymous_6)
FN:39,(anonymous_7)
FN:40,(anonymous_8)
FN:49,(anonymous_9)
FN:58,(anonymous_10)
FN:67,(anonymous_11)
FN:68,(anonymous_12)
FN:77,(anonymous_13)
FN:85,(anonymous_14)
FN:86,(anonymous_15)
FN:95,(anonymous_16)
FN:105,(anonymous_17)
FN:113,(anonymous_18)
FN:114,(anonymous_19)
FN:123,(anonymous_20)
FNF:20
FNH:20
FNDA:1,(anonymous_1)
FNDA:1,(anonymous_2)
FNDA:1,(anonymous_3)
FNDA:1,(anonymous_4)
FNDA:1,(anonymous_5)
FNDA:1,(anonymous_6)
FNDA:1,(anonymous_7)
FNDA:1,(anonymous_8)
FNDA:1,(anonymous_9)
FNDA:1,(anonymous_10)
FNDA:1,(anonymous_11)
FNDA:1,(anonymous_12)
FNDA:1,(anonymous_13)
FNDA:1,(anonymous_14)
FNDA:1,(anonymous_15)
FNDA:1,(anonymous_16)
FNDA:1,(anonymous_17)
FNDA:1,(anonymous_18)
FNDA:1,(anonymous_19)
FNDA:1,(anonymous_20)
DA:1,1
DA:2,1
DA:3,1
DA:4,1
DA:6,1
DA:7,1
DA:11,1
DA:13,1
DA:16,1
DA:17,1
DA:18,1
DA:20,1
DA:23,1
DA:24,1
DA:25,1
DA:27,1
DA:30,1
DA:31,1
DA:32,1
DA:33,1
DA:35,1
DA:39,1
DA:40,1
DA:41,1
DA:42,1
DA:46,1
DA:49,1
DA:50,1
DA:51,1
DA:55,1
DA:58,1
DA:59,1
DA:60,1
DA:63,1
DA:67,1
DA:68,1
DA:69,1
DA:70,1
DA:74,1
DA:77,1
DA:78,1
DA:79,1
DA:81,1
DA:85,1
DA:86,1
DA:87,1
DA:88,1
DA:92,1
DA:95,1
DA:96,1
DA:97,1
DA:102,1
DA:105,1
DA:106,1
DA:107,1
DA:109,1
DA:113,1
DA:114,1
DA:115,1
DA:116,1
DA:120,1
DA:123,1
DA:124,1
DA:125,1
DA:127,1
LF:65
LH:65
BRF:0
BRH:0
end_of_record
TN:
SF:/Users/brunoabrantes/Code/bifrost/spec/lib/plugins/mapper.partial_response_spec.js
FN:1,(anonymous_1)
FN:5,(anonymous_2)
FN:10,(anonymous_3)
FN:16,(anonymous_4)
FN:26,(anonymous_5)
FN:36,(anonymous_6)
FN:46,(anonymous_7)
FN:67,(anonymous_8)
FN:93,(anonymous_9)
FN:122,(anonymous_10)
FNF:10
FNH:10
FNDA:1,(anonymous_1)
FNDA:1,(anonymous_2)
FNDA:1,(anonymous_3)
FNDA:1,(anonymous_4)
FNDA:1,(anonymous_5)
FNDA:1,(anonymous_6)
FNDA:1,(anonymous_7)
FNDA:1,(anonymous_8)
FNDA:1,(anonymous_9)
FNDA:1,(anonymous_10)
DA:1,1
DA:2,1
DA:3,1
DA:5,1
DA:6,1
DA:8,1
DA:11,1
DA:12,1
DA:16,1
DA:17,1
DA:19,1
DA:23,1
DA:26,1
DA:27,1
DA:29,1
DA:33,1
DA:36,1
DA:37,1
DA:39,1
DA:43,1
DA:46,1
DA:47,1
DA:56,1
DA:60,1
DA:67,1
DA:68,1
DA:80,1
DA:84,1
DA:93,1
DA:94,1
DA:106,1
DA:110,1
DA:122,1
DA:123,1
DA:130,1
DA:134,1
LF:36
LH:36
BRF:0
BRH:0
end_of_record
TN:
SF:/Users/brunoabrantes/Code/bifrost/spec/lib/plugins/mapper.related_links_spec.js
FN:1,(anonymous_1)
FN:9,(anonymous_2)
FN:22,(anonymous_3)
FN:37,(anonymous_4)
FN:55,(anonymous_5)
FN:68,(anonymous_6)
FN:80,(anonymous_7)
FN:103,(anonymous_8)
FN:109,(anonymous_9)
FNF:9
FNH:9
FNDA:1,(anonymous_1)
FNDA:1,(anonymous_2)
FNDA:1,(anonymous_3)
FNDA:1,(anonymous_4)
FNDA:1,(anonymous_5)
FNDA:1,(anonymous_6)
FNDA:1,(anonymous_7)
FNDA:1,(anonymous_8)
FNDA:1,(anonymous_9)
DA:1,1
DA:2,1
DA:3,1
DA:5,1
DA:6,1
DA:7,1
DA:9,1
DA:10,1
DA:15,1
DA:17,1
DA:22,1
DA:23,1
DA:29,1
DA:31,1
DA:37,1
DA:38,1
DA:43,1
DA:50,1
DA:55,1
DA:56,1
DA:61,1
DA:63,1
DA:68,1
DA:69,1
DA:75,1
DA:77,1
DA:80,1
DA:81,1
DA:86,1
DA:93,1
DA:103,1
DA:104,1
DA:106,1
DA:109,1
DA:110,1
DA:112,1
LF:36
LH:36
BRF:0
BRH:0
end_of_record
TN:
SF:/Users/brunoabrantes/Code/bifrost/spec/lib/postgres_client_spec.js
FN:1,(anonymous_1)
FN:5,(anonymous_2)
FN:9,(anonymous_3)
FN:10,(anonymous_4)
FN:15,(anonymous_5)
FN:22,(anonymous_6)
FN:23,(anonymous_7)
FN:28,(anonymous_8)
FNF:8
FNH:8
FNDA:1,(anonymous_1)
FNDA:1,(anonymous_2)
FNDA:1,(anonymous_3)
FNDA:1,(anonymous_4)
FNDA:1,(anonymous_5)
FNDA:1,(anonymous_6)
FNDA:1,(anonymous_7)
FNDA:1,(anonymous_8)
DA:1,1
DA:2,1
DA:3,1
DA:5,1
DA:6,1
DA:9,1
DA:10,1
DA:11,1
DA:14,1
DA:16,1
DA:17,1
DA:18,1
DA:22,1
DA:23,1
DA:24,1
DA:27,1
DA:29,1
DA:30,1
LF:18
LH:18
BRF:0
BRH:0
end_of_record
TN:
SF:/Users/brunoabrantes/Code/bifrost/spec/lib/route_parser_spec.js
FN:1,(anonymous_1)
FN:4,(anonymous_2)
FNF:2
FNH:2
FNDA:1,(anonymous_1)
FNDA:1,(anonymous_2)
DA:1,1
DA:2,1
DA:4,1
DA:5,1
DA:6,1
DA:13,1
DA:21,1
LF:7
LH:7
BRF:0
BRH:0
end_of_record
TN:
SF:/Users/brunoabrantes/Code/bifrost/spec/lib/strategies/boolean_spec.js
FN:1,(anonymous_1)
FN:4,(anonymous_2)
FN:6,(anonymous_3)
FN:11,(anonymous_4)
FN:13,(anonymous_5)
FN:18,(anonymous_6)
FN:20,(anonymous_7)
FN:25,(anonymous_8)
FN:27,(anonymous_9)
FN:32,(anonymous_10)
FN:34,(anonymous_11)
FN:39,(anonymous_12)
FN:44,(anonymous_13)
FN:49,(anonymous_14)
FN:54,(anonymous_15)
FN:59,(anonymous_16)
FN:64,(anonymous_17)
FN:69,(anonymous_18)
FN:71,(anonymous_19)
FNF:19
FNH:19
FNDA:1,(anonymous_1)
FNDA:1,(anonymous_2)
FNDA:1,(anonymous_3)
FNDA:1,(anonymous_4)
FNDA:1,(anonymous_5)
FNDA:1,(anonymous_6)
FNDA:1,(anonymous_7)
FNDA:1,(anonymous_8)
FNDA:1,(anonymous_9)
FNDA:1,(anonymous_10)
FNDA:1,(anonymous_11)
FNDA:1,(anonymous_12)
FNDA:1,(anonymous_13)
FNDA:1,(anonymous_14)
FNDA:1,(anonymous_15)
FNDA:1,(anonymous_16)
FNDA:1,(anonymous_17)
FNDA:1,(anonymous_18)
FNDA:1,(anonymous_19)
DA:1,1
DA:2,1
DA:4,1
DA:5,1
DA:6,1
DA:7,1
DA:11,1
DA:12,1
DA:13,1
DA:14,1
DA:18,1
DA:19,1
DA:20,1
DA:21,1
DA:25,1
DA:26,1
DA:27,1
DA:28,1
DA:32,1
DA:33,1
DA:34,1
DA:35,1
DA:39,1
DA:40,1
DA:41,1
DA:44,1
DA:45,1
DA:46,1
DA:49,1
DA:50,1
DA:51,1
DA:54,1
DA:55,1
DA:56,1
DA:59,1
DA:60,1
DA:61,1
DA:64,1
DA:65,1
DA:66,1
DA:69,1
DA:70,1
DA:71,1
DA:72,1
LF:44
LH:44
BRF:0
BRH:0
end_of_record
TN:
SF:/Users/brunoabrantes/Code/bifrost/spec/lib/strategies/date_spec.js
FN:1,(anonymous_1)
FN:5,(anonymous_2)
FN:7,(anonymous_3)
FN:12,(anonymous_4)
FN:14,(anonymous_5)
FN:19,(anonymous_6)
FN:21,(anonymous_7)
FN:26,(anonymous_8)
FN:28,(anonymous_9)
FN:33,(anonymous_10)
FN:35,(anonymous_11)
FN:40,(anonymous_12)
FN:42,(anonymous_13)
FN:47,(anonymous_14)
FN:52,(anonymous_15)
FN:57,(anonymous_16)
FN:69,(anonymous_17)
FN:75,(anonymous_18)
FN:86,(anonymous_19)
FN:99,(anonymous_20)
FN:107,(anonymous_21)
FNF:21
FNH:21
FNDA:1,(anonymous_1)
FNDA:1,(anonymous_2)
FNDA:1,(anonymous_3)
FNDA:1,(anonymous_4)
FNDA:1,(anonymous_5)
FNDA:1,(anonymous_6)
FNDA:1,(anonymous_7)
FNDA:1,(anonymous_8)
FNDA:1,(anonymous_9)
FNDA:1,(anonymous_10)
FNDA:1,(anonymous_11)
FNDA:1,(anonymous_12)
FNDA:1,(anonymous_13)
FNDA:1,(anonymous_14)
FNDA:1,(anonymous_15)
FNDA:1,(anonymous_16)
FNDA:1,(anonymous_17)
FNDA:1,(anonymous_18)
FNDA:1,(anonymous_19)
FNDA:1,(anonymous_20)
FNDA:1,(anonymous_21)
DA:1,1
DA:2,1
DA:5,1
DA:6,1
DA:7,1
DA:8,1
DA:12,1
DA:13,1
DA:14,1
DA:15,1
DA:19,1
DA:20,1
DA:21,1
DA:22,1
DA:26,1
DA:27,1
DA:28,1
DA:29,1
DA:33,1
DA:34,1
DA:35,1
DA:36,1
DA:40,1
DA:41,1
DA:42,1
DA:43,1
DA:47,1
DA:48,1
DA:49,1
DA:52,1
DA:53,1
DA:54,1
DA:57,1
DA:58,1
DA:61,1
DA:63,1
DA:65,1
DA:66,1
DA:69,1
DA:70,1
DA:71,1
DA:72,1
DA:75,1
DA:76,1
DA:78,1
DA:80,1
DA:82,1
DA:83,1
DA:86,1
DA:87,1
DA:91,1
DA:93,1
DA:95,1
DA:96,1
DA:99,1
DA:100,1
DA:104,1
DA:107,1
DA:108,1
DA:112,1
LF:60
LH:60
BRF:0
BRH:0
end_of_record
TN:
SF:/Users/brunoabrantes/Code/bifrost/spec/lib/strategies/hash_spec.js
FN:1,(anonymous_1)
FN:4,(anonymous_2)
FN:6,(anonymous_3)
FN:11,(anonymous_4)
FN:13,(anonymous_5)
FN:18,(anonymous_6)
FN:20,(anonymous_7)
FN:25,(anonymous_8)
FN:27,(anonymous_9)
FN:32,(anonymous_10)
FN:34,(anonymous_11)
FN:39,(anonymous_12)
FN:41,(anonymous_13)
FN:46,(anonymous_14)
FN:48,(anonymous_15)
FN:53,(anonymous_16)
FN:58,(anonymous_17)
FN:63,(anonymous_18)
FNF:18
FNH:18
FNDA:1,(anonymous_1)
FNDA:1,(anonymous_2)
FNDA:1,(anonymous_3)
FNDA:1,(anonymous_4)
FNDA:1,(anonymous_5)
FNDA:1,(anonymous_6)
FNDA:1,(anonymous_7)
FNDA:1,(anonymous_8)
FNDA:1,(anonymous_9)
FNDA:1,(anonymous_10)
FNDA:1,(anonymous_11)
FNDA:1,(anonymous_12)
FNDA:1,(anonymous_13)
FNDA:1,(anonymous_14)
FNDA:1,(anonymous_15)
FNDA:1,(anonymous_16)
FNDA:1,(anonymous_17)
FNDA:1,(anonymous_18)
DA:1,1
DA:2,1
DA:4,1
DA:5,1
DA:6,1
DA:7,1
DA:11,1
DA:12,1
DA:13,1
DA:14,1
DA:18,1
DA:19,1
DA:20,1
DA:21,1
DA:25,1
DA:26,1
DA:27,1
DA:28,1
DA:32,1
DA:33,1
DA:34,1
DA:35,1
DA:39,1
DA:40,1
DA:41,1
DA:42,1
DA:46,1
DA:47,1
DA:48,1
DA:49,1
DA:53,1
DA:54,1
DA:55,1
DA:58,1
DA:59,1
DA:60,1
DA:63,1
DA:64,1
DA:65,1
LF:39
LH:39
BRF:0
BRH:0
end_of_record
TN:
SF:/Users/brunoabrantes/Code/bifrost/spec/lib/strategies/integer_spec.js
FN:1,(anonymous_1)
FN:4,(anonymous_2)
FN:9,(anonymous_3)
FN:14,(anonymous_4)
FN:19,(anonymous_5)
FN:21,(anonymous_6)
FN:26,(anonymous_7)
FN:28,(anonymous_8)
FN:33,(anonymous_9)
FN:35,(anonymous_10)
FN:40,(anonymous_11)
FN:42,(anonymous_12)
FN:47,(anonymous_13)
FN:49,(anonymous_14)
FN:54,(anonymous_15)
FN:59,(anonymous_16)
FN:64,(anonymous_17)
FN:66,(anonymous_18)
FNF:18
FNH:18
FNDA:1,(anonymous_1)
FNDA:1,(anonymous_2)
FNDA:1,(anonymous_3)
FNDA:1,(anonymous_4)
FNDA:1,(anonymous_5)
FNDA:1,(anonymous_6)
FNDA:1,(anonymous_7)
FNDA:1,(anonymous_8)
FNDA:1,(anonymous_9)
FNDA:1,(anonymous_10)
FNDA:1,(anonymous_11)
FNDA:1,(anonymous_12)
FNDA:1,(anonymous_13)
FNDA:1,(anonymous_14)
FNDA:1,(anonymous_15)
FNDA:1,(anonymous_16)
FNDA:1,(anonymous_17)
FNDA:1,(anonymous_18)
DA:1,1
DA:2,1
DA:4,1
DA:5,1
DA:6,1
DA:9,1
DA:10,1
DA:11,1
DA:14,1
DA:15,1
DA:16,1
DA:19,1
DA:20,1
DA:21,1
DA:22,1
DA:26,1
DA:27,1
DA:28,1
DA:29,1
DA:33,1
DA:34,1
DA:35,1
DA:36,1
DA:40,1
DA:41,1
DA:42,1
DA:43,1
DA:47,1
DA:48,1
DA:49,1
DA:50,1
DA:54,1
DA:55,1
DA:56,1
DA:59,1
DA:60,1
DA:61,1
DA:64,1
DA:65,1
DA:66,1
DA:67,1
LF:41
LH:41
BRF:0
BRH:0
end_of_record
TN:
SF:/Users/brunoabrantes/Code/bifrost/spec/lib/strategies/string_spec.js
FN:1,(anonymous_1)
FN:4,(anonymous_2)
FN:6,(anonymous_3)
FN:11,(anonymous_4)
FN:13,(anonymous_5)
FN:18,(anonymous_6)
FN:20,(anonymous_7)
FN:25,(anonymous_8)
FN:27,(anonymous_9)
FN:32,(anonymous_10)
FN:34,(anonymous_11)
FN:39,(anonymous_12)
FN:44,(anonymous_13)
FN:49,(anonymous_14)
FN:54,(anonymous_15)
FN:59,(anonymous_16)
FN:65,(anonymous_17)
FNF:17
FNH:17
FNDA:1,(anonymous_1)
FNDA:1,(anonymous_2)
FNDA:1,(anonymous_3)
FNDA:1,(anonymous_4)
FNDA:1,(anonymous_5)
FNDA:1,(anonymous_6)
FNDA:1,(anonymous_7)
FNDA:1,(anonymous_8)
FNDA:1,(anonymous_9)
FNDA:1,(anonymous_10)
FNDA:1,(anonymous_11)
FNDA:1,(anonymous_12)
FNDA:1,(anonymous_13)
FNDA:1,(anonymous_14)
FNDA:1,(anonymous_15)
FNDA:1,(anonymous_16)
FNDA:1,(anonymous_17)
DA:1,1
DA:2,1
DA:4,1
DA:5,1
DA:6,1
DA:7,1
DA:11,1
DA:12,1
DA:13,1
DA:14,1
DA:18,1
DA:19,1
DA:20,1
DA:21,1
DA:25,1
DA:26,1
DA:27,1
DA:28,1
DA:32,1
DA:33,1
DA:34,1
DA:35,1
DA:39,1
DA:40,1
DA:41,1
DA:44,1
DA:45,1
DA:46,1
DA:49,1
DA:50,1
DA:51,1
DA:54,1
DA:55,1
DA:56,1
DA:59,1
DA:60,1
DA:61,1
DA:62,1
DA:65,1
DA:66,1
DA:67,1
DA:68,1
LF:42
LH:42
BRF:0
BRH:0
end_of_record
TN:
SF:/Users/brunoabrantes/Code/bifrost/spec/repositories/artist_spec.js
FN:1,(anonymous_1)
FN:8,(anonymous_2)
FN:9,(anonymous_3)
FN:26,(anonymous_4)
FN:27,(anonymous_5)
FNF:5
FNH:5
FNDA:1,(anonymous_1)
FNDA:1,(anonymous_2)
FNDA:1,(anonymous_3)
FNDA:1,(anonymous_4)
FNDA:1,(anonymous_5)
DA:1,1
DA:2,1
DA:3,1
DA:4,1
DA:5,1
DA:6,1
DA:8,1
DA:9,1
DA:10,1
DA:11,1
DA:13,1
DA:22,1
DA:26,1
DA:27,1
DA:28,1
DA:29,1
DA:31,1
DA:40,1
LF:18
LH:18
BRF:0
BRH:0
end_of_record
TN:
SF:/Users/brunoabrantes/Code/bifrost/spec/repositories/city_spec.js
FN:1,(anonymous_1)
FN:8,(anonymous_2)
FN:9,(anonymous_3)
FNF:3
FNH:3
FNDA:1,(anonymous_1)
FNDA:1,(anonymous_2)
FNDA:1,(anonymous_3)
DA:1,1
DA:2,1
DA:3,1
DA:4,1
DA:5,1
DA:6,1
DA:8,1
DA:9,1
DA:10,1
DA:11,1
DA:13,1
DA:19,1
LF:12
LH:12
BRF:0
BRH:0
end_of_record
TN:
SF:/Users/brunoabrantes/Code/bifrost/spec/repositories/client_key_spec.js
FN:1,(anonymous_1)
FN:10,(anonymous_2)
FN:14,(anonymous_3)
FN:17,(anonymous_4)
FN:23,(anonymous_5)
FN:24,(anonymous_6)
FN:35,(anonymous_7)
FN:41,(anonymous_8)
FN:50,(anonymous_9)
FN:51,(anonymous_10)
FN:57,(anonymous_11)
FN:67,(anonymous_12)
FN:78,(anonymous_13)
FN:84,(anonymous_14)
FN:94,(anonymous_15)
FN:105,(anonymous_16)
FN:111,(anonymous_17)
FN:121,(anonymous_18)
FN:127,(anonymous_19)
FN:135,(anonymous_20)
FN:142,(anonymous_21)
FN:153,(anonymous_22)
FN:159,(anonymous_23)
FN:168,(anonymous_24)
FN:175,(anonymous_25)
FN:182,(anonymous_26)
FN:188,(anonymous_27)
FN:197,(anonymous_28)
FN:204,(anonymous_29)
FN:210,(anonymous_30)
FN:216,(anonymous_31)
FN:225,(anonymous_32)
FN:231,(anonymous_33)
FN:237,(anonymous_34)
FN:243,(anonymous_35)
FN:252,(anonymous_36)
FN:258,(anonymous_37)
FN:262,(anonymous_38)
FN:268,(anonymous_39)
FN:277,(anonymous_40)
FN:283,(anonymous_41)
FN:289,(anonymous_42)
FN:298,(anonymous_43)
FN:306,(anonymous_44)
FN:310,(anonymous_45)
FN:316,(anonymous_46)
FNF:46
FNH:46
FNDA:1,(anonymous_1)
FNDA:1,(anonymous_2)
FNDA:1,(anonymous_3)
FNDA:1,(anonymous_4)
FNDA:1,(anonymous_5)
FNDA:1,(anonymous_6)
FNDA:1,(anonymous_7)
FNDA:1,(anonymous_8)
FNDA:1,(anonymous_9)
FNDA:1,(anonymous_10)
FNDA:1,(anonymous_11)
FNDA:1,(anonymous_12)
FNDA:1,(anonymous_13)
FNDA:1,(anonymous_14)
FNDA:1,(anonymous_15)
FNDA:1,(anonymous_16)
FNDA:1,(anonymous_17)
FNDA:1,(anonymous_18)
FNDA:1,(anonymous_19)
FNDA:1,(anonymous_20)
FNDA:1,(anonymous_21)
FNDA:1,(anonymous_22)
FNDA:1,(anonymous_23)
FNDA:1,(anonymous_24)
FNDA:1,(anonymous_25)
FNDA:1,(anonymous_26)
FNDA:1,(anonymous_27)
FNDA:1,(anonymous_28)
FNDA:1,(anonymous_29)
FNDA:1,(anonymous_30)
FNDA:1,(anonymous_31)
FNDA:1,(anonymous_32)
FNDA:1,(anonymous_33)
FNDA:1,(anonymous_34)
FNDA:1,(anonymous_35)
FNDA:1,(anonymous_36)
FNDA:1,(anonymous_37)
FNDA:1,(anonymous_38)
FNDA:1,(anonymous_39)
FNDA:1,(anonymous_40)
FNDA:1,(anonymous_41)
FNDA:1,(anonymous_42)
FNDA:1,(anonymous_43)
FNDA:1,(anonymous_44)
FNDA:1,(anonymous_45)
FNDA:1,(anonymous_46)
DA:1,1
DA:2,1
DA:3,1
DA:4,1
DA:5,1
DA:6,1
DA:7,1
DA:8,1
DA:10,1
DA:12,1
DA:14,1
DA:15,1
DA:18,1
DA:23,1
DA:24,1
DA:25,1
DA:26,1
DA:28,1
DA:32,1
DA:35,1
DA:36,1
DA:37,1
DA:39,1
DA:42,1
DA:46,1
DA:50,1
DA:51,1
DA:52,1
DA:53,1
DA:55,1
DA:57,1
DA:58,1
DA:64,1
DA:67,1
DA:68,1
DA:71,1
DA:75,1
DA:78,1
DA:79,1
DA:80,1
DA:82,1
DA:84,1
DA:85,1
DA:91,1
DA:94,1
DA:95,1
DA:98,1
DA:102,1
DA:105,1
DA:106,1
DA:107,1
DA:109,1
DA:111,1
DA:112,1
DA:121,1
DA:122,1
DA:125,1
DA:128,1
DA:132,1
DA:135,1
DA:136,1
DA:137,1
DA:139,1
DA:140,1
DA:142,1
DA:143,1
DA:153,1
DA:154,1
DA:157,1
DA:160,1
DA:161,1
DA:165,1
DA:168,1
DA:169,1
DA:170,1
DA:172,1
DA:173,1
DA:175,1
DA:176,1
DA:182,1
DA:183,1
DA:186,1
DA:189,1
DA:190,1
DA:194,1
DA:197,1
DA:198,1
DA:199,1
DA:201,1
DA:202,1
DA:204,1
DA:205,1
DA:210,1
DA:211,1
DA:214,1
DA:217,1
DA:218,1
DA:222,1
DA:225,1
DA:226,1
DA:227,1
DA:229,1
DA:231,1
DA:232,1
DA:237,1
DA:238,1
DA:241,1
DA:244,1
DA:245,1
DA:249,1
DA:252,1
DA:253,1
DA:254,1
DA:256,1
DA:258,1
DA:259,1
DA:262,1
DA:263,1
DA:266,1
DA:269,1
DA:270,1
DA:274,1
DA:277,1
DA:278,1
DA:279,1
DA:281,1
DA:283,1
DA:284,1
DA:287,1
DA:290,1
DA:291,1
DA:295,1
DA:298,1
DA:299,1
DA:300,1
DA:302,1
DA:304,1
DA:306,1
DA:307,1
DA:310,1
DA:311,1
DA:314,1
DA:317,1
DA:318,1
DA:322,1
LF:145
LH:145
BRF:0
BRH:0
end_of_record
TN:
SF:/Users/brunoabrantes/Code/bifrost/spec/repositories/comment_spec.js
FN:1,(anonymous_1)
FN:8,(anonymous_2)
FN:9,(anonymous_3)
FN:26,(anonymous_4)
FN:27,(anonymous_5)
FNF:5
FNH:5
FNDA:1,(anonymous_1)
FNDA:1,(anonymous_2)
FNDA:1,(anonymous_3)
FNDA:1,(anonymous_4)
FNDA:1,(anonymous_5)
DA:1,1
DA:2,1
DA:3,1
DA:4,1
DA:5,1
DA:6,1
DA:8,1
DA:9,1
DA:10,1
DA:11,1
DA:13,1
DA:22,1
DA:26,1
DA:27,1
DA:28,1
DA:29,1
DA:31,1
DA:40,1
LF:18
LH:18
BRF:0
BRH:0
end_of_record
TN:
SF:/Users/brunoabrantes/Code/bifrost/spec/repositories/event_spec.js
FN:1,(anonymous_1)
FN:8,(anonymous_2)
FN:9,(anonymous_3)
FN:22,(anonymous_4)
FN:45,(anonymous_5)
FN:66,(anonymous_6)
FN:87,(anonymous_7)
FN:107,(anonymous_8)
FN:108,(anonymous_9)
FN:127,(anonymous_10)
FN:151,(anonymous_11)
FN:152,(anonymous_12)
FN:165,(anonymous_13)
FN:188,(anonymous_14)
FN:213,(anonymous_15)
FN:214,(anonymous_16)
FN:227,(anonymous_17)
FN:250,(anonymous_18)
FNF:18
FNH:18
FNDA:1,(anonymous_1)
FNDA:1,(anonymous_2)
FNDA:1,(anonymous_3)
FNDA:1,(anonymous_4)
FNDA:1,(anonymous_5)
FNDA:1,(anonymous_6)
FNDA:1,(anonymous_7)
FNDA:1,(anonymous_8)
FNDA:1,(anonymous_9)
FNDA:1,(anonymous_10)
FNDA:1,(anonymous_11)
FNDA:1,(anonymous_12)
FNDA:1,(anonymous_13)
FNDA:1,(anonymous_14)
FNDA:1,(anonymous_15)
FNDA:1,(anonymous_16)
FNDA:1,(anonymous_17)
FNDA:1,(anonymous_18)
DA:1,1
DA:2,1
DA:3,1
DA:4,1
DA:5,1
DA:6,1
DA:8,1
DA:9,1
DA:10,1
DA:11,1
DA:13,1
DA:19,1
DA:22,1
DA:23,1
DA:24,1
DA:26,1
DA:42,1
DA:45,1
DA:46,1
DA:47,1
DA:49,1
DA:63,1
DA:66,1
DA:67,1
DA:68,1
DA:70,1
DA:84,1
DA:87,1
DA:88,1
DA:89,1
DA:91,1
DA:103,1
DA:107,1
DA:108,1
DA:109,1
DA:110,1
DA:112,1
DA:124,1
DA:127,1
DA:128,1
DA:129,1
DA:131,1
DA:147,1
DA:151,1
DA:152,1
DA:153,1
DA:154,1
DA:156,1
DA:162,1
DA:165,1
DA:166,1
DA:167,1
DA:169,1
DA:185,1
DA:188,1
DA:189,1
DA:190,1
DA:192,1
DA:208,1
DA:213,1
DA:214,1
DA:215,1
DA:216,1
DA:218,1
DA:224,1
DA:227,1
DA:228,1
DA:229,1
DA:231,1
DA:247,1
DA:250,1
DA:251,1
DA:252,1
DA:254,1
DA:270,1
LF:75
LH:75
BRF:0
BRH:0
end_of_record
TN:
SF:/Users/brunoabrantes/Code/bifrost/spec/repositories/flyer_spec.js
FN:1,(anonymous_1)
FN:8,(anonymous_2)
FN:9,(anonymous_3)
FNF:3
FNH:3
FNDA:1,(anonymous_1)
FNDA:1,(anonymous_2)
FNDA:1,(anonymous_3)
DA:1,1
DA:2,1
DA:3,1
DA:4,1
DA:5,1
DA:6,1
DA:8,1
DA:9,1
DA:10,1
DA:11,1
DA:13,1
DA:22,1
LF:12
LH:12
BRF:0
BRH:0
end_of_record
TN:
SF:/Users/brunoabrantes/Code/bifrost/spec/repositories/invitation_spec.js
FN:1,(anonymous_1)
FN:8,(anonymous_2)
FN:9,(anonymous_3)
FNF:3
FNH:3
FNDA:1,(anonymous_1)
FNDA:1,(anonymous_2)
FNDA:1,(anonymous_3)
DA:1,1
DA:2,1
DA:3,1
DA:4,1
DA:5,1
DA:6,1
DA:8,1
DA:9,1
DA:10,1
DA:11,1
DA:13,1
DA:22,1
LF:12
LH:12
BRF:0
BRH:0
end_of_record
TN:
SF:/Users/brunoabrantes/Code/bifrost/spec/repositories/music_genre_spec.js
FN:1,(anonymous_1)
FN:8,(anonymous_2)
FN:9,(anonymous_3)
FN:26,(anonymous_4)
FN:27,(anonymous_5)
FNF:5
FNH:5
FNDA:1,(anonymous_1)
FNDA:1,(anonymous_2)
FNDA:1,(anonymous_3)
FNDA:1,(anonymous_4)
FNDA:1,(anonymous_5)
DA:1,1
DA:2,1
DA:3,1
DA:4,1
DA:5,1
DA:6,1
DA:8,1
DA:9,1
DA:10,1
DA:11,1
DA:13,1
DA:22,1
DA:26,1
DA:27,1
DA:28,1
DA:29,1
DA:31,1
DA:40,1
LF:18
LH:18
BRF:0
BRH:0
end_of_record
TN:
SF:/Users/brunoabrantes/Code/bifrost/spec/repositories/rating_spec.js
FN:1,(anonymous_1)
FN:8,(anonymous_2)
FN:9,(anonymous_3)
FNF:3
FNH:3
FNDA:1,(anonymous_1)
FNDA:1,(anonymous_2)
FNDA:1,(anonymous_3)
DA:1,1
DA:2,1
DA:3,1
DA:4,1
DA:5,1
DA:6,1
DA:8,1
DA:9,1
DA:10,1
DA:11,1
DA:13,1
DA:22,1
LF:12
LH:12
BRF:0
BRH:0
end_of_record
TN:
SF:/Users/brunoabrantes/Code/bifrost/spec/repositories/ticket_spec.js
FN:1,(anonymous_1)
FN:8,(anonymous_2)
FN:9,(anonymous_3)
FNF:3
FNH:3
FNDA:1,(anonymous_1)
FNDA:1,(anonymous_2)
FNDA:1,(anonymous_3)
DA:1,1
DA:2,1
DA:3,1
DA:4,1
DA:5,1
DA:6,1
DA:8,1
DA:9,1
DA:10,1
DA:11,1
DA:13,1
DA:22,1
LF:12
LH:12
BRF:0
BRH:0
end_of_record
TN:
SF:/Users/brunoabrantes/Code/bifrost/spec/repositories/user_spec.js
FN:1,(anonymous_1)
FN:7,(anonymous_2)
FN:8,(anonymous_3)
FNF:3
FNH:3
FNDA:1,(anonymous_1)
FNDA:1,(anonymous_2)
FNDA:1,(anonymous_3)
DA:1,1
DA:2,1
DA:3,1
DA:4,1
DA:5,1
DA:7,1
DA:8,1
DA:9,1
DA:10,1
DA:12,1
DA:14,1
LF:11
LH:11
BRF:0
BRH:0
end_of_record
TN:
SF:/Users/brunoabrantes/Code/bifrost/spec/repositories/venue_spec.js
FN:1,(anonymous_1)
FN:8,(anonymous_2)
FN:9,(anonymous_3)
FNF:3
FNH:3
FNDA:1,(anonymous_1)
FNDA:1,(anonymous_2)
FNDA:1,(anonymous_3)
DA:1,1
DA:2,1
DA:3,1
DA:4,1
DA:5,1
DA:6,1
DA:8,1
DA:9,1
DA:10,1
DA:11,1
DA:13,1
DA:22,1
LF:12
LH:12
BRF:0
BRH:0
end_of_record
TN:
SF:/Users/brunoabrantes/Code/bifrost/spec/services/event/service_spec.js
FN:1,(anonymous_1)
FN:6,(anonymous_2)
FNF:2
FNH:2
FNDA:1,(anonymous_1)
FNDA:1,(anonymous_2)
DA:1,1
DA:3,1
DA:4,1
DA:6,1
LF:4
LH:4
BRF:0
BRH:0
end_of_record
TN:
SF:/Users/brunoabrantes/Code/bifrost/spec/services/user/service_spec.js
FN:1,(anonymous_1)
FN:6,(anonymous_2)
FNF:2
FNH:2
FNDA:1,(anonymous_1)
FNDA:1,(anonymous_2)
DA:1,1
DA:3,1
DA:4,1
DA:6,1
LF:4
LH:4
BRF:0
BRH:0
end_of_record
